"From KernelObject[4, Local kernel]:"
"DESolver`SetGlobalOptions -> {\"WorkingPre\" -> 100, \"ChopPre\" -> 20, \"SilentMode\" -> False, \"RationalizePre\" -> 20}\n"
"From KernelObject[3, Local kernel]:"
"DESolver`SetGlobalOptions -> {\"WorkingPre\" -> 100, \"ChopPre\" -> 20, \"SilentMode\" -> False, \"RationalizePre\" -> 20}\n"
"From KernelObject[2, Local kernel]:"
"DESolver`SetGlobalOptions -> {\"WorkingPre\" -> 100, \"ChopPre\" -> 20, \"SilentMode\" -> False, \"RationalizePre\" -> 20}\n"
"From KernelObject[1, Local kernel]:"
"DESolver`SetGlobalOptions -> {\"WorkingPre\" -> 100, \"ChopPre\" -> 20, \"SilentMode\" -> False, \"RationalizePre\" -> 20}\n"
"From KernelObject[4, Local kernel]:"
"DESolver`SetExpansionOptions -> {\"XOrder\" -> 100, \"ExtraXOrder\" -> 20, \"LearnXOrder\" -> -1, \"TestXOrder\" -> 5}\n"
"From KernelObject[3, Local kernel]:"
"DESolver`SetExpansionOptions -> {\"XOrder\" -> 100, \"ExtraXOrder\" -> 20, \"LearnXOrder\" -> -1, \"TestXOrder\" -> 5}\n"
"From KernelObject[2, Local kernel]:"
"DESolver`SetExpansionOptions -> {\"XOrder\" -> 100, \"ExtraXOrder\" -> 20, \"LearnXOrder\" -> -1, \"TestXOrder\" -> 5}\n"
"From KernelObject[1, Local kernel]:"
"DESolver`SetExpansionOptions -> {\"XOrder\" -> 100, \"ExtraXOrder\" -> 20, \"LearnXOrder\" -> -1, \"TestXOrder\" -> 5}\n"
"From KernelObject[4, Local kernel]:"
"DESolver`SetRunningOptions -> {\"RunRadius\" -> 2, \"RunLength\" -> 200, \"RunCandidate\" -> 10, \"RunDirection\" -> \"NegIm\"}\n"
"From KernelObject[3, Local kernel]:"
"DESolver`SetRunningOptions -> {\"RunRadius\" -> 2, \"RunLength\" -> 200, \"RunCandidate\" -> 10, \"RunDirection\" -> \"NegIm\"}\n"
"From KernelObject[2, Local kernel]:"
"DESolver`SetRunningOptions -> {\"RunRadius\" -> 2, \"RunLength\" -> 200, \"RunCandidate\" -> 10, \"RunDirection\" -> \"NegIm\"}\n"
"From KernelObject[1, Local kernel]:"
"DESolver`SetRunningOptions -> {\"RunRadius\" -> 2, \"RunLength\" -> 200, \"RunCandidate\" -> 10, \"RunDirection\" -> \"NegIm\"}\n"
"From KernelObject[4, Local kernel]:"
"DESolver`SetGlobalOptions -> {\"WorkingPre\" -> 2412, \"ChopPre\" -> 20, \"SilentMode\" -> False, \"RationalizePre\" -> 20}\n"
"From KernelObject[3, Local kernel]:"
"DESolver`SetGlobalOptions -> {\"WorkingPre\" -> 2412, \"ChopPre\" -> 20, \"SilentMode\" -> False, \"RationalizePre\" -> 20}\n"
"From KernelObject[2, Local kernel]:"
"DESolver`SetGlobalOptions -> {\"WorkingPre\" -> 2412, \"ChopPre\" -> 20, \"SilentMode\" -> False, \"RationalizePre\" -> 20}\n"
"From KernelObject[1, Local kernel]:"
"DESolver`SetGlobalOptions -> {\"WorkingPre\" -> 2412, \"ChopPre\" -> 20, \"SilentMode\" -> False, \"RationalizePre\" -> 20}\n"
"From KernelObject[4, Local kernel]:"
"DESolver`SetExpansionOptions -> {\"XOrder\" -> 4824, \"ExtraXOrder\" -> 20, \"LearnXOrder\" -> -1, \"TestXOrder\" -> 5}\n"
"From KernelObject[3, Local kernel]:"
"DESolver`SetExpansionOptions -> {\"XOrder\" -> 4824, \"ExtraXOrder\" -> 20, \"LearnXOrder\" -> -1, \"TestXOrder\" -> 5}\n"
"From KernelObject[2, Local kernel]:"
"DESolver`SetExpansionOptions -> {\"XOrder\" -> 4824, \"ExtraXOrder\" -> 20, \"LearnXOrder\" -> -1, \"TestXOrder\" -> 5}\n"
"From KernelObject[1, Local kernel]:"
"DESolver`SetExpansionOptions -> {\"XOrder\" -> 4824, \"ExtraXOrder\" -> 20, \"LearnXOrder\" -> -1, \"TestXOrder\" -> 5}\n"
"From KernelObject[4, Local kernel]:"
"DESolver`SetRunningOptions -> {\"RunRadius\" -> 2, \"RunLength\" -> 200, \"RunCandidate\" -> 10, \"RunDirection\" -> \"NegIm\"}\n"
"From KernelObject[3, Local kernel]:"
"DESolver`SetRunningOptions -> {\"RunRadius\" -> 2, \"RunLength\" -> 200, \"RunCandidate\" -> 10, \"RunDirection\" -> \"NegIm\"}\n"
"From KernelObject[2, Local kernel]:"
"DESolver`SetRunningOptions -> {\"RunRadius\" -> 2, \"RunLength\" -> 200, \"RunCandidate\" -> 10, \"RunDirection\" -> \"NegIm\"}\n"
"From KernelObject[1, Local kernel]:"
"DESolver`SetRunningOptions -> {\"RunRadius\" -> 2, \"RunLength\" -> 200, \"RunCandidate\" -> 10, \"RunDirection\" -> \"NegIm\"}\n"
"From KernelObject[3, Local kernel]:"
"\"AMFlow: start.\"\n"
"From KernelObject[4, Local kernel]:"
"\"AMFlow: start.\"\n"
"From KernelObject[2, Local kernel]:"
"\"AMFlow: start.\"\n"
"From KernelObject[1, Local kernel]:"
"\"AMFlow: start.\"\n"
"From KernelObject[3, Local kernel]:"
"\"system loaded: DESolver`$InternalSystem\\nDE[DESolver`$InternalSystem] -- differential equation in matrix form\\nBC[DESolver`$InternalSystem] -- boundary conditions either in singular form or in regular form\\nP[DESolver`$InternalSystem] -- boundary point\\nAsyExp[DESolver`$InternalSystem] -- asymptotic expansion near a singular point (currently it is Null)\\nintegrals: 2, blocks: 2, density: 0.75, degrees: {0, 2}\"\n"
"From KernelObject[4, Local kernel]:"
"\"system loaded: DESolver`$InternalSystem\\nDE[DESolver`$InternalSystem] -- differential equation in matrix form\\nBC[DESolver`$InternalSystem] -- boundary conditions either in singular form or in regular form\\nP[DESolver`$InternalSystem] -- boundary point\\nAsyExp[DESolver`$InternalSystem] -- asymptotic expansion near a singular point (currently it is Null)\\nintegrals: 2, blocks: 2, density: 0.75, degrees: {0, 2}\"\n"
"From KernelObject[1, Local kernel]:"
"\"system loaded: DESolver`$InternalSystem\\nDE[DESolver`$InternalSystem] -- differential equation in matrix form\\nBC[DESolver`$InternalSystem] -- boundary conditions either in singular form or in regular form\\nP[DESolver`$InternalSystem] -- boundary point\\nAsyExp[DESolver`$InternalSystem] -- asymptotic expansion near a singular point (currently it is Null)\\nintegrals: 2, blocks: 2, density: 0.75, degrees: {0, 2}\"\n"
"From KernelObject[2, Local kernel]:"
"\"system loaded: DESolver`$InternalSystem\\nDE[DESolver`$InternalSystem] -- differential equation in matrix form\\nBC[DESolver`$InternalSystem] -- boundary conditions either in singular form or in regular form\\nP[DESolver`$InternalSystem] -- boundary point\\nAsyExp[DESolver`$InternalSystem] -- asymptotic expansion near a singular point (currently it is Null)\\nintegrals: 2, blocks: 2, density: 0.75, degrees: {0, 2}\"\n"
"From KernelObject[4, Local kernel]:"
"\"AMFlow: integrals will be evaluated at 3 regular points\" -> {0. - 200.*I, 0. - 100.*I, 0. - 50.*I}\n"
"From KernelObject[3, Local kernel]:"
"\"AMFlow: integrals will be evaluated at 3 regular points\" -> {0. - 200.*I, 0. - 100.*I, 0. - 50.*I}\n"
"From KernelObject[4, Local kernel]:"
"\"AMFlow: integration contour generated in 0s.\"\n"
"From KernelObject[3, Local kernel]:"
"\"AMFlow: integration contour generated in 0s.\"\n"
"From KernelObject[4, Local kernel]:"
"\"AMFlow: solving near eta = Infinity...\"\n"
"From KernelObject[3, Local kernel]:"
"\"AMFlow: solving near eta = Infinity...\"\n"
"From KernelObject[4, Local kernel]:"
"\"CalcTaylor: current region\" -> 101/3162277660168379145284785879804731191068757524336548346434949928942965000161543079341453230486637772800\n"
"From KernelObject[3, Local kernel]:"
"\"CalcTaylor: current region\" -> 103/3162277660168379145284785879804731191068757524336548346434949928942965000161543079341453230486637772800\n"
"From KernelObject[1, Local kernel]:"
"\"AMFlow: integrals will be evaluated at 3 regular points\" -> {0. - 200.*I, 0. - 100.*I, 0. - 50.*I}\n"
"From KernelObject[4, Local kernel]:"
"\"block\" -> {1}\n"
"From KernelObject[3, Local kernel]:"
"\"block\" -> {1}\n"
"From KernelObject[2, Local kernel]:"
"\"AMFlow: integrals will be evaluated at 3 regular points\" -> {0. - 200.*I, 0. - 100.*I, 0. - 50.*I}\n"
"From KernelObject[1, Local kernel]:"
"\"AMFlow: integration contour generated in 0s.\"\n"
"From KernelObject[2, Local kernel]:"
"\"AMFlow: integration contour generated in 0s.\"\n"
"From KernelObject[1, Local kernel]:"
"\"AMFlow: solving near eta = Infinity...\"\n"
"From KernelObject[2, Local kernel]:"
"\"AMFlow: solving near eta = Infinity...\"\n"
"From KernelObject[1, Local kernel]:"
"\"CalcTaylor: current region\" -> 53/1581138830084189572642392939902365595534378762168274173217474964471482500080771539670726615243318886400\n"
"From KernelObject[2, Local kernel]:"
"\"CalcTaylor: current region\" -> 1/30116930096841706145569389331473630391131024041300460442237618370885380953919457898490030766539407360\n"
"From KernelObject[1, Local kernel]:"
"\"block\" -> {1}\n"
"From KernelObject[2, Local kernel]:"
"\"block\" -> {1}\n"
"From KernelObject[4, Local kernel]:"
"\"boundary condition inserted\" -> {1, 0, 3.130967980364732*^100}\n"
"From KernelObject[4, Local kernel]:"
"\"block\" -> {2}\n"
"From KernelObject[3, Local kernel]:"
"\"boundary condition inserted\" -> {1, 0, 3.070172485600368*^100}\n"
"From KernelObject[3, Local kernel]:"
"\"block\" -> {2}\n"
"From KernelObject[1, Local kernel]:"
"\"boundary condition inserted\" -> {1, 0, 2.983280811479603*^100}\n"
"From KernelObject[1, Local kernel]:"
"\"block\" -> {2}\n"
"From KernelObject[2, Local kernel]:"
"\"boundary condition inserted\" -> {1, 0, 3.0116930096841705*^100}\n"
"From KernelObject[2, Local kernel]:"
"\"block\" -> {2}\n"
"From KernelObject[4, Local kernel]:"
"\"boundary condition test\" -> {2, 0, 3.130967980364732*^100}\n"
"From KernelObject[3, Local kernel]:"
"\"boundary condition test\" -> {2, 0, 3.070172485600368*^100}\n"
"From KernelObject[2, Local kernel]:"
"\"boundary condition test\" -> {2, 0, 3.0116930096841705*^100}\n"
"From KernelObject[1, Local kernel]:"
"\"boundary condition test\" -> {2, 0, 2.983280811479603*^100}\n"
"From KernelObject[4, Local kernel]:"
"\"AMFlow: Infinity solved in 7s.\"\n"
"From KernelObject[4, Local kernel]:"
"\"AMFlow: running among regular points...\"\n"
"From KernelObject[4, Local kernel]:"
"\"current regular point\" -> 0. - 200.*I\n"
"From KernelObject[3, Local kernel]:"
"\"AMFlow: Infinity solved in 7s.\"\n"
"From KernelObject[3, Local kernel]:"
"\"AMFlow: running among regular points...\"\n"
"From KernelObject[3, Local kernel]:"
"\"current regular point\" -> 0. - 200.*I\n"
"From KernelObject[1, Local kernel]:"
"\"AMFlow: Infinity solved in 7s.\"\n"
"From KernelObject[1, Local kernel]:"
"\"AMFlow: running among regular points...\"\n"
"From KernelObject[1, Local kernel]:"
"\"current regular point\" -> 0. - 200.*I\n"
"From KernelObject[2, Local kernel]:"
"\"AMFlow: Infinity solved in 8s.\"\n"
"From KernelObject[2, Local kernel]:"
"\"AMFlow: running among regular points...\"\n"
"From KernelObject[2, Local kernel]:"
"\"current regular point\" -> 0. - 200.*I\n"
"From KernelObject[4, Local kernel]:"
"\"current regular point\" -> 0. - 100.*I\n"
"From KernelObject[3, Local kernel]:"
"\"current regular point\" -> 0. - 100.*I\n"
"From KernelObject[1, Local kernel]:"
"\"current regular point\" -> 0. - 100.*I\n"
"From KernelObject[2, Local kernel]:"
"\"current regular point\" -> 0. - 100.*I\n"
"From KernelObject[4, Local kernel]:"
"\"AMFlow: regular running finished in 2s.\"\n"
"From KernelObject[4, Local kernel]:"
"\"AMFlow: solving near the last point...\"\n"
"From KernelObject[4, Local kernel]:"
"\"NormalizeMat finished in 0s.\"\n"
"From KernelObject[4, Local kernel]:"
"\"LearnXOrder is negative. skip learning phase.\"\n"
"From KernelObject[4, Local kernel]:"
"\"block\" -> {1}\n"
"From KernelObject[4, Local kernel]:"
"\"behavior\" -> {{3162277660168379145284785879804731191068757524336548346434949928942965000161543079341453230486637772699/3162277660168379145284785879804731191068757524336548346434949928942965000161543079341453230486637772800, 0}}\n"
"From KernelObject[3, Local kernel]:"
"\"AMFlow: regular running finished in 2s.\"\n"
"From KernelObject[3, Local kernel]:"
"\"AMFlow: solving near the last point...\"\n"
"From KernelObject[3, Local kernel]:"
"\"NormalizeMat finished in 0s.\"\n"
"From KernelObject[3, Local kernel]:"
"\"LearnXOrder is negative. skip learning phase.\"\n"
"From KernelObject[3, Local kernel]:"
"\"block\" -> {1}\n"
"From KernelObject[1, Local kernel]:"
"\"AMFlow: regular running finished in 2s.\"\n"
"From KernelObject[3, Local kernel]:"
"\"behavior\" -> {{3162277660168379145284785879804731191068757524336548346434949928942965000161543079341453230486637772697/3162277660168379145284785879804731191068757524336548346434949928942965000161543079341453230486637772800, 0}}\n"
"From KernelObject[1, Local kernel]:"
"\"AMFlow: solving near the last point...\"\n"
"From KernelObject[2, Local kernel]:"
"\"AMFlow: regular running finished in 2s.\"\n"
"From KernelObject[1, Local kernel]:"
"\"NormalizeMat finished in 0s.\"\n"
"From KernelObject[2, Local kernel]:"
"\"AMFlow: solving near the last point...\"\n"
"From KernelObject[1, Local kernel]:"
"\"LearnXOrder is negative. skip learning phase.\"\n"
"From KernelObject[2, Local kernel]:"
"\"NormalizeMat finished in 0s.\"\n"
"From KernelObject[1, Local kernel]:"
"\"block\" -> {1}\n"
"From KernelObject[2, Local kernel]:"
"\"LearnXOrder is negative. skip learning phase.\"\n"
"From KernelObject[1, Local kernel]:"
"\"behavior\" -> {{1581138830084189572642392939902365595534378762168274173217474964471482500080771539670726615243318886347/1581138830084189572642392939902365595534378762168274173217474964471482500080771539670726615243318886400, 0}}\n"
"From KernelObject[2, Local kernel]:"
"\"block\" -> {1}\n"
"From KernelObject[2, Local kernel]:"
"\"behavior\" -> {{30116930096841706145569389331473630391131024041300460442237618370885380953919457898490030766539407359/30116930096841706145569389331473630391131024041300460442237618370885380953919457898490030766539407360, 0}}\n"
"From KernelObject[4, Local kernel]:"
"\"number of constraints and variables\" -> {1, 1}\n"
"From KernelObject[4, Local kernel]:"
"\"block\" -> {2}\n"
"From KernelObject[4, Local kernel]:"
"\"behavior\" -> {{0, 0}, {3162277660168379145284785879804731191068757524336548346434949928942965000161543079341453230486637772699/3162277660168379145284785879804731191068757524336548346434949928942965000161543079341453230486637772800, 0}}\n"
"From KernelObject[3, Local kernel]:"
"\"number of constraints and variables\" -> {1, 1}\n"
"From KernelObject[3, Local kernel]:"
"\"block\" -> {2}\n"
"From KernelObject[1, Local kernel]:"
"\"number of constraints and variables\" -> {1, 1}\n"
"From KernelObject[3, Local kernel]:"
"\"behavior\" -> {{0, 0}, {3162277660168379145284785879804731191068757524336548346434949928942965000161543079341453230486637772697/3162277660168379145284785879804731191068757524336548346434949928942965000161543079341453230486637772800, 0}}\n"
"From KernelObject[2, Local kernel]:"
"\"number of constraints and variables\" -> {1, 1}\n"
"From KernelObject[1, Local kernel]:"
"\"block\" -> {2}\n"
"From KernelObject[1, Local kernel]:"
"\"behavior\" -> {{0, 0}, {1581138830084189572642392939902365595534378762168274173217474964471482500080771539670726615243318886347/1581138830084189572642392939902365595534378762168274173217474964471482500080771539670726615243318886400, 0}}\n"
"From KernelObject[2, Local kernel]:"
"\"block\" -> {2}\n"
"From KernelObject[2, Local kernel]:"
"\"behavior\" -> {{0, 0}, {30116930096841706145569389331473630391131024041300460442237618370885380953919457898490030766539407359/30116930096841706145569389331473630391131024041300460442237618370885380953919457898490030766539407360, 0}}\n"
"From KernelObject[4, Local kernel]:"
"\"number of constraints and variables\" -> {1, 1}\n"
"From KernelObject[3, Local kernel]:"
"\"number of constraints and variables\" -> {1, 1}\n"
"From KernelObject[4, Local kernel]:"
"\"AMFlow: last point solved in 2s.\"\n"
"From KernelObject[4, Local kernel]:"
"\"system cleared: DESolver`$InternalSystem\"\n"
"From KernelObject[4, Local kernel]:"
"\"AMFlow: finished in 13s.\"\n"
"From KernelObject[1, Local kernel]:"
"\"number of constraints and variables\" -> {1, 1}\n"
"From KernelObject[4, Local kernel]:"
"DESolver`SetGlobalOptions -> {\"WorkingPre\" -> 100, \"ChopPre\" -> 20, \"SilentMode\" -> False, \"RationalizePre\" -> 20}\n"
"From KernelObject[2, Local kernel]:"
"\"number of constraints and variables\" -> {1, 1}\n"
"From KernelObject[4, Local kernel]:"
"DESolver`SetExpansionOptions -> {\"XOrder\" -> 100, \"ExtraXOrder\" -> 20, \"LearnXOrder\" -> -1, \"TestXOrder\" -> 5}\n"
"From KernelObject[4, Local kernel]:"
"DESolver`SetRunningOptions -> {\"RunRadius\" -> 2, \"RunLength\" -> 200, \"RunCandidate\" -> 10, \"RunDirection\" -> \"NegIm\"}\n"
"From KernelObject[4, Local kernel]:"
"DESolver`SetGlobalOptions -> {\"WorkingPre\" -> 2412, \"ChopPre\" -> 20, \"SilentMode\" -> False, \"RationalizePre\" -> 20}\n"
"From KernelObject[4, Local kernel]:"
"DESolver`SetExpansionOptions -> {\"XOrder\" -> 4824, \"ExtraXOrder\" -> 20, \"LearnXOrder\" -> -1, \"TestXOrder\" -> 5}\n"
"From KernelObject[4, Local kernel]:"
"DESolver`SetRunningOptions -> {\"RunRadius\" -> 2, \"RunLength\" -> 200, \"RunCandidate\" -> 10, \"RunDirection\" -> \"NegIm\"}\n"
"From KernelObject[3, Local kernel]:"
"\"AMFlow: last point solved in 2s.\"\n"
"From KernelObject[3, Local kernel]:"
"\"system cleared: DESolver`$InternalSystem\"\n"
"From KernelObject[3, Local kernel]:"
"\"AMFlow: finished in 13s.\"\n"
"From KernelObject[3, Local kernel]:"
"DESolver`SetGlobalOptions -> {\"WorkingPre\" -> 100, \"ChopPre\" -> 20, \"SilentMode\" -> False, \"RationalizePre\" -> 20}\n"
"From KernelObject[3, Local kernel]:"
"DESolver`SetExpansionOptions -> {\"XOrder\" -> 100, \"ExtraXOrder\" -> 20, \"LearnXOrder\" -> -1, \"TestXOrder\" -> 5}\n"
"From KernelObject[3, Local kernel]:"
"DESolver`SetRunningOptions -> {\"RunRadius\" -> 2, \"RunLength\" -> 200, \"RunCandidate\" -> 10, \"RunDirection\" -> \"NegIm\"}\n"
"From KernelObject[1, Local kernel]:"
"\"AMFlow: last point solved in 2s.\"\n"
"From KernelObject[3, Local kernel]:"
"DESolver`SetGlobalOptions -> {\"WorkingPre\" -> 2412, \"ChopPre\" -> 20, \"SilentMode\" -> False, \"RationalizePre\" -> 20}\n"
"From KernelObject[2, Local kernel]:"
"\"AMFlow: last point solved in 2s.\"\n"
"From KernelObject[1, Local kernel]:"
"\"system cleared: DESolver`$InternalSystem\"\n"
"From KernelObject[3, Local kernel]:"
"DESolver`SetExpansionOptions -> {\"XOrder\" -> 4824, \"ExtraXOrder\" -> 20, \"LearnXOrder\" -> -1, \"TestXOrder\" -> 5}\n"
"From KernelObject[2, Local kernel]:"
"\"system cleared: DESolver`$InternalSystem\"\n"
"From KernelObject[1, Local kernel]:"
"\"AMFlow: finished in 13s.\"\n"
"From KernelObject[3, Local kernel]:"
"DESolver`SetRunningOptions -> {\"RunRadius\" -> 2, \"RunLength\" -> 200, \"RunCandidate\" -> 10, \"RunDirection\" -> \"NegIm\"}\n"
"From KernelObject[2, Local kernel]:"
"\"AMFlow: finished in 13s.\"\n"
"From KernelObject[1, Local kernel]:"
"DESolver`SetGlobalOptions -> {\"WorkingPre\" -> 100, \"ChopPre\" -> 20, \"SilentMode\" -> False, \"RationalizePre\" -> 20}\n"
"From KernelObject[4, Local kernel]:"
"\"AMFlow: start.\"\n"
"From KernelObject[2, Local kernel]:"
"DESolver`SetGlobalOptions -> {\"WorkingPre\" -> 100, \"ChopPre\" -> 20, \"SilentMode\" -> False, \"RationalizePre\" -> 20}\n"
"From KernelObject[1, Local kernel]:"
"DESolver`SetExpansionOptions -> {\"XOrder\" -> 100, \"ExtraXOrder\" -> 20, \"LearnXOrder\" -> -1, \"TestXOrder\" -> 5}\n"
"From KernelObject[4, Local kernel]:"
"\"system loaded: DESolver`$InternalSystem\\nDE[DESolver`$InternalSystem] -- differential equation in matrix form\\nBC[DESolver`$InternalSystem] -- boundary conditions either in singular form or in regular form\\nP[DESolver`$InternalSystem] -- boundary point\\nAsyExp[DESolver`$InternalSystem] -- asymptotic expansion near a singular point (currently it is Null)\\nintegrals: 2, blocks: 2, density: 0.75, degrees: {0, 2}\"\n"
"From KernelObject[2, Local kernel]:"
"DESolver`SetExpansionOptions -> {\"XOrder\" -> 100, \"ExtraXOrder\" -> 20, \"LearnXOrder\" -> -1, \"TestXOrder\" -> 5}\n"
"From KernelObject[1, Local kernel]:"
"DESolver`SetRunningOptions -> {\"RunRadius\" -> 2, \"RunLength\" -> 200, \"RunCandidate\" -> 10, \"RunDirection\" -> \"NegIm\"}\n"
"From KernelObject[4, Local kernel]:"
"\"AMFlow: integrals will be evaluated at 3 regular points\" -> {0. - 200.*I, 0. - 100.*I, 0. - 50.*I}\n"
"From KernelObject[2, Local kernel]:"
"DESolver`SetRunningOptions -> {\"RunRadius\" -> 2, \"RunLength\" -> 200, \"RunCandidate\" -> 10, \"RunDirection\" -> \"NegIm\"}\n"
"From KernelObject[1, Local kernel]:"
"DESolver`SetGlobalOptions -> {\"WorkingPre\" -> 2412, \"ChopPre\" -> 20, \"SilentMode\" -> False, \"RationalizePre\" -> 20}\n"
"From KernelObject[4, Local kernel]:"
"\"AMFlow: integration contour generated in 0s.\"\n"
"From KernelObject[2, Local kernel]:"
"DESolver`SetGlobalOptions -> {\"WorkingPre\" -> 2412, \"ChopPre\" -> 20, \"SilentMode\" -> False, \"RationalizePre\" -> 20}\n"
"From KernelObject[1, Local kernel]:"
"DESolver`SetExpansionOptions -> {\"XOrder\" -> 4824, \"ExtraXOrder\" -> 20, \"LearnXOrder\" -> -1, \"TestXOrder\" -> 5}\n"
"From KernelObject[4, Local kernel]:"
"\"AMFlow: solving near eta = Infinity...\"\n"
"From KernelObject[2, Local kernel]:"
"DESolver`SetExpansionOptions -> {\"XOrder\" -> 4824, \"ExtraXOrder\" -> 20, \"LearnXOrder\" -> -1, \"TestXOrder\" -> 5}\n"
"From KernelObject[1, Local kernel]:"
"DESolver`SetRunningOptions -> {\"RunRadius\" -> 2, \"RunLength\" -> 200, \"RunCandidate\" -> 10, \"RunDirection\" -> \"NegIm\"}\n"
"From KernelObject[4, Local kernel]:"
"\"CalcTaylor: current region\" -> 17/527046276694729857547464313300788531844792920722758057739158321490494166693590513223575538414439628800\n"
"From KernelObject[2, Local kernel]:"
"DESolver`SetRunningOptions -> {\"RunRadius\" -> 2, \"RunLength\" -> 200, \"RunCandidate\" -> 10, \"RunDirection\" -> \"NegIm\"}\n"
"From KernelObject[4, Local kernel]:"
"\"block\" -> {1}\n"
"From KernelObject[3, Local kernel]:"
"\"AMFlow: start.\"\n"
"From KernelObject[3, Local kernel]:"
"\"system loaded: DESolver`$InternalSystem\\nDE[DESolver`$InternalSystem] -- differential equation in matrix form\\nBC[DESolver`$InternalSystem] -- boundary conditions either in singular form or in regular form\\nP[DESolver`$InternalSystem] -- boundary point\\nAsyExp[DESolver`$InternalSystem] -- asymptotic expansion near a singular point (currently it is Null)\\nintegrals: 2, blocks: 2, density: 0.75, degrees: {0, 2}\"\n"
"From KernelObject[3, Local kernel]:"
"\"AMFlow: integrals will be evaluated at 3 regular points\" -> {0. - 200.*I, 0. - 100.*I, 0. - 50.*I}\n"
"From KernelObject[3, Local kernel]:"
"\"AMFlow: integration contour generated in 0s.\"\n"
"From KernelObject[3, Local kernel]:"
"\"AMFlow: solving near eta = Infinity...\"\n"
"From KernelObject[3, Local kernel]:"
"\"CalcTaylor: current region\" -> 13/395284707521047393160598234975591398883594690542068543304368741117870625020192884917681653810829721600\n"
"From KernelObject[3, Local kernel]:"
"\"block\" -> {1}\n"
"From KernelObject[2, Local kernel]:"
"\"AMFlow: start.\"\n"
"From KernelObject[1, Local kernel]:"
"\"AMFlow: start.\"\n"
"From KernelObject[2, Local kernel]:"
"\"system loaded: DESolver`$InternalSystem\\nDE[DESolver`$InternalSystem] -- differential equation in matrix form\\nBC[DESolver`$InternalSystem] -- boundary conditions either in singular form or in regular form\\nP[DESolver`$InternalSystem] -- boundary point\\nAsyExp[DESolver`$InternalSystem] -- asymptotic expansion near a singular point (currently it is Null)\\nintegrals: 2, blocks: 2, density: 0.75, degrees: {0, 2}\"\n"
"From KernelObject[1, Local kernel]:"
"\"system loaded: DESolver`$InternalSystem\\nDE[DESolver`$InternalSystem] -- differential equation in matrix form\\nBC[DESolver`$InternalSystem] -- boundary conditions either in singular form or in regular form\\nP[DESolver`$InternalSystem] -- boundary point\\nAsyExp[DESolver`$InternalSystem] -- asymptotic expansion near a singular point (currently it is Null)\\nintegrals: 2, blocks: 2, density: 0.75, degrees: {0, 2}\"\n"
"From KernelObject[2, Local kernel]:"
"\"AMFlow: integrals will be evaluated at 3 regular points\" -> {0. - 200.*I, 0. - 100.*I, 0. - 50.*I}\n"
"From KernelObject[1, Local kernel]:"
"\"AMFlow: integrals will be evaluated at 3 regular points\" -> {0. - 200.*I, 0. - 100.*I, 0. - 50.*I}\n"
"From KernelObject[2, Local kernel]:"
"\"AMFlow: integration contour generated in 0s.\"\n"
"From KernelObject[1, Local kernel]:"
"\"AMFlow: integration contour generated in 0s.\"\n"
"From KernelObject[2, Local kernel]:"
"\"AMFlow: solving near eta = Infinity...\"\n"
"From KernelObject[1, Local kernel]:"
"\"AMFlow: solving near eta = Infinity...\"\n"
"From KernelObject[2, Local kernel]:"
"\"CalcTaylor: current region\" -> 1/29280348705262769863748017405599362880266273373486558763286573416138564816310584067976418800802201600\n"
"From KernelObject[1, Local kernel]:"
"\"CalcTaylor: current region\" -> 107/3162277660168379145284785879804731191068757524336548346434949928942965000161543079341453230486637772800\n"
"From KernelObject[2, Local kernel]:"
"\"block\" -> {1}\n"
"From KernelObject[1, Local kernel]:"
"\"block\" -> {1}\n"
"From KernelObject[4, Local kernel]:"
"\"boundary condition inserted\" -> {1, 0, 3.100272215851352*^100}\n"
"From KernelObject[4, Local kernel]:"
"\"block\" -> {2}\n"
"From KernelObject[3, Local kernel]:"
"\"boundary condition inserted\" -> {1, 0, 3.040651596315749*^100}\n"
"From KernelObject[3, Local kernel]:"
"\"block\" -> {2}\n"
"From KernelObject[2, Local kernel]:"
"\"boundary condition inserted\" -> {1, 0, 2.928034870526277*^100}\n"
"From KernelObject[1, Local kernel]:"
"\"boundary condition inserted\" -> {1, 0, 2.9553996824003543*^100}\n"
"From KernelObject[2, Local kernel]:"
"\"block\" -> {2}\n"
"From KernelObject[1, Local kernel]:"
"\"block\" -> {2}\n"
"From KernelObject[4, Local kernel]:"
"\"boundary condition test\" -> {2, 0, 3.100272215851352*^100}\n"
"From KernelObject[3, Local kernel]:"
"\"boundary condition test\" -> {2, 0, 3.040651596315749*^100}\n"
"From KernelObject[2, Local kernel]:"
"\"boundary condition test\" -> {2, 0, 2.928034870526277*^100}\n"
"From KernelObject[1, Local kernel]:"
"\"boundary condition test\" -> {2, 0, 2.9553996824003543*^100}\n"
"From KernelObject[3, Local kernel]:"
"\"AMFlow: Infinity solved in 6s.\"\n"
"From KernelObject[3, Local kernel]:"
"\"AMFlow: running among regular points...\"\n"
"From KernelObject[3, Local kernel]:"
"\"current regular point\" -> 0. - 200.*I\n"
"From KernelObject[2, Local kernel]:"
"\"AMFlow: Infinity solved in 6s.\"\n"
"From KernelObject[2, Local kernel]:"
"\"AMFlow: running among regular points...\"\n"
"From KernelObject[2, Local kernel]:"
"\"current regular point\" -> 0. - 200.*I\n"
"From KernelObject[4, Local kernel]:"
"\"AMFlow: Infinity solved in 6s.\"\n"
"From KernelObject[4, Local kernel]:"
"\"AMFlow: running among regular points...\"\n"
"From KernelObject[4, Local kernel]:"
"\"current regular point\" -> 0. - 200.*I\n"
"From KernelObject[1, Local kernel]:"
"\"AMFlow: Infinity solved in 6s.\"\n"
"From KernelObject[1, Local kernel]:"
"\"AMFlow: running among regular points...\"\n"
"From KernelObject[1, Local kernel]:"
"\"current regular point\" -> 0. - 200.*I\n"
"From KernelObject[3, Local kernel]:"
"\"current regular point\" -> 0. - 100.*I\n"
"From KernelObject[2, Local kernel]:"
"\"current regular point\" -> 0. - 100.*I\n"
"From KernelObject[4, Local kernel]:"
"\"current regular point\" -> 0. - 100.*I\n"
"From KernelObject[1, Local kernel]:"
"\"current regular point\" -> 0. - 100.*I\n"
"From KernelObject[3, Local kernel]:"
"\"AMFlow: regular running finished in 2s.\"\n"
"From KernelObject[3, Local kernel]:"
"\"AMFlow: solving near the last point...\"\n"
"From KernelObject[3, Local kernel]:"
"\"NormalizeMat finished in 0s.\"\n"
"From KernelObject[3, Local kernel]:"
"\"LearnXOrder is negative. skip learning phase.\"\n"
"From KernelObject[3, Local kernel]:"
"\"block\" -> {1}\n"
"From KernelObject[3, Local kernel]:"
"\"behavior\" -> {{395284707521047393160598234975591398883594690542068543304368741117870625020192884917681653810829721587/395284707521047393160598234975591398883594690542068543304368741117870625020192884917681653810829721600, 0}}\n"
"From KernelObject[2, Local kernel]:"
"\"AMFlow: regular running finished in 2s.\"\n"
"From KernelObject[2, Local kernel]:"
"\"AMFlow: solving near the last point...\"\n"
"From KernelObject[2, Local kernel]:"
"\"NormalizeMat finished in 0s.\"\n"
"From KernelObject[2, Local kernel]:"
"\"LearnXOrder is negative. skip learning phase.\"\n"
"From KernelObject[4, Local kernel]:"
"\"AMFlow: regular running finished in 2s.\"\n"
"From KernelObject[2, Local kernel]:"
"\"block\" -> {1}\n"
"From KernelObject[4, Local kernel]:"
"\"AMFlow: solving near the last point...\"\n"
"From KernelObject[2, Local kernel]:"
"\"behavior\" -> {{29280348705262769863748017405599362880266273373486558763286573416138564816310584067976418800802201599/29280348705262769863748017405599362880266273373486558763286573416138564816310584067976418800802201600, 0}}\n"
"From KernelObject[4, Local kernel]:"
"\"NormalizeMat finished in 0s.\"\n"
"From KernelObject[1, Local kernel]:"
"\"AMFlow: regular running finished in 2s.\"\n"
"From KernelObject[4, Local kernel]:"
"\"LearnXOrder is negative. skip learning phase.\"\n"
"From KernelObject[1, Local kernel]:"
"\"AMFlow: solving near the last point...\"\n"
"From KernelObject[4, Local kernel]:"
"\"block\" -> {1}\n"
"From KernelObject[1, Local kernel]:"
"\"NormalizeMat finished in 0s.\"\n"
"From KernelObject[4, Local kernel]:"
"\"behavior\" -> {{527046276694729857547464313300788531844792920722758057739158321490494166693590513223575538414439628783/527046276694729857547464313300788531844792920722758057739158321490494166693590513223575538414439628800, 0}}\n"
"From KernelObject[1, Local kernel]:"
"\"LearnXOrder is negative. skip learning phase.\"\n"
"From KernelObject[1, Local kernel]:"
"\"block\" -> {1}\n"
"From KernelObject[1, Local kernel]:"
"\"behavior\" -> {{3162277660168379145284785879804731191068757524336548346434949928942965000161543079341453230486637772693/3162277660168379145284785879804731191068757524336548346434949928942965000161543079341453230486637772800, 0}}\n"
"From KernelObject[3, Local kernel]:"
"\"number of constraints and variables\" -> {1, 1}\n"
"From KernelObject[3, Local kernel]:"
"\"block\" -> {2}\n"
"From KernelObject[3, Local kernel]:"
"\"behavior\" -> {{0, 0}, {395284707521047393160598234975591398883594690542068543304368741117870625020192884917681653810829721587/395284707521047393160598234975591398883594690542068543304368741117870625020192884917681653810829721600, 0}}\n"
"From KernelObject[2, Local kernel]:"
"\"number of constraints and variables\" -> {1, 1}\n"
"From KernelObject[2, Local kernel]:"
"\"block\" -> {2}\n"
"From KernelObject[4, Local kernel]:"
"\"number of constraints and variables\" -> {1, 1}\n"
"From KernelObject[2, Local kernel]:"
"\"behavior\" -> {{0, 0}, {29280348705262769863748017405599362880266273373486558763286573416138564816310584067976418800802201599/29280348705262769863748017405599362880266273373486558763286573416138564816310584067976418800802201600, 0}}\n"
"From KernelObject[1, Local kernel]:"
"\"number of constraints and variables\" -> {1, 1}\n"
"From KernelObject[4, Local kernel]:"
"\"block\" -> {2}\n"
"From KernelObject[4, Local kernel]:"
"\"behavior\" -> {{0, 0}, {527046276694729857547464313300788531844792920722758057739158321490494166693590513223575538414439628783/527046276694729857547464313300788531844792920722758057739158321490494166693590513223575538414439628800, 0}}\n"
"From KernelObject[1, Local kernel]:"
"\"block\" -> {2}\n"
"From KernelObject[1, Local kernel]:"
"\"behavior\" -> {{0, 0}, {3162277660168379145284785879804731191068757524336548346434949928942965000161543079341453230486637772693/3162277660168379145284785879804731191068757524336548346434949928942965000161543079341453230486637772800, 0}}\n"
"From KernelObject[3, Local kernel]:"
"\"number of constraints and variables\" -> {1, 1}\n"
"From KernelObject[2, Local kernel]:"
"\"number of constraints and variables\" -> {1, 1}\n"
"From KernelObject[4, Local kernel]:"
"\"number of constraints and variables\" -> {1, 1}\n"
"From KernelObject[3, Local kernel]:"
"\"AMFlow: last point solved in 2s.\"\n"
"From KernelObject[3, Local kernel]:"
"\"system cleared: DESolver`$InternalSystem\"\n"
"From KernelObject[1, Local kernel]:"
"\"number of constraints and variables\" -> {1, 1}\n"
"From KernelObject[3, Local kernel]:"
"\"AMFlow: finished in 11s.\"\n"
"From KernelObject[3, Local kernel]:"
"DESolver`SetGlobalOptions -> {\"WorkingPre\" -> 100, \"ChopPre\" -> 20, \"SilentMode\" -> False, \"RationalizePre\" -> 20}\n"
"From KernelObject[3, Local kernel]:"
"DESolver`SetExpansionOptions -> {\"XOrder\" -> 100, \"ExtraXOrder\" -> 20, \"LearnXOrder\" -> -1, \"TestXOrder\" -> 5}\n"
"From KernelObject[3, Local kernel]:"
"DESolver`SetRunningOptions -> {\"RunRadius\" -> 2, \"RunLength\" -> 200, \"RunCandidate\" -> 10, \"RunDirection\" -> \"NegIm\"}\n"
"From KernelObject[3, Local kernel]:"
"DESolver`SetGlobalOptions -> {\"WorkingPre\" -> 2412, \"ChopPre\" -> 20, \"SilentMode\" -> False, \"RationalizePre\" -> 20}\n"
"From KernelObject[3, Local kernel]:"
"DESolver`SetExpansionOptions -> {\"XOrder\" -> 4824, \"ExtraXOrder\" -> 20, \"LearnXOrder\" -> -1, \"TestXOrder\" -> 5}\n"
"From KernelObject[3, Local kernel]:"
"DESolver`SetRunningOptions -> {\"RunRadius\" -> 2, \"RunLength\" -> 200, \"RunCandidate\" -> 10, \"RunDirection\" -> \"NegIm\"}\n"
"From KernelObject[2, Local kernel]:"
"\"AMFlow: last point solved in 2s.\"\n"
"From KernelObject[2, Local kernel]:"
"\"system cleared: DESolver`$InternalSystem\"\n"
"From KernelObject[2, Local kernel]:"
"\"AMFlow: finished in 11s.\"\n"
"From KernelObject[2, Local kernel]:"
"DESolver`SetGlobalOptions -> {\"WorkingPre\" -> 100, \"ChopPre\" -> 20, \"SilentMode\" -> False, \"RationalizePre\" -> 20}\n"
"From KernelObject[2, Local kernel]:"
"DESolver`SetExpansionOptions -> {\"XOrder\" -> 100, \"ExtraXOrder\" -> 20, \"LearnXOrder\" -> -1, \"TestXOrder\" -> 5}\n"
"From KernelObject[2, Local kernel]:"
"DESolver`SetRunningOptions -> {\"RunRadius\" -> 2, \"RunLength\" -> 200, \"RunCandidate\" -> 10, \"RunDirection\" -> \"NegIm\"}\n"
"From KernelObject[2, Local kernel]:"
"DESolver`SetGlobalOptions -> {\"WorkingPre\" -> 2412, \"ChopPre\" -> 20, \"SilentMode\" -> False, \"RationalizePre\" -> 20}\n"
"From KernelObject[2, Local kernel]:"
"DESolver`SetExpansionOptions -> {\"XOrder\" -> 4824, \"ExtraXOrder\" -> 20, \"LearnXOrder\" -> -1, \"TestXOrder\" -> 5}\n"
"From KernelObject[2, Local kernel]:"
"DESolver`SetRunningOptions -> {\"RunRadius\" -> 2, \"RunLength\" -> 200, \"RunCandidate\" -> 10, \"RunDirection\" -> \"NegIm\"}\n"
"From KernelObject[4, Local kernel]:"
"\"AMFlow: last point solved in 2s.\"\n"
"From KernelObject[1, Local kernel]:"
"\"AMFlow: last point solved in 2s.\"\n"
"From KernelObject[4, Local kernel]:"
"\"system cleared: DESolver`$InternalSystem\"\n"
"From KernelObject[1, Local kernel]:"
"\"system cleared: DESolver`$InternalSystem\"\n"
"From KernelObject[4, Local kernel]:"
"\"AMFlow: finished in 11s.\"\n"
"From KernelObject[1, Local kernel]:"
"\"AMFlow: finished in 11s.\"\n"
"From KernelObject[3, Local kernel]:"
"\"AMFlow: start.\"\n"
"From KernelObject[3, Local kernel]:"
"\"system loaded: DESolver`$InternalSystem\\nDE[DESolver`$InternalSystem] -- differential equation in matrix form\\nBC[DESolver`$InternalSystem] -- boundary conditions either in singular form or in regular form\\nP[DESolver`$InternalSystem] -- boundary point\\nAsyExp[DESolver`$InternalSystem] -- asymptotic expansion near a singular point (currently it is Null)\\nintegrals: 2, blocks: 2, density: 0.75, degrees: {0, 2}\"\n"
"From KernelObject[3, Local kernel]:"
"\"AMFlow: integrals will be evaluated at 3 regular points\" -> {0. - 200.*I, 0. - 100.*I, 0. - 50.*I}\n"
"From KernelObject[3, Local kernel]:"
"\"AMFlow: integration contour generated in 0s.\"\n"
"From KernelObject[3, Local kernel]:"
"\"AMFlow: solving near eta = Infinity...\"\n"
"From KernelObject[3, Local kernel]:"
"\"CalcTaylor: current region\" -> 109/3162277660168379145284785879804731191068757524336548346434949928942965000161543079341453230486637772800\n"
"From KernelObject[3, Local kernel]:"
"\"block\" -> {1}\n"
"From KernelObject[2, Local kernel]:"
"\"AMFlow: start.\"\n"
"From KernelObject[2, Local kernel]:"
"\"system loaded: DESolver`$InternalSystem\\nDE[DESolver`$InternalSystem] -- differential equation in matrix form\\nBC[DESolver`$InternalSystem] -- boundary conditions either in singular form or in regular form\\nP[DESolver`$InternalSystem] -- boundary point\\nAsyExp[DESolver`$InternalSystem] -- asymptotic expansion near a singular point (currently it is Null)\\nintegrals: 2, blocks: 2, density: 0.75, degrees: {0, 2}\"\n"
"From KernelObject[2, Local kernel]:"
"\"AMFlow: integrals will be evaluated at 3 regular points\" -> {0. - 200.*I, 0. - 100.*I, 0. - 50.*I}\n"
"From KernelObject[2, Local kernel]:"
"\"AMFlow: integration contour generated in 0s.\"\n"
"From KernelObject[2, Local kernel]:"
"\"AMFlow: solving near eta = Infinity...\"\n"
"From KernelObject[2, Local kernel]:"
"\"CalcTaylor: current region\" -> 11/316227766016837914528478587980473119106875752433654834643494992894296500016154307934145323048663777280\n"
"From KernelObject[2, Local kernel]:"
"\"block\" -> {1}\n"
"From KernelObject[3, Local kernel]:"
"\"boundary condition inserted\" -> {1, 0, 2.901172165292091*^100}\n"
"From KernelObject[3, Local kernel]:"
"\"block\" -> {2}\n"
"From KernelObject[2, Local kernel]:"
"\"boundary condition inserted\" -> {1, 0, 2.8747978728803447*^100}\n"
"From KernelObject[2, Local kernel]:"
"\"block\" -> {2}\n"
"From KernelObject[3, Local kernel]:"
"\"boundary condition test\" -> {2, 0, 2.901172165292091*^100}\n"
"From KernelObject[2, Local kernel]:"
"\"boundary condition test\" -> {2, 0, 2.8747978728803447*^100}\n"
"From KernelObject[3, Local kernel]:"
"\"AMFlow: Infinity solved in 4s.\"\n"
"From KernelObject[3, Local kernel]:"
"\"AMFlow: running among regular points...\"\n"
"From KernelObject[3, Local kernel]:"
"\"current regular point\" -> 0. - 200.*I\n"
"From KernelObject[2, Local kernel]:"
"\"AMFlow: Infinity solved in 4s.\"\n"
"From KernelObject[2, Local kernel]:"
"\"AMFlow: running among regular points...\"\n"
"From KernelObject[2, Local kernel]:"
"\"current regular point\" -> 0. - 200.*I\n"
"From KernelObject[3, Local kernel]:"
"\"current regular point\" -> 0. - 100.*I\n"
"From KernelObject[2, Local kernel]:"
"\"current regular point\" -> 0. - 100.*I\n"
"From KernelObject[3, Local kernel]:"
"\"AMFlow: regular running finished in 2s.\"\n"
"From KernelObject[3, Local kernel]:"
"\"AMFlow: solving near the last point...\"\n"
"From KernelObject[3, Local kernel]:"
"\"NormalizeMat finished in 0s.\"\n"
"From KernelObject[3, Local kernel]:"
"\"LearnXOrder is negative. skip learning phase.\"\n"
"From KernelObject[3, Local kernel]:"
"\"block\" -> {1}\n"
"From KernelObject[3, Local kernel]:"
"\"behavior\" -> {{3162277660168379145284785879804731191068757524336548346434949928942965000161543079341453230486637772691/3162277660168379145284785879804731191068757524336548346434949928942965000161543079341453230486637772800, 0}}\n"
"From KernelObject[2, Local kernel]:"
"\"AMFlow: regular running finished in 2s.\"\n"
"From KernelObject[2, Local kernel]:"
"\"AMFlow: solving near the last point...\"\n"
"From KernelObject[2, Local kernel]:"
"\"NormalizeMat finished in 0s.\"\n"
"From KernelObject[2, Local kernel]:"
"\"LearnXOrder is negative. skip learning phase.\"\n"
"From KernelObject[2, Local kernel]:"
"\"block\" -> {1}\n"
"From KernelObject[2, Local kernel]:"
"\"behavior\" -> {{316227766016837914528478587980473119106875752433654834643494992894296500016154307934145323048663777269/316227766016837914528478587980473119106875752433654834643494992894296500016154307934145323048663777280, 0}}\n"
"From KernelObject[3, Local kernel]:"
"\"number of constraints and variables\" -> {1, 1}\n"
"From KernelObject[3, Local kernel]:"
"\"block\" -> {2}\n"
"From KernelObject[3, Local kernel]:"
"\"behavior\" -> {{0, 0}, {3162277660168379145284785879804731191068757524336548346434949928942965000161543079341453230486637772691/3162277660168379145284785879804731191068757524336548346434949928942965000161543079341453230486637772800, 0}}\n"
"From KernelObject[2, Local kernel]:"
"\"number of constraints and variables\" -> {1, 1}\n"
"From KernelObject[2, Local kernel]:"
"\"block\" -> {2}\n"
"From KernelObject[2, Local kernel]:"
"\"behavior\" -> {{0, 0}, {316227766016837914528478587980473119106875752433654834643494992894296500016154307934145323048663777269/316227766016837914528478587980473119106875752433654834643494992894296500016154307934145323048663777280, 0}}\n"
"From KernelObject[3, Local kernel]:"
"\"number of constraints and variables\" -> {1, 1}\n"
"From KernelObject[2, Local kernel]:"
"\"number of constraints and variables\" -> {1, 1}\n"
"From KernelObject[3, Local kernel]:"
"\"AMFlow: last point solved in 2s.\"\n"
"From KernelObject[3, Local kernel]:"
"\"system cleared: DESolver`$InternalSystem\"\n"
"From KernelObject[3, Local kernel]:"
"\"AMFlow: finished in 9s.\"\n"
"From KernelObject[2, Local kernel]:"
"\"AMFlow: last point solved in 2s.\"\n"
"From KernelObject[2, Local kernel]:"
"\"system cleared: DESolver`$InternalSystem\"\n"
"From KernelObject[2, Local kernel]:"
"\"AMFlow: finished in 9s.\"\n"
