4 Fermat/Blackbox instances will be run in parallel.
The user defined environment variable FERMATPATH for Fermat is set:
/home/yqx/Program/fermat6/ferl6/fer64
One variable is set to 1: {}
The directories for the temporary files, result files and the sector mapping files are: 
./tmp
./results
./sectormappings
Kira prepares topology: loooopppp and top level sector: 
15 

*****Integral ordering*************************************
Kira will use the integral ordering: 5.
Following reductions will be performed for the topology: loooopppp
Sector: 15 rmax: 5 smax: 3 

***********************************************************
Find IBP LI and symmetry relations for the topology: loooopppp
***********************************************************

*****Search trivial sectors********************************
read from: ./sectormappings/loooopppp/nonTrivialSector

Non trivial sectors in total: 10
Trivial sectors in total: 6
( 0.000579 s )

Search symmetry relations: 
read from: ./sectormappings/loooopppp/canonica
Number of symmetries read out: 10

( 6.1e-05 s )
***********************************************************
Prepare Symmetries for the topology: loooopppp
***********************************************************
read from: ./sectormappings/loooopppp/sectorRelations
Number of symmetries read out: 2
read from: ./sectormappings/loooopppp/sectorSymmetries
Number of symmetries read out: 4
skip this line: 
skip this line: 
skip this line: 
skip this line: 
skip this line: 

***********************************************************
Kira starts the reduction of the topology: loooopppp
***********************************************************

***** Select equations recursively ************************
length of mandatory list: 4
Algebraic reconstruction is switched off.
189 independent coefficients
directory to the masters: loooopppp
Number of master integrals: 5
loooopppp[0,0,1,0] #  4
loooopppp[1,0,1,0] #  5
loooopppp[0,1,0,1] # 10
loooopppp[0,1,1,1] # 14
loooopppp[1,1,1,1] # 15
Regenerate:

Number of selected equations to reduce: 61 equations
( 0.024236 s )
Algebraic reconstruction is switched off.

***** Select equations recursively ************************
length of mandatory list: 4

***** Bring system in triangular form *********************

Iterate the system until it is in triangular form: 
iteration: 0; items left: 17; time: ( 0.000752 s )
iteration: 1; items left: 14; time: ( 0.001017 s )
iteration: 2; items left: 9; time: ( 0.001268 s )
iteration: 3; items left: 6; time: ( 0.001445 s )
iteration: 4; items left: 4; time: ( 0.001582 s )
iteration: 5; items left: 3; time: ( 0.001667 s )
iteration: 6; items left: 2; time: ( 0.001819 s )
redundant: 0; insertions 72
All coefficients will be normalized

Equations out of bounds rmax and smax: 45
Equations in the bounds rmax and smax: 16
( 0.002064 s )

Write the triangular system to ./tmp/ on hard disk
(--> ./tmp/loooopppp/VERconfig, ./tmp/loooopppp/VER###) 

Triangular form completed after ( 0.003227 s )
FIREFLY table created successfully
Algebraic reconstruction is switched off.
Equation table created successfully

***** Run the back substitution ***********************

Load all files from ./tmp/
Take 16 equations to reduce 16 missing equations

Back substitution: 


Equations reduced: 0 / 16
Kira committed results ( 0.0 s )


Equations reduced: 3 / 16
Kira committed results ( 0.0 s )


Equations reduced: 6 / 16
Kira committed results ( 0.0 s )


Equations reduced: 6 / 16
Kira committed results ( 0.0 s )


Equations reduced: 12 / 16
Kira committed results ( 0.0 s )


Equations reduced: 16 / 16
Kira committed results ( 0.0 s )

16 equations were reduced

*****Master integrals***********************************
loooopppp[0,0,1,0] #  4
loooopppp[1,0,1,0] #  5
loooopppp[0,1,0,1] # 10
loooopppp[0,1,1,1] # 14
loooopppp[1,1,1,1] # 15

Total number of master integrals: 5
( 0.0 s )
The input directory is set to:
./results
symbol_to_replace_by_one: x in kinematics.yaml is not set. 
Mass reconstruction is disabled.
################################################
kira2math: Reconstruct results for loooopppp
################################################

Algebraic reconstruction is switched off.
unreduced integrals: 0.

Total time:
( 5.7 s )
