4 Fermat/Blackbox instances will be run in parallel.
The user defined environment variable FERMATPATH for Fermat is set:
/home/yqx/Program/fermat6/ferl6/fer64
One variable is set to 1: {}
The directories for the temporary files, result files and the sector mapping files are: 
./tmp
./results
./sectormappings
Kira prepares topology: loooopppp and top level sector: 
6 

*****Integral ordering*************************************
Kira will use the integral ordering: 5.
Following reductions will be performed for the topology: loooopppp
Sector: 6 rmax: 3 smax: 3 

***********************************************************
Find IBP LI and symmetry relations for the topology: loooopppp
***********************************************************

*****Search trivial sectors********************************
read from: ./sectormappings/loooopppp/nonTrivialSector

Non trivial sectors in total: 10
Trivial sectors in total: 6
( 0.000555 s )

Search symmetry relations: 
read from: ./sectormappings/loooopppp/canonica
Number of symmetries read out: 5

( 4e-05 s )
***********************************************************
Prepare Symmetries for the topology: loooopppp
***********************************************************
read from: ./sectormappings/loooopppp/sectorRelations
Number of symmetries read out: 0
read from: ./sectormappings/loooopppp/sectorSymmetries
Number of symmetries read out: 0
skip this line: 

***********************************************************
Kira starts the reduction of the topology: loooopppp
***********************************************************

***** Select equations recursively ************************
length of mandatory list: 2
Algebraic reconstruction is switched off.
123 independent coefficients
directory to the masters: loooopppp
Number of master integrals: 2
loooopppp[0,1,1,0] # 6
loooopppp[0,1,0,0] # 2
Regenerate:

Number of selected equations to reduce: 8 equations
( 0.009122 s )
Algebraic reconstruction is switched off.

***** Select equations recursively ************************
length of mandatory list: 2

***** Bring system in triangular form *********************

Iterate the system until it is in triangular form: 
iteration: 0; items left: 4; time: ( 0.000257 s )
iteration: 1; items left: 2; time: ( 0.000371 s )
redundant: 0; insertions 6
All coefficients will be normalized

Equations out of bounds rmax and smax: 5
Equations in the bounds rmax and smax: 3
( 0.000457 s )

Write the triangular system to ./tmp/ on hard disk
(--> ./tmp/loooopppp/VERconfig, ./tmp/loooopppp/VER###) 

Triangular form completed after ( 0.000982 s )
FIREFLY table created successfully
Algebraic reconstruction is switched off.
Equation table created successfully

***** Run the back substitution ***********************

Load all files from ./tmp/
Take 3 equations to reduce 3 missing equations

Back substitution: 


Equations reduced: 0 / 3
Kira committed results ( 0.0 s )


Equations reduced: 3 / 3
Kira committed results ( 0.0 s )

3 equations were reduced

*****Master integrals***********************************
loooopppp[0,1,1,0] # 6
loooopppp[0,1,0,0] # 2

Total number of master integrals: 2
( 0.0 s )
The input directory is set to:
./results
symbol_to_replace_by_one: x in kinematics.yaml is not set. 
Mass reconstruction is disabled.
################################################
kira2math: Reconstruct results for loooopppp
################################################

Algebraic reconstruction is switched off.
unreduced integrals: 0.

Total time:
( 5.7 s )
