"From KernelObject[3, Local kernel]:"
"DESolver`SetGlobalOptions -> {\"WorkingPre\" -> 100, \"ChopPre\" -> 20, \"SilentMode\" -> False, \"RationalizePre\" -> 20}\n"
"From KernelObject[3, Local kernel]:"
"DESolver`SetExpansionOptions -> {\"XOrder\" -> 100, \"ExtraXOrder\" -> 20, \"LearnXOrder\" -> -1, \"TestXOrder\" -> 5}\n"
"From KernelObject[2, Local kernel]:"
"DESolver`SetGlobalOptions -> {\"WorkingPre\" -> 100, \"ChopPre\" -> 20, \"SilentMode\" -> False, \"RationalizePre\" -> 20}\n"
"From KernelObject[1, Local kernel]:"
"DESolver`SetGlobalOptions -> {\"WorkingPre\" -> 100, \"ChopPre\" -> 20, \"SilentMode\" -> False, \"RationalizePre\" -> 20}\n"
"From KernelObject[4, Local kernel]:"
"DESolver`SetGlobalOptions -> {\"WorkingPre\" -> 100, \"ChopPre\" -> 20, \"SilentMode\" -> False, \"RationalizePre\" -> 20}\n"
"From KernelObject[3, Local kernel]:"
"DESolver`SetRunningOptions -> {\"RunRadius\" -> 2, \"RunLength\" -> 200, \"RunCandidate\" -> 10, \"RunDirection\" -> \"NegIm\"}\n"
"From KernelObject[2, Local kernel]:"
"DESolver`SetExpansionOptions -> {\"XOrder\" -> 100, \"ExtraXOrder\" -> 20, \"LearnXOrder\" -> -1, \"TestXOrder\" -> 5}\n"
"From KernelObject[1, Local kernel]:"
"DESolver`SetExpansionOptions -> {\"XOrder\" -> 100, \"ExtraXOrder\" -> 20, \"LearnXOrder\" -> -1, \"TestXOrder\" -> 5}\n"
"From KernelObject[4, Local kernel]:"
"DESolver`SetExpansionOptions -> {\"XOrder\" -> 100, \"ExtraXOrder\" -> 20, \"LearnXOrder\" -> -1, \"TestXOrder\" -> 5}\n"
"From KernelObject[3, Local kernel]:"
"DESolver`SetGlobalOptions -> {\"WorkingPre\" -> 132, \"ChopPre\" -> 20, \"SilentMode\" -> False, \"RationalizePre\" -> 20}\n"
"From KernelObject[2, Local kernel]:"
"DESolver`SetRunningOptions -> {\"RunRadius\" -> 2, \"RunLength\" -> 200, \"RunCandidate\" -> 10, \"RunDirection\" -> \"NegIm\"}\n"
"From KernelObject[1, Local kernel]:"
"DESolver`SetRunningOptions -> {\"RunRadius\" -> 2, \"RunLength\" -> 200, \"RunCandidate\" -> 10, \"RunDirection\" -> \"NegIm\"}\n"
"From KernelObject[4, Local kernel]:"
"DESolver`SetRunningOptions -> {\"RunRadius\" -> 2, \"RunLength\" -> 200, \"RunCandidate\" -> 10, \"RunDirection\" -> \"NegIm\"}\n"
"From KernelObject[3, Local kernel]:"
"DESolver`SetExpansionOptions -> {\"XOrder\" -> 264, \"ExtraXOrder\" -> 20, \"LearnXOrder\" -> -1, \"TestXOrder\" -> 5}\n"
"From KernelObject[2, Local kernel]:"
"DESolver`SetGlobalOptions -> {\"WorkingPre\" -> 132, \"ChopPre\" -> 20, \"SilentMode\" -> False, \"RationalizePre\" -> 20}\n"
"From KernelObject[1, Local kernel]:"
"DESolver`SetGlobalOptions -> {\"WorkingPre\" -> 132, \"ChopPre\" -> 20, \"SilentMode\" -> False, \"RationalizePre\" -> 20}\n"
"From KernelObject[4, Local kernel]:"
"DESolver`SetGlobalOptions -> {\"WorkingPre\" -> 132, \"ChopPre\" -> 20, \"SilentMode\" -> False, \"RationalizePre\" -> 20}\n"
"From KernelObject[3, Local kernel]:"
"DESolver`SetRunningOptions -> {\"RunRadius\" -> 2, \"RunLength\" -> 200, \"RunCandidate\" -> 10, \"RunDirection\" -> \"NegIm\"}\n"
"From KernelObject[2, Local kernel]:"
"DESolver`SetExpansionOptions -> {\"XOrder\" -> 264, \"ExtraXOrder\" -> 20, \"LearnXOrder\" -> -1, \"TestXOrder\" -> 5}\n"
"From KernelObject[1, Local kernel]:"
"DESolver`SetExpansionOptions -> {\"XOrder\" -> 264, \"ExtraXOrder\" -> 20, \"LearnXOrder\" -> -1, \"TestXOrder\" -> 5}\n"
"From KernelObject[4, Local kernel]:"
"DESolver`SetExpansionOptions -> {\"XOrder\" -> 264, \"ExtraXOrder\" -> 20, \"LearnXOrder\" -> -1, \"TestXOrder\" -> 5}\n"
"From KernelObject[3, Local kernel]:"
"\"AMFlow: start.\"\n"
"From KernelObject[2, Local kernel]:"
"DESolver`SetRunningOptions -> {\"RunRadius\" -> 2, \"RunLength\" -> 200, \"RunCandidate\" -> 10, \"RunDirection\" -> \"NegIm\"}\n"
"From KernelObject[1, Local kernel]:"
"DESolver`SetRunningOptions -> {\"RunRadius\" -> 2, \"RunLength\" -> 200, \"RunCandidate\" -> 10, \"RunDirection\" -> \"NegIm\"}\n"
"From KernelObject[4, Local kernel]:"
"DESolver`SetRunningOptions -> {\"RunRadius\" -> 2, \"RunLength\" -> 200, \"RunCandidate\" -> 10, \"RunDirection\" -> \"NegIm\"}\n"
"From KernelObject[2, Local kernel]:"
"\"AMFlow: start.\"\n"
"From KernelObject[1, Local kernel]:"
"\"AMFlow: start.\"\n"
"From KernelObject[4, Local kernel]:"
"\"AMFlow: start.\"\n"
"From KernelObject[3, Local kernel]:"
"\"system loaded: DESolver`$InternalSystem\\nDE[DESolver`$InternalSystem] -- differential equation in matrix form\\nBC[DESolver`$InternalSystem] -- boundary conditions either in singular form or in regular form\\nP[DESolver`$InternalSystem] -- boundary point\\nAsyExp[DESolver`$InternalSystem] -- asymptotic expansion near a singular point (currently it is Null)\\nintegrals: 5, blocks: 5, density: 0.4, degrees: {1, 4}\"\n"
"From KernelObject[4, Local kernel]:"
"\"system loaded: DESolver`$InternalSystem\\nDE[DESolver`$InternalSystem] -- differential equation in matrix form\\nBC[DESolver`$InternalSystem] -- boundary conditions either in singular form or in regular form\\nP[DESolver`$InternalSystem] -- boundary point\\nAsyExp[DESolver`$InternalSystem] -- asymptotic expansion near a singular point (currently it is Null)\\nintegrals: 5, blocks: 5, density: 0.4, degrees: {1, 4}\"\n"
"From KernelObject[3, Local kernel]:"
"\"AMFlow: integrals will be evaluated at 8 regular points\" -> {0. - 580.*I, 0. - 289.9568997545365*I, 0. - 144.89225578911126*I, 0. - 72.27379087202347*I, 0. - 35.79262844875019*I, 0. - 17.210969135933958*I, 0. - 7.2583632133869465*I, 0. - 5.*I}\n"
"From KernelObject[3, Local kernel]:"
"\"AMFlow: integration contour generated in 0s.\"\n"
"From KernelObject[3, Local kernel]:"
"\"AMFlow: solving near eta = Infinity...\"\n"
"From KernelObject[3, Local kernel]:"
"\"CalcTaylor: current region\" -> 103/31622700\n"
"From KernelObject[3, Local kernel]:"
"\"block\" -> {1}\n"
"From KernelObject[4, Local kernel]:"
"\"AMFlow: integrals will be evaluated at 8 regular points\" -> {0. - 580.*I, 0. - 289.9568997545365*I, 0. - 144.89225578911126*I, 0. - 72.27379087202347*I, 0. - 35.79262844875019*I, 0. - 17.210969135933958*I, 0. - 7.2583632133869465*I, 0. - 5.*I}\n"
"From KernelObject[3, Local kernel]:"
"\"boundary condition inserted\" -> {1, 0, 307016.9276433026}\n"
"From KernelObject[4, Local kernel]:"
"\"AMFlow: integration contour generated in 0s.\"\n"
"From KernelObject[3, Local kernel]:"
"\"block\" -> {2}\n"
"From KernelObject[4, Local kernel]:"
"\"AMFlow: solving near eta = Infinity...\"\n"
"From KernelObject[2, Local kernel]:"
"\"system loaded: DESolver`$InternalSystem\\nDE[DESolver`$InternalSystem] -- differential equation in matrix form\\nBC[DESolver`$InternalSystem] -- boundary conditions either in singular form or in regular form\\nP[DESolver`$InternalSystem] -- boundary point\\nAsyExp[DESolver`$InternalSystem] -- asymptotic expansion near a singular point (currently it is Null)\\nintegrals: 5, blocks: 5, density: 0.4, degrees: {1, 4}\"\n"
"From KernelObject[1, Local kernel]:"
"\"system loaded: DESolver`$InternalSystem\\nDE[DESolver`$InternalSystem] -- differential equation in matrix form\\nBC[DESolver`$InternalSystem] -- boundary conditions either in singular form or in regular form\\nP[DESolver`$InternalSystem] -- boundary point\\nAsyExp[DESolver`$InternalSystem] -- asymptotic expansion near a singular point (currently it is Null)\\nintegrals: 5, blocks: 5, density: 0.4, degrees: {1, 4}\"\n"
"From KernelObject[4, Local kernel]:"
"\"CalcTaylor: current region\" -> 101/31622700\n"
"From KernelObject[4, Local kernel]:"
"\"block\" -> {1}\n"
"From KernelObject[3, Local kernel]:"
"\"boundary condition test\" -> {2, 0, 307016.9276433026}\n"
"From KernelObject[4, Local kernel]:"
"\"boundary condition inserted\" -> {1, 0, 313096.4623928048}\n"
"From KernelObject[3, Local kernel]:"
"\"block\" -> {3}\n"
"From KernelObject[4, Local kernel]:"
"\"block\" -> {2}\n"
"From KernelObject[3, Local kernel]:"
"\"boundary condition test\" -> {3, 0, 0.}\n"
"From KernelObject[4, Local kernel]:"
"\"boundary condition test\" -> {2, 0, 313096.4623928048}\n"
"From KernelObject[3, Local kernel]:"
"\"block\" -> {4}\n"
"From KernelObject[4, Local kernel]:"
"\"block\" -> {3}\n"
"From KernelObject[4, Local kernel]:"
"\"boundary condition test\" -> {3, 0, 0.}\n"
"From KernelObject[3, Local kernel]:"
"\"boundary condition test\" -> {4, 0, 307016.9276433026}\n"
"From KernelObject[4, Local kernel]:"
"\"block\" -> {4}\n"
"From KernelObject[3, Local kernel]:"
"\"block\" -> {5}\n"
"From KernelObject[2, Local kernel]:"
"\"AMFlow: integrals will be evaluated at 8 regular points\" -> {0. - 580.*I, 0. - 289.9568997545365*I, 0. - 144.89225578911126*I, 0. - 72.27379087202347*I, 0. - 35.79262844875019*I, 0. - 17.210969135933958*I, 0. - 7.2583632133869465*I, 0. - 5.*I}\n"
"From KernelObject[4, Local kernel]:"
"\"boundary condition test\" -> {4, 0, 313096.4623928048}\n"
"From KernelObject[2, Local kernel]:"
"\"AMFlow: integration contour generated in 0s.\"\n"
"From KernelObject[1, Local kernel]:"
"\"AMFlow: integrals will be evaluated at 8 regular points\" -> {0. - 580.*I, 0. - 289.9568997545365*I, 0. - 144.89225578911126*I, 0. - 72.27379087202347*I, 0. - 35.79262844875019*I, 0. - 17.210969135933958*I, 0. - 7.2583632133869465*I, 0. - 5.*I}\n"
"From KernelObject[4, Local kernel]:"
"\"block\" -> {5}\n"
"From KernelObject[2, Local kernel]:"
"\"AMFlow: solving near eta = Infinity...\"\n"
"From KernelObject[1, Local kernel]:"
"\"AMFlow: integration contour generated in 0s.\"\n"
"From KernelObject[3, Local kernel]:"
"\"boundary condition test\" -> {5, 0, 307016.9276433026}\n"
"From KernelObject[2, Local kernel]:"
"\"CalcTaylor: current region\" -> 7/2108180\n"
"From KernelObject[1, Local kernel]:"
"\"AMFlow: solving near eta = Infinity...\"\n"
"From KernelObject[3, Local kernel]:"
"\"CalcTaylor: current region\" -> 0\n"
"From KernelObject[2, Local kernel]:"
"\"block\" -> {1}\n"
"From KernelObject[1, Local kernel]:"
"\"CalcTaylor: current region\" -> 53/15811350\n"
"From KernelObject[3, Local kernel]:"
"\"block\" -> {1}\n"
"From KernelObject[1, Local kernel]:"
"\"block\" -> {1}\n"
"From KernelObject[3, Local kernel]:"
"\"boundary condition test\" -> {1, 0, 0.}\n"
"From KernelObject[4, Local kernel]:"
"\"boundary condition test\" -> {5, 0, 313096.4623928048}\n"
"From KernelObject[3, Local kernel]:"
"\"block\" -> {2}\n"
"From KernelObject[2, Local kernel]:"
"\"boundary condition inserted\" -> {1, 0, 301168.9942175944}\n"
"From KernelObject[1, Local kernel]:"
"\"boundary condition inserted\" -> {1, 0, 298327.78127963364}\n"
"From KernelObject[4, Local kernel]:"
"\"CalcTaylor: current region\" -> 0\n"
"From KernelObject[2, Local kernel]:"
"\"block\" -> {2}\n"
"From KernelObject[1, Local kernel]:"
"\"block\" -> {2}\n"
"From KernelObject[4, Local kernel]:"
"\"block\" -> {1}\n"
"From KernelObject[4, Local kernel]:"
"\"boundary condition test\" -> {1, 0, 0.}\n"
"From KernelObject[3, Local kernel]:"
"\"boundary condition test\" -> {2, 0, 0.}\n"
"From KernelObject[4, Local kernel]:"
"\"block\" -> {2}\n"
"From KernelObject[3, Local kernel]:"
"\"block\" -> {3}\n"
"From KernelObject[3, Local kernel]:"
"\"boundary condition inserted\" -> {3, 0, 307012.62933356036 + 3.1415529968487226*I}\n"
"From KernelObject[4, Local kernel]:"
"\"boundary condition test\" -> {2, 0, 0.}\n"
"From KernelObject[3, Local kernel]:"
"\"block\" -> {4}\n"
"From KernelObject[4, Local kernel]:"
"\"block\" -> {3}\n"
"From KernelObject[2, Local kernel]:"
"\"boundary condition test\" -> {2, 0, 301168.9942175944}\n"
"From KernelObject[1, Local kernel]:"
"\"boundary condition test\" -> {2, 0, 298327.78127963364}\n"
"From KernelObject[2, Local kernel]:"
"\"block\" -> {3}\n"
"From KernelObject[1, Local kernel]:"
"\"block\" -> {3}\n"
"From KernelObject[4, Local kernel]:"
"\"boundary condition inserted\" -> {3, 0, 313092.1640829145 + 3.1415537668780606*I}\n"
"From KernelObject[3, Local kernel]:"
"\"boundary condition test\" -> {4, 0, -307012.62933356036 - 3.1415529968487226*I}\n"
"From KernelObject[4, Local kernel]:"
"\"block\" -> {4}\n"
"From KernelObject[3, Local kernel]:"
"\"block\" -> {5}\n"
"From KernelObject[2, Local kernel]:"
"\"boundary condition test\" -> {3, 0, 0.}\n"
"From KernelObject[1, Local kernel]:"
"\"boundary condition test\" -> {3, 0, 0.}\n"
"From KernelObject[2, Local kernel]:"
"\"block\" -> {4}\n"
"From KernelObject[1, Local kernel]:"
"\"block\" -> {4}\n"
"From KernelObject[4, Local kernel]:"
"\"boundary condition test\" -> {4, 0, -313092.1640829145 - 3.1415537668780606*I}\n"
"From KernelObject[4, Local kernel]:"
"\"block\" -> {5}\n"
"From KernelObject[3, Local kernel]:"
"\"boundary condition test\" -> {5, 0, -4.7128665189440465*^8 - 4822.511689006347*I}\n"
"From KernelObject[2, Local kernel]:"
"\"boundary condition test\" -> {4, 0, 301168.9942175944}\n"
"From KernelObject[1, Local kernel]:"
"\"boundary condition test\" -> {4, 0, 298327.78127963364}\n"
"From KernelObject[3, Local kernel]:"
"\"AMFlow: Infinity solved in 0s.\"\n"
"From KernelObject[2, Local kernel]:"
"\"block\" -> {5}\n"
"From KernelObject[1, Local kernel]:"
"\"block\" -> {5}\n"
"From KernelObject[3, Local kernel]:"
"\"AMFlow: running among regular points...\"\n"
"From KernelObject[3, Local kernel]:"
"\"current regular point\" -> 0. - 580.*I\n"
"From KernelObject[4, Local kernel]:"
"\"boundary condition test\" -> {5, 0, -4.9013645210532844*^8 - 4918.008797524452*I}\n"
"From KernelObject[4, Local kernel]:"
"\"AMFlow: Infinity solved in 0s.\"\n"
"From KernelObject[4, Local kernel]:"
"\"AMFlow: running among regular points...\"\n"
"From KernelObject[1, Local kernel]:"
"\"boundary condition test\" -> {5, 0, 298327.78127963364}\n"
"From KernelObject[4, Local kernel]:"
"\"current regular point\" -> 0. - 580.*I\n"
"From KernelObject[2, Local kernel]:"
"\"boundary condition test\" -> {5, 0, 301168.9942175944}\n"
"From KernelObject[2, Local kernel]:"
"\"CalcTaylor: current region\" -> 0\n"
"From KernelObject[1, Local kernel]:"
"\"CalcTaylor: current region\" -> 0\n"
"From KernelObject[2, Local kernel]:"
"\"block\" -> {1}\n"
"From KernelObject[1, Local kernel]:"
"\"block\" -> {1}\n"
"From KernelObject[3, Local kernel]:"
"\"current regular point\" -> 0. - 289.9568997545365*I\n"
"From KernelObject[2, Local kernel]:"
"\"boundary condition test\" -> {1, 0, 0.}\n"
"From KernelObject[1, Local kernel]:"
"\"boundary condition test\" -> {1, 0, 0.}\n"
"From KernelObject[2, Local kernel]:"
"\"block\" -> {2}\n"
"From KernelObject[1, Local kernel]:"
"\"block\" -> {2}\n"
"From KernelObject[4, Local kernel]:"
"\"current regular point\" -> 0. - 289.9568997545365*I\n"
"From KernelObject[2, Local kernel]:"
"\"boundary condition test\" -> {2, 0, 0.}\n"
"From KernelObject[1, Local kernel]:"
"\"boundary condition test\" -> {2, 0, 0.}\n"
"From KernelObject[2, Local kernel]:"
"\"block\" -> {3}\n"
"From KernelObject[1, Local kernel]:"
"\"block\" -> {3}\n"
"From KernelObject[3, Local kernel]:"
"\"current regular point\" -> 0. - 144.89225578911126*I\n"
"From KernelObject[2, Local kernel]:"
"\"boundary condition inserted\" -> {3, 0, 301164.69590800017 + 3.1415522268195617*I}\n"
"From KernelObject[1, Local kernel]:"
"\"boundary condition inserted\" -> {3, 0, 298323.48297011346 + 3.1415518418050477*I}\n"
"From KernelObject[2, Local kernel]:"
"\"block\" -> {4}\n"
"From KernelObject[1, Local kernel]:"
"\"block\" -> {4}\n"
"From KernelObject[4, Local kernel]:"
"\"current regular point\" -> 0. - 144.89225578911126*I\n"
"From KernelObject[2, Local kernel]:"
"\"boundary condition test\" -> {4, 0, -301164.69590800017 - 3.1415522268195617*I}\n"
"From KernelObject[1, Local kernel]:"
"\"boundary condition test\" -> {4, 0, -298323.48297011346 - 3.1415518418050477*I}\n"
"From KernelObject[2, Local kernel]:"
"\"block\" -> {5}\n"
"From KernelObject[1, Local kernel]:"
"\"block\" -> {5}\n"
"From KernelObject[3, Local kernel]:"
"\"current regular point\" -> 0. - 72.27379087202347*I\n"
"From KernelObject[2, Local kernel]:"
"\"boundary condition test\" -> {5, 0, -4.535036945097037*^8 - 4730.652565575206*I}\n"
"From KernelObject[1, Local kernel]:"
"\"boundary condition test\" -> {5, 0, -4.4498730001606685*^8 - 4686.022897115944*I}\n"
"From KernelObject[4, Local kernel]:"
"\"current regular point\" -> 0. - 72.27379087202347*I\n"
"From KernelObject[2, Local kernel]:"
"\"AMFlow: Infinity solved in 0s.\"\n"
"From KernelObject[1, Local kernel]:"
"\"AMFlow: Infinity solved in 0s.\"\n"
"From KernelObject[2, Local kernel]:"
"\"AMFlow: running among regular points...\"\n"
"From KernelObject[1, Local kernel]:"
"\"AMFlow: running among regular points...\"\n"
"From KernelObject[2, Local kernel]:"
"\"current regular point\" -> 0. - 580.*I\n"
"From KernelObject[1, Local kernel]:"
"\"current regular point\" -> 0. - 580.*I\n"
"From KernelObject[3, Local kernel]:"
"\"current regular point\" -> 0. - 35.79262844875019*I\n"
"From KernelObject[1, Local kernel]:"
"\"current regular point\" -> 0. - 289.9568997545365*I\n"
"From KernelObject[4, Local kernel]:"
"\"current regular point\" -> 0. - 35.79262844875019*I\n"
"From KernelObject[2, Local kernel]:"
"\"current regular point\" -> 0. - 289.9568997545365*I\n"
"From KernelObject[3, Local kernel]:"
"\"current regular point\" -> 0. - 17.210969135933958*I\n"
"From KernelObject[4, Local kernel]:"
"\"current regular point\" -> 0. - 17.210969135933958*I\n"
"From KernelObject[1, Local kernel]:"
"\"current regular point\" -> 0. - 144.89225578911126*I\n"
"From KernelObject[2, Local kernel]:"
"\"current regular point\" -> 0. - 144.89225578911126*I\n"
"From KernelObject[3, Local kernel]:"
"\"current regular point\" -> 0. - 7.2583632133869465*I\n"
"From KernelObject[4, Local kernel]:"
"\"current regular point\" -> 0. - 7.2583632133869465*I\n"
"From KernelObject[2, Local kernel]:"
"\"current regular point\" -> 0. - 72.27379087202347*I\n"
"From KernelObject[1, Local kernel]:"
"\"current regular point\" -> 0. - 72.27379087202347*I\n"
"From KernelObject[3, Local kernel]:"
"\"AMFlow: regular running finished in 0s.\"\n"
"From KernelObject[3, Local kernel]:"
"\"AMFlow: solving near the last point...\"\n"
"From KernelObject[3, Local kernel]:"
"\"NormalizeMat finished in 0s.\"\n"
"From KernelObject[4, Local kernel]:"
"\"AMFlow: regular running finished in 0s.\"\n"
"From KernelObject[3, Local kernel]:"
"\"LearnXOrder is negative. skip learning phase.\"\n"
"From KernelObject[2, Local kernel]:"
"\"current regular point\" -> 0. - 35.79262844875019*I\n"
"From KernelObject[1, Local kernel]:"
"\"current regular point\" -> 0. - 35.79262844875019*I\n"
"From KernelObject[4, Local kernel]:"
"\"AMFlow: solving near the last point...\"\n"
"From KernelObject[3, Local kernel]:"
"\"block\" -> {1}\n"
"From KernelObject[4, Local kernel]:"
"\"NormalizeMat finished in 0s.\"\n"
"From KernelObject[3, Local kernel]:"
"\"behavior\" -> {{0, 0}}\n"
"From KernelObject[2, Local kernel]:"
"\"current regular point\" -> 0. - 17.210969135933958*I\n"
"From KernelObject[1, Local kernel]:"
"\"current regular point\" -> 0. - 17.210969135933958*I\n"
"From KernelObject[4, Local kernel]:"
"\"LearnXOrder is negative. skip learning phase.\"\n"
"From KernelObject[3, Local kernel]:"
"\"number of constraints and variables\" -> {1, 1}\n"
"From KernelObject[4, Local kernel]:"
"\"block\" -> {1}\n"
"From KernelObject[3, Local kernel]:"
"\"block\" -> {2}\n"
"From KernelObject[4, Local kernel]:"
"\"behavior\" -> {{0, 0}}\n"
"From KernelObject[3, Local kernel]:"
"\"behavior\" -> {{0, 1}}\n"
"From KernelObject[4, Local kernel]:"
"\"number of constraints and variables\" -> {1, 1}\n"
"From KernelObject[3, Local kernel]:"
"\"number of constraints and variables\" -> {1, 1}\n"
"From KernelObject[4, Local kernel]:"
"\"block\" -> {2}\n"
"From KernelObject[3, Local kernel]:"
"\"block\" -> {3}\n"
"From KernelObject[4, Local kernel]:"
"\"behavior\" -> {{0, 1}}\n"
"From KernelObject[3, Local kernel]:"
"\"behavior\" -> {{0, 0}}\n"
"From KernelObject[4, Local kernel]:"
"\"number of constraints and variables\" -> {1, 1}\n"
"From KernelObject[3, Local kernel]:"
"\"number of constraints and variables\" -> {1, 1}\n"
"From KernelObject[4, Local kernel]:"
"\"block\" -> {3}\n"
"From KernelObject[3, Local kernel]:"
"\"block\" -> {4}\n"
"From KernelObject[2, Local kernel]:"
"\"current regular point\" -> 0. - 7.2583632133869465*I\n"
"From KernelObject[1, Local kernel]:"
"\"current regular point\" -> 0. - 7.2583632133869465*I\n"
"From KernelObject[4, Local kernel]:"
"\"behavior\" -> {{0, 0}}\n"
"From KernelObject[3, Local kernel]:"
"\"behavior\" -> {{0, 1}}\n"
"From KernelObject[4, Local kernel]:"
"\"number of constraints and variables\" -> {1, 1}\n"
"From KernelObject[4, Local kernel]:"
"\"block\" -> {4}\n"
"From KernelObject[4, Local kernel]:"
"\"behavior\" -> {{0, 1}}\n"
"From KernelObject[4, Local kernel]:"
"\"number of constraints and variables\" -> {1, 1}\n"
"From KernelObject[4, Local kernel]:"
"\"block\" -> {5}\n"
"From KernelObject[3, Local kernel]:"
"\"number of constraints and variables\" -> {1, 1}\n"
"From KernelObject[4, Local kernel]:"
"\"behavior\" -> {{0, 2}}\n"
"From KernelObject[3, Local kernel]:"
"\"block\" -> {5}\n"
"From KernelObject[3, Local kernel]:"
"\"behavior\" -> {{0, 2}}\n"
"From KernelObject[2, Local kernel]:"
"\"AMFlow: regular running finished in 0s.\"\n"
"From KernelObject[1, Local kernel]:"
"\"AMFlow: regular running finished in 0s.\"\n"
"From KernelObject[2, Local kernel]:"
"\"AMFlow: solving near the last point...\"\n"
"From KernelObject[1, Local kernel]:"
"\"AMFlow: solving near the last point...\"\n"
"From KernelObject[2, Local kernel]:"
"\"NormalizeMat finished in 0s.\"\n"
"From KernelObject[1, Local kernel]:"
"\"NormalizeMat finished in 0s.\"\n"
"From KernelObject[2, Local kernel]:"
"\"LearnXOrder is negative. skip learning phase.\"\n"
"From KernelObject[1, Local kernel]:"
"\"LearnXOrder is negative. skip learning phase.\"\n"
"From KernelObject[2, Local kernel]:"
"\"block\" -> {1}\n"
"From KernelObject[1, Local kernel]:"
"\"block\" -> {1}\n"
"From KernelObject[2, Local kernel]:"
"\"behavior\" -> {{0, 0}}\n"
"From KernelObject[1, Local kernel]:"
"\"behavior\" -> {{0, 0}}\n"
"From KernelObject[2, Local kernel]:"
"\"number of constraints and variables\" -> {1, 1}\n"
"From KernelObject[1, Local kernel]:"
"\"number of constraints and variables\" -> {1, 1}\n"
"From KernelObject[2, Local kernel]:"
"\"block\" -> {2}\n"
"From KernelObject[1, Local kernel]:"
"\"block\" -> {2}\n"
"From KernelObject[2, Local kernel]:"
"\"behavior\" -> {{0, 1}}\n"
"From KernelObject[1, Local kernel]:"
"\"behavior\" -> {{0, 1}}\n"
"From KernelObject[4, Local kernel]:"
"\"number of constraints and variables\" -> {1, 1}\n"
"From KernelObject[4, Local kernel]:"
"\"AMFlow: last point solved in 0s.\"\n"
"From KernelObject[4, Local kernel]:"
"\"system cleared: DESolver`$InternalSystem\"\n"
"From KernelObject[3, Local kernel]:"
"\"number of constraints and variables\" -> {1, 1}\n"
"From KernelObject[2, Local kernel]:"
"\"number of constraints and variables\" -> {1, 1}\n"
"From KernelObject[1, Local kernel]:"
"\"number of constraints and variables\" -> {1, 1}\n"
"From KernelObject[4, Local kernel]:"
"\"AMFlow: finished in 2s.\"\n"
"From KernelObject[3, Local kernel]:"
"\"AMFlow: last point solved in 0s.\"\n"
"From KernelObject[2, Local kernel]:"
"\"block\" -> {3}\n"
"From KernelObject[1, Local kernel]:"
"\"block\" -> {3}\n"
"From KernelObject[4, Local kernel]:"
"DESolver`SetGlobalOptions -> {\"WorkingPre\" -> 100, \"ChopPre\" -> 20, \"SilentMode\" -> False, \"RationalizePre\" -> 20}\n"
"From KernelObject[3, Local kernel]:"
"\"system cleared: DESolver`$InternalSystem\"\n"
"From KernelObject[2, Local kernel]:"
"\"behavior\" -> {{0, 0}}\n"
"From KernelObject[1, Local kernel]:"
"\"behavior\" -> {{0, 0}}\n"
"From KernelObject[4, Local kernel]:"
"DESolver`SetExpansionOptions -> {\"XOrder\" -> 100, \"ExtraXOrder\" -> 20, \"LearnXOrder\" -> -1, \"TestXOrder\" -> 5}\n"
"From KernelObject[3, Local kernel]:"
"\"AMFlow: finished in 2s.\"\n"
"From KernelObject[2, Local kernel]:"
"\"number of constraints and variables\" -> {1, 1}\n"
"From KernelObject[1, Local kernel]:"
"\"number of constraints and variables\" -> {1, 1}\n"
"From KernelObject[4, Local kernel]:"
"DESolver`SetRunningOptions -> {\"RunRadius\" -> 2, \"RunLength\" -> 200, \"RunCandidate\" -> 10, \"RunDirection\" -> \"NegIm\"}\n"
"From KernelObject[3, Local kernel]:"
"DESolver`SetGlobalOptions -> {\"WorkingPre\" -> 100, \"ChopPre\" -> 20, \"SilentMode\" -> False, \"RationalizePre\" -> 20}\n"
"From KernelObject[2, Local kernel]:"
"\"block\" -> {4}\n"
"From KernelObject[1, Local kernel]:"
"\"block\" -> {4}\n"
"From KernelObject[4, Local kernel]:"
"DESolver`SetGlobalOptions -> {\"WorkingPre\" -> 132, \"ChopPre\" -> 20, \"SilentMode\" -> False, \"RationalizePre\" -> 20}\n"
"From KernelObject[3, Local kernel]:"
"DESolver`SetExpansionOptions -> {\"XOrder\" -> 100, \"ExtraXOrder\" -> 20, \"LearnXOrder\" -> -1, \"TestXOrder\" -> 5}\n"
"From KernelObject[2, Local kernel]:"
"\"behavior\" -> {{0, 1}}\n"
"From KernelObject[1, Local kernel]:"
"\"behavior\" -> {{0, 1}}\n"
"From KernelObject[4, Local kernel]:"
"DESolver`SetExpansionOptions -> {\"XOrder\" -> 264, \"ExtraXOrder\" -> 20, \"LearnXOrder\" -> -1, \"TestXOrder\" -> 5}\n"
"From KernelObject[3, Local kernel]:"
"DESolver`SetRunningOptions -> {\"RunRadius\" -> 2, \"RunLength\" -> 200, \"RunCandidate\" -> 10, \"RunDirection\" -> \"NegIm\"}\n"
"From KernelObject[4, Local kernel]:"
"DESolver`SetRunningOptions -> {\"RunRadius\" -> 2, \"RunLength\" -> 200, \"RunCandidate\" -> 10, \"RunDirection\" -> \"NegIm\"}\n"
"From KernelObject[3, Local kernel]:"
"DESolver`SetGlobalOptions -> {\"WorkingPre\" -> 132, \"ChopPre\" -> 20, \"SilentMode\" -> False, \"RationalizePre\" -> 20}\n"
"From KernelObject[4, Local kernel]:"
"\"AMFlow: start.\"\n"
"From KernelObject[3, Local kernel]:"
"DESolver`SetExpansionOptions -> {\"XOrder\" -> 264, \"ExtraXOrder\" -> 20, \"LearnXOrder\" -> -1, \"TestXOrder\" -> 5}\n"
"From KernelObject[4, Local kernel]:"
"\"system loaded: DESolver`$InternalSystem\\nDE[DESolver`$InternalSystem] -- differential equation in matrix form\\nBC[DESolver`$InternalSystem] -- boundary conditions either in singular form or in regular form\\nP[DESolver`$InternalSystem] -- boundary point\\nAsyExp[DESolver`$InternalSystem] -- asymptotic expansion near a singular point (currently it is Null)\\nintegrals: 5, blocks: 5, density: 0.4, degrees: {1, 4}\"\n"
"From KernelObject[3, Local kernel]:"
"DESolver`SetRunningOptions -> {\"RunRadius\" -> 2, \"RunLength\" -> 200, \"RunCandidate\" -> 10, \"RunDirection\" -> \"NegIm\"}\n"
"From KernelObject[4, Local kernel]:"
"\"AMFlow: integrals will be evaluated at 8 regular points\" -> {0. - 580.*I, 0. - 289.9568997545365*I, 0. - 144.89225578911126*I, 0. - 72.27379087202347*I, 0. - 35.79262844875019*I, 0. - 17.210969135933958*I, 0. - 7.2583632133869465*I, 0. - 5.*I}\n"
"From KernelObject[3, Local kernel]:"
"\"AMFlow: start.\"\n"
"From KernelObject[4, Local kernel]:"
"\"AMFlow: integration contour generated in 0s.\"\n"
"From KernelObject[3, Local kernel]:"
"\"system loaded: DESolver`$InternalSystem\\nDE[DESolver`$InternalSystem] -- differential equation in matrix form\\nBC[DESolver`$InternalSystem] -- boundary conditions either in singular form or in regular form\\nP[DESolver`$InternalSystem] -- boundary point\\nAsyExp[DESolver`$InternalSystem] -- asymptotic expansion near a singular point (currently it is Null)\\nintegrals: 5, blocks: 5, density: 0.4, degrees: {1, 4}\"\n"
"From KernelObject[2, Local kernel]:"
"\"number of constraints and variables\" -> {1, 1}\n"
"From KernelObject[1, Local kernel]:"
"\"number of constraints and variables\" -> {1, 1}\n"
"From KernelObject[4, Local kernel]:"
"\"AMFlow: solving near eta = Infinity...\"\n"
"From KernelObject[3, Local kernel]:"
"\"AMFlow: integrals will be evaluated at 8 regular points\" -> {0. - 580.*I, 0. - 289.9568997545365*I, 0. - 144.89225578911126*I, 0. - 72.27379087202347*I, 0. - 35.79262844875019*I, 0. - 17.210969135933958*I, 0. - 7.2583632133869465*I, 0. - 5.*I}\n"
"From KernelObject[2, Local kernel]:"
"\"block\" -> {5}\n"
"From KernelObject[1, Local kernel]:"
"\"block\" -> {5}\n"
"From KernelObject[4, Local kernel]:"
"\"CalcTaylor: current region\" -> 17/5270450\n"
"From KernelObject[3, Local kernel]:"
"\"AMFlow: integration contour generated in 0s.\"\n"
"From KernelObject[2, Local kernel]:"
"\"behavior\" -> {{0, 2}}\n"
"From KernelObject[1, Local kernel]:"
"\"behavior\" -> {{0, 2}}\n"
"From KernelObject[4, Local kernel]:"
"\"block\" -> {1}\n"
"From KernelObject[3, Local kernel]:"
"\"AMFlow: solving near eta = Infinity...\"\n"
"From KernelObject[4, Local kernel]:"
"\"boundary condition inserted\" -> {1, 0, 310026.89337712433}\n"
"From KernelObject[3, Local kernel]:"
"\"CalcTaylor: current region\" -> 26/7905675\n"
"From KernelObject[4, Local kernel]:"
"\"block\" -> {2}\n"
"From KernelObject[3, Local kernel]:"
"\"block\" -> {1}\n"
"From KernelObject[4, Local kernel]:"
"\"boundary condition test\" -> {2, 0, 310026.89337712433}\n"
"From KernelObject[3, Local kernel]:"
"\"boundary condition inserted\" -> {1, 0, 304064.8458659014}\n"
"From KernelObject[4, Local kernel]:"
"\"block\" -> {3}\n"
"From KernelObject[3, Local kernel]:"
"\"block\" -> {2}\n"
"From KernelObject[4, Local kernel]:"
"\"boundary condition test\" -> {3, 0, 0.}\n"
"From KernelObject[3, Local kernel]:"
"\"boundary condition test\" -> {2, 0, 304064.8458659014}\n"
"From KernelObject[4, Local kernel]:"
"\"block\" -> {4}\n"
"From KernelObject[3, Local kernel]:"
"\"block\" -> {3}\n"
"From KernelObject[3, Local kernel]:"
"\"boundary condition test\" -> {3, 0, 0.}\n"
"From KernelObject[4, Local kernel]:"
"\"boundary condition test\" -> {4, 0, 310026.89337712433}\n"
"From KernelObject[3, Local kernel]:"
"\"block\" -> {4}\n"
"From KernelObject[4, Local kernel]:"
"\"block\" -> {5}\n"
"From KernelObject[2, Local kernel]:"
"\"number of constraints and variables\" -> {1, 1}\n"
"From KernelObject[2, Local kernel]:"
"\"AMFlow: last point solved in 0s.\"\n"
"From KernelObject[1, Local kernel]:"
"\"number of constraints and variables\" -> {1, 1}\n"
"From KernelObject[2, Local kernel]:"
"\"system cleared: DESolver`$InternalSystem\"\n"
"From KernelObject[1, Local kernel]:"
"\"AMFlow: last point solved in 0s.\"\n"
"From KernelObject[3, Local kernel]:"
"\"boundary condition test\" -> {4, 0, 304064.8458659014}\n"
"From KernelObject[2, Local kernel]:"
"\"AMFlow: finished in 2s.\"\n"
"From KernelObject[1, Local kernel]:"
"\"system cleared: DESolver`$InternalSystem\"\n"
"From KernelObject[3, Local kernel]:"
"\"block\" -> {5}\n"
"From KernelObject[1, Local kernel]:"
"\"AMFlow: finished in 2s.\"\n"
"From KernelObject[2, Local kernel]:"
"DESolver`SetGlobalOptions -> {\"WorkingPre\" -> 100, \"ChopPre\" -> 20, \"SilentMode\" -> False, \"RationalizePre\" -> 20}\n"
"From KernelObject[2, Local kernel]:"
"DESolver`SetExpansionOptions -> {\"XOrder\" -> 100, \"ExtraXOrder\" -> 20, \"LearnXOrder\" -> -1, \"TestXOrder\" -> 5}\n"
"From KernelObject[1, Local kernel]:"
"DESolver`SetGlobalOptions -> {\"WorkingPre\" -> 100, \"ChopPre\" -> 20, \"SilentMode\" -> False, \"RationalizePre\" -> 20}\n"
"From KernelObject[4, Local kernel]:"
"\"boundary condition test\" -> {5, 0, 310026.89337712433}\n"
"From KernelObject[2, Local kernel]:"
"DESolver`SetRunningOptions -> {\"RunRadius\" -> 2, \"RunLength\" -> 200, \"RunCandidate\" -> 10, \"RunDirection\" -> \"NegIm\"}\n"
"From KernelObject[1, Local kernel]:"
"DESolver`SetExpansionOptions -> {\"XOrder\" -> 100, \"ExtraXOrder\" -> 20, \"LearnXOrder\" -> -1, \"TestXOrder\" -> 5}\n"
"From KernelObject[4, Local kernel]:"
"\"CalcTaylor: current region\" -> 0\n"
"From KernelObject[2, Local kernel]:"
"DESolver`SetGlobalOptions -> {\"WorkingPre\" -> 132, \"ChopPre\" -> 20, \"SilentMode\" -> False, \"RationalizePre\" -> 20}\n"
"From KernelObject[1, Local kernel]:"
"DESolver`SetRunningOptions -> {\"RunRadius\" -> 2, \"RunLength\" -> 200, \"RunCandidate\" -> 10, \"RunDirection\" -> \"NegIm\"}\n"
"From KernelObject[4, Local kernel]:"
"\"block\" -> {1}\n"
"From KernelObject[2, Local kernel]:"
"DESolver`SetExpansionOptions -> {\"XOrder\" -> 264, \"ExtraXOrder\" -> 20, \"LearnXOrder\" -> -1, \"TestXOrder\" -> 5}\n"
"From KernelObject[1, Local kernel]:"
"DESolver`SetGlobalOptions -> {\"WorkingPre\" -> 132, \"ChopPre\" -> 20, \"SilentMode\" -> False, \"RationalizePre\" -> 20}\n"
"From KernelObject[2, Local kernel]:"
"DESolver`SetRunningOptions -> {\"RunRadius\" -> 2, \"RunLength\" -> 200, \"RunCandidate\" -> 10, \"RunDirection\" -> \"NegIm\"}\n"
"From KernelObject[1, Local kernel]:"
"DESolver`SetExpansionOptions -> {\"XOrder\" -> 264, \"ExtraXOrder\" -> 20, \"LearnXOrder\" -> -1, \"TestXOrder\" -> 5}\n"
"From KernelObject[4, Local kernel]:"
"\"boundary condition test\" -> {1, 0, 0.}\n"
"From KernelObject[3, Local kernel]:"
"\"boundary condition test\" -> {5, 0, 304064.8458659014}\n"
"From KernelObject[2, Local kernel]:"
"\"AMFlow: start.\"\n"
"From KernelObject[1, Local kernel]:"
"DESolver`SetRunningOptions -> {\"RunRadius\" -> 2, \"RunLength\" -> 200, \"RunCandidate\" -> 10, \"RunDirection\" -> \"NegIm\"}\n"
"From KernelObject[4, Local kernel]:"
"\"block\" -> {2}\n"
"From KernelObject[3, Local kernel]:"
"\"CalcTaylor: current region\" -> 0\n"
"From KernelObject[2, Local kernel]:"
"\"system loaded: DESolver`$InternalSystem\\nDE[DESolver`$InternalSystem] -- differential equation in matrix form\\nBC[DESolver`$InternalSystem] -- boundary conditions either in singular form or in regular form\\nP[DESolver`$InternalSystem] -- boundary point\\nAsyExp[DESolver`$InternalSystem] -- asymptotic expansion near a singular point (currently it is Null)\\nintegrals: 5, blocks: 5, density: 0.4, degrees: {1, 4}\"\n"
"From KernelObject[1, Local kernel]:"
"\"AMFlow: start.\"\n"
"From KernelObject[3, Local kernel]:"
"\"block\" -> {1}\n"
"From KernelObject[2, Local kernel]:"
"\"AMFlow: integrals will be evaluated at 8 regular points\" -> {0. - 580.*I, 0. - 289.9568997545365*I, 0. - 144.89225578911126*I, 0. - 72.27379087202347*I, 0. - 35.79262844875019*I, 0. - 17.210969135933958*I, 0. - 7.2583632133869465*I, 0. - 5.*I}\n"
"From KernelObject[1, Local kernel]:"
"\"system loaded: DESolver`$InternalSystem\\nDE[DESolver`$InternalSystem] -- differential equation in matrix form\\nBC[DESolver`$InternalSystem] -- boundary conditions either in singular form or in regular form\\nP[DESolver`$InternalSystem] -- boundary point\\nAsyExp[DESolver`$InternalSystem] -- asymptotic expansion near a singular point (currently it is Null)\\nintegrals: 5, blocks: 5, density: 0.4, degrees: {1, 4}\"\n"
"From KernelObject[2, Local kernel]:"
"\"AMFlow: integration contour generated in 0s.\"\n"
"From KernelObject[1, Local kernel]:"
"\"AMFlow: integrals will be evaluated at 8 regular points\" -> {0. - 580.*I, 0. - 289.9568997545365*I, 0. - 144.89225578911126*I, 0. - 72.27379087202347*I, 0. - 35.79262844875019*I, 0. - 17.210969135933958*I, 0. - 7.2583632133869465*I, 0. - 5.*I}\n"
"From KernelObject[4, Local kernel]:"
"\"boundary condition test\" -> {2, 0, 0.}\n"
"From KernelObject[3, Local kernel]:"
"\"boundary condition test\" -> {1, 0, 0.}\n"
"From KernelObject[2, Local kernel]:"
"\"AMFlow: solving near eta = Infinity...\"\n"
"From KernelObject[1, Local kernel]:"
"\"AMFlow: integration contour generated in 0s.\"\n"
"From KernelObject[4, Local kernel]:"
"\"block\" -> {3}\n"
"From KernelObject[3, Local kernel]:"
"\"block\" -> {2}\n"
"From KernelObject[2, Local kernel]:"
"\"CalcTaylor: current region\" -> 107/31622700\n"
"From KernelObject[1, Local kernel]:"
"\"AMFlow: solving near eta = Infinity...\"\n"
"From KernelObject[2, Local kernel]:"
"\"block\" -> {1}\n"
"From KernelObject[1, Local kernel]:"
"\"CalcTaylor: current region\" -> 9/2635225\n"
"From KernelObject[4, Local kernel]:"
"\"boundary condition inserted\" -> {3, 0, 310022.59506730805 + 3.1415533818633694*I}\n"
"From KernelObject[2, Local kernel]:"
"\"boundary condition inserted\" -> {1, 0, 295539.6751255609}\n"
"From KernelObject[1, Local kernel]:"
"\"block\" -> {1}\n"
"From KernelObject[4, Local kernel]:"
"\"block\" -> {4}\n"
"From KernelObject[3, Local kernel]:"
"\"boundary condition test\" -> {2, 0, 0.}\n"
"From KernelObject[2, Local kernel]:"
"\"block\" -> {2}\n"
"From KernelObject[1, Local kernel]:"
"\"boundary condition inserted\" -> {1, 0, 292803.2005669347}\n"
"From KernelObject[3, Local kernel]:"
"\"block\" -> {3}\n"
"From KernelObject[1, Local kernel]:"
"\"block\" -> {2}\n"
"From KernelObject[2, Local kernel]:"
"\"boundary condition test\" -> {2, 0, 295539.6751255609}\n"
"From KernelObject[1, Local kernel]:"
"\"boundary condition test\" -> {2, 0, 292803.2005669347}\n"
"From KernelObject[4, Local kernel]:"
"\"boundary condition test\" -> {4, 0, -310022.59506730805 - 3.1415533818633694*I}\n"
"From KernelObject[2, Local kernel]:"
"\"block\" -> {3}\n"
"From KernelObject[1, Local kernel]:"
"\"block\" -> {3}\n"
"From KernelObject[4, Local kernel]:"
"\"block\" -> {5}\n"
"From KernelObject[3, Local kernel]:"
"\"boundary condition inserted\" -> {3, 0, 304060.5475562332 + 3.14155261183412*I}\n"
"From KernelObject[3, Local kernel]:"
"\"block\" -> {4}\n"
"From KernelObject[2, Local kernel]:"
"\"boundary condition test\" -> {3, 0, 0.}\n"
"From KernelObject[2, Local kernel]:"
"\"block\" -> {4}\n"
"From KernelObject[1, Local kernel]:"
"\"boundary condition test\" -> {3, 0, 0.}\n"
"From KernelObject[1, Local kernel]:"
"\"block\" -> {4}\n"
"From KernelObject[3, Local kernel]:"
"\"boundary condition test\" -> {4, 0, -304060.5475562332 - 3.14155261183412*I}\n"
"From KernelObject[4, Local kernel]:"
"\"boundary condition test\" -> {5, 0, -4.805729545306651*^8 - 4869.7921201843565*I}\n"
"From KernelObject[3, Local kernel]:"
"\"block\" -> {5}\n"
"From KernelObject[2, Local kernel]:"
"\"boundary condition test\" -> {4, 0, 295539.6751255609}\n"
"From KernelObject[4, Local kernel]:"
"\"AMFlow: Infinity solved in 0s.\"\n"
"From KernelObject[2, Local kernel]:"
"\"block\" -> {5}\n"
"From KernelObject[1, Local kernel]:"
"\"boundary condition test\" -> {4, 0, 292803.2005669347}\n"
"From KernelObject[4, Local kernel]:"
"\"AMFlow: running among regular points...\"\n"
"From KernelObject[1, Local kernel]:"
"\"block\" -> {5}\n"
"From KernelObject[4, Local kernel]:"
"\"current regular point\" -> 0. - 580.*I\n"
"From KernelObject[3, Local kernel]:"
"\"boundary condition test\" -> {5, 0, -4.622669342602213*^8 - 4776.140496889594*I}\n"
"From KernelObject[3, Local kernel]:"
"\"AMFlow: Infinity solved in 0s.\"\n"
"From KernelObject[2, Local kernel]:"
"\"boundary condition test\" -> {5, 0, 295539.6751255609}\n"
"From KernelObject[3, Local kernel]:"
"\"AMFlow: running among regular points...\"\n"
"From KernelObject[2, Local kernel]:"
"\"CalcTaylor: current region\" -> 0\n"
"From KernelObject[1, Local kernel]:"
"\"boundary condition test\" -> {5, 0, 292803.2005669347}\n"
"From KernelObject[3, Local kernel]:"
"\"current regular point\" -> 0. - 580.*I\n"
"From KernelObject[2, Local kernel]:"
"\"block\" -> {1}\n"
"From KernelObject[1, Local kernel]:"
"\"CalcTaylor: current region\" -> 0\n"
"From KernelObject[4, Local kernel]:"
"\"current regular point\" -> 0. - 289.9568997545365*I\n"
"From KernelObject[1, Local kernel]:"
"\"block\" -> {1}\n"
"From KernelObject[2, Local kernel]:"
"\"boundary condition test\" -> {1, 0, 0.}\n"
"From KernelObject[2, Local kernel]:"
"\"block\" -> {2}\n"
"From KernelObject[1, Local kernel]:"
"\"boundary condition test\" -> {1, 0, 0.}\n"
"From KernelObject[1, Local kernel]:"
"\"block\" -> {2}\n"
"From KernelObject[3, Local kernel]:"
"\"current regular point\" -> 0. - 289.9568997545365*I\n"
"From KernelObject[2, Local kernel]:"
"\"boundary condition test\" -> {2, 0, 0.}\n"
"From KernelObject[2, Local kernel]:"
"\"block\" -> {3}\n"
"From KernelObject[1, Local kernel]:"
"\"boundary condition test\" -> {2, 0, 0.}\n"
"From KernelObject[4, Local kernel]:"
"\"current regular point\" -> 0. - 144.89225578911126*I\n"
"From KernelObject[2, Local kernel]:"
"\"boundary condition inserted\" -> {3, 0, 295535.3768161147 + 3.1415514567905776*I}\n"
"From KernelObject[1, Local kernel]:"
"\"block\" -> {3}\n"
"From KernelObject[2, Local kernel]:"
"\"block\" -> {4}\n"
"From KernelObject[1, Local kernel]:"
"\"boundary condition inserted\" -> {3, 0, 292798.90225756256 + 3.141551071776152*I}\n"
"From KernelObject[1, Local kernel]:"
"\"block\" -> {4}\n"
"From KernelObject[2, Local kernel]:"
"\"boundary condition test\" -> {4, 0, -295535.3768161147 - 3.1415514567905776*I}\n"
"From KernelObject[2, Local kernel]:"
"\"block\" -> {5}\n"
"From KernelObject[3, Local kernel]:"
"\"current regular point\" -> 0. - 144.89225578911126*I\n"
"From KernelObject[1, Local kernel]:"
"\"boundary condition test\" -> {4, 0, -292798.90225756256 - 3.141551071776152*I}\n"
"From KernelObject[4, Local kernel]:"
"\"current regular point\" -> 0. - 72.27379087202347*I\n"
"From KernelObject[1, Local kernel]:"
"\"block\" -> {5}\n"
"From KernelObject[2, Local kernel]:"
"\"boundary condition test\" -> {5, 0, -4.3670856616225755*^8 - 4642.227428067273*I}\n"
"From KernelObject[2, Local kernel]:"
"\"AMFlow: Infinity solved in 0s.\"\n"
"From KernelObject[1, Local kernel]:"
"\"boundary condition test\" -> {5, 0, -4.2865873156746924*^8 - 4599.242986223343*I}\n"
"From KernelObject[2, Local kernel]:"
"\"AMFlow: running among regular points...\"\n"
"From KernelObject[3, Local kernel]:"
"\"current regular point\" -> 0. - 72.27379087202347*I\n"
"From KernelObject[2, Local kernel]:"
"\"current regular point\" -> 0. - 580.*I\n"
"From KernelObject[1, Local kernel]:"
"\"AMFlow: Infinity solved in 0s.\"\n"
"From KernelObject[1, Local kernel]:"
"\"AMFlow: running among regular points...\"\n"
"From KernelObject[4, Local kernel]:"
"\"current regular point\" -> 0. - 35.79262844875019*I\n"
"From KernelObject[1, Local kernel]:"
"\"current regular point\" -> 0. - 580.*I\n"
"From KernelObject[2, Local kernel]:"
"\"current regular point\" -> 0. - 289.9568997545365*I\n"
"From KernelObject[3, Local kernel]:"
"\"current regular point\" -> 0. - 35.79262844875019*I\n"
"From KernelObject[1, Local kernel]:"
"\"current regular point\" -> 0. - 289.9568997545365*I\n"
"From KernelObject[4, Local kernel]:"
"\"current regular point\" -> 0. - 17.210969135933958*I\n"
"From KernelObject[2, Local kernel]:"
"\"current regular point\" -> 0. - 144.89225578911126*I\n"
"From KernelObject[3, Local kernel]:"
"\"current regular point\" -> 0. - 17.210969135933958*I\n"
"From KernelObject[1, Local kernel]:"
"\"current regular point\" -> 0. - 144.89225578911126*I\n"
"From KernelObject[4, Local kernel]:"
"\"current regular point\" -> 0. - 7.2583632133869465*I\n"
"From KernelObject[2, Local kernel]:"
"\"current regular point\" -> 0. - 72.27379087202347*I\n"
"From KernelObject[3, Local kernel]:"
"\"current regular point\" -> 0. - 7.2583632133869465*I\n"
"From KernelObject[1, Local kernel]:"
"\"current regular point\" -> 0. - 72.27379087202347*I\n"
"From KernelObject[4, Local kernel]:"
"\"AMFlow: regular running finished in 0s.\"\n"
"From KernelObject[4, Local kernel]:"
"\"AMFlow: solving near the last point...\"\n"
"From KernelObject[4, Local kernel]:"
"\"NormalizeMat finished in 0s.\"\n"
"From KernelObject[4, Local kernel]:"
"\"LearnXOrder is negative. skip learning phase.\"\n"
"From KernelObject[4, Local kernel]:"
"\"block\" -> {1}\n"
"From KernelObject[4, Local kernel]:"
"\"behavior\" -> {{0, 0}}\n"
"From KernelObject[2, Local kernel]:"
"\"current regular point\" -> 0. - 35.79262844875019*I\n"
"From KernelObject[4, Local kernel]:"
"\"number of constraints and variables\" -> {1, 1}\n"
"From KernelObject[4, Local kernel]:"
"\"block\" -> {2}\n"
"From KernelObject[4, Local kernel]:"
"\"behavior\" -> {{0, 1}}\n"
"From KernelObject[3, Local kernel]:"
"\"AMFlow: regular running finished in 0s.\"\n"
"From KernelObject[3, Local kernel]:"
"\"AMFlow: solving near the last point...\"\n"
"From KernelObject[1, Local kernel]:"
"\"current regular point\" -> 0. - 35.79262844875019*I\n"
"From KernelObject[3, Local kernel]:"
"\"NormalizeMat finished in 0s.\"\n"
"From KernelObject[3, Local kernel]:"
"\"LearnXOrder is negative. skip learning phase.\"\n"
"From KernelObject[4, Local kernel]:"
"\"number of constraints and variables\" -> {1, 1}\n"
"From KernelObject[3, Local kernel]:"
"\"block\" -> {1}\n"
"From KernelObject[4, Local kernel]:"
"\"block\" -> {3}\n"
"From KernelObject[3, Local kernel]:"
"\"behavior\" -> {{0, 0}}\n"
"From KernelObject[2, Local kernel]:"
"\"current regular point\" -> 0. - 17.210969135933958*I\n"
"From KernelObject[4, Local kernel]:"
"\"behavior\" -> {{0, 0}}\n"
"From KernelObject[3, Local kernel]:"
"\"number of constraints and variables\" -> {1, 1}\n"
"From KernelObject[4, Local kernel]:"
"\"number of constraints and variables\" -> {1, 1}\n"
"From KernelObject[3, Local kernel]:"
"\"block\" -> {2}\n"
"From KernelObject[4, Local kernel]:"
"\"block\" -> {4}\n"
"From KernelObject[3, Local kernel]:"
"\"behavior\" -> {{0, 1}}\n"
"From KernelObject[4, Local kernel]:"
"\"behavior\" -> {{0, 1}}\n"
"From KernelObject[1, Local kernel]:"
"\"current regular point\" -> 0. - 17.210969135933958*I\n"
"From KernelObject[3, Local kernel]:"
"\"number of constraints and variables\" -> {1, 1}\n"
"From KernelObject[3, Local kernel]:"
"\"block\" -> {3}\n"
"From KernelObject[3, Local kernel]:"
"\"behavior\" -> {{0, 0}}\n"
"From KernelObject[3, Local kernel]:"
"\"number of constraints and variables\" -> {1, 1}\n"
"From KernelObject[2, Local kernel]:"
"\"current regular point\" -> 0. - 7.2583632133869465*I\n"
"From KernelObject[4, Local kernel]:"
"\"number of constraints and variables\" -> {1, 1}\n"
"From KernelObject[3, Local kernel]:"
"\"block\" -> {4}\n"
"From KernelObject[4, Local kernel]:"
"\"block\" -> {5}\n"
"From KernelObject[3, Local kernel]:"
"\"behavior\" -> {{0, 1}}\n"
"From KernelObject[4, Local kernel]:"
"\"behavior\" -> {{0, 2}}\n"
"From KernelObject[1, Local kernel]:"
"\"current regular point\" -> 0. - 7.2583632133869465*I\n"
"From KernelObject[2, Local kernel]:"
"\"AMFlow: regular running finished in 0s.\"\n"
"From KernelObject[3, Local kernel]:"
"\"number of constraints and variables\" -> {1, 1}\n"
"From KernelObject[2, Local kernel]:"
"\"AMFlow: solving near the last point...\"\n"
"From KernelObject[3, Local kernel]:"
"\"block\" -> {5}\n"
"From KernelObject[2, Local kernel]:"
"\"NormalizeMat finished in 0s.\"\n"
"From KernelObject[3, Local kernel]:"
"\"behavior\" -> {{0, 2}}\n"
"From KernelObject[2, Local kernel]:"
"\"LearnXOrder is negative. skip learning phase.\"\n"
"From KernelObject[2, Local kernel]:"
"\"block\" -> {1}\n"
"From KernelObject[1, Local kernel]:"
"\"AMFlow: regular running finished in 0s.\"\n"
"From KernelObject[2, Local kernel]:"
"\"behavior\" -> {{0, 0}}\n"
"From KernelObject[1, Local kernel]:"
"\"AMFlow: solving near the last point...\"\n"
"From KernelObject[4, Local kernel]:"
"\"number of constraints and variables\" -> {1, 1}\n"
"From KernelObject[2, Local kernel]:"
"\"number of constraints and variables\" -> {1, 1}\n"
"From KernelObject[1, Local kernel]:"
"\"NormalizeMat finished in 0s.\"\n"
"From KernelObject[4, Local kernel]:"
"\"AMFlow: last point solved in 0s.\"\n"
"From KernelObject[2, Local kernel]:"
"\"block\" -> {2}\n"
"From KernelObject[1, Local kernel]:"
"\"LearnXOrder is negative. skip learning phase.\"\n"
"From KernelObject[4, Local kernel]:"
"\"system cleared: DESolver`$InternalSystem\"\n"
"From KernelObject[2, Local kernel]:"
"\"behavior\" -> {{0, 1}}\n"
"From KernelObject[1, Local kernel]:"
"\"block\" -> {1}\n"
"From KernelObject[4, Local kernel]:"
"\"AMFlow: finished in 1s.\"\n"
"From KernelObject[1, Local kernel]:"
"\"behavior\" -> {{0, 0}}\n"
"From KernelObject[1, Local kernel]:"
"\"number of constraints and variables\" -> {1, 1}\n"
"From KernelObject[4, Local kernel]:"
"DESolver`SetGlobalOptions -> {\"WorkingPre\" -> 100, \"ChopPre\" -> 20, \"SilentMode\" -> False, \"RationalizePre\" -> 20}\n"
"From KernelObject[1, Local kernel]:"
"\"block\" -> {2}\n"
"From KernelObject[4, Local kernel]:"
"DESolver`SetExpansionOptions -> {\"XOrder\" -> 100, \"ExtraXOrder\" -> 20, \"LearnXOrder\" -> -1, \"TestXOrder\" -> 5}\n"
"From KernelObject[2, Local kernel]:"
"\"number of constraints and variables\" -> {1, 1}\n"
"From KernelObject[1, Local kernel]:"
"\"behavior\" -> {{0, 1}}\n"
"From KernelObject[4, Local kernel]:"
"DESolver`SetRunningOptions -> {\"RunRadius\" -> 2, \"RunLength\" -> 200, \"RunCandidate\" -> 10, \"RunDirection\" -> \"NegIm\"}\n"
"From KernelObject[2, Local kernel]:"
"\"block\" -> {3}\n"
"From KernelObject[4, Local kernel]:"
"DESolver`SetGlobalOptions -> {\"WorkingPre\" -> 132, \"ChopPre\" -> 20, \"SilentMode\" -> False, \"RationalizePre\" -> 20}\n"
"From KernelObject[3, Local kernel]:"
"\"number of constraints and variables\" -> {1, 1}\n"
"From KernelObject[2, Local kernel]:"
"\"behavior\" -> {{0, 0}}\n"
"From KernelObject[4, Local kernel]:"
"DESolver`SetExpansionOptions -> {\"XOrder\" -> 264, \"ExtraXOrder\" -> 20, \"LearnXOrder\" -> -1, \"TestXOrder\" -> 5}\n"
"From KernelObject[3, Local kernel]:"
"\"AMFlow: last point solved in 0s.\"\n"
"From KernelObject[2, Local kernel]:"
"\"number of constraints and variables\" -> {1, 1}\n"
"From KernelObject[1, Local kernel]:"
"\"number of constraints and variables\" -> {1, 1}\n"
"From KernelObject[4, Local kernel]:"
"DESolver`SetRunningOptions -> {\"RunRadius\" -> 2, \"RunLength\" -> 200, \"RunCandidate\" -> 10, \"RunDirection\" -> \"NegIm\"}\n"
"From KernelObject[3, Local kernel]:"
"\"system cleared: DESolver`$InternalSystem\"\n"
"From KernelObject[2, Local kernel]:"
"\"block\" -> {4}\n"
"From KernelObject[1, Local kernel]:"
"\"block\" -> {3}\n"
"From KernelObject[4, Local kernel]:"
"\"AMFlow: start.\"\n"
"From KernelObject[3, Local kernel]:"
"\"AMFlow: finished in 1s.\"\n"
"From KernelObject[2, Local kernel]:"
"\"behavior\" -> {{0, 1}}\n"
"From KernelObject[1, Local kernel]:"
"\"behavior\" -> {{0, 0}}\n"
"From KernelObject[4, Local kernel]:"
"\"system loaded: DESolver`$InternalSystem\\nDE[DESolver`$InternalSystem] -- differential equation in matrix form\\nBC[DESolver`$InternalSystem] -- boundary conditions either in singular form or in regular form\\nP[DESolver`$InternalSystem] -- boundary point\\nAsyExp[DESolver`$InternalSystem] -- asymptotic expansion near a singular point (currently it is Null)\\nintegrals: 5, blocks: 5, density: 0.4, degrees: {1, 4}\"\n"
"From KernelObject[1, Local kernel]:"
"\"number of constraints and variables\" -> {1, 1}\n"
"From KernelObject[4, Local kernel]:"
"\"AMFlow: integrals will be evaluated at 8 regular points\" -> {0. - 580.*I, 0. - 289.9568997545365*I, 0. - 144.89225578911126*I, 0. - 72.27379087202347*I, 0. - 35.79262844875019*I, 0. - 17.210969135933958*I, 0. - 7.2583632133869465*I, 0. - 5.*I}\n"
"From KernelObject[3, Local kernel]:"
"DESolver`SetGlobalOptions -> {\"WorkingPre\" -> 100, \"ChopPre\" -> 20, \"SilentMode\" -> False, \"RationalizePre\" -> 20}\n"
"From KernelObject[1, Local kernel]:"
"\"block\" -> {4}\n"
"From KernelObject[4, Local kernel]:"
"\"AMFlow: integration contour generated in 0s.\"\n"
"From KernelObject[3, Local kernel]:"
"DESolver`SetExpansionOptions -> {\"XOrder\" -> 100, \"ExtraXOrder\" -> 20, \"LearnXOrder\" -> -1, \"TestXOrder\" -> 5}\n"
"From KernelObject[1, Local kernel]:"
"\"behavior\" -> {{0, 1}}\n"
"From KernelObject[4, Local kernel]:"
"\"AMFlow: solving near eta = Infinity...\"\n"
"From KernelObject[3, Local kernel]:"
"DESolver`SetRunningOptions -> {\"RunRadius\" -> 2, \"RunLength\" -> 200, \"RunCandidate\" -> 10, \"RunDirection\" -> \"NegIm\"}\n"
"From KernelObject[4, Local kernel]:"
"\"CalcTaylor: current region\" -> 109/31622700\n"
"From KernelObject[3, Local kernel]:"
"DESolver`SetGlobalOptions -> {\"WorkingPre\" -> 132, \"ChopPre\" -> 20, \"SilentMode\" -> False, \"RationalizePre\" -> 20}\n"
"From KernelObject[4, Local kernel]:"
"\"block\" -> {1}\n"
"From KernelObject[3, Local kernel]:"
"DESolver`SetExpansionOptions -> {\"XOrder\" -> 264, \"ExtraXOrder\" -> 20, \"LearnXOrder\" -> -1, \"TestXOrder\" -> 5}\n"
"From KernelObject[4, Local kernel]:"
"\"boundary condition inserted\" -> {1, 0, 290116.93655066943}\n"
"From KernelObject[3, Local kernel]:"
"DESolver`SetRunningOptions -> {\"RunRadius\" -> 2, \"RunLength\" -> 200, \"RunCandidate\" -> 10, \"RunDirection\" -> \"NegIm\"}\n"
"From KernelObject[4, Local kernel]:"
"\"block\" -> {2}\n"
"From KernelObject[3, Local kernel]:"
"\"AMFlow: start.\"\n"
"From KernelObject[2, Local kernel]:"
"\"number of constraints and variables\" -> {1, 1}\n"
"From KernelObject[3, Local kernel]:"
"\"system loaded: DESolver`$InternalSystem\\nDE[DESolver`$InternalSystem] -- differential equation in matrix form\\nBC[DESolver`$InternalSystem] -- boundary conditions either in singular form or in regular form\\nP[DESolver`$InternalSystem] -- boundary point\\nAsyExp[DESolver`$InternalSystem] -- asymptotic expansion near a singular point (currently it is Null)\\nintegrals: 5, blocks: 5, density: 0.4, degrees: {1, 4}\"\n"
"From KernelObject[2, Local kernel]:"
"\"block\" -> {5}\n"
"From KernelObject[4, Local kernel]:"
"\"boundary condition test\" -> {2, 0, 290116.93655066943}\n"
"From KernelObject[3, Local kernel]:"
"\"AMFlow: integrals will be evaluated at 8 regular points\" -> {0. - 580.*I, 0. - 289.9568997545365*I, 0. - 144.89225578911126*I, 0. - 72.27379087202347*I, 0. - 35.79262844875019*I, 0. - 17.210969135933958*I, 0. - 7.2583632133869465*I, 0. - 5.*I}\n"
"From KernelObject[2, Local kernel]:"
"\"behavior\" -> {{0, 2}}\n"
"From KernelObject[1, Local kernel]:"
"\"number of constraints and variables\" -> {1, 1}\n"
"From KernelObject[4, Local kernel]:"
"\"block\" -> {3}\n"
"From KernelObject[3, Local kernel]:"
"\"AMFlow: integration contour generated in 0s.\"\n"
"From KernelObject[1, Local kernel]:"
"\"block\" -> {5}\n"
"From KernelObject[3, Local kernel]:"
"\"AMFlow: solving near eta = Infinity...\"\n"
"From KernelObject[1, Local kernel]:"
"\"behavior\" -> {{0, 2}}\n"
"From KernelObject[4, Local kernel]:"
"\"boundary condition test\" -> {3, 0, 0.}\n"
"From KernelObject[3, Local kernel]:"
"\"CalcTaylor: current region\" -> 11/3162270\n"
"From KernelObject[4, Local kernel]:"
"\"block\" -> {4}\n"
"From KernelObject[3, Local kernel]:"
"\"block\" -> {1}\n"
"From KernelObject[3, Local kernel]:"
"\"boundary condition inserted\" -> {1, 0, 287479.51369833713}\n"
"From KernelObject[3, Local kernel]:"
"\"block\" -> {2}\n"
"From KernelObject[4, Local kernel]:"
"\"boundary condition test\" -> {4, 0, 290116.93655066943}\n"
"From KernelObject[3, Local kernel]:"
"\"boundary condition test\" -> {2, 0, 287479.51369833713}\n"
"From KernelObject[4, Local kernel]:"
"\"block\" -> {5}\n"
"From KernelObject[3, Local kernel]:"
"\"block\" -> {3}\n"
"From KernelObject[3, Local kernel]:"
"\"boundary condition test\" -> {3, 0, 0.}\n"
"From KernelObject[2, Local kernel]:"
"\"number of constraints and variables\" -> {1, 1}\n"
"From KernelObject[3, Local kernel]:"
"\"block\" -> {4}\n"
"From KernelObject[2, Local kernel]:"
"\"AMFlow: last point solved in 0s.\"\n"
"From KernelObject[2, Local kernel]:"
"\"system cleared: DESolver`$InternalSystem\"\n"
"From KernelObject[1, Local kernel]:"
"\"number of constraints and variables\" -> {1, 1}\n"
"From KernelObject[2, Local kernel]:"
"\"AMFlow: finished in 1s.\"\n"
"From KernelObject[1, Local kernel]:"
"\"AMFlow: last point solved in 0s.\"\n"
"From KernelObject[4, Local kernel]:"
"\"boundary condition test\" -> {5, 0, 290116.93655066943}\n"
"From KernelObject[1, Local kernel]:"
"\"system cleared: DESolver`$InternalSystem\"\n"
"From KernelObject[1, Local kernel]:"
"\"AMFlow: finished in 1s.\"\n"
"From KernelObject[4, Local kernel]:"
"\"CalcTaylor: current region\" -> 0\n"
"From KernelObject[3, Local kernel]:"
"\"boundary condition test\" -> {4, 0, 287479.51369833713}\n"
"From KernelObject[4, Local kernel]:"
"\"block\" -> {1}\n"
"From KernelObject[3, Local kernel]:"
"\"block\" -> {5}\n"
"From KernelObject[4, Local kernel]:"
"\"boundary condition test\" -> {1, 0, 0.}\n"
"From KernelObject[4, Local kernel]:"
"\"block\" -> {2}\n"
"From KernelObject[4, Local kernel]:"
"\"boundary condition test\" -> {2, 0, 0.}\n"
"From KernelObject[3, Local kernel]:"
"\"boundary condition test\" -> {5, 0, 287479.51369833713}\n"
"From KernelObject[4, Local kernel]:"
"\"block\" -> {3}\n"
"From KernelObject[3, Local kernel]:"
"\"CalcTaylor: current region\" -> 0\n"
"From KernelObject[4, Local kernel]:"
"\"boundary condition inserted\" -> {3, 0, 290112.6382413713 + 3.1415506867617706*I}\n"
"From KernelObject[3, Local kernel]:"
"\"block\" -> {1}\n"
"From KernelObject[4, Local kernel]:"
"\"block\" -> {4}\n"
"From KernelObject[3, Local kernel]:"
"\"boundary condition test\" -> {1, 0, 0.}\n"
"From KernelObject[3, Local kernel]:"
"\"block\" -> {2}\n"
"From KernelObject[4, Local kernel]:"
"\"boundary condition test\" -> {4, 0, -290112.6382413713 - 3.1415506867617706*I}\n"
"From KernelObject[3, Local kernel]:"
"\"boundary condition test\" -> {2, 0, 0.}\n"
"From KernelObject[4, Local kernel]:"
"\"block\" -> {5}\n"
"From KernelObject[3, Local kernel]:"
"\"block\" -> {3}\n"
"From KernelObject[3, Local kernel]:"
"\"boundary condition inserted\" -> {3, 0, 287475.215389113 + 3.1415503017474333*I}\n"
"From KernelObject[3, Local kernel]:"
"\"block\" -> {4}\n"
"From KernelObject[4, Local kernel]:"
"\"boundary condition test\" -> {5, 0, -4.2082943489726037*^8 - 4557.047249734483*I}\n"
"From KernelObject[4, Local kernel]:"
"\"AMFlow: Infinity solved in 0s.\"\n"
"From KernelObject[3, Local kernel]:"
"\"boundary condition test\" -> {4, 0, -287475.215389113 - 3.1415503017474333*I}\n"
"From KernelObject[4, Local kernel]:"
"\"AMFlow: running among regular points...\"\n"
"From KernelObject[3, Local kernel]:"
"\"block\" -> {5}\n"
"From KernelObject[4, Local kernel]:"
"\"current regular point\" -> 0. - 580.*I\n"
"From KernelObject[3, Local kernel]:"
"\"boundary condition test\" -> {5, 0, -4.1321269314263266*^8 - 4515.618708454645*I}\n"
"From KernelObject[3, Local kernel]:"
"\"AMFlow: Infinity solved in 0s.\"\n"
"From KernelObject[4, Local kernel]:"
"\"current regular point\" -> 0. - 289.9568997545365*I\n"
"From KernelObject[3, Local kernel]:"
"\"AMFlow: running among regular points...\"\n"
"From KernelObject[3, Local kernel]:"
"\"current regular point\" -> 0. - 580.*I\n"
"From KernelObject[4, Local kernel]:"
"\"current regular point\" -> 0. - 144.89225578911126*I\n"
"From KernelObject[3, Local kernel]:"
"\"current regular point\" -> 0. - 289.9568997545365*I\n"
"From KernelObject[4, Local kernel]:"
"\"current regular point\" -> 0. - 72.27379087202347*I\n"
"From KernelObject[3, Local kernel]:"
"\"current regular point\" -> 0. - 144.89225578911126*I\n"
"From KernelObject[4, Local kernel]:"
"\"current regular point\" -> 0. - 35.79262844875019*I\n"
"From KernelObject[3, Local kernel]:"
"\"current regular point\" -> 0. - 72.27379087202347*I\n"
"From KernelObject[4, Local kernel]:"
"\"current regular point\" -> 0. - 17.210969135933958*I\n"
"From KernelObject[3, Local kernel]:"
"\"current regular point\" -> 0. - 35.79262844875019*I\n"
"From KernelObject[4, Local kernel]:"
"\"current regular point\" -> 0. - 7.2583632133869465*I\n"
"From KernelObject[3, Local kernel]:"
"\"current regular point\" -> 0. - 17.210969135933958*I\n"
"From KernelObject[4, Local kernel]:"
"\"AMFlow: regular running finished in 0s.\"\n"
"From KernelObject[3, Local kernel]:"
"\"current regular point\" -> 0. - 7.2583632133869465*I\n"
"From KernelObject[4, Local kernel]:"
"\"AMFlow: solving near the last point...\"\n"
"From KernelObject[4, Local kernel]:"
"\"NormalizeMat finished in 0s.\"\n"
"From KernelObject[4, Local kernel]:"
"\"LearnXOrder is negative. skip learning phase.\"\n"
"From KernelObject[4, Local kernel]:"
"\"block\" -> {1}\n"
"From KernelObject[4, Local kernel]:"
"\"behavior\" -> {{0, 0}}\n"
"From KernelObject[4, Local kernel]:"
"\"number of constraints and variables\" -> {1, 1}\n"
"From KernelObject[4, Local kernel]:"
"\"block\" -> {2}\n"
"From KernelObject[4, Local kernel]:"
"\"behavior\" -> {{0, 1}}\n"
"From KernelObject[3, Local kernel]:"
"\"AMFlow: regular running finished in 0s.\"\n"
"From KernelObject[3, Local kernel]:"
"\"AMFlow: solving near the last point...\"\n"
"From KernelObject[4, Local kernel]:"
"\"number of constraints and variables\" -> {1, 1}\n"
"From KernelObject[3, Local kernel]:"
"\"NormalizeMat finished in 0s.\"\n"
"From KernelObject[4, Local kernel]:"
"\"block\" -> {3}\n"
"From KernelObject[3, Local kernel]:"
"\"LearnXOrder is negative. skip learning phase.\"\n"
"From KernelObject[4, Local kernel]:"
"\"behavior\" -> {{0, 0}}\n"
"From KernelObject[3, Local kernel]:"
"\"block\" -> {1}\n"
"From KernelObject[4, Local kernel]:"
"\"number of constraints and variables\" -> {1, 1}\n"
"From KernelObject[3, Local kernel]:"
"\"behavior\" -> {{0, 0}}\n"
"From KernelObject[4, Local kernel]:"
"\"block\" -> {4}\n"
"From KernelObject[3, Local kernel]:"
"\"number of constraints and variables\" -> {1, 1}\n"
"From KernelObject[4, Local kernel]:"
"\"behavior\" -> {{0, 1}}\n"
"From KernelObject[3, Local kernel]:"
"\"block\" -> {2}\n"
"From KernelObject[3, Local kernel]:"
"\"behavior\" -> {{0, 1}}\n"
"From KernelObject[3, Local kernel]:"
"\"number of constraints and variables\" -> {1, 1}\n"
"From KernelObject[3, Local kernel]:"
"\"block\" -> {3}\n"
"From KernelObject[3, Local kernel]:"
"\"behavior\" -> {{0, 0}}\n"
"From KernelObject[4, Local kernel]:"
"\"number of constraints and variables\" -> {1, 1}\n"
"From KernelObject[3, Local kernel]:"
"\"number of constraints and variables\" -> {1, 1}\n"
"From KernelObject[4, Local kernel]:"
"\"block\" -> {5}\n"
"From KernelObject[3, Local kernel]:"
"\"block\" -> {4}\n"
"From KernelObject[4, Local kernel]:"
"\"behavior\" -> {{0, 2}}\n"
"From KernelObject[3, Local kernel]:"
"\"behavior\" -> {{0, 1}}\n"
"From KernelObject[3, Local kernel]:"
"\"number of constraints and variables\" -> {1, 1}\n"
"From KernelObject[3, Local kernel]:"
"\"block\" -> {5}\n"
"From KernelObject[3, Local kernel]:"
"\"behavior\" -> {{0, 2}}\n"
"From KernelObject[4, Local kernel]:"
"\"number of constraints and variables\" -> {1, 1}\n"
"From KernelObject[4, Local kernel]:"
"\"AMFlow: last point solved in 0s.\"\n"
"From KernelObject[4, Local kernel]:"
"\"system cleared: DESolver`$InternalSystem\"\n"
"From KernelObject[4, Local kernel]:"
"\"AMFlow: finished in 1s.\"\n"
"From KernelObject[3, Local kernel]:"
"\"number of constraints and variables\" -> {1, 1}\n"
"From KernelObject[3, Local kernel]:"
"\"AMFlow: last point solved in 0s.\"\n"
"From KernelObject[3, Local kernel]:"
"\"system cleared: DESolver`$InternalSystem\"\n"
"From KernelObject[3, Local kernel]:"
"\"AMFlow: finished in 1s.\"\n"
