4 Fermat/Blackbox instances will be run in parallel.
The user defined environment variable FERMATPATH for Fermat is set:
/home/yqx/Program/fermat6/ferl6/fer64
One variable is set to 1: {}
The directories for the temporary files, result files and the sector mapping files are: 
./tmp
./results
./sectormappings
Kira prepares topology: box and top level sector: 
15 

*****Integral ordering*************************************
Kira will use the integral ordering: 5.
Following reductions will be performed for the topology: box
Sector: 15 rmax: 5 smax: 3 

***********************************************************
Find IBP LI and symmetry relations for the topology: box
***********************************************************

*****Search trivial sectors********************************
read from: ./sectormappings/box/nonTrivialSector

Non trivial sectors in total: 10
Trivial sectors in total: 6
( 0.000755 s )

Search symmetry relations: 
read from: ./sectormappings/box/canonica
Number of symmetries read out: 10

( 5.5e-05 s )
***********************************************************
Prepare Symmetries for the topology: box
***********************************************************
read from: ./sectormappings/box/sectorRelations
Number of symmetries read out: 2
read from: ./sectormappings/box/sectorSymmetries
Number of symmetries read out: 4
skip this line: 
skip this line: 
skip this line: 
skip this line: 
skip this line: 

***********************************************************
Kira starts the reduction of the topology: box
***********************************************************

***** Select equations recursively ************************
length of mandatory list: 15
Algebraic reconstruction is switched off.
84 independent coefficients
directory to the masters: box
Number of master integrals: 5
box[0,0,1,0] #  4
box[1,0,1,0] #  5
box[0,1,0,1] # 10
box[0,1,1,1] # 14
box[1,1,1,1] # 15
Regenerate:

Number of selected equations to reduce: 59 equations
( 0.02116 s )
Algebraic reconstruction is switched off.

***** Select equations recursively ************************
length of mandatory list: 15

***** Bring system in triangular form *********************

Iterate the system until it is in triangular form: 
iteration: 0; items left: 17; time: ( 0.000836 s )
iteration: 1; items left: 14; time: ( 0.001132 s )
iteration: 2; items left: 8; time: ( 0.00138 s )
iteration: 3; items left: 6; time: ( 0.001519 s )
iteration: 4; items left: 4; time: ( 0.001642 s )
iteration: 5; items left: 3; time: ( 0.001722 s )
iteration: 6; items left: 1; time: ( 0.001802 s )
redundant: 0; insertions 71
All coefficients will be normalized

Equations out of bounds rmax and smax: 28
Equations in the bounds rmax and smax: 31
( 0.002333 s )

Write the triangular system to ./tmp/ on hard disk
(--> ./tmp/box/VERconfig, ./tmp/box/VER###) 

Triangular form completed after ( 0.003381 s )
FIREFLY table created successfully
Algebraic reconstruction is switched off.
Equation table created successfully

***** Run the back substitution ***********************

Load all files from ./tmp/
Take 31 equations to reduce 31 missing equations

Back substitution: 


Equations reduced: 0 / 31
Kira committed results ( 0.0 s )


Equations reduced: 3 / 31
Kira committed results ( 0.0 s )


Equations reduced: 9 / 31
Kira committed results ( 0.0 s )


Equations reduced: 16 / 31
Kira committed results ( 0.0 s )


Equations reduced: 31 / 31
Kira committed results ( 0.0 s )

31 equations were reduced

*****Master integrals***********************************
box[0,0,1,0] #  4
box[0,1,0,1] # 10
box[0,1,1,1] # 14
box[1,0,1,0] #  5
box[1,1,1,1] # 15

*****Master integrals which do not appear on the right**
*****hand side of the selected integrals****************
box[1,0,1,0] #  5
box[1,1,1,1] # 15

Total number of master integrals: 5
( 0.0 s )
The input directory is set to:
./results
symbol_to_replace_by_one: x in kinematics.yaml is not set. 
Mass reconstruction is disabled.
################################################
kira2math: Reconstruct results for box
################################################

Algebraic reconstruction is switched off.
This requested integral is a master integral: box[0,0,1,0] # 4
This requested integral is a master integral: box[1,0,1,0] # 5
This requested integral is a master integral: box[0,1,0,1] # 10
This requested integral is a master integral: box[0,1,1,1] # 14
This requested integral is a master integral: box[1,1,1,1] # 15
unreduced integrals: 0.

Total time:
( 5.7 s )
