"From KernelObject[3, Local kernel]:"
"DESolver`SetGlobalOptions -> {\"WorkingPre\" -> 100, \"ChopPre\" -> 20, \"SilentMode\" -> False, \"RationalizePre\" -> 20}\n"
"From KernelObject[3, Local kernel]:"
"DESolver`SetExpansionOptions -> {\"XOrder\" -> 100, \"ExtraXOrder\" -> 20, \"LearnXOrder\" -> -1, \"TestXOrder\" -> 5}\n"
"From KernelObject[2, Local kernel]:"
"DESolver`SetGlobalOptions -> {\"WorkingPre\" -> 100, \"ChopPre\" -> 20, \"SilentMode\" -> False, \"RationalizePre\" -> 20}\n"
"From KernelObject[1, Local kernel]:"
"DESolver`SetGlobalOptions -> {\"WorkingPre\" -> 100, \"ChopPre\" -> 20, \"SilentMode\" -> False, \"RationalizePre\" -> 20}\n"
"From KernelObject[4, Local kernel]:"
"DESolver`SetGlobalOptions -> {\"WorkingPre\" -> 100, \"ChopPre\" -> 20, \"SilentMode\" -> False, \"RationalizePre\" -> 20}\n"
"From KernelObject[3, Local kernel]:"
"DESolver`SetRunningOptions -> {\"RunRadius\" -> 2, \"RunLength\" -> 200, \"RunCandidate\" -> 10, \"RunDirection\" -> \"NegIm\"}\n"
"From KernelObject[2, Local kernel]:"
"DESolver`SetExpansionOptions -> {\"XOrder\" -> 100, \"ExtraXOrder\" -> 20, \"LearnXOrder\" -> -1, \"TestXOrder\" -> 5}\n"
"From KernelObject[1, Local kernel]:"
"DESolver`SetExpansionOptions -> {\"XOrder\" -> 100, \"ExtraXOrder\" -> 20, \"LearnXOrder\" -> -1, \"TestXOrder\" -> 5}\n"
"From KernelObject[4, Local kernel]:"
"DESolver`SetExpansionOptions -> {\"XOrder\" -> 100, \"ExtraXOrder\" -> 20, \"LearnXOrder\" -> -1, \"TestXOrder\" -> 5}\n"
"From KernelObject[3, Local kernel]:"
"DESolver`SetGlobalOptions -> {\"WorkingPre\" -> 1812, \"ChopPre\" -> 20, \"SilentMode\" -> False, \"RationalizePre\" -> 20}\n"
"From KernelObject[2, Local kernel]:"
"DESolver`SetRunningOptions -> {\"RunRadius\" -> 2, \"RunLength\" -> 200, \"RunCandidate\" -> 10, \"RunDirection\" -> \"NegIm\"}\n"
"From KernelObject[1, Local kernel]:"
"DESolver`SetRunningOptions -> {\"RunRadius\" -> 2, \"RunLength\" -> 200, \"RunCandidate\" -> 10, \"RunDirection\" -> \"NegIm\"}\n"
"From KernelObject[4, Local kernel]:"
"DESolver`SetRunningOptions -> {\"RunRadius\" -> 2, \"RunLength\" -> 200, \"RunCandidate\" -> 10, \"RunDirection\" -> \"NegIm\"}\n"
"From KernelObject[3, Local kernel]:"
"DESolver`SetExpansionOptions -> {\"XOrder\" -> 3624, \"ExtraXOrder\" -> 20, \"LearnXOrder\" -> -1, \"TestXOrder\" -> 5}\n"
"From KernelObject[2, Local kernel]:"
"DESolver`SetGlobalOptions -> {\"WorkingPre\" -> 1812, \"ChopPre\" -> 20, \"SilentMode\" -> False, \"RationalizePre\" -> 20}\n"
"From KernelObject[1, Local kernel]:"
"DESolver`SetGlobalOptions -> {\"WorkingPre\" -> 1812, \"ChopPre\" -> 20, \"SilentMode\" -> False, \"RationalizePre\" -> 20}\n"
"From KernelObject[4, Local kernel]:"
"DESolver`SetGlobalOptions -> {\"WorkingPre\" -> 1812, \"ChopPre\" -> 20, \"SilentMode\" -> False, \"RationalizePre\" -> 20}\n"
"From KernelObject[3, Local kernel]:"
"DESolver`SetRunningOptions -> {\"RunRadius\" -> 2, \"RunLength\" -> 200, \"RunCandidate\" -> 10, \"RunDirection\" -> \"NegIm\"}\n"
"From KernelObject[2, Local kernel]:"
"DESolver`SetExpansionOptions -> {\"XOrder\" -> 3624, \"ExtraXOrder\" -> 20, \"LearnXOrder\" -> -1, \"TestXOrder\" -> 5}\n"
"From KernelObject[1, Local kernel]:"
"DESolver`SetExpansionOptions -> {\"XOrder\" -> 3624, \"ExtraXOrder\" -> 20, \"LearnXOrder\" -> -1, \"TestXOrder\" -> 5}\n"
"From KernelObject[4, Local kernel]:"
"DESolver`SetExpansionOptions -> {\"XOrder\" -> 3624, \"ExtraXOrder\" -> 20, \"LearnXOrder\" -> -1, \"TestXOrder\" -> 5}\n"
"From KernelObject[2, Local kernel]:"
"DESolver`SetRunningOptions -> {\"RunRadius\" -> 2, \"RunLength\" -> 200, \"RunCandidate\" -> 10, \"RunDirection\" -> \"NegIm\"}\n"
"From KernelObject[1, Local kernel]:"
"DESolver`SetRunningOptions -> {\"RunRadius\" -> 2, \"RunLength\" -> 200, \"RunCandidate\" -> 10, \"RunDirection\" -> \"NegIm\"}\n"
"From KernelObject[4, Local kernel]:"
"DESolver`SetRunningOptions -> {\"RunRadius\" -> 2, \"RunLength\" -> 200, \"RunCandidate\" -> 10, \"RunDirection\" -> \"NegIm\"}\n"
"From KernelObject[3, Local kernel]:"
"\"AMFlow: start.\"\n"
"From KernelObject[2, Local kernel]:"
"\"AMFlow: start.\"\n"
"From KernelObject[1, Local kernel]:"
"\"AMFlow: start.\"\n"
"From KernelObject[4, Local kernel]:"
"\"AMFlow: start.\"\n"
"From KernelObject[2, Local kernel]:"
"\"system loaded: DESolver`$InternalSystem\\nDE[DESolver`$InternalSystem] -- differential equation in matrix form\\nBC[DESolver`$InternalSystem] -- boundary conditions either in singular form or in regular form\\nP[DESolver`$InternalSystem] -- boundary point\\nAsyExp[DESolver`$InternalSystem] -- asymptotic expansion near a singular point (currently it is Null)\\nintegrals: 2, blocks: 2, density: 0.75, degrees: {0, 2}\"\n"
"From KernelObject[3, Local kernel]:"
"\"system loaded: DESolver`$InternalSystem\\nDE[DESolver`$InternalSystem] -- differential equation in matrix form\\nBC[DESolver`$InternalSystem] -- boundary conditions either in singular form or in regular form\\nP[DESolver`$InternalSystem] -- boundary point\\nAsyExp[DESolver`$InternalSystem] -- asymptotic expansion near a singular point (currently it is Null)\\nintegrals: 2, blocks: 2, density: 0.75, degrees: {0, 2}\"\n"
"From KernelObject[1, Local kernel]:"
"\"system loaded: DESolver`$InternalSystem\\nDE[DESolver`$InternalSystem] -- differential equation in matrix form\\nBC[DESolver`$InternalSystem] -- boundary conditions either in singular form or in regular form\\nP[DESolver`$InternalSystem] -- boundary point\\nAsyExp[DESolver`$InternalSystem] -- asymptotic expansion near a singular point (currently it is Null)\\nintegrals: 2, blocks: 2, density: 0.75, degrees: {0, 2}\"\n"
"From KernelObject[2, Local kernel]:"
"\"AMFlow: integrals will be evaluated at 3 regular points\" -> {0. - 200.*I, 0. - 100.*I, 0. - 50.*I}\n"
"From KernelObject[3, Local kernel]:"
"\"AMFlow: integrals will be evaluated at 3 regular points\" -> {0. - 200.*I, 0. - 100.*I, 0. - 50.*I}\n"
"From KernelObject[2, Local kernel]:"
"\"AMFlow: integration contour generated in 0s.\"\n"
"From KernelObject[1, Local kernel]:"
"\"AMFlow: integrals will be evaluated at 3 regular points\" -> {0. - 200.*I, 0. - 100.*I, 0. - 50.*I}\n"
"From KernelObject[3, Local kernel]:"
"\"AMFlow: integration contour generated in 0s.\"\n"
"From KernelObject[2, Local kernel]:"
"\"AMFlow: solving near eta = Infinity...\"\n"
"From KernelObject[1, Local kernel]:"
"\"AMFlow: integration contour generated in 0s.\"\n"
"From KernelObject[3, Local kernel]:"
"\"AMFlow: solving near eta = Infinity...\"\n"
"From KernelObject[2, Local kernel]:"
"\"CalcTaylor: current region\" -> 21/63245553203367574810441615778289981089201766939287794696698907667405052313600\n"
"From KernelObject[1, Local kernel]:"
"\"AMFlow: solving near eta = Infinity...\"\n"
"From KernelObject[3, Local kernel]:"
"\"CalcTaylor: current region\" -> 103/316227766016837874052208078891449905446008834696438973483494538337025261568000\n"
"From KernelObject[2, Local kernel]:"
"\"block\" -> {1}\n"
"From KernelObject[1, Local kernel]:"
"\"CalcTaylor: current region\" -> 53/158113883008418937026104039445724952723004417348219486741747269168512630784000\n"
"From KernelObject[3, Local kernel]:"
"\"block\" -> {1}\n"
"From KernelObject[1, Local kernel]:"
"\"block\" -> {1}\n"
"From KernelObject[4, Local kernel]:"
"\"system loaded: DESolver`$InternalSystem\\nDE[DESolver`$InternalSystem] -- differential equation in matrix form\\nBC[DESolver`$InternalSystem] -- boundary conditions either in singular form or in regular form\\nP[DESolver`$InternalSystem] -- boundary point\\nAsyExp[DESolver`$InternalSystem] -- asymptotic expansion near a singular point (currently it is Null)\\nintegrals: 2, blocks: 2, density: 0.75, degrees: {0, 2}\"\n"
"From KernelObject[4, Local kernel]:"
"\"AMFlow: integrals will be evaluated at 3 regular points\" -> {0. - 200.*I, 0. - 100.*I, 0. - 50.*I}\n"
"From KernelObject[4, Local kernel]:"
"\"AMFlow: integration contour generated in 0s.\"\n"
"From KernelObject[4, Local kernel]:"
"\"AMFlow: solving near eta = Infinity...\"\n"
"From KernelObject[4, Local kernel]:"
"\"CalcTaylor: current region\" -> 101/316227766016837874052208078891449905446008834696438973483494538337025261568000\n"
"From KernelObject[4, Local kernel]:"
"\"block\" -> {1}\n"
"From KernelObject[1, Local kernel]:"
"\"boundary condition inserted\" -> {1, 0, 2.9832808114796028*^75}\n"
"From KernelObject[3, Local kernel]:"
"\"boundary condition inserted\" -> {1, 0, 3.070172485600368*^75}\n"
"From KernelObject[2, Local kernel]:"
"\"boundary condition inserted\" -> {1, 0, 3.0116930096841703*^75}\n"
"From KernelObject[3, Local kernel]:"
"\"block\" -> {2}\n"
"From KernelObject[1, Local kernel]:"
"\"block\" -> {2}\n"
"From KernelObject[2, Local kernel]:"
"\"block\" -> {2}\n"
"From KernelObject[4, Local kernel]:"
"\"boundary condition inserted\" -> {1, 0, 3.1309679803647315*^75}\n"
"From KernelObject[4, Local kernel]:"
"\"block\" -> {2}\n"
"From KernelObject[3, Local kernel]:"
"\"boundary condition test\" -> {2, 0, 3.070172485600368*^75}\n"
"From KernelObject[1, Local kernel]:"
"\"boundary condition test\" -> {2, 0, 2.9832808114796028*^75}\n"
"From KernelObject[2, Local kernel]:"
"\"boundary condition test\" -> {2, 0, 3.0116930096841703*^75}\n"
"From KernelObject[4, Local kernel]:"
"\"boundary condition test\" -> {2, 0, 3.1309679803647315*^75}\n"
"From KernelObject[2, Local kernel]:"
"\"AMFlow: Infinity solved in 4s.\"\n"
"From KernelObject[1, Local kernel]:"
"\"AMFlow: Infinity solved in 4s.\"\n"
"From KernelObject[3, Local kernel]:"
"\"AMFlow: Infinity solved in 4s.\"\n"
"From KernelObject[2, Local kernel]:"
"\"AMFlow: running among regular points...\"\n"
"From KernelObject[1, Local kernel]:"
"\"AMFlow: running among regular points...\"\n"
"From KernelObject[3, Local kernel]:"
"\"AMFlow: running among regular points...\"\n"
"From KernelObject[2, Local kernel]:"
"\"current regular point\" -> 0. - 200.*I\n"
"From KernelObject[1, Local kernel]:"
"\"current regular point\" -> 0. - 200.*I\n"
"From KernelObject[3, Local kernel]:"
"\"current regular point\" -> 0. - 200.*I\n"
"From KernelObject[4, Local kernel]:"
"\"AMFlow: Infinity solved in 4s.\"\n"
"From KernelObject[4, Local kernel]:"
"\"AMFlow: running among regular points...\"\n"
"From KernelObject[4, Local kernel]:"
"\"current regular point\" -> 0. - 200.*I\n"
"From KernelObject[2, Local kernel]:"
"\"current regular point\" -> 0. - 100.*I\n"
"From KernelObject[3, Local kernel]:"
"\"current regular point\" -> 0. - 100.*I\n"
"From KernelObject[1, Local kernel]:"
"\"current regular point\" -> 0. - 100.*I\n"
"From KernelObject[4, Local kernel]:"
"\"current regular point\" -> 0. - 100.*I\n"
"From KernelObject[2, Local kernel]:"
"\"AMFlow: regular running finished in 1s.\"\n"
"From KernelObject[2, Local kernel]:"
"\"AMFlow: solving near the last point...\"\n"
"From KernelObject[2, Local kernel]:"
"\"NormalizeMat finished in 0s.\"\n"
"From KernelObject[1, Local kernel]:"
"\"AMFlow: regular running finished in 1s.\"\n"
"From KernelObject[2, Local kernel]:"
"\"LearnXOrder is negative. skip learning phase.\"\n"
"From KernelObject[1, Local kernel]:"
"\"AMFlow: solving near the last point...\"\n"
"From KernelObject[2, Local kernel]:"
"\"block\" -> {1}\n"
"From KernelObject[1, Local kernel]:"
"\"NormalizeMat finished in 0s.\"\n"
"From KernelObject[3, Local kernel]:"
"\"AMFlow: regular running finished in 1s.\"\n"
"From KernelObject[2, Local kernel]:"
"\"behavior\" -> {{63245553203367574810441615778289981089201766939287794696698907667405052313579/63245553203367574810441615778289981089201766939287794696698907667405052313600, 0}}\n"
"From KernelObject[1, Local kernel]:"
"\"LearnXOrder is negative. skip learning phase.\"\n"
"From KernelObject[3, Local kernel]:"
"\"AMFlow: solving near the last point...\"\n"
"From KernelObject[1, Local kernel]:"
"\"block\" -> {1}\n"
"From KernelObject[3, Local kernel]:"
"\"NormalizeMat finished in 0s.\"\n"
"From KernelObject[1, Local kernel]:"
"\"behavior\" -> {{158113883008418937026104039445724952723004417348219486741747269168512630783947/158113883008418937026104039445724952723004417348219486741747269168512630784000, 0}}\n"
"From KernelObject[3, Local kernel]:"
"\"LearnXOrder is negative. skip learning phase.\"\n"
"From KernelObject[3, Local kernel]:"
"\"block\" -> {1}\n"
"From KernelObject[3, Local kernel]:"
"\"behavior\" -> {{316227766016837874052208078891449905446008834696438973483494538337025261567897/316227766016837874052208078891449905446008834696438973483494538337025261568000, 0}}\n"
"From KernelObject[4, Local kernel]:"
"\"AMFlow: regular running finished in 1s.\"\n"
"From KernelObject[4, Local kernel]:"
"\"AMFlow: solving near the last point...\"\n"
"From KernelObject[4, Local kernel]:"
"\"NormalizeMat finished in 0s.\"\n"
"From KernelObject[4, Local kernel]:"
"\"LearnXOrder is negative. skip learning phase.\"\n"
"From KernelObject[4, Local kernel]:"
"\"block\" -> {1}\n"
"From KernelObject[4, Local kernel]:"
"\"behavior\" -> {{316227766016837874052208078891449905446008834696438973483494538337025261567899/316227766016837874052208078891449905446008834696438973483494538337025261568000, 0}}\n"
"From KernelObject[2, Local kernel]:"
"\"number of constraints and variables\" -> {1, 1}\n"
"From KernelObject[1, Local kernel]:"
"\"number of constraints and variables\" -> {1, 1}\n"
"From KernelObject[2, Local kernel]:"
"\"block\" -> {2}\n"
"From KernelObject[2, Local kernel]:"
"\"behavior\" -> {{0, 0}, {63245553203367574810441615778289981089201766939287794696698907667405052313579/63245553203367574810441615778289981089201766939287794696698907667405052313600, 0}}\n"
"From KernelObject[1, Local kernel]:"
"\"block\" -> {2}\n"
"From KernelObject[1, Local kernel]:"
"\"behavior\" -> {{0, 0}, {158113883008418937026104039445724952723004417348219486741747269168512630783947/158113883008418937026104039445724952723004417348219486741747269168512630784000, 0}}\n"
"From KernelObject[3, Local kernel]:"
"\"number of constraints and variables\" -> {1, 1}\n"
"From KernelObject[4, Local kernel]:"
"\"number of constraints and variables\" -> {1, 1}\n"
"From KernelObject[3, Local kernel]:"
"\"block\" -> {2}\n"
"From KernelObject[3, Local kernel]:"
"\"behavior\" -> {{0, 0}, {316227766016837874052208078891449905446008834696438973483494538337025261567897/316227766016837874052208078891449905446008834696438973483494538337025261568000, 0}}\n"
"From KernelObject[4, Local kernel]:"
"\"block\" -> {2}\n"
"From KernelObject[4, Local kernel]:"
"\"behavior\" -> {{0, 0}, {316227766016837874052208078891449905446008834696438973483494538337025261567899/316227766016837874052208078891449905446008834696438973483494538337025261568000, 0}}\n"
"From KernelObject[2, Local kernel]:"
"\"number of constraints and variables\" -> {1, 1}\n"
"From KernelObject[1, Local kernel]:"
"\"number of constraints and variables\" -> {1, 1}\n"
"From KernelObject[2, Local kernel]:"
"\"AMFlow: last point solved in 3s.\"\n"
"From KernelObject[2, Local kernel]:"
"\"system cleared: DESolver`$InternalSystem\"\n"
"From KernelObject[1, Local kernel]:"
"\"AMFlow: last point solved in 3s.\"\n"
"From KernelObject[2, Local kernel]:"
"\"AMFlow: finished in 9s.\"\n"
"From KernelObject[1, Local kernel]:"
"\"system cleared: DESolver`$InternalSystem\"\n"
"From KernelObject[1, Local kernel]:"
"\"AMFlow: finished in 9s.\"\n"
"From KernelObject[2, Local kernel]:"
"DESolver`SetGlobalOptions -> {\"WorkingPre\" -> 100, \"ChopPre\" -> 20, \"SilentMode\" -> False, \"RationalizePre\" -> 20}\n"
"From KernelObject[2, Local kernel]:"
"DESolver`SetExpansionOptions -> {\"XOrder\" -> 100, \"ExtraXOrder\" -> 20, \"LearnXOrder\" -> -1, \"TestXOrder\" -> 5}\n"
"From KernelObject[1, Local kernel]:"
"DESolver`SetGlobalOptions -> {\"WorkingPre\" -> 100, \"ChopPre\" -> 20, \"SilentMode\" -> False, \"RationalizePre\" -> 20}\n"
"From KernelObject[2, Local kernel]:"
"DESolver`SetRunningOptions -> {\"RunRadius\" -> 2, \"RunLength\" -> 200, \"RunCandidate\" -> 10, \"RunDirection\" -> \"NegIm\"}\n"
"From KernelObject[1, Local kernel]:"
"DESolver`SetExpansionOptions -> {\"XOrder\" -> 100, \"ExtraXOrder\" -> 20, \"LearnXOrder\" -> -1, \"TestXOrder\" -> 5}\n"
"From KernelObject[2, Local kernel]:"
"DESolver`SetGlobalOptions -> {\"WorkingPre\" -> 1812, \"ChopPre\" -> 20, \"SilentMode\" -> False, \"RationalizePre\" -> 20}\n"
"From KernelObject[1, Local kernel]:"
"DESolver`SetRunningOptions -> {\"RunRadius\" -> 2, \"RunLength\" -> 200, \"RunCandidate\" -> 10, \"RunDirection\" -> \"NegIm\"}\n"
"From KernelObject[2, Local kernel]:"
"DESolver`SetExpansionOptions -> {\"XOrder\" -> 3624, \"ExtraXOrder\" -> 20, \"LearnXOrder\" -> -1, \"TestXOrder\" -> 5}\n"
"From KernelObject[1, Local kernel]:"
"DESolver`SetGlobalOptions -> {\"WorkingPre\" -> 1812, \"ChopPre\" -> 20, \"SilentMode\" -> False, \"RationalizePre\" -> 20}\n"
"From KernelObject[2, Local kernel]:"
"DESolver`SetRunningOptions -> {\"RunRadius\" -> 2, \"RunLength\" -> 200, \"RunCandidate\" -> 10, \"RunDirection\" -> \"NegIm\"}\n"
"From KernelObject[1, Local kernel]:"
"DESolver`SetExpansionOptions -> {\"XOrder\" -> 3624, \"ExtraXOrder\" -> 20, \"LearnXOrder\" -> -1, \"TestXOrder\" -> 5}\n"
"From KernelObject[1, Local kernel]:"
"DESolver`SetRunningOptions -> {\"RunRadius\" -> 2, \"RunLength\" -> 200, \"RunCandidate\" -> 10, \"RunDirection\" -> \"NegIm\"}\n"
"From KernelObject[2, Local kernel]:"
"\"AMFlow: start.\"\n"
"From KernelObject[1, Local kernel]:"
"\"AMFlow: start.\"\n"
"From KernelObject[2, Local kernel]:"
"\"system loaded: DESolver`$InternalSystem\\nDE[DESolver`$InternalSystem] -- differential equation in matrix form\\nBC[DESolver`$InternalSystem] -- boundary conditions either in singular form or in regular form\\nP[DESolver`$InternalSystem] -- boundary point\\nAsyExp[DESolver`$InternalSystem] -- asymptotic expansion near a singular point (currently it is Null)\\nintegrals: 2, blocks: 2, density: 0.75, degrees: {0, 2}\"\n"
"From KernelObject[1, Local kernel]:"
"\"system loaded: DESolver`$InternalSystem\\nDE[DESolver`$InternalSystem] -- differential equation in matrix form\\nBC[DESolver`$InternalSystem] -- boundary conditions either in singular form or in regular form\\nP[DESolver`$InternalSystem] -- boundary point\\nAsyExp[DESolver`$InternalSystem] -- asymptotic expansion near a singular point (currently it is Null)\\nintegrals: 2, blocks: 2, density: 0.75, degrees: {0, 2}\"\n"
"From KernelObject[2, Local kernel]:"
"\"AMFlow: integrals will be evaluated at 3 regular points\" -> {0. - 200.*I, 0. - 100.*I, 0. - 50.*I}\n"
"From KernelObject[1, Local kernel]:"
"\"AMFlow: integrals will be evaluated at 3 regular points\" -> {0. - 200.*I, 0. - 100.*I, 0. - 50.*I}\n"
"From KernelObject[2, Local kernel]:"
"\"AMFlow: integration contour generated in 0s.\"\n"
"From KernelObject[1, Local kernel]:"
"\"AMFlow: integration contour generated in 0s.\"\n"
"From KernelObject[3, Local kernel]:"
"\"number of constraints and variables\" -> {1, 1}\n"
"From KernelObject[2, Local kernel]:"
"\"AMFlow: solving near eta = Infinity...\"\n"
"From KernelObject[1, Local kernel]:"
"\"AMFlow: solving near eta = Infinity...\"\n"
"From KernelObject[4, Local kernel]:"
"\"number of constraints and variables\" -> {1, 1}\n"
"From KernelObject[2, Local kernel]:"
"\"CalcTaylor: current region\" -> 107/316227766016837874052208078891449905446008834696438973483494538337025261568000\n"
"From KernelObject[1, Local kernel]:"
"\"CalcTaylor: current region\" -> 27/79056941504209468513052019722862476361502208674109743370873634584256315392000\n"
"From KernelObject[2, Local kernel]:"
"\"block\" -> {1}\n"
"From KernelObject[1, Local kernel]:"
"\"block\" -> {1}\n"
"From KernelObject[4, Local kernel]:"
"\"AMFlow: last point solved in 3s.\"\n"
"From KernelObject[3, Local kernel]:"
"\"AMFlow: last point solved in 3s.\"\n"
"From KernelObject[4, Local kernel]:"
"\"system cleared: DESolver`$InternalSystem\"\n"
"From KernelObject[3, Local kernel]:"
"\"system cleared: DESolver`$InternalSystem\"\n"
"From KernelObject[4, Local kernel]:"
"\"AMFlow: finished in 9s.\"\n"
"From KernelObject[3, Local kernel]:"
"\"AMFlow: finished in 9s.\"\n"
"From KernelObject[4, Local kernel]:"
"DESolver`SetGlobalOptions -> {\"WorkingPre\" -> 100, \"ChopPre\" -> 20, \"SilentMode\" -> False, \"RationalizePre\" -> 20}\n"
"From KernelObject[3, Local kernel]:"
"DESolver`SetGlobalOptions -> {\"WorkingPre\" -> 100, \"ChopPre\" -> 20, \"SilentMode\" -> False, \"RationalizePre\" -> 20}\n"
"From KernelObject[4, Local kernel]:"
"DESolver`SetExpansionOptions -> {\"XOrder\" -> 100, \"ExtraXOrder\" -> 20, \"LearnXOrder\" -> -1, \"TestXOrder\" -> 5}\n"
"From KernelObject[3, Local kernel]:"
"DESolver`SetExpansionOptions -> {\"XOrder\" -> 100, \"ExtraXOrder\" -> 20, \"LearnXOrder\" -> -1, \"TestXOrder\" -> 5}\n"
"From KernelObject[4, Local kernel]:"
"DESolver`SetRunningOptions -> {\"RunRadius\" -> 2, \"RunLength\" -> 200, \"RunCandidate\" -> 10, \"RunDirection\" -> \"NegIm\"}\n"
"From KernelObject[3, Local kernel]:"
"DESolver`SetRunningOptions -> {\"RunRadius\" -> 2, \"RunLength\" -> 200, \"RunCandidate\" -> 10, \"RunDirection\" -> \"NegIm\"}\n"
"From KernelObject[4, Local kernel]:"
"DESolver`SetGlobalOptions -> {\"WorkingPre\" -> 1812, \"ChopPre\" -> 20, \"SilentMode\" -> False, \"RationalizePre\" -> 20}\n"
"From KernelObject[3, Local kernel]:"
"DESolver`SetGlobalOptions -> {\"WorkingPre\" -> 1812, \"ChopPre\" -> 20, \"SilentMode\" -> False, \"RationalizePre\" -> 20}\n"
"From KernelObject[4, Local kernel]:"
"DESolver`SetExpansionOptions -> {\"XOrder\" -> 3624, \"ExtraXOrder\" -> 20, \"LearnXOrder\" -> -1, \"TestXOrder\" -> 5}\n"
"From KernelObject[3, Local kernel]:"
"DESolver`SetExpansionOptions -> {\"XOrder\" -> 3624, \"ExtraXOrder\" -> 20, \"LearnXOrder\" -> -1, \"TestXOrder\" -> 5}\n"
"From KernelObject[4, Local kernel]:"
"DESolver`SetRunningOptions -> {\"RunRadius\" -> 2, \"RunLength\" -> 200, \"RunCandidate\" -> 10, \"RunDirection\" -> \"NegIm\"}\n"
"From KernelObject[3, Local kernel]:"
"DESolver`SetRunningOptions -> {\"RunRadius\" -> 2, \"RunLength\" -> 200, \"RunCandidate\" -> 10, \"RunDirection\" -> \"NegIm\"}\n"
"From KernelObject[4, Local kernel]:"
"\"AMFlow: start.\"\n"
"From KernelObject[4, Local kernel]:"
"\"system loaded: DESolver`$InternalSystem\\nDE[DESolver`$InternalSystem] -- differential equation in matrix form\\nBC[DESolver`$InternalSystem] -- boundary conditions either in singular form or in regular form\\nP[DESolver`$InternalSystem] -- boundary point\\nAsyExp[DESolver`$InternalSystem] -- asymptotic expansion near a singular point (currently it is Null)\\nintegrals: 2, blocks: 2, density: 0.75, degrees: {0, 2}\"\n"
"From KernelObject[4, Local kernel]:"
"\"AMFlow: integrals will be evaluated at 3 regular points\" -> {0. - 200.*I, 0. - 100.*I, 0. - 50.*I}\n"
"From KernelObject[4, Local kernel]:"
"\"AMFlow: integration contour generated in 0s.\"\n"
"From KernelObject[4, Local kernel]:"
"\"AMFlow: solving near eta = Infinity...\"\n"
"From KernelObject[4, Local kernel]:"
"\"CalcTaylor: current region\" -> 51/158113883008418937026104039445724952723004417348219486741747269168512630784000\n"
"From KernelObject[4, Local kernel]:"
"\"block\" -> {1}\n"
"From KernelObject[3, Local kernel]:"
"\"AMFlow: start.\"\n"
"From KernelObject[3, Local kernel]:"
"\"system loaded: DESolver`$InternalSystem\\nDE[DESolver`$InternalSystem] -- differential equation in matrix form\\nBC[DESolver`$InternalSystem] -- boundary conditions either in singular form or in regular form\\nP[DESolver`$InternalSystem] -- boundary point\\nAsyExp[DESolver`$InternalSystem] -- asymptotic expansion near a singular point (currently it is Null)\\nintegrals: 2, blocks: 2, density: 0.75, degrees: {0, 2}\"\n"
"From KernelObject[3, Local kernel]:"
"\"AMFlow: integrals will be evaluated at 3 regular points\" -> {0. - 200.*I, 0. - 100.*I, 0. - 50.*I}\n"
"From KernelObject[3, Local kernel]:"
"\"AMFlow: integration contour generated in 0s.\"\n"
"From KernelObject[3, Local kernel]:"
"\"AMFlow: solving near eta = Infinity...\"\n"
"From KernelObject[3, Local kernel]:"
"\"CalcTaylor: current region\" -> 13/39528470752104734256526009861431238180751104337054871685436817292128157696000\n"
"From KernelObject[3, Local kernel]:"
"\"block\" -> {1}\n"
"From KernelObject[1, Local kernel]:"
"\"boundary condition inserted\" -> {1, 0, 2.9280348705262767*^75}\n"
"From KernelObject[1, Local kernel]:"
"\"block\" -> {2}\n"
"From KernelObject[2, Local kernel]:"
"\"boundary condition inserted\" -> {1, 0, 2.9553996824003538*^75}\n"
"From KernelObject[2, Local kernel]:"
"\"block\" -> {2}\n"
"From KernelObject[4, Local kernel]:"
"\"boundary condition inserted\" -> {1, 0, 3.1002722158513518*^75}\n"
"From KernelObject[4, Local kernel]:"
"\"block\" -> {2}\n"
"From KernelObject[3, Local kernel]:"
"\"boundary condition inserted\" -> {1, 0, 3.0406515963157486*^75}\n"
"From KernelObject[3, Local kernel]:"
"\"block\" -> {2}\n"
"From KernelObject[1, Local kernel]:"
"\"boundary condition test\" -> {2, 0, 2.9280348705262767*^75}\n"
"From KernelObject[2, Local kernel]:"
"\"boundary condition test\" -> {2, 0, 2.9553996824003538*^75}\n"
"From KernelObject[4, Local kernel]:"
"\"boundary condition test\" -> {2, 0, 3.1002722158513518*^75}\n"
"From KernelObject[3, Local kernel]:"
"\"boundary condition test\" -> {2, 0, 3.0406515963157486*^75}\n"
"From KernelObject[1, Local kernel]:"
"\"AMFlow: Infinity solved in 3s.\"\n"
"From KernelObject[1, Local kernel]:"
"\"AMFlow: running among regular points...\"\n"
"From KernelObject[1, Local kernel]:"
"\"current regular point\" -> 0. - 200.*I\n"
"From KernelObject[2, Local kernel]:"
"\"AMFlow: Infinity solved in 3s.\"\n"
"From KernelObject[2, Local kernel]:"
"\"AMFlow: running among regular points...\"\n"
"From KernelObject[2, Local kernel]:"
"\"current regular point\" -> 0. - 200.*I\n"
"From KernelObject[4, Local kernel]:"
"\"AMFlow: Infinity solved in 3s.\"\n"
"From KernelObject[4, Local kernel]:"
"\"AMFlow: running among regular points...\"\n"
"From KernelObject[4, Local kernel]:"
"\"current regular point\" -> 0. - 200.*I\n"
"From KernelObject[3, Local kernel]:"
"\"AMFlow: Infinity solved in 3s.\"\n"
"From KernelObject[3, Local kernel]:"
"\"AMFlow: running among regular points...\"\n"
"From KernelObject[3, Local kernel]:"
"\"current regular point\" -> 0. - 200.*I\n"
"From KernelObject[1, Local kernel]:"
"\"current regular point\" -> 0. - 100.*I\n"
"From KernelObject[2, Local kernel]:"
"\"current regular point\" -> 0. - 100.*I\n"
"From KernelObject[4, Local kernel]:"
"\"current regular point\" -> 0. - 100.*I\n"
"From KernelObject[3, Local kernel]:"
"\"current regular point\" -> 0. - 100.*I\n"
"From KernelObject[1, Local kernel]:"
"\"AMFlow: regular running finished in 1s.\"\n"
"From KernelObject[1, Local kernel]:"
"\"AMFlow: solving near the last point...\"\n"
"From KernelObject[1, Local kernel]:"
"\"NormalizeMat finished in 0s.\"\n"
"From KernelObject[1, Local kernel]:"
"\"LearnXOrder is negative. skip learning phase.\"\n"
"From KernelObject[1, Local kernel]:"
"\"block\" -> {1}\n"
"From KernelObject[1, Local kernel]:"
"\"behavior\" -> {{79056941504209468513052019722862476361502208674109743370873634584256315391973/79056941504209468513052019722862476361502208674109743370873634584256315392000, 0}}\n"
"From KernelObject[2, Local kernel]:"
"\"AMFlow: regular running finished in 2s.\"\n"
"From KernelObject[2, Local kernel]:"
"\"AMFlow: solving near the last point...\"\n"
"From KernelObject[2, Local kernel]:"
"\"NormalizeMat finished in 0s.\"\n"
"From KernelObject[2, Local kernel]:"
"\"LearnXOrder is negative. skip learning phase.\"\n"
"From KernelObject[2, Local kernel]:"
"\"block\" -> {1}\n"
"From KernelObject[2, Local kernel]:"
"\"behavior\" -> {{316227766016837874052208078891449905446008834696438973483494538337025261567893/316227766016837874052208078891449905446008834696438973483494538337025261568000, 0}}\n"
"From KernelObject[4, Local kernel]:"
"\"AMFlow: regular running finished in 2s.\"\n"
"From KernelObject[4, Local kernel]:"
"\"AMFlow: solving near the last point...\"\n"
"From KernelObject[4, Local kernel]:"
"\"NormalizeMat finished in 0s.\"\n"
"From KernelObject[4, Local kernel]:"
"\"LearnXOrder is negative. skip learning phase.\"\n"
"From KernelObject[4, Local kernel]:"
"\"block\" -> {1}\n"
"From KernelObject[4, Local kernel]:"
"\"behavior\" -> {{158113883008418937026104039445724952723004417348219486741747269168512630783949/158113883008418937026104039445724952723004417348219486741747269168512630784000, 0}}\n"
"From KernelObject[3, Local kernel]:"
"\"AMFlow: regular running finished in 1s.\"\n"
"From KernelObject[3, Local kernel]:"
"\"AMFlow: solving near the last point...\"\n"
"From KernelObject[3, Local kernel]:"
"\"NormalizeMat finished in 0s.\"\n"
"From KernelObject[3, Local kernel]:"
"\"LearnXOrder is negative. skip learning phase.\"\n"
"From KernelObject[3, Local kernel]:"
"\"block\" -> {1}\n"
"From KernelObject[3, Local kernel]:"
"\"behavior\" -> {{39528470752104734256526009861431238180751104337054871685436817292128157695987/39528470752104734256526009861431238180751104337054871685436817292128157696000, 0}}\n"
"From KernelObject[1, Local kernel]:"
"\"number of constraints and variables\" -> {1, 1}\n"
"From KernelObject[1, Local kernel]:"
"\"block\" -> {2}\n"
"From KernelObject[1, Local kernel]:"
"\"behavior\" -> {{0, 0}, {79056941504209468513052019722862476361502208674109743370873634584256315391973/79056941504209468513052019722862476361502208674109743370873634584256315392000, 0}}\n"
"From KernelObject[2, Local kernel]:"
"\"number of constraints and variables\" -> {1, 1}\n"
"From KernelObject[2, Local kernel]:"
"\"block\" -> {2}\n"
"From KernelObject[2, Local kernel]:"
"\"behavior\" -> {{0, 0}, {316227766016837874052208078891449905446008834696438973483494538337025261567893/316227766016837874052208078891449905446008834696438973483494538337025261568000, 0}}\n"
"From KernelObject[4, Local kernel]:"
"\"number of constraints and variables\" -> {1, 1}\n"
"From KernelObject[4, Local kernel]:"
"\"block\" -> {2}\n"
"From KernelObject[4, Local kernel]:"
"\"behavior\" -> {{0, 0}, {158113883008418937026104039445724952723004417348219486741747269168512630783949/158113883008418937026104039445724952723004417348219486741747269168512630784000, 0}}\n"
"From KernelObject[3, Local kernel]:"
"\"number of constraints and variables\" -> {1, 1}\n"
"From KernelObject[3, Local kernel]:"
"\"block\" -> {2}\n"
"From KernelObject[3, Local kernel]:"
"\"behavior\" -> {{0, 0}, {39528470752104734256526009861431238180751104337054871685436817292128157695987/39528470752104734256526009861431238180751104337054871685436817292128157696000, 0}}\n"
"From KernelObject[1, Local kernel]:"
"\"number of constraints and variables\" -> {1, 1}\n"
"From KernelObject[1, Local kernel]:"
"\"AMFlow: last point solved in 2s.\"\n"
"From KernelObject[1, Local kernel]:"
"\"system cleared: DESolver`$InternalSystem\"\n"
"From KernelObject[1, Local kernel]:"
"\"AMFlow: finished in 7s.\"\n"
"From KernelObject[1, Local kernel]:"
"DESolver`SetGlobalOptions -> {\"WorkingPre\" -> 100, \"ChopPre\" -> 20, \"SilentMode\" -> False, \"RationalizePre\" -> 20}\n"
"From KernelObject[1, Local kernel]:"
"DESolver`SetExpansionOptions -> {\"XOrder\" -> 100, \"ExtraXOrder\" -> 20, \"LearnXOrder\" -> -1, \"TestXOrder\" -> 5}\n"
"From KernelObject[1, Local kernel]:"
"DESolver`SetRunningOptions -> {\"RunRadius\" -> 2, \"RunLength\" -> 200, \"RunCandidate\" -> 10, \"RunDirection\" -> \"NegIm\"}\n"
"From KernelObject[1, Local kernel]:"
"DESolver`SetGlobalOptions -> {\"WorkingPre\" -> 1812, \"ChopPre\" -> 20, \"SilentMode\" -> False, \"RationalizePre\" -> 20}\n"
"From KernelObject[1, Local kernel]:"
"DESolver`SetExpansionOptions -> {\"XOrder\" -> 3624, \"ExtraXOrder\" -> 20, \"LearnXOrder\" -> -1, \"TestXOrder\" -> 5}\n"
"From KernelObject[1, Local kernel]:"
"DESolver`SetRunningOptions -> {\"RunRadius\" -> 2, \"RunLength\" -> 200, \"RunCandidate\" -> 10, \"RunDirection\" -> \"NegIm\"}\n"
"From KernelObject[2, Local kernel]:"
"\"number of constraints and variables\" -> {1, 1}\n"
"From KernelObject[1, Local kernel]:"
"\"AMFlow: start.\"\n"
"From KernelObject[4, Local kernel]:"
"\"number of constraints and variables\" -> {1, 1}\n"
"From KernelObject[1, Local kernel]:"
"\"system loaded: DESolver`$InternalSystem\\nDE[DESolver`$InternalSystem] -- differential equation in matrix form\\nBC[DESolver`$InternalSystem] -- boundary conditions either in singular form or in regular form\\nP[DESolver`$InternalSystem] -- boundary point\\nAsyExp[DESolver`$InternalSystem] -- asymptotic expansion near a singular point (currently it is Null)\\nintegrals: 2, blocks: 2, density: 0.75, degrees: {0, 2}\"\n"
"From KernelObject[1, Local kernel]:"
"\"AMFlow: integrals will be evaluated at 3 regular points\" -> {0. - 200.*I, 0. - 100.*I, 0. - 50.*I}\n"
"From KernelObject[1, Local kernel]:"
"\"AMFlow: integration contour generated in 0s.\"\n"
"From KernelObject[1, Local kernel]:"
"\"AMFlow: solving near eta = Infinity...\"\n"
"From KernelObject[1, Local kernel]:"
"\"CalcTaylor: current region\" -> 109/316227766016837874052208078891449905446008834696438973483494538337025261568000\n"
"From KernelObject[1, Local kernel]:"
"\"block\" -> {1}\n"
"From KernelObject[2, Local kernel]:"
"\"AMFlow: last point solved in 2s.\"\n"
"From KernelObject[2, Local kernel]:"
"\"system cleared: DESolver`$InternalSystem\"\n"
"From KernelObject[2, Local kernel]:"
"\"AMFlow: finished in 7s.\"\n"
"From KernelObject[2, Local kernel]:"
"DESolver`SetGlobalOptions -> {\"WorkingPre\" -> 100, \"ChopPre\" -> 20, \"SilentMode\" -> False, \"RationalizePre\" -> 20}\n"
"From KernelObject[2, Local kernel]:"
"DESolver`SetExpansionOptions -> {\"XOrder\" -> 100, \"ExtraXOrder\" -> 20, \"LearnXOrder\" -> -1, \"TestXOrder\" -> 5}\n"
"From KernelObject[2, Local kernel]:"
"DESolver`SetRunningOptions -> {\"RunRadius\" -> 2, \"RunLength\" -> 200, \"RunCandidate\" -> 10, \"RunDirection\" -> \"NegIm\"}\n"
"From KernelObject[4, Local kernel]:"
"\"AMFlow: last point solved in 2s.\"\n"
"From KernelObject[2, Local kernel]:"
"DESolver`SetGlobalOptions -> {\"WorkingPre\" -> 1812, \"ChopPre\" -> 20, \"SilentMode\" -> False, \"RationalizePre\" -> 20}\n"
"From KernelObject[4, Local kernel]:"
"\"system cleared: DESolver`$InternalSystem\"\n"
"From KernelObject[2, Local kernel]:"
"DESolver`SetExpansionOptions -> {\"XOrder\" -> 3624, \"ExtraXOrder\" -> 20, \"LearnXOrder\" -> -1, \"TestXOrder\" -> 5}\n"
"From KernelObject[4, Local kernel]:"
"\"AMFlow: finished in 7s.\"\n"
"From KernelObject[2, Local kernel]:"
"DESolver`SetRunningOptions -> {\"RunRadius\" -> 2, \"RunLength\" -> 200, \"RunCandidate\" -> 10, \"RunDirection\" -> \"NegIm\"}\n"
"From KernelObject[3, Local kernel]:"
"\"number of constraints and variables\" -> {1, 1}\n"
"From KernelObject[2, Local kernel]:"
"\"AMFlow: start.\"\n"
"From KernelObject[2, Local kernel]:"
"\"system loaded: DESolver`$InternalSystem\\nDE[DESolver`$InternalSystem] -- differential equation in matrix form\\nBC[DESolver`$InternalSystem] -- boundary conditions either in singular form or in regular form\\nP[DESolver`$InternalSystem] -- boundary point\\nAsyExp[DESolver`$InternalSystem] -- asymptotic expansion near a singular point (currently it is Null)\\nintegrals: 2, blocks: 2, density: 0.75, degrees: {0, 2}\"\n"
"From KernelObject[3, Local kernel]:"
"\"AMFlow: last point solved in 2s.\"\n"
"From KernelObject[2, Local kernel]:"
"\"AMFlow: integrals will be evaluated at 3 regular points\" -> {0. - 200.*I, 0. - 100.*I, 0. - 50.*I}\n"
"From KernelObject[3, Local kernel]:"
"\"system cleared: DESolver`$InternalSystem\"\n"
"From KernelObject[2, Local kernel]:"
"\"AMFlow: integration contour generated in 0s.\"\n"
"From KernelObject[3, Local kernel]:"
"\"AMFlow: finished in 7s.\"\n"
"From KernelObject[2, Local kernel]:"
"\"AMFlow: solving near eta = Infinity...\"\n"
"From KernelObject[2, Local kernel]:"
"\"CalcTaylor: current region\" -> 11/31622776601683787405220807889144990544600883469643897348349453833702526156800\n"
"From KernelObject[2, Local kernel]:"
"\"block\" -> {1}\n"
"From KernelObject[1, Local kernel]:"
"\"boundary condition inserted\" -> {1, 0, 2.9011721652920907*^75}\n"
"From KernelObject[1, Local kernel]:"
"\"block\" -> {2}\n"
"From KernelObject[2, Local kernel]:"
"\"boundary condition inserted\" -> {1, 0, 2.8747978728803443*^75}\n"
"From KernelObject[2, Local kernel]:"
"\"block\" -> {2}\n"
"From KernelObject[1, Local kernel]:"
"\"boundary condition test\" -> {2, 0, 2.9011721652920907*^75}\n"
"From KernelObject[2, Local kernel]:"
"\"boundary condition test\" -> {2, 0, 2.8747978728803443*^75}\n"
"From KernelObject[1, Local kernel]:"
"\"AMFlow: Infinity solved in 5s.\"\n"
"From KernelObject[1, Local kernel]:"
"\"AMFlow: running among regular points...\"\n"
"From KernelObject[1, Local kernel]:"
"\"current regular point\" -> 0. - 200.*I\n"
"From KernelObject[2, Local kernel]:"
"\"AMFlow: Infinity solved in 5s.\"\n"
"From KernelObject[2, Local kernel]:"
"\"AMFlow: running among regular points...\"\n"
"From KernelObject[2, Local kernel]:"
"\"current regular point\" -> 0. - 200.*I\n"
"From KernelObject[1, Local kernel]:"
"\"current regular point\" -> 0. - 100.*I\n"
"From KernelObject[2, Local kernel]:"
"\"current regular point\" -> 0. - 100.*I\n"
"From KernelObject[1, Local kernel]:"
"\"AMFlow: regular running finished in 1s.\"\n"
"From KernelObject[1, Local kernel]:"
"\"AMFlow: solving near the last point...\"\n"
"From KernelObject[1, Local kernel]:"
"\"NormalizeMat finished in 0s.\"\n"
"From KernelObject[1, Local kernel]:"
"\"LearnXOrder is negative. skip learning phase.\"\n"
"From KernelObject[1, Local kernel]:"
"\"block\" -> {1}\n"
"From KernelObject[1, Local kernel]:"
"\"behavior\" -> {{316227766016837874052208078891449905446008834696438973483494538337025261567891/316227766016837874052208078891449905446008834696438973483494538337025261568000, 0}}\n"
"From KernelObject[2, Local kernel]:"
"\"AMFlow: regular running finished in 1s.\"\n"
"From KernelObject[2, Local kernel]:"
"\"AMFlow: solving near the last point...\"\n"
"From KernelObject[2, Local kernel]:"
"\"NormalizeMat finished in 0s.\"\n"
"From KernelObject[2, Local kernel]:"
"\"LearnXOrder is negative. skip learning phase.\"\n"
"From KernelObject[2, Local kernel]:"
"\"block\" -> {1}\n"
"From KernelObject[2, Local kernel]:"
"\"behavior\" -> {{31622776601683787405220807889144990544600883469643897348349453833702526156789/31622776601683787405220807889144990544600883469643897348349453833702526156800, 0}}\n"
"From KernelObject[1, Local kernel]:"
"\"number of constraints and variables\" -> {1, 1}\n"
"From KernelObject[1, Local kernel]:"
"\"block\" -> {2}\n"
"From KernelObject[1, Local kernel]:"
"\"behavior\" -> {{0, 0}, {316227766016837874052208078891449905446008834696438973483494538337025261567891/316227766016837874052208078891449905446008834696438973483494538337025261568000, 0}}\n"
"From KernelObject[2, Local kernel]:"
"\"number of constraints and variables\" -> {1, 1}\n"
"From KernelObject[2, Local kernel]:"
"\"block\" -> {2}\n"
"From KernelObject[2, Local kernel]:"
"\"behavior\" -> {{0, 0}, {31622776601683787405220807889144990544600883469643897348349453833702526156789/31622776601683787405220807889144990544600883469643897348349453833702526156800, 0}}\n"
"From KernelObject[1, Local kernel]:"
"\"number of constraints and variables\" -> {1, 1}\n"
"From KernelObject[1, Local kernel]:"
"\"AMFlow: last point solved in 2s.\"\n"
"From KernelObject[1, Local kernel]:"
"\"system cleared: DESolver`$InternalSystem\"\n"
"From KernelObject[1, Local kernel]:"
"\"AMFlow: finished in 9s.\"\n"
"From KernelObject[2, Local kernel]:"
"\"number of constraints and variables\" -> {1, 1}\n"
"From KernelObject[2, Local kernel]:"
"\"AMFlow: last point solved in 2s.\"\n"
"From KernelObject[2, Local kernel]:"
"\"system cleared: DESolver`$InternalSystem\"\n"
"From KernelObject[2, Local kernel]:"
"\"AMFlow: finished in 9s.\"\n"
