"From KernelObject[2, Local kernel]:"
"DESolver`SetGlobalOptions -> {\"WorkingPre\" -> 100, \"ChopPre\" -> 20, \"SilentMode\" -> False, \"RationalizePre\" -> 20}\n"
"From KernelObject[4, Local kernel]:"
"DESolver`SetGlobalOptions -> {\"WorkingPre\" -> 100, \"ChopPre\" -> 20, \"SilentMode\" -> False, \"RationalizePre\" -> 20}\n"
"From KernelObject[3, Local kernel]:"
"DESolver`SetGlobalOptions -> {\"WorkingPre\" -> 100, \"ChopPre\" -> 20, \"SilentMode\" -> False, \"RationalizePre\" -> 20}\n"
"From KernelObject[2, Local kernel]:"
"DESolver`SetExpansionOptions -> {\"XOrder\" -> 100, \"ExtraXOrder\" -> 20, \"LearnXOrder\" -> -1, \"TestXOrder\" -> 5}\n"
"From KernelObject[1, Local kernel]:"
"DESolver`SetGlobalOptions -> {\"WorkingPre\" -> 100, \"ChopPre\" -> 20, \"SilentMode\" -> False, \"RationalizePre\" -> 20}\n"
"From KernelObject[4, Local kernel]:"
"DESolver`SetExpansionOptions -> {\"XOrder\" -> 100, \"ExtraXOrder\" -> 20, \"LearnXOrder\" -> -1, \"TestXOrder\" -> 5}\n"
"From KernelObject[3, Local kernel]:"
"DESolver`SetExpansionOptions -> {\"XOrder\" -> 100, \"ExtraXOrder\" -> 20, \"LearnXOrder\" -> -1, \"TestXOrder\" -> 5}\n"
"From KernelObject[2, Local kernel]:"
"DESolver`SetRunningOptions -> {\"RunRadius\" -> 2, \"RunLength\" -> 200, \"RunCandidate\" -> 10, \"RunDirection\" -> \"NegIm\"}\n"
"From KernelObject[1, Local kernel]:"
"DESolver`SetExpansionOptions -> {\"XOrder\" -> 100, \"ExtraXOrder\" -> 20, \"LearnXOrder\" -> -1, \"TestXOrder\" -> 5}\n"
"From KernelObject[4, Local kernel]:"
"DESolver`SetRunningOptions -> {\"RunRadius\" -> 2, \"RunLength\" -> 200, \"RunCandidate\" -> 10, \"RunDirection\" -> \"NegIm\"}\n"
"From KernelObject[3, Local kernel]:"
"DESolver`SetRunningOptions -> {\"RunRadius\" -> 2, \"RunLength\" -> 200, \"RunCandidate\" -> 10, \"RunDirection\" -> \"NegIm\"}\n"
"From KernelObject[2, Local kernel]:"
"DESolver`SetGlobalOptions -> {\"WorkingPre\" -> 192, \"ChopPre\" -> 20, \"SilentMode\" -> False, \"RationalizePre\" -> 20}\n"
"From KernelObject[1, Local kernel]:"
"DESolver`SetRunningOptions -> {\"RunRadius\" -> 2, \"RunLength\" -> 200, \"RunCandidate\" -> 10, \"RunDirection\" -> \"NegIm\"}\n"
"From KernelObject[4, Local kernel]:"
"DESolver`SetGlobalOptions -> {\"WorkingPre\" -> 192, \"ChopPre\" -> 20, \"SilentMode\" -> False, \"RationalizePre\" -> 20}\n"
"From KernelObject[3, Local kernel]:"
"DESolver`SetGlobalOptions -> {\"WorkingPre\" -> 192, \"ChopPre\" -> 20, \"SilentMode\" -> False, \"RationalizePre\" -> 20}\n"
"From KernelObject[2, Local kernel]:"
"DESolver`SetExpansionOptions -> {\"XOrder\" -> 384, \"ExtraXOrder\" -> 20, \"LearnXOrder\" -> -1, \"TestXOrder\" -> 5}\n"
"From KernelObject[1, Local kernel]:"
"DESolver`SetGlobalOptions -> {\"WorkingPre\" -> 192, \"ChopPre\" -> 20, \"SilentMode\" -> False, \"RationalizePre\" -> 20}\n"
"From KernelObject[4, Local kernel]:"
"DESolver`SetExpansionOptions -> {\"XOrder\" -> 384, \"ExtraXOrder\" -> 20, \"LearnXOrder\" -> -1, \"TestXOrder\" -> 5}\n"
"From KernelObject[3, Local kernel]:"
"DESolver`SetExpansionOptions -> {\"XOrder\" -> 384, \"ExtraXOrder\" -> 20, \"LearnXOrder\" -> -1, \"TestXOrder\" -> 5}\n"
"From KernelObject[2, Local kernel]:"
"DESolver`SetRunningOptions -> {\"RunRadius\" -> 2, \"RunLength\" -> 200, \"RunCandidate\" -> 10, \"RunDirection\" -> \"NegIm\"}\n"
"From KernelObject[1, Local kernel]:"
"DESolver`SetExpansionOptions -> {\"XOrder\" -> 384, \"ExtraXOrder\" -> 20, \"LearnXOrder\" -> -1, \"TestXOrder\" -> 5}\n"
"From KernelObject[4, Local kernel]:"
"DESolver`SetRunningOptions -> {\"RunRadius\" -> 2, \"RunLength\" -> 200, \"RunCandidate\" -> 10, \"RunDirection\" -> \"NegIm\"}\n"
"From KernelObject[3, Local kernel]:"
"DESolver`SetRunningOptions -> {\"RunRadius\" -> 2, \"RunLength\" -> 200, \"RunCandidate\" -> 10, \"RunDirection\" -> \"NegIm\"}\n"
"From KernelObject[2, Local kernel]:"
"\"AMFlow: start.\"\n"
"From KernelObject[1, Local kernel]:"
"DESolver`SetRunningOptions -> {\"RunRadius\" -> 2, \"RunLength\" -> 200, \"RunCandidate\" -> 10, \"RunDirection\" -> \"NegIm\"}\n"
"From KernelObject[4, Local kernel]:"
"\"AMFlow: start.\"\n"
"From KernelObject[3, Local kernel]:"
"\"AMFlow: start.\"\n"
"From KernelObject[1, Local kernel]:"
"\"AMFlow: start.\"\n"
"From KernelObject[2, Local kernel]:"
"\"system loaded: DESolver`$InternalSystem\\nDE[DESolver`$InternalSystem] -- differential equation in matrix form\\nBC[DESolver`$InternalSystem] -- boundary conditions either in singular form or in regular form\\nP[DESolver`$InternalSystem] -- boundary point\\nAsyExp[DESolver`$InternalSystem] -- asymptotic expansion near a singular point (currently it is Null)\\nintegrals: 5, blocks: 5, density: 0.4, degrees: {1, 4}\"\n"
"From KernelObject[4, Local kernel]:"
"\"system loaded: DESolver`$InternalSystem\\nDE[DESolver`$InternalSystem] -- differential equation in matrix form\\nBC[DESolver`$InternalSystem] -- boundary conditions either in singular form or in regular form\\nP[DESolver`$InternalSystem] -- boundary point\\nAsyExp[DESolver`$InternalSystem] -- asymptotic expansion near a singular point (currently it is Null)\\nintegrals: 5, blocks: 5, density: 0.4, degrees: {1, 4}\"\n"
"From KernelObject[3, Local kernel]:"
"\"system loaded: DESolver`$InternalSystem\\nDE[DESolver`$InternalSystem] -- differential equation in matrix form\\nBC[DESolver`$InternalSystem] -- boundary conditions either in singular form or in regular form\\nP[DESolver`$InternalSystem] -- boundary point\\nAsyExp[DESolver`$InternalSystem] -- asymptotic expansion near a singular point (currently it is Null)\\nintegrals: 5, blocks: 5, density: 0.4, degrees: {1, 4}\"\n"
"From KernelObject[1, Local kernel]:"
"\"system loaded: DESolver`$InternalSystem\\nDE[DESolver`$InternalSystem] -- differential equation in matrix form\\nBC[DESolver`$InternalSystem] -- boundary conditions either in singular form or in regular form\\nP[DESolver`$InternalSystem] -- boundary point\\nAsyExp[DESolver`$InternalSystem] -- asymptotic expansion near a singular point (currently it is Null)\\nintegrals: 5, blocks: 5, density: 0.4, degrees: {1, 4}\"\n"
"From KernelObject[2, Local kernel]:"
"\"AMFlow: integrals will be evaluated at 10 regular points\" -> {0. - 3180.000000227044*I, 0. - 1589.9916385002102*I, 0. - 794.9795960623519*I, 0. - 397.45785196661933*I, 0. - 198.6655363413524*I, 0. - 99.20650876985704*I, 0. - 49.35139419692364*I, 0. - 24.173731413374103*I, 0. - 11.093042986261631*I, 0. - 5.000000025*I}\n"
"From KernelObject[2, Local kernel]:"
"\"AMFlow: integration contour generated in 0s.\"\n"
"From KernelObject[2, Local kernel]:"
"\"AMFlow: solving near eta = Infinity...\"\n"
"From KernelObject[2, Local kernel]:"
"\"CalcTaylor: current region\" -> 7/666666660\n"
"From KernelObject[2, Local kernel]:"
"\"block\" -> {1}\n"
"From KernelObject[2, Local kernel]:"
"\"boundary condition inserted\" -> {1, 0, 9.523809470849864*^7}\n"
"From KernelObject[4, Local kernel]:"
"\"AMFlow: integrals will be evaluated at 10 regular points\" -> {0. - 3180.000000227044*I, 0. - 1589.9916385002102*I, 0. - 794.9795960623519*I, 0. - 397.45785196661933*I, 0. - 198.6655363413524*I, 0. - 99.20650876985704*I, 0. - 49.35139419692364*I, 0. - 24.173731413374103*I, 0. - 11.093042986261631*I, 0. - 5.000000025*I}\n"
"From KernelObject[3, Local kernel]:"
"\"AMFlow: integrals will be evaluated at 10 regular points\" -> {0. - 3180.000000227044*I, 0. - 1589.9916385002102*I, 0. - 794.9795960623519*I, 0. - 397.45785196661933*I, 0. - 198.6655363413524*I, 0. - 99.20650876985704*I, 0. - 49.35139419692364*I, 0. - 24.173731413374103*I, 0. - 11.093042986261631*I, 0. - 5.000000025*I}\n"
"From KernelObject[2, Local kernel]:"
"\"block\" -> {2}\n"
"From KernelObject[4, Local kernel]:"
"\"AMFlow: integration contour generated in 0s.\"\n"
"From KernelObject[3, Local kernel]:"
"\"AMFlow: integration contour generated in 0s.\"\n"
"From KernelObject[4, Local kernel]:"
"\"AMFlow: solving near eta = Infinity...\"\n"
"From KernelObject[3, Local kernel]:"
"\"AMFlow: solving near eta = Infinity...\"\n"
"From KernelObject[4, Local kernel]:"
"\"CalcTaylor: current region\" -> 1/99009900\n"
"From KernelObject[3, Local kernel]:"
"\"CalcTaylor: current region\" -> 103/9999999900\n"
"From KernelObject[4, Local kernel]:"
"\"block\" -> {1}\n"
"From KernelObject[3, Local kernel]:"
"\"block\" -> {1}\n"
"From KernelObject[4, Local kernel]:"
"\"boundary condition inserted\" -> {1, 0, 9.900990042278434*^7}\n"
"From KernelObject[3, Local kernel]:"
"\"boundary condition inserted\" -> {1, 0, 9.708737809268726*^7}\n"
"From KernelObject[4, Local kernel]:"
"\"block\" -> {2}\n"
"From KernelObject[3, Local kernel]:"
"\"block\" -> {2}\n"
"From KernelObject[1, Local kernel]:"
"\"AMFlow: integrals will be evaluated at 10 regular points\" -> {0. - 3180.000000227044*I, 0. - 1589.9916385002102*I, 0. - 794.9795960623519*I, 0. - 397.45785196661933*I, 0. - 198.6655363413524*I, 0. - 99.20650876985704*I, 0. - 49.35139419692364*I, 0. - 24.173731413374103*I, 0. - 11.093042986261631*I, 0. - 5.000000025*I}\n"
"From KernelObject[1, Local kernel]:"
"\"AMFlow: integration contour generated in 0s.\"\n"
"From KernelObject[1, Local kernel]:"
"\"AMFlow: solving near eta = Infinity...\"\n"
"From KernelObject[1, Local kernel]:"
"\"CalcTaylor: current region\" -> 53/4999999950\n"
"From KernelObject[2, Local kernel]:"
"\"boundary condition test\" -> {2, 0, 9.523809470849864*^7}\n"
"From KernelObject[1, Local kernel]:"
"\"block\" -> {1}\n"
"From KernelObject[4, Local kernel]:"
"\"boundary condition test\" -> {2, 0, 9.900990042278434*^7}\n"
"From KernelObject[3, Local kernel]:"
"\"boundary condition test\" -> {2, 0, 9.708737809268726*^7}\n"
"From KernelObject[2, Local kernel]:"
"\"block\" -> {3}\n"
"From KernelObject[4, Local kernel]:"
"\"block\" -> {3}\n"
"From KernelObject[3, Local kernel]:"
"\"block\" -> {3}\n"
"From KernelObject[1, Local kernel]:"
"\"boundary condition inserted\" -> {1, 0, 9.433962212089756*^7}\n"
"From KernelObject[1, Local kernel]:"
"\"block\" -> {2}\n"
"From KernelObject[4, Local kernel]:"
"\"boundary condition test\" -> {3, 0, 0.}\n"
"From KernelObject[3, Local kernel]:"
"\"boundary condition test\" -> {3, 0, 0.}\n"
"From KernelObject[4, Local kernel]:"
"\"block\" -> {4}\n"
"From KernelObject[3, Local kernel]:"
"\"block\" -> {4}\n"
"From KernelObject[2, Local kernel]:"
"\"boundary condition test\" -> {3, 0, 0.}\n"
"From KernelObject[2, Local kernel]:"
"\"block\" -> {4}\n"
"From KernelObject[1, Local kernel]:"
"\"boundary condition test\" -> {2, 0, 9.433962212089756*^7}\n"
"From KernelObject[1, Local kernel]:"
"\"block\" -> {3}\n"
"From KernelObject[4, Local kernel]:"
"\"boundary condition test\" -> {4, 0, 9.900990042278434*^7}\n"
"From KernelObject[1, Local kernel]:"
"\"boundary condition test\" -> {3, 0, 0.}\n"
"From KernelObject[1, Local kernel]:"
"\"block\" -> {4}\n"
"From KernelObject[4, Local kernel]:"
"\"block\" -> {5}\n"
"From KernelObject[3, Local kernel]:"
"\"boundary condition test\" -> {4, 0, 9.708737809268726*^7}\n"
"From KernelObject[3, Local kernel]:"
"\"block\" -> {5}\n"
"From KernelObject[2, Local kernel]:"
"\"boundary condition test\" -> {4, 0, 9.523809470849864*^7}\n"
"From KernelObject[2, Local kernel]:"
"\"block\" -> {5}\n"
"From KernelObject[4, Local kernel]:"
"\"boundary condition test\" -> {5, 0, 9.900990042278434*^7}\n"
"From KernelObject[1, Local kernel]:"
"\"boundary condition test\" -> {4, 0, 9.433962212089756*^7}\n"
"From KernelObject[4, Local kernel]:"
"\"CalcTaylor: current region\" -> 0\n"
"From KernelObject[1, Local kernel]:"
"\"block\" -> {5}\n"
"From KernelObject[4, Local kernel]:"
"\"block\" -> {1}\n"
"From KernelObject[3, Local kernel]:"
"\"boundary condition test\" -> {5, 0, 9.708737809268726*^7}\n"
"From KernelObject[2, Local kernel]:"
"\"boundary condition test\" -> {5, 0, 9.523809470849864*^7}\n"
"From KernelObject[3, Local kernel]:"
"\"CalcTaylor: current region\" -> 0\n"
"From KernelObject[2, Local kernel]:"
"\"CalcTaylor: current region\" -> 0\n"
"From KernelObject[4, Local kernel]:"
"\"boundary condition test\" -> {1, 0, 0.}\n"
"From KernelObject[3, Local kernel]:"
"\"block\" -> {1}\n"
"From KernelObject[2, Local kernel]:"
"\"block\" -> {1}\n"
"From KernelObject[4, Local kernel]:"
"\"block\" -> {2}\n"
"From KernelObject[3, Local kernel]:"
"\"boundary condition test\" -> {1, 0, 0.}\n"
"From KernelObject[1, Local kernel]:"
"\"boundary condition test\" -> {5, 0, 9.433962212089756*^7}\n"
"From KernelObject[4, Local kernel]:"
"\"boundary condition test\" -> {2, 0, 0.}\n"
"From KernelObject[3, Local kernel]:"
"\"block\" -> {2}\n"
"From KernelObject[1, Local kernel]:"
"\"CalcTaylor: current region\" -> 0\n"
"From KernelObject[4, Local kernel]:"
"\"block\" -> {3}\n"
"From KernelObject[2, Local kernel]:"
"\"boundary condition test\" -> {1, 0, 0.}\n"
"From KernelObject[1, Local kernel]:"
"\"block\" -> {1}\n"
"From KernelObject[2, Local kernel]:"
"\"block\" -> {2}\n"
"From KernelObject[4, Local kernel]:"
"\"boundary condition inserted\" -> {3, 0, 9.900989410956408*^7 + 3.1415858000194854*I}\n"
"From KernelObject[4, Local kernel]:"
"\"block\" -> {4}\n"
"From KernelObject[3, Local kernel]:"
"\"boundary condition test\" -> {2, 0, 0.}\n"
"From KernelObject[3, Local kernel]:"
"\"block\" -> {3}\n"
"From KernelObject[1, Local kernel]:"
"\"boundary condition test\" -> {1, 0, 0.}\n"
"From KernelObject[2, Local kernel]:"
"\"boundary condition test\" -> {2, 0, 0.}\n"
"From KernelObject[1, Local kernel]:"
"\"block\" -> {2}\n"
"From KernelObject[2, Local kernel]:"
"\"block\" -> {3}\n"
"From KernelObject[3, Local kernel]:"
"\"boundary condition inserted\" -> {3, 0, 9.7087371779467*^7 + 3.1415857963184233*I}\n"
"From KernelObject[4, Local kernel]:"
"\"boundary condition test\" -> {4, 0, -9.900989410956408*^7 - 3.1415858000194854*I}\n"
"From KernelObject[3, Local kernel]:"
"\"block\" -> {4}\n"
"From KernelObject[2, Local kernel]:"
"\"boundary condition inserted\" -> {3, 0, 9.523808839527838*^7 + 3.141585792617361*I}\n"
"From KernelObject[4, Local kernel]:"
"\"block\" -> {5}\n"
"From KernelObject[2, Local kernel]:"
"\"block\" -> {4}\n"
"From KernelObject[4, Local kernel]:"
"\"boundary condition test\" -> {5, 0, -6.535306344230085*^12 + 4.3361343568455115*^7*I}\n"
"From KernelObject[3, Local kernel]:"
"\"boundary condition test\" -> {4, 0, -9.7087371779467*^7 - 3.1415857963184233*I}\n"
"From KernelObject[2, Local kernel]:"
"\"boundary condition test\" -> {4, 0, -9.523808839527838*^7 - 3.141585792617361*I}\n"
"From KernelObject[1, Local kernel]:"
"\"boundary condition test\" -> {2, 0, 0.}\n"
"From KernelObject[4, Local kernel]:"
"\"AMFlow: Infinity solved in 0s.\"\n"
"From KernelObject[3, Local kernel]:"
"\"block\" -> {5}\n"
"From KernelObject[2, Local kernel]:"
"\"block\" -> {5}\n"
"From KernelObject[1, Local kernel]:"
"\"block\" -> {3}\n"
"From KernelObject[4, Local kernel]:"
"\"AMFlow: running among regular points...\"\n"
"From KernelObject[1, Local kernel]:"
"\"boundary condition inserted\" -> {3, 0, 9.43396158076773*^7 + 3.1415857907668303*I}\n"
"From KernelObject[4, Local kernel]:"
"\"current regular point\" -> 0. - 3180.000000227044*I\n"
"From KernelObject[1, Local kernel]:"
"\"block\" -> {4}\n"
"From KernelObject[1, Local kernel]:"
"\"boundary condition test\" -> {4, 0, -9.43396158076773*^7 - 3.1415857907668303*I}\n"
"From KernelObject[3, Local kernel]:"
"\"boundary condition test\" -> {5, 0, -6.283972090893163*^12 + 4.168980839235016*^7*I}\n"
"From KernelObject[1, Local kernel]:"
"\"block\" -> {5}\n"
"From KernelObject[3, Local kernel]:"
"\"AMFlow: Infinity solved in 1s.\"\n"
"From KernelObject[3, Local kernel]:"
"\"AMFlow: running among regular points...\"\n"
"From KernelObject[3, Local kernel]:"
"\"current regular point\" -> 0. - 3180.000000227044*I\n"
"From KernelObject[2, Local kernel]:"
"\"boundary condition test\" -> {5, 0, -6.0468625675356045*^12 + 4.011295135847685*^7*I}\n"
"From KernelObject[4, Local kernel]:"
"\"current regular point\" -> 0. - 1589.9916385002102*I\n"
"From KernelObject[1, Local kernel]:"
"\"boundary condition test\" -> {5, 0, -5.933308984912538*^12 + 3.935780922691696*^7*I}\n"
"From KernelObject[2, Local kernel]:"
"\"AMFlow: Infinity solved in 1s.\"\n"
"From KernelObject[2, Local kernel]:"
"\"AMFlow: running among regular points...\"\n"
"From KernelObject[1, Local kernel]:"
"\"AMFlow: Infinity solved in 1s.\"\n"
"From KernelObject[2, Local kernel]:"
"\"current regular point\" -> 0. - 3180.000000227044*I\n"
"From KernelObject[1, Local kernel]:"
"\"AMFlow: running among regular points...\"\n"
"From KernelObject[1, Local kernel]:"
"\"current regular point\" -> 0. - 3180.000000227044*I\n"
"From KernelObject[3, Local kernel]:"
"\"current regular point\" -> 0. - 1589.9916385002102*I\n"
"From KernelObject[4, Local kernel]:"
"\"current regular point\" -> 0. - 794.9795960623519*I\n"
"From KernelObject[1, Local kernel]:"
"\"current regular point\" -> 0. - 1589.9916385002102*I\n"
"From KernelObject[2, Local kernel]:"
"\"current regular point\" -> 0. - 1589.9916385002102*I\n"
"From KernelObject[3, Local kernel]:"
"\"current regular point\" -> 0. - 794.9795960623519*I\n"
"From KernelObject[4, Local kernel]:"
"\"current regular point\" -> 0. - 397.45785196661933*I\n"
"From KernelObject[3, Local kernel]:"
"\"current regular point\" -> 0. - 397.45785196661933*I\n"
"From KernelObject[2, Local kernel]:"
"\"current regular point\" -> 0. - 794.9795960623519*I\n"
"From KernelObject[1, Local kernel]:"
"\"current regular point\" -> 0. - 794.9795960623519*I\n"
"From KernelObject[4, Local kernel]:"
"\"current regular point\" -> 0. - 198.66553634135238*I\n"
"From KernelObject[2, Local kernel]:"
"\"current regular point\" -> 0. - 397.45785196661933*I\n"
"From KernelObject[3, Local kernel]:"
"\"current regular point\" -> 0. - 198.66553634135238*I\n"
"From KernelObject[1, Local kernel]:"
"\"current regular point\" -> 0. - 397.45785196661933*I\n"
"From KernelObject[4, Local kernel]:"
"\"current regular point\" -> 0. - 99.20650876985704*I\n"
"From KernelObject[2, Local kernel]:"
"\"current regular point\" -> 0. - 198.66553634135238*I\n"
"From KernelObject[3, Local kernel]:"
"\"current regular point\" -> 0. - 99.20650876985704*I\n"
"From KernelObject[1, Local kernel]:"
"\"current regular point\" -> 0. - 198.66553634135238*I\n"
"From KernelObject[4, Local kernel]:"
"\"current regular point\" -> 0. - 49.35139419692364*I\n"
"From KernelObject[2, Local kernel]:"
"\"current regular point\" -> 0. - 99.20650876985704*I\n"
"From KernelObject[3, Local kernel]:"
"\"current regular point\" -> 0. - 49.35139419692364*I\n"
"From KernelObject[1, Local kernel]:"
"\"current regular point\" -> 0. - 99.20650876985704*I\n"
"From KernelObject[4, Local kernel]:"
"\"current regular point\" -> 0. - 24.173731413374103*I\n"
"From KernelObject[2, Local kernel]:"
"\"current regular point\" -> 0. - 49.35139419692364*I\n"
"From KernelObject[3, Local kernel]:"
"\"current regular point\" -> 0. - 24.173731413374103*I\n"
"From KernelObject[1, Local kernel]:"
"\"current regular point\" -> 0. - 49.35139419692364*I\n"
"From KernelObject[4, Local kernel]:"
"\"current regular point\" -> 0. - 11.093042986261631*I\n"
"From KernelObject[2, Local kernel]:"
"\"current regular point\" -> 0. - 24.173731413374103*I\n"
"From KernelObject[3, Local kernel]:"
"\"current regular point\" -> 0. - 11.093042986261631*I\n"
"From KernelObject[1, Local kernel]:"
"\"current regular point\" -> 0. - 24.173731413374103*I\n"
"From KernelObject[4, Local kernel]:"
"\"AMFlow: regular running finished in 1s.\"\n"
"From KernelObject[4, Local kernel]:"
"\"AMFlow: solving near the last point...\"\n"
"From KernelObject[4, Local kernel]:"
"\"NormalizeMat finished in 0s.\"\n"
"From KernelObject[4, Local kernel]:"
"\"LearnXOrder is negative. skip learning phase.\"\n"
"From KernelObject[4, Local kernel]:"
"\"block\" -> {1}\n"
"From KernelObject[4, Local kernel]:"
"\"behavior\" -> {{0, 0}}\n"
"From KernelObject[4, Local kernel]:"
"\"number of constraints and variables\" -> {1, 1}\n"
"From KernelObject[4, Local kernel]:"
"\"block\" -> {2}\n"
"From KernelObject[2, Local kernel]:"
"\"current regular point\" -> 0. - 11.093042986261631*I\n"
"From KernelObject[4, Local kernel]:"
"\"behavior\" -> {{0, 1}}\n"
"From KernelObject[3, Local kernel]:"
"\"AMFlow: regular running finished in 1s.\"\n"
"From KernelObject[3, Local kernel]:"
"\"AMFlow: solving near the last point...\"\n"
"From KernelObject[1, Local kernel]:"
"\"current regular point\" -> 0. - 11.093042986261631*I\n"
"From KernelObject[3, Local kernel]:"
"\"NormalizeMat finished in 0s.\"\n"
"From KernelObject[3, Local kernel]:"
"\"LearnXOrder is negative. skip learning phase.\"\n"
"From KernelObject[3, Local kernel]:"
"\"block\" -> {1}\n"
"From KernelObject[3, Local kernel]:"
"\"behavior\" -> {{0, 0}}\n"
"From KernelObject[3, Local kernel]:"
"\"number of constraints and variables\" -> {1, 1}\n"
"From KernelObject[3, Local kernel]:"
"\"block\" -> {2}\n"
"From KernelObject[4, Local kernel]:"
"\"number of constraints and variables\" -> {1, 1}\n"
"From KernelObject[3, Local kernel]:"
"\"behavior\" -> {{0, 1}}\n"
"From KernelObject[4, Local kernel]:"
"\"block\" -> {3}\n"
"From KernelObject[4, Local kernel]:"
"\"behavior\" -> {{0, 0}}\n"
"From KernelObject[2, Local kernel]:"
"\"AMFlow: regular running finished in 1s.\"\n"
"From KernelObject[2, Local kernel]:"
"\"AMFlow: solving near the last point...\"\n"
"From KernelObject[4, Local kernel]:"
"\"number of constraints and variables\" -> {1, 1}\n"
"From KernelObject[2, Local kernel]:"
"\"NormalizeMat finished in 0s.\"\n"
"From KernelObject[4, Local kernel]:"
"\"block\" -> {4}\n"
"From KernelObject[2, Local kernel]:"
"\"LearnXOrder is negative. skip learning phase.\"\n"
"From KernelObject[1, Local kernel]:"
"\"AMFlow: regular running finished in 1s.\"\n"
"From KernelObject[4, Local kernel]:"
"\"behavior\" -> {{0, 1}}\n"
"From KernelObject[2, Local kernel]:"
"\"block\" -> {1}\n"
"From KernelObject[1, Local kernel]:"
"\"AMFlow: solving near the last point...\"\n"
"From KernelObject[2, Local kernel]:"
"\"behavior\" -> {{0, 0}}\n"
"From KernelObject[1, Local kernel]:"
"\"NormalizeMat finished in 0s.\"\n"
"From KernelObject[2, Local kernel]:"
"\"number of constraints and variables\" -> {1, 1}\n"
"From KernelObject[1, Local kernel]:"
"\"LearnXOrder is negative. skip learning phase.\"\n"
"From KernelObject[3, Local kernel]:"
"\"number of constraints and variables\" -> {1, 1}\n"
"From KernelObject[2, Local kernel]:"
"\"block\" -> {2}\n"
"From KernelObject[1, Local kernel]:"
"\"block\" -> {1}\n"
"From KernelObject[3, Local kernel]:"
"\"block\" -> {3}\n"
"From KernelObject[2, Local kernel]:"
"\"behavior\" -> {{0, 1}}\n"
"From KernelObject[1, Local kernel]:"
"\"behavior\" -> {{0, 0}}\n"
"From KernelObject[3, Local kernel]:"
"\"behavior\" -> {{0, 0}}\n"
"From KernelObject[1, Local kernel]:"
"\"number of constraints and variables\" -> {1, 1}\n"
"From KernelObject[1, Local kernel]:"
"\"block\" -> {2}\n"
"From KernelObject[3, Local kernel]:"
"\"number of constraints and variables\" -> {1, 1}\n"
"From KernelObject[1, Local kernel]:"
"\"behavior\" -> {{0, 1}}\n"
"From KernelObject[3, Local kernel]:"
"\"block\" -> {4}\n"
"From KernelObject[3, Local kernel]:"
"\"behavior\" -> {{0, 1}}\n"
"From KernelObject[4, Local kernel]:"
"\"number of constraints and variables\" -> {1, 1}\n"
"From KernelObject[2, Local kernel]:"
"\"number of constraints and variables\" -> {1, 1}\n"
"From KernelObject[4, Local kernel]:"
"\"block\" -> {5}\n"
"From KernelObject[2, Local kernel]:"
"\"block\" -> {3}\n"
"From KernelObject[4, Local kernel]:"
"\"behavior\" -> {{0, 2}}\n"
"From KernelObject[2, Local kernel]:"
"\"behavior\" -> {{0, 0}}\n"
"From KernelObject[1, Local kernel]:"
"\"number of constraints and variables\" -> {1, 1}\n"
"From KernelObject[1, Local kernel]:"
"\"block\" -> {3}\n"
"From KernelObject[2, Local kernel]:"
"\"number of constraints and variables\" -> {1, 1}\n"
"From KernelObject[1, Local kernel]:"
"\"behavior\" -> {{0, 0}}\n"
"From KernelObject[2, Local kernel]:"
"\"block\" -> {4}\n"
"From KernelObject[2, Local kernel]:"
"\"behavior\" -> {{0, 1}}\n"
"From KernelObject[1, Local kernel]:"
"\"number of constraints and variables\" -> {1, 1}\n"
"From KernelObject[3, Local kernel]:"
"\"number of constraints and variables\" -> {1, 1}\n"
"From KernelObject[1, Local kernel]:"
"\"block\" -> {4}\n"
"From KernelObject[3, Local kernel]:"
"\"block\" -> {5}\n"
"From KernelObject[1, Local kernel]:"
"\"behavior\" -> {{0, 1}}\n"
"From KernelObject[3, Local kernel]:"
"\"behavior\" -> {{0, 2}}\n"
"From KernelObject[2, Local kernel]:"
"\"number of constraints and variables\" -> {1, 1}\n"
"From KernelObject[2, Local kernel]:"
"\"block\" -> {5}\n"
"From KernelObject[2, Local kernel]:"
"\"behavior\" -> {{0, 2}}\n"
"From KernelObject[1, Local kernel]:"
"\"number of constraints and variables\" -> {1, 1}\n"
"From KernelObject[4, Local kernel]:"
"\"number of constraints and variables\" -> {1, 1}\n"
"From KernelObject[1, Local kernel]:"
"\"block\" -> {5}\n"
"From KernelObject[4, Local kernel]:"
"\"AMFlow: last point solved in 0s.\"\n"
"From KernelObject[1, Local kernel]:"
"\"behavior\" -> {{0, 2}}\n"
"From KernelObject[4, Local kernel]:"
"\"system cleared: DESolver`$InternalSystem\"\n"
"From KernelObject[4, Local kernel]:"
"\"AMFlow: finished in 3s.\"\n"
"From KernelObject[4, Local kernel]:"
"DESolver`SetGlobalOptions -> {\"WorkingPre\" -> 100, \"ChopPre\" -> 20, \"SilentMode\" -> False, \"RationalizePre\" -> 20}\n"
"From KernelObject[4, Local kernel]:"
"DESolver`SetExpansionOptions -> {\"XOrder\" -> 100, \"ExtraXOrder\" -> 20, \"LearnXOrder\" -> -1, \"TestXOrder\" -> 5}\n"
"From KernelObject[4, Local kernel]:"
"DESolver`SetRunningOptions -> {\"RunRadius\" -> 2, \"RunLength\" -> 200, \"RunCandidate\" -> 10, \"RunDirection\" -> \"NegIm\"}\n"
"From KernelObject[4, Local kernel]:"
"DESolver`SetGlobalOptions -> {\"WorkingPre\" -> 192, \"ChopPre\" -> 20, \"SilentMode\" -> False, \"RationalizePre\" -> 20}\n"
"From KernelObject[3, Local kernel]:"
"\"number of constraints and variables\" -> {1, 1}\n"
"From KernelObject[4, Local kernel]:"
"DESolver`SetExpansionOptions -> {\"XOrder\" -> 384, \"ExtraXOrder\" -> 20, \"LearnXOrder\" -> -1, \"TestXOrder\" -> 5}\n"
"From KernelObject[3, Local kernel]:"
"\"AMFlow: last point solved in 0s.\"\n"
"From KernelObject[4, Local kernel]:"
"DESolver`SetRunningOptions -> {\"RunRadius\" -> 2, \"RunLength\" -> 200, \"RunCandidate\" -> 10, \"RunDirection\" -> \"NegIm\"}\n"
"From KernelObject[3, Local kernel]:"
"\"system cleared: DESolver`$InternalSystem\"\n"
"From KernelObject[4, Local kernel]:"
"\"AMFlow: start.\"\n"
"From KernelObject[3, Local kernel]:"
"\"AMFlow: finished in 3s.\"\n"
"From KernelObject[4, Local kernel]:"
"\"system loaded: DESolver`$InternalSystem\\nDE[DESolver`$InternalSystem] -- differential equation in matrix form\\nBC[DESolver`$InternalSystem] -- boundary conditions either in singular form or in regular form\\nP[DESolver`$InternalSystem] -- boundary point\\nAsyExp[DESolver`$InternalSystem] -- asymptotic expansion near a singular point (currently it is Null)\\nintegrals: 5, blocks: 5, density: 0.4, degrees: {1, 4}\"\n"
"From KernelObject[3, Local kernel]:"
"DESolver`SetGlobalOptions -> {\"WorkingPre\" -> 100, \"ChopPre\" -> 20, \"SilentMode\" -> False, \"RationalizePre\" -> 20}\n"
"From KernelObject[3, Local kernel]:"
"DESolver`SetExpansionOptions -> {\"XOrder\" -> 100, \"ExtraXOrder\" -> 20, \"LearnXOrder\" -> -1, \"TestXOrder\" -> 5}\n"
"From KernelObject[3, Local kernel]:"
"DESolver`SetRunningOptions -> {\"RunRadius\" -> 2, \"RunLength\" -> 200, \"RunCandidate\" -> 10, \"RunDirection\" -> \"NegIm\"}\n"
"From KernelObject[3, Local kernel]:"
"DESolver`SetGlobalOptions -> {\"WorkingPre\" -> 192, \"ChopPre\" -> 20, \"SilentMode\" -> False, \"RationalizePre\" -> 20}\n"
"From KernelObject[3, Local kernel]:"
"DESolver`SetExpansionOptions -> {\"XOrder\" -> 384, \"ExtraXOrder\" -> 20, \"LearnXOrder\" -> -1, \"TestXOrder\" -> 5}\n"
"From KernelObject[3, Local kernel]:"
"DESolver`SetRunningOptions -> {\"RunRadius\" -> 2, \"RunLength\" -> 200, \"RunCandidate\" -> 10, \"RunDirection\" -> \"NegIm\"}\n"
"From KernelObject[4, Local kernel]:"
"\"AMFlow: integrals will be evaluated at 10 regular points\" -> {0. - 3180.000000227044*I, 0. - 1589.9916385002102*I, 0. - 794.9795960623519*I, 0. - 397.45785196661933*I, 0. - 198.6655363413524*I, 0. - 99.20650876985704*I, 0. - 49.35139419692364*I, 0. - 24.173731413374103*I, 0. - 11.093042986261631*I, 0. - 5.000000025*I}\n"
"From KernelObject[3, Local kernel]:"
"\"AMFlow: start.\"\n"
"From KernelObject[2, Local kernel]:"
"\"number of constraints and variables\" -> {1, 1}\n"
"From KernelObject[4, Local kernel]:"
"\"AMFlow: integration contour generated in 0s.\"\n"
"From KernelObject[3, Local kernel]:"
"\"system loaded: DESolver`$InternalSystem\\nDE[DESolver`$InternalSystem] -- differential equation in matrix form\\nBC[DESolver`$InternalSystem] -- boundary conditions either in singular form or in regular form\\nP[DESolver`$InternalSystem] -- boundary point\\nAsyExp[DESolver`$InternalSystem] -- asymptotic expansion near a singular point (currently it is Null)\\nintegrals: 5, blocks: 5, density: 0.4, degrees: {1, 4}\"\n"
"From KernelObject[4, Local kernel]:"
"\"AMFlow: solving near eta = Infinity...\"\n"
"From KernelObject[2, Local kernel]:"
"\"AMFlow: last point solved in 0s.\"\n"
"From KernelObject[4, Local kernel]:"
"\"CalcTaylor: current region\" -> 17/1666666650\n"
"From KernelObject[2, Local kernel]:"
"\"system cleared: DESolver`$InternalSystem\"\n"
"From KernelObject[4, Local kernel]:"
"\"block\" -> {1}\n"
"From KernelObject[2, Local kernel]:"
"\"AMFlow: finished in 3s.\"\n"
"From KernelObject[1, Local kernel]:"
"\"number of constraints and variables\" -> {1, 1}\n"
"From KernelObject[1, Local kernel]:"
"\"AMFlow: last point solved in 0s.\"\n"
"From KernelObject[2, Local kernel]:"
"DESolver`SetGlobalOptions -> {\"WorkingPre\" -> 100, \"ChopPre\" -> 20, \"SilentMode\" -> False, \"RationalizePre\" -> 20}\n"
"From KernelObject[1, Local kernel]:"
"\"system cleared: DESolver`$InternalSystem\"\n"
"From KernelObject[3, Local kernel]:"
"\"AMFlow: integrals will be evaluated at 10 regular points\" -> {0. - 3180.000000227044*I, 0. - 1589.9916385002102*I, 0. - 794.9795960623519*I, 0. - 397.45785196661933*I, 0. - 198.6655363413524*I, 0. - 99.20650876985704*I, 0. - 49.35139419692364*I, 0. - 24.173731413374103*I, 0. - 11.093042986261631*I, 0. - 5.000000025*I}\n"
"From KernelObject[2, Local kernel]:"
"DESolver`SetExpansionOptions -> {\"XOrder\" -> 100, \"ExtraXOrder\" -> 20, \"LearnXOrder\" -> -1, \"TestXOrder\" -> 5}\n"
"From KernelObject[1, Local kernel]:"
"\"AMFlow: finished in 3s.\"\n"
"From KernelObject[4, Local kernel]:"
"\"boundary condition inserted\" -> {1, 0, 9.80392151286667*^7}\n"
"From KernelObject[3, Local kernel]:"
"\"AMFlow: integration contour generated in 0s.\"\n"
"From KernelObject[2, Local kernel]:"
"DESolver`SetRunningOptions -> {\"RunRadius\" -> 2, \"RunLength\" -> 200, \"RunCandidate\" -> 10, \"RunDirection\" -> \"NegIm\"}\n"
"From KernelObject[3, Local kernel]:"
"\"AMFlow: solving near eta = Infinity...\"\n"
"From KernelObject[2, Local kernel]:"
"DESolver`SetGlobalOptions -> {\"WorkingPre\" -> 192, \"ChopPre\" -> 20, \"SilentMode\" -> False, \"RationalizePre\" -> 20}\n"
"From KernelObject[1, Local kernel]:"
"DESolver`SetGlobalOptions -> {\"WorkingPre\" -> 100, \"ChopPre\" -> 20, \"SilentMode\" -> False, \"RationalizePre\" -> 20}\n"
"From KernelObject[4, Local kernel]:"
"\"block\" -> {2}\n"
"From KernelObject[3, Local kernel]:"
"\"CalcTaylor: current region\" -> 26/2499999975\n"
"From KernelObject[2, Local kernel]:"
"DESolver`SetExpansionOptions -> {\"XOrder\" -> 384, \"ExtraXOrder\" -> 20, \"LearnXOrder\" -> -1, \"TestXOrder\" -> 5}\n"
"From KernelObject[1, Local kernel]:"
"DESolver`SetExpansionOptions -> {\"XOrder\" -> 100, \"ExtraXOrder\" -> 20, \"LearnXOrder\" -> -1, \"TestXOrder\" -> 5}\n"
"From KernelObject[3, Local kernel]:"
"\"block\" -> {1}\n"
"From KernelObject[2, Local kernel]:"
"DESolver`SetRunningOptions -> {\"RunRadius\" -> 2, \"RunLength\" -> 200, \"RunCandidate\" -> 10, \"RunDirection\" -> \"NegIm\"}\n"
"From KernelObject[1, Local kernel]:"
"DESolver`SetRunningOptions -> {\"RunRadius\" -> 2, \"RunLength\" -> 200, \"RunCandidate\" -> 10, \"RunDirection\" -> \"NegIm\"}\n"
"From KernelObject[2, Local kernel]:"
"\"AMFlow: start.\"\n"
"From KernelObject[1, Local kernel]:"
"DESolver`SetGlobalOptions -> {\"WorkingPre\" -> 192, \"ChopPre\" -> 20, \"SilentMode\" -> False, \"RationalizePre\" -> 20}\n"
"From KernelObject[2, Local kernel]:"
"\"system loaded: DESolver`$InternalSystem\\nDE[DESolver`$InternalSystem] -- differential equation in matrix form\\nBC[DESolver`$InternalSystem] -- boundary conditions either in singular form or in regular form\\nP[DESolver`$InternalSystem] -- boundary point\\nAsyExp[DESolver`$InternalSystem] -- asymptotic expansion near a singular point (currently it is Null)\\nintegrals: 5, blocks: 5, density: 0.4, degrees: {1, 4}\"\n"
"From KernelObject[1, Local kernel]:"
"DESolver`SetExpansionOptions -> {\"XOrder\" -> 384, \"ExtraXOrder\" -> 20, \"LearnXOrder\" -> -1, \"TestXOrder\" -> 5}\n"
"From KernelObject[1, Local kernel]:"
"DESolver`SetRunningOptions -> {\"RunRadius\" -> 2, \"RunLength\" -> 200, \"RunCandidate\" -> 10, \"RunDirection\" -> \"NegIm\"}\n"
"From KernelObject[3, Local kernel]:"
"\"boundary condition inserted\" -> {1, 0, 9.615384561509204*^7}\n"
"From KernelObject[1, Local kernel]:"
"\"AMFlow: start.\"\n"
"From KernelObject[4, Local kernel]:"
"\"boundary condition test\" -> {2, 0, 9.80392151286667*^7}\n"
"From KernelObject[3, Local kernel]:"
"\"block\" -> {2}\n"
"From KernelObject[1, Local kernel]:"
"\"system loaded: DESolver`$InternalSystem\\nDE[DESolver`$InternalSystem] -- differential equation in matrix form\\nBC[DESolver`$InternalSystem] -- boundary conditions either in singular form or in regular form\\nP[DESolver`$InternalSystem] -- boundary point\\nAsyExp[DESolver`$InternalSystem] -- asymptotic expansion near a singular point (currently it is Null)\\nintegrals: 5, blocks: 5, density: 0.4, degrees: {1, 4}\"\n"
"From KernelObject[4, Local kernel]:"
"\"block\" -> {3}\n"
"From KernelObject[4, Local kernel]:"
"\"boundary condition test\" -> {3, 0, 0.}\n"
"From KernelObject[3, Local kernel]:"
"\"boundary condition test\" -> {2, 0, 9.615384561509204*^7}\n"
"From KernelObject[2, Local kernel]:"
"\"AMFlow: integrals will be evaluated at 10 regular points\" -> {0. - 3180.000000227044*I, 0. - 1589.9916385002102*I, 0. - 794.9795960623519*I, 0. - 397.45785196661933*I, 0. - 198.6655363413524*I, 0. - 99.20650876985704*I, 0. - 49.35139419692364*I, 0. - 24.173731413374103*I, 0. - 11.093042986261631*I, 0. - 5.000000025*I}\n"
"From KernelObject[4, Local kernel]:"
"\"block\" -> {4}\n"
"From KernelObject[3, Local kernel]:"
"\"block\" -> {3}\n"
"From KernelObject[2, Local kernel]:"
"\"AMFlow: integration contour generated in 0s.\"\n"
"From KernelObject[2, Local kernel]:"
"\"AMFlow: solving near eta = Infinity...\"\n"
"From KernelObject[2, Local kernel]:"
"\"CalcTaylor: current region\" -> 107/9999999900\n"
"From KernelObject[1, Local kernel]:"
"\"AMFlow: integrals will be evaluated at 10 regular points\" -> {0. - 3180.000000227044*I, 0. - 1589.9916385002102*I, 0. - 794.9795960623519*I, 0. - 397.45785196661933*I, 0. - 198.6655363413524*I, 0. - 99.20650876985704*I, 0. - 49.35139419692364*I, 0. - 24.173731413374103*I, 0. - 11.093042986261631*I, 0. - 5.000000025*I}\n"
"From KernelObject[2, Local kernel]:"
"\"block\" -> {1}\n"
"From KernelObject[1, Local kernel]:"
"\"AMFlow: integration contour generated in 0s.\"\n"
"From KernelObject[1, Local kernel]:"
"\"AMFlow: solving near eta = Infinity...\"\n"
"From KernelObject[3, Local kernel]:"
"\"boundary condition test\" -> {3, 0, 0.}\n"
"From KernelObject[1, Local kernel]:"
"\"CalcTaylor: current region\" -> 3/277777775\n"
"From KernelObject[3, Local kernel]:"
"\"block\" -> {4}\n"
"From KernelObject[2, Local kernel]:"
"\"boundary condition inserted\" -> {1, 0, 9.345794341343856*^7}\n"
"From KernelObject[1, Local kernel]:"
"\"block\" -> {1}\n"
"From KernelObject[2, Local kernel]:"
"\"block\" -> {2}\n"
"From KernelObject[4, Local kernel]:"
"\"boundary condition test\" -> {4, 0, 9.80392151286667*^7}\n"
"From KernelObject[4, Local kernel]:"
"\"block\" -> {5}\n"
"From KernelObject[1, Local kernel]:"
"\"boundary condition inserted\" -> {1, 0, 9.259259208945101*^7}\n"
"From KernelObject[1, Local kernel]:"
"\"block\" -> {2}\n"
"From KernelObject[3, Local kernel]:"
"\"boundary condition test\" -> {4, 0, 9.615384561509204*^7}\n"
"From KernelObject[2, Local kernel]:"
"\"boundary condition test\" -> {2, 0, 9.345794341343856*^7}\n"
"From KernelObject[3, Local kernel]:"
"\"block\" -> {5}\n"
"From KernelObject[2, Local kernel]:"
"\"block\" -> {3}\n"
"From KernelObject[1, Local kernel]:"
"\"boundary condition test\" -> {2, 0, 9.259259208945101*^7}\n"
"From KernelObject[4, Local kernel]:"
"\"boundary condition test\" -> {5, 0, 9.80392151286667*^7}\n"
"From KernelObject[1, Local kernel]:"
"\"block\" -> {3}\n"
"From KernelObject[4, Local kernel]:"
"\"CalcTaylor: current region\" -> 0\n"
"From KernelObject[2, Local kernel]:"
"\"boundary condition test\" -> {3, 0, 0.}\n"
"From KernelObject[4, Local kernel]:"
"\"block\" -> {1}\n"
"From KernelObject[2, Local kernel]:"
"\"block\" -> {4}\n"
"From KernelObject[1, Local kernel]:"
"\"boundary condition test\" -> {3, 0, 0.}\n"
"From KernelObject[1, Local kernel]:"
"\"block\" -> {4}\n"
"From KernelObject[3, Local kernel]:"
"\"boundary condition test\" -> {5, 0, 9.615384561509204*^7}\n"
"From KernelObject[4, Local kernel]:"
"\"boundary condition test\" -> {1, 0, 0.}\n"
"From KernelObject[3, Local kernel]:"
"\"CalcTaylor: current region\" -> 0\n"
"From KernelObject[4, Local kernel]:"
"\"block\" -> {2}\n"
"From KernelObject[3, Local kernel]:"
"\"block\" -> {1}\n"
"From KernelObject[2, Local kernel]:"
"\"boundary condition test\" -> {4, 0, 9.345794341343856*^7}\n"
"From KernelObject[2, Local kernel]:"
"\"block\" -> {5}\n"
"From KernelObject[4, Local kernel]:"
"\"boundary condition test\" -> {2, 0, 0.}\n"
"From KernelObject[3, Local kernel]:"
"\"boundary condition test\" -> {1, 0, 0.}\n"
"From KernelObject[4, Local kernel]:"
"\"block\" -> {3}\n"
"From KernelObject[3, Local kernel]:"
"\"block\" -> {2}\n"
"From KernelObject[1, Local kernel]:"
"\"boundary condition test\" -> {4, 0, 9.259259208945101*^7}\n"
"From KernelObject[1, Local kernel]:"
"\"block\" -> {5}\n"
"From KernelObject[4, Local kernel]:"
"\"boundary condition inserted\" -> {3, 0, 9.803920881544644*^7 + 3.1415857981689546*I}\n"
"From KernelObject[4, Local kernel]:"
"\"block\" -> {4}\n"
"From KernelObject[3, Local kernel]:"
"\"boundary condition test\" -> {2, 0, 0.}\n"
"From KernelObject[3, Local kernel]:"
"\"block\" -> {3}\n"
"From KernelObject[2, Local kernel]:"
"\"boundary condition test\" -> {5, 0, 9.345794341343856*^7}\n"
"From KernelObject[2, Local kernel]:"
"\"CalcTaylor: current region\" -> 0\n"
"From KernelObject[2, Local kernel]:"
"\"block\" -> {1}\n"
"From KernelObject[3, Local kernel]:"
"\"boundary condition inserted\" -> {3, 0, 9.615383930187178*^7 + 3.1415857944678924*I}\n"
"From KernelObject[1, Local kernel]:"
"\"boundary condition test\" -> {5, 0, 9.259259208945101*^7}\n"
"From KernelObject[4, Local kernel]:"
"\"boundary condition test\" -> {4, 0, -9.803920881544644*^7 - 3.1415857981689546*I}\n"
"From KernelObject[3, Local kernel]:"
"\"block\" -> {4}\n"
"From KernelObject[4, Local kernel]:"
"\"block\" -> {5}\n"
"From KernelObject[1, Local kernel]:"
"\"CalcTaylor: current region\" -> 0\n"
"From KernelObject[1, Local kernel]:"
"\"block\" -> {1}\n"
"From KernelObject[2, Local kernel]:"
"\"boundary condition test\" -> {1, 0, 0.}\n"
"From KernelObject[2, Local kernel]:"
"\"block\" -> {2}\n"
"From KernelObject[3, Local kernel]:"
"\"boundary condition test\" -> {4, 0, -9.615383930187178*^7 - 3.1415857944678924*I}\n"
"From KernelObject[1, Local kernel]:"
"\"boundary condition test\" -> {1, 0, 0.}\n"
"From KernelObject[1, Local kernel]:"
"\"block\" -> {2}\n"
"From KernelObject[3, Local kernel]:"
"\"block\" -> {5}\n"
"From KernelObject[4, Local kernel]:"
"\"boundary condition test\" -> {5, 0, -6.407791230765892*^12 + 4.2513275806238964*^7*I}\n"
"From KernelObject[2, Local kernel]:"
"\"boundary condition test\" -> {2, 0, 0.}\n"
"From KernelObject[2, Local kernel]:"
"\"block\" -> {3}\n"
"From KernelObject[4, Local kernel]:"
"\"AMFlow: Infinity solved in 0s.\"\n"
"From KernelObject[1, Local kernel]:"
"\"boundary condition test\" -> {2, 0, 0.}\n"
"From KernelObject[4, Local kernel]:"
"\"AMFlow: running among regular points...\"\n"
"From KernelObject[1, Local kernel]:"
"\"block\" -> {3}\n"
"From KernelObject[4, Local kernel]:"
"\"current regular point\" -> 0. - 3180.000000227044*I\n"
"From KernelObject[2, Local kernel]:"
"\"boundary condition inserted\" -> {3, 0, 9.34579371002183*^7 + 3.141585788916299*I}\n"
"From KernelObject[2, Local kernel]:"
"\"block\" -> {4}\n"
"From KernelObject[3, Local kernel]:"
"\"boundary condition test\" -> {5, 0, -6.163707457441088*^12 + 4.088999935103629*^7*I}\n"
"From KernelObject[1, Local kernel]:"
"\"boundary condition inserted\" -> {3, 0, 9.259258577623077*^7 + 3.141585787065768*I}\n"
"From KernelObject[1, Local kernel]:"
"\"block\" -> {4}\n"
"From KernelObject[3, Local kernel]:"
"\"AMFlow: Infinity solved in 0s.\"\n"
"From KernelObject[3, Local kernel]:"
"\"AMFlow: running among regular points...\"\n"
"From KernelObject[2, Local kernel]:"
"\"boundary condition test\" -> {4, 0, -9.34579371002183*^7 - 3.141585788916299*I}\n"
"From KernelObject[3, Local kernel]:"
"\"current regular point\" -> 0. - 3180.000000227044*I\n"
"From KernelObject[2, Local kernel]:"
"\"block\" -> {5}\n"
"From KernelObject[1, Local kernel]:"
"\"boundary condition test\" -> {4, 0, -9.259258577623077*^7 - 3.141585787065768*I}\n"
"From KernelObject[4, Local kernel]:"
"\"current regular point\" -> 0. - 1589.9916385002102*I\n"
"From KernelObject[1, Local kernel]:"
"\"block\" -> {5}\n"
"From KernelObject[2, Local kernel]:"
"\"boundary condition test\" -> {5, 0, -5.822924246822824*^12 + 3.8623757552633755*^7*I}\n"
"From KernelObject[3, Local kernel]:"
"\"current regular point\" -> 0. - 1589.9916385002102*I\n"
"From KernelObject[2, Local kernel]:"
"\"AMFlow: Infinity solved in 0s.\"\n"
"From KernelObject[2, Local kernel]:"
"\"AMFlow: running among regular points...\"\n"
"From KernelObject[1, Local kernel]:"
"\"boundary condition test\" -> {5, 0, -5.715591533716714*^12 + 3.791001851565515*^7*I}\n"
"From KernelObject[2, Local kernel]:"
"\"current regular point\" -> 0. - 3180.000000227044*I\n"
"From KernelObject[4, Local kernel]:"
"\"current regular point\" -> 0. - 794.9795960623519*I\n"
"From KernelObject[1, Local kernel]:"
"\"AMFlow: Infinity solved in 0s.\"\n"
"From KernelObject[1, Local kernel]:"
"\"AMFlow: running among regular points...\"\n"
"From KernelObject[1, Local kernel]:"
"\"current regular point\" -> 0. - 3180.000000227044*I\n"
"From KernelObject[3, Local kernel]:"
"\"current regular point\" -> 0. - 794.9795960623519*I\n"
"From KernelObject[2, Local kernel]:"
"\"current regular point\" -> 0. - 1589.9916385002102*I\n"
"From KernelObject[1, Local kernel]:"
"\"current regular point\" -> 0. - 1589.9916385002102*I\n"
"From KernelObject[4, Local kernel]:"
"\"current regular point\" -> 0. - 397.45785196661933*I\n"
"From KernelObject[2, Local kernel]:"
"\"current regular point\" -> 0. - 794.9795960623519*I\n"
"From KernelObject[3, Local kernel]:"
"\"current regular point\" -> 0. - 397.45785196661933*I\n"
"From KernelObject[4, Local kernel]:"
"\"current regular point\" -> 0. - 198.66553634135238*I\n"
"From KernelObject[1, Local kernel]:"
"\"current regular point\" -> 0. - 794.9795960623519*I\n"
"From KernelObject[2, Local kernel]:"
"\"current regular point\" -> 0. - 397.45785196661933*I\n"
"From KernelObject[3, Local kernel]:"
"\"current regular point\" -> 0. - 198.66553634135238*I\n"
"From KernelObject[4, Local kernel]:"
"\"current regular point\" -> 0. - 99.20650876985704*I\n"
"From KernelObject[1, Local kernel]:"
"\"current regular point\" -> 0. - 397.45785196661933*I\n"
"From KernelObject[2, Local kernel]:"
"\"current regular point\" -> 0. - 198.66553634135238*I\n"
"From KernelObject[3, Local kernel]:"
"\"current regular point\" -> 0. - 99.20650876985704*I\n"
"From KernelObject[4, Local kernel]:"
"\"current regular point\" -> 0. - 49.35139419692364*I\n"
"From KernelObject[1, Local kernel]:"
"\"current regular point\" -> 0. - 198.66553634135238*I\n"
"From KernelObject[2, Local kernel]:"
"\"current regular point\" -> 0. - 99.20650876985704*I\n"
"From KernelObject[3, Local kernel]:"
"\"current regular point\" -> 0. - 49.35139419692364*I\n"
"From KernelObject[4, Local kernel]:"
"\"current regular point\" -> 0. - 24.173731413374103*I\n"
"From KernelObject[1, Local kernel]:"
"\"current regular point\" -> 0. - 99.20650876985704*I\n"
"From KernelObject[2, Local kernel]:"
"\"current regular point\" -> 0. - 49.35139419692364*I\n"
"From KernelObject[3, Local kernel]:"
"\"current regular point\" -> 0. - 24.173731413374103*I\n"
"From KernelObject[4, Local kernel]:"
"\"current regular point\" -> 0. - 11.093042986261631*I\n"
"From KernelObject[1, Local kernel]:"
"\"current regular point\" -> 0. - 49.35139419692364*I\n"
"From KernelObject[2, Local kernel]:"
"\"current regular point\" -> 0. - 24.173731413374103*I\n"
"From KernelObject[4, Local kernel]:"
"\"AMFlow: regular running finished in 1s.\"\n"
"From KernelObject[3, Local kernel]:"
"\"current regular point\" -> 0. - 11.093042986261631*I\n"
"From KernelObject[4, Local kernel]:"
"\"AMFlow: solving near the last point...\"\n"
"From KernelObject[1, Local kernel]:"
"\"current regular point\" -> 0. - 24.173731413374103*I\n"
"From KernelObject[4, Local kernel]:"
"\"NormalizeMat finished in 0s.\"\n"
"From KernelObject[4, Local kernel]:"
"\"LearnXOrder is negative. skip learning phase.\"\n"
"From KernelObject[4, Local kernel]:"
"\"block\" -> {1}\n"
"From KernelObject[4, Local kernel]:"
"\"behavior\" -> {{0, 0}}\n"
"From KernelObject[4, Local kernel]:"
"\"number of constraints and variables\" -> {1, 1}\n"
"From KernelObject[4, Local kernel]:"
"\"block\" -> {2}\n"
"From KernelObject[4, Local kernel]:"
"\"behavior\" -> {{0, 1}}\n"
"From KernelObject[2, Local kernel]:"
"\"current regular point\" -> 0. - 11.093042986261631*I\n"
"From KernelObject[3, Local kernel]:"
"\"AMFlow: regular running finished in 1s.\"\n"
"From KernelObject[3, Local kernel]:"
"\"AMFlow: solving near the last point...\"\n"
"From KernelObject[1, Local kernel]:"
"\"current regular point\" -> 0. - 11.093042986261631*I\n"
"From KernelObject[3, Local kernel]:"
"\"NormalizeMat finished in 0s.\"\n"
"From KernelObject[3, Local kernel]:"
"\"LearnXOrder is negative. skip learning phase.\"\n"
"From KernelObject[4, Local kernel]:"
"\"number of constraints and variables\" -> {1, 1}\n"
"From KernelObject[3, Local kernel]:"
"\"block\" -> {1}\n"
"From KernelObject[4, Local kernel]:"
"\"block\" -> {3}\n"
"From KernelObject[3, Local kernel]:"
"\"behavior\" -> {{0, 0}}\n"
"From KernelObject[4, Local kernel]:"
"\"behavior\" -> {{0, 0}}\n"
"From KernelObject[3, Local kernel]:"
"\"number of constraints and variables\" -> {1, 1}\n"
"From KernelObject[3, Local kernel]:"
"\"block\" -> {2}\n"
"From KernelObject[4, Local kernel]:"
"\"number of constraints and variables\" -> {1, 1}\n"
"From KernelObject[3, Local kernel]:"
"\"behavior\" -> {{0, 1}}\n"
"From KernelObject[4, Local kernel]:"
"\"block\" -> {4}\n"
"From KernelObject[2, Local kernel]:"
"\"AMFlow: regular running finished in 1s.\"\n"
"From KernelObject[4, Local kernel]:"
"\"behavior\" -> {{0, 1}}\n"
"From KernelObject[2, Local kernel]:"
"\"AMFlow: solving near the last point...\"\n"
"From KernelObject[2, Local kernel]:"
"\"NormalizeMat finished in 0s.\"\n"
"From KernelObject[2, Local kernel]:"
"\"LearnXOrder is negative. skip learning phase.\"\n"
"From KernelObject[2, Local kernel]:"
"\"block\" -> {1}\n"
"From KernelObject[1, Local kernel]:"
"\"AMFlow: regular running finished in 1s.\"\n"
"From KernelObject[2, Local kernel]:"
"\"behavior\" -> {{0, 0}}\n"
"From KernelObject[1, Local kernel]:"
"\"AMFlow: solving near the last point...\"\n"
"From KernelObject[1, Local kernel]:"
"\"NormalizeMat finished in 0s.\"\n"
"From KernelObject[2, Local kernel]:"
"\"number of constraints and variables\" -> {1, 1}\n"
"From KernelObject[1, Local kernel]:"
"\"LearnXOrder is negative. skip learning phase.\"\n"
"From KernelObject[3, Local kernel]:"
"\"number of constraints and variables\" -> {1, 1}\n"
"From KernelObject[2, Local kernel]:"
"\"block\" -> {2}\n"
"From KernelObject[1, Local kernel]:"
"\"block\" -> {1}\n"
"From KernelObject[3, Local kernel]:"
"\"block\" -> {3}\n"
"From KernelObject[2, Local kernel]:"
"\"behavior\" -> {{0, 1}}\n"
"From KernelObject[1, Local kernel]:"
"\"behavior\" -> {{0, 0}}\n"
"From KernelObject[3, Local kernel]:"
"\"behavior\" -> {{0, 0}}\n"
"From KernelObject[1, Local kernel]:"
"\"number of constraints and variables\" -> {1, 1}\n"
"From KernelObject[1, Local kernel]:"
"\"block\" -> {2}\n"
"From KernelObject[4, Local kernel]:"
"\"number of constraints and variables\" -> {1, 1}\n"
"From KernelObject[3, Local kernel]:"
"\"number of constraints and variables\" -> {1, 1}\n"
"From KernelObject[1, Local kernel]:"
"\"behavior\" -> {{0, 1}}\n"
"From KernelObject[4, Local kernel]:"
"\"block\" -> {5}\n"
"From KernelObject[3, Local kernel]:"
"\"block\" -> {4}\n"
"From KernelObject[4, Local kernel]:"
"\"behavior\" -> {{0, 2}}\n"
"From KernelObject[3, Local kernel]:"
"\"behavior\" -> {{0, 1}}\n"
"From KernelObject[2, Local kernel]:"
"\"number of constraints and variables\" -> {1, 1}\n"
"From KernelObject[2, Local kernel]:"
"\"block\" -> {3}\n"
"From KernelObject[2, Local kernel]:"
"\"behavior\" -> {{0, 0}}\n"
"From KernelObject[2, Local kernel]:"
"\"number of constraints and variables\" -> {1, 1}\n"
"From KernelObject[1, Local kernel]:"
"\"number of constraints and variables\" -> {1, 1}\n"
"From KernelObject[2, Local kernel]:"
"\"block\" -> {4}\n"
"From KernelObject[1, Local kernel]:"
"\"block\" -> {3}\n"
"From KernelObject[2, Local kernel]:"
"\"behavior\" -> {{0, 1}}\n"
"From KernelObject[1, Local kernel]:"
"\"behavior\" -> {{0, 0}}\n"
"From KernelObject[1, Local kernel]:"
"\"number of constraints and variables\" -> {1, 1}\n"
"From KernelObject[3, Local kernel]:"
"\"number of constraints and variables\" -> {1, 1}\n"
"From KernelObject[1, Local kernel]:"
"\"block\" -> {4}\n"
"From KernelObject[3, Local kernel]:"
"\"block\" -> {5}\n"
"From KernelObject[1, Local kernel]:"
"\"behavior\" -> {{0, 1}}\n"
"From KernelObject[3, Local kernel]:"
"\"behavior\" -> {{0, 2}}\n"
"From KernelObject[4, Local kernel]:"
"\"number of constraints and variables\" -> {1, 1}\n"
"From KernelObject[4, Local kernel]:"
"\"AMFlow: last point solved in 0s.\"\n"
"From KernelObject[4, Local kernel]:"
"\"system cleared: DESolver`$InternalSystem\"\n"
"From KernelObject[2, Local kernel]:"
"\"number of constraints and variables\" -> {1, 1}\n"
"From KernelObject[4, Local kernel]:"
"\"AMFlow: finished in 3s.\"\n"
"From KernelObject[2, Local kernel]:"
"\"block\" -> {5}\n"
"From KernelObject[2, Local kernel]:"
"\"behavior\" -> {{0, 2}}\n"
"From KernelObject[4, Local kernel]:"
"DESolver`SetGlobalOptions -> {\"WorkingPre\" -> 100, \"ChopPre\" -> 20, \"SilentMode\" -> False, \"RationalizePre\" -> 20}\n"
"From KernelObject[4, Local kernel]:"
"DESolver`SetExpansionOptions -> {\"XOrder\" -> 100, \"ExtraXOrder\" -> 20, \"LearnXOrder\" -> -1, \"TestXOrder\" -> 5}\n"
"From KernelObject[1, Local kernel]:"
"\"number of constraints and variables\" -> {1, 1}\n"
"From KernelObject[4, Local kernel]:"
"DESolver`SetRunningOptions -> {\"RunRadius\" -> 2, \"RunLength\" -> 200, \"RunCandidate\" -> 10, \"RunDirection\" -> \"NegIm\"}\n"
"From KernelObject[1, Local kernel]:"
"\"block\" -> {5}\n"
"From KernelObject[4, Local kernel]:"
"DESolver`SetGlobalOptions -> {\"WorkingPre\" -> 192, \"ChopPre\" -> 20, \"SilentMode\" -> False, \"RationalizePre\" -> 20}\n"
"From KernelObject[1, Local kernel]:"
"\"behavior\" -> {{0, 2}}\n"
"From KernelObject[4, Local kernel]:"
"DESolver`SetExpansionOptions -> {\"XOrder\" -> 384, \"ExtraXOrder\" -> 20, \"LearnXOrder\" -> -1, \"TestXOrder\" -> 5}\n"
"From KernelObject[4, Local kernel]:"
"DESolver`SetRunningOptions -> {\"RunRadius\" -> 2, \"RunLength\" -> 200, \"RunCandidate\" -> 10, \"RunDirection\" -> \"NegIm\"}\n"
"From KernelObject[4, Local kernel]:"
"\"AMFlow: start.\"\n"
"From KernelObject[4, Local kernel]:"
"\"system loaded: DESolver`$InternalSystem\\nDE[DESolver`$InternalSystem] -- differential equation in matrix form\\nBC[DESolver`$InternalSystem] -- boundary conditions either in singular form or in regular form\\nP[DESolver`$InternalSystem] -- boundary point\\nAsyExp[DESolver`$InternalSystem] -- asymptotic expansion near a singular point (currently it is Null)\\nintegrals: 5, blocks: 5, density: 0.4, degrees: {1, 4}\"\n"
"From KernelObject[3, Local kernel]:"
"\"number of constraints and variables\" -> {1, 1}\n"
"From KernelObject[3, Local kernel]:"
"\"AMFlow: last point solved in 0s.\"\n"
"From KernelObject[3, Local kernel]:"
"\"system cleared: DESolver`$InternalSystem\"\n"
"From KernelObject[3, Local kernel]:"
"\"AMFlow: finished in 3s.\"\n"
"From KernelObject[4, Local kernel]:"
"\"AMFlow: integrals will be evaluated at 10 regular points\" -> {0. - 3180.000000227044*I, 0. - 1589.9916385002102*I, 0. - 794.9795960623519*I, 0. - 397.45785196661933*I, 0. - 198.6655363413524*I, 0. - 99.20650876985704*I, 0. - 49.35139419692364*I, 0. - 24.173731413374103*I, 0. - 11.093042986261631*I, 0. - 5.000000025*I}\n"
"From KernelObject[4, Local kernel]:"
"\"AMFlow: integration contour generated in 0s.\"\n"
"From KernelObject[3, Local kernel]:"
"DESolver`SetGlobalOptions -> {\"WorkingPre\" -> 100, \"ChopPre\" -> 20, \"SilentMode\" -> False, \"RationalizePre\" -> 20}\n"
"From KernelObject[4, Local kernel]:"
"\"AMFlow: solving near eta = Infinity...\"\n"
"From KernelObject[3, Local kernel]:"
"DESolver`SetExpansionOptions -> {\"XOrder\" -> 100, \"ExtraXOrder\" -> 20, \"LearnXOrder\" -> -1, \"TestXOrder\" -> 5}\n"
"From KernelObject[4, Local kernel]:"
"\"CalcTaylor: current region\" -> 109/9999999900\n"
"From KernelObject[3, Local kernel]:"
"DESolver`SetRunningOptions -> {\"RunRadius\" -> 2, \"RunLength\" -> 200, \"RunCandidate\" -> 10, \"RunDirection\" -> \"NegIm\"}\n"
"From KernelObject[4, Local kernel]:"
"\"block\" -> {1}\n"
"From KernelObject[3, Local kernel]:"
"DESolver`SetGlobalOptions -> {\"WorkingPre\" -> 192, \"ChopPre\" -> 20, \"SilentMode\" -> False, \"RationalizePre\" -> 20}\n"
"From KernelObject[2, Local kernel]:"
"\"number of constraints and variables\" -> {1, 1}\n"
"From KernelObject[3, Local kernel]:"
"DESolver`SetExpansionOptions -> {\"XOrder\" -> 384, \"ExtraXOrder\" -> 20, \"LearnXOrder\" -> -1, \"TestXOrder\" -> 5}\n"
"From KernelObject[2, Local kernel]:"
"\"AMFlow: last point solved in 0s.\"\n"
"From KernelObject[3, Local kernel]:"
"DESolver`SetRunningOptions -> {\"RunRadius\" -> 2, \"RunLength\" -> 200, \"RunCandidate\" -> 10, \"RunDirection\" -> \"NegIm\"}\n"
"From KernelObject[2, Local kernel]:"
"\"system cleared: DESolver`$InternalSystem\"\n"
"From KernelObject[3, Local kernel]:"
"\"AMFlow: start.\"\n"
"From KernelObject[2, Local kernel]:"
"\"AMFlow: finished in 3s.\"\n"
"From KernelObject[4, Local kernel]:"
"\"boundary condition inserted\" -> {1, 0, 9.17431187714082*^7}\n"
"From KernelObject[3, Local kernel]:"
"\"system loaded: DESolver`$InternalSystem\\nDE[DESolver`$InternalSystem] -- differential equation in matrix form\\nBC[DESolver`$InternalSystem] -- boundary conditions either in singular form or in regular form\\nP[DESolver`$InternalSystem] -- boundary point\\nAsyExp[DESolver`$InternalSystem] -- asymptotic expansion near a singular point (currently it is Null)\\nintegrals: 5, blocks: 5, density: 0.4, degrees: {1, 4}\"\n"
"From KernelObject[4, Local kernel]:"
"\"block\" -> {2}\n"
"From KernelObject[1, Local kernel]:"
"\"number of constraints and variables\" -> {1, 1}\n"
"From KernelObject[1, Local kernel]:"
"\"AMFlow: last point solved in 0s.\"\n"
"From KernelObject[1, Local kernel]:"
"\"system cleared: DESolver`$InternalSystem\"\n"
"From KernelObject[1, Local kernel]:"
"\"AMFlow: finished in 3s.\"\n"
"From KernelObject[4, Local kernel]:"
"\"boundary condition test\" -> {2, 0, 9.17431187714082*^7}\n"
"From KernelObject[4, Local kernel]:"
"\"block\" -> {3}\n"
"From KernelObject[3, Local kernel]:"
"\"AMFlow: integrals will be evaluated at 10 regular points\" -> {0. - 3180.000000227044*I, 0. - 1589.9916385002102*I, 0. - 794.9795960623519*I, 0. - 397.45785196661933*I, 0. - 198.6655363413524*I, 0. - 99.20650876985704*I, 0. - 49.35139419692364*I, 0. - 24.173731413374103*I, 0. - 11.093042986261631*I, 0. - 5.000000025*I}\n"
"From KernelObject[3, Local kernel]:"
"\"AMFlow: integration contour generated in 0s.\"\n"
"From KernelObject[3, Local kernel]:"
"\"AMFlow: solving near eta = Infinity...\"\n"
"From KernelObject[3, Local kernel]:"
"\"CalcTaylor: current region\" -> 1/90909090\n"
"From KernelObject[4, Local kernel]:"
"\"boundary condition test\" -> {3, 0, 0.}\n"
"From KernelObject[3, Local kernel]:"
"\"block\" -> {1}\n"
"From KernelObject[4, Local kernel]:"
"\"block\" -> {4}\n"
"From KernelObject[3, Local kernel]:"
"\"boundary condition inserted\" -> {1, 0, 9.090909042278434*^7}\n"
"From KernelObject[3, Local kernel]:"
"\"block\" -> {2}\n"
"From KernelObject[4, Local kernel]:"
"\"boundary condition test\" -> {4, 0, 9.17431187714082*^7}\n"
"From KernelObject[4, Local kernel]:"
"\"block\" -> {5}\n"
"From KernelObject[3, Local kernel]:"
"\"boundary condition test\" -> {2, 0, 9.090909042278434*^7}\n"
"From KernelObject[3, Local kernel]:"
"\"block\" -> {3}\n"
"From KernelObject[3, Local kernel]:"
"\"boundary condition test\" -> {3, 0, 0.}\n"
"From KernelObject[3, Local kernel]:"
"\"block\" -> {4}\n"
"From KernelObject[4, Local kernel]:"
"\"boundary condition test\" -> {5, 0, 9.17431187714082*^7}\n"
"From KernelObject[4, Local kernel]:"
"\"CalcTaylor: current region\" -> 0\n"
"From KernelObject[4, Local kernel]:"
"\"block\" -> {1}\n"
"From KernelObject[4, Local kernel]:"
"\"boundary condition test\" -> {1, 0, 0.}\n"
"From KernelObject[3, Local kernel]:"
"\"boundary condition test\" -> {4, 0, 9.090909042278434*^7}\n"
"From KernelObject[4, Local kernel]:"
"\"block\" -> {2}\n"
"From KernelObject[3, Local kernel]:"
"\"block\" -> {5}\n"
"From KernelObject[4, Local kernel]:"
"\"boundary condition test\" -> {2, 0, 0.}\n"
"From KernelObject[4, Local kernel]:"
"\"block\" -> {3}\n"
"From KernelObject[4, Local kernel]:"
"\"boundary condition inserted\" -> {3, 0, 9.174311245818795*^7 + 3.1415857852152373*I}\n"
"From KernelObject[3, Local kernel]:"
"\"boundary condition test\" -> {5, 0, 9.090909042278434*^7}\n"
"From KernelObject[4, Local kernel]:"
"\"block\" -> {4}\n"
"From KernelObject[3, Local kernel]:"
"\"CalcTaylor: current region\" -> 0\n"
"From KernelObject[3, Local kernel]:"
"\"block\" -> {1}\n"
"From KernelObject[4, Local kernel]:"
"\"boundary condition test\" -> {4, 0, -9.174311245818795*^7 - 3.1415857852152373*I}\n"
"From KernelObject[4, Local kernel]:"
"\"block\" -> {5}\n"
"From KernelObject[3, Local kernel]:"
"\"boundary condition test\" -> {1, 0, 0.}\n"
"From KernelObject[3, Local kernel]:"
"\"block\" -> {2}\n"
"From KernelObject[3, Local kernel]:"
"\"boundary condition test\" -> {2, 0, 0.}\n"
"From KernelObject[3, Local kernel]:"
"\"block\" -> {3}\n"
"From KernelObject[4, Local kernel]:"
"\"boundary condition test\" -> {5, 0, -5.611199360042841*^12 + 3.721584982014415*^7*I}\n"
"From KernelObject[3, Local kernel]:"
"\"boundary condition inserted\" -> {3, 0, 9.09090841095641*^7 + 3.141585783364706*I}\n"
"From KernelObject[4, Local kernel]:"
"\"AMFlow: Infinity solved in 0s.\"\n"
"From KernelObject[3, Local kernel]:"
"\"block\" -> {4}\n"
"From KernelObject[4, Local kernel]:"
"\"AMFlow: running among regular points...\"\n"
"From KernelObject[4, Local kernel]:"
"\"current regular point\" -> 0. - 3180.000000227044*I\n"
"From KernelObject[3, Local kernel]:"
"\"boundary condition test\" -> {4, 0, -9.09090841095641*^7 - 3.141585783364706*I}\n"
"From KernelObject[3, Local kernel]:"
"\"block\" -> {5}\n"
"From KernelObject[4, Local kernel]:"
"\"current regular point\" -> 0. - 1589.9916385002102*I\n"
"From KernelObject[3, Local kernel]:"
"\"boundary condition test\" -> {5, 0, -5.509641284633572*^12 + 3.654054276526418*^7*I}\n"
"From KernelObject[3, Local kernel]:"
"\"AMFlow: Infinity solved in 0s.\"\n"
"From KernelObject[3, Local kernel]:"
"\"AMFlow: running among regular points...\"\n"
"From KernelObject[3, Local kernel]:"
"\"current regular point\" -> 0. - 3180.000000227044*I\n"
"From KernelObject[4, Local kernel]:"
"\"current regular point\" -> 0. - 794.9795960623519*I\n"
"From KernelObject[3, Local kernel]:"
"\"current regular point\" -> 0. - 1589.9916385002102*I\n"
"From KernelObject[4, Local kernel]:"
"\"current regular point\" -> 0. - 397.45785196661933*I\n"
"From KernelObject[3, Local kernel]:"
"\"current regular point\" -> 0. - 794.9795960623519*I\n"
"From KernelObject[4, Local kernel]:"
"\"current regular point\" -> 0. - 198.66553634135238*I\n"
"From KernelObject[3, Local kernel]:"
"\"current regular point\" -> 0. - 397.45785196661933*I\n"
"From KernelObject[4, Local kernel]:"
"\"current regular point\" -> 0. - 99.20650876985704*I\n"
"From KernelObject[3, Local kernel]:"
"\"current regular point\" -> 0. - 198.66553634135238*I\n"
"From KernelObject[4, Local kernel]:"
"\"current regular point\" -> 0. - 49.35139419692364*I\n"
"From KernelObject[3, Local kernel]:"
"\"current regular point\" -> 0. - 99.20650876985704*I\n"
"From KernelObject[4, Local kernel]:"
"\"current regular point\" -> 0. - 24.173731413374103*I\n"
"From KernelObject[3, Local kernel]:"
"\"current regular point\" -> 0. - 49.35139419692364*I\n"
"From KernelObject[4, Local kernel]:"
"\"current regular point\" -> 0. - 11.093042986261631*I\n"
"From KernelObject[3, Local kernel]:"
"\"current regular point\" -> 0. - 24.173731413374103*I\n"
"From KernelObject[4, Local kernel]:"
"\"AMFlow: regular running finished in 1s.\"\n"
"From KernelObject[4, Local kernel]:"
"\"AMFlow: solving near the last point...\"\n"
"From KernelObject[4, Local kernel]:"
"\"NormalizeMat finished in 0s.\"\n"
"From KernelObject[4, Local kernel]:"
"\"LearnXOrder is negative. skip learning phase.\"\n"
"From KernelObject[4, Local kernel]:"
"\"block\" -> {1}\n"
"From KernelObject[4, Local kernel]:"
"\"behavior\" -> {{0, 0}}\n"
"From KernelObject[4, Local kernel]:"
"\"number of constraints and variables\" -> {1, 1}\n"
"From KernelObject[4, Local kernel]:"
"\"block\" -> {2}\n"
"From KernelObject[4, Local kernel]:"
"\"behavior\" -> {{0, 1}}\n"
"From KernelObject[3, Local kernel]:"
"\"current regular point\" -> 0. - 11.093042986261631*I\n"
"From KernelObject[4, Local kernel]:"
"\"number of constraints and variables\" -> {1, 1}\n"
"From KernelObject[4, Local kernel]:"
"\"block\" -> {3}\n"
"From KernelObject[4, Local kernel]:"
"\"behavior\" -> {{0, 0}}\n"
"From KernelObject[4, Local kernel]:"
"\"number of constraints and variables\" -> {1, 1}\n"
"From KernelObject[4, Local kernel]:"
"\"block\" -> {4}\n"
"From KernelObject[3, Local kernel]:"
"\"AMFlow: regular running finished in 1s.\"\n"
"From KernelObject[4, Local kernel]:"
"\"behavior\" -> {{0, 1}}\n"
"From KernelObject[3, Local kernel]:"
"\"AMFlow: solving near the last point...\"\n"
"From KernelObject[3, Local kernel]:"
"\"NormalizeMat finished in 0s.\"\n"
"From KernelObject[3, Local kernel]:"
"\"LearnXOrder is negative. skip learning phase.\"\n"
"From KernelObject[3, Local kernel]:"
"\"block\" -> {1}\n"
"From KernelObject[3, Local kernel]:"
"\"behavior\" -> {{0, 0}}\n"
"From KernelObject[3, Local kernel]:"
"\"number of constraints and variables\" -> {1, 1}\n"
"From KernelObject[3, Local kernel]:"
"\"block\" -> {2}\n"
"From KernelObject[3, Local kernel]:"
"\"behavior\" -> {{0, 1}}\n"
"From KernelObject[4, Local kernel]:"
"\"number of constraints and variables\" -> {1, 1}\n"
"From KernelObject[4, Local kernel]:"
"\"block\" -> {5}\n"
"From KernelObject[4, Local kernel]:"
"\"behavior\" -> {{0, 2}}\n"
"From KernelObject[3, Local kernel]:"
"\"number of constraints and variables\" -> {1, 1}\n"
"From KernelObject[3, Local kernel]:"
"\"block\" -> {3}\n"
"From KernelObject[3, Local kernel]:"
"\"behavior\" -> {{0, 0}}\n"
"From KernelObject[3, Local kernel]:"
"\"number of constraints and variables\" -> {1, 1}\n"
"From KernelObject[3, Local kernel]:"
"\"block\" -> {4}\n"
"From KernelObject[3, Local kernel]:"
"\"behavior\" -> {{0, 1}}\n"
"From KernelObject[4, Local kernel]:"
"\"number of constraints and variables\" -> {1, 1}\n"
"From KernelObject[4, Local kernel]:"
"\"AMFlow: last point solved in 0s.\"\n"
"From KernelObject[3, Local kernel]:"
"\"number of constraints and variables\" -> {1, 1}\n"
"From KernelObject[4, Local kernel]:"
"\"system cleared: DESolver`$InternalSystem\"\n"
"From KernelObject[3, Local kernel]:"
"\"block\" -> {5}\n"
"From KernelObject[4, Local kernel]:"
"\"AMFlow: finished in 2s.\"\n"
"From KernelObject[3, Local kernel]:"
"\"behavior\" -> {{0, 2}}\n"
"From KernelObject[3, Local kernel]:"
"\"number of constraints and variables\" -> {1, 1}\n"
"From KernelObject[3, Local kernel]:"
"\"AMFlow: last point solved in 0s.\"\n"
"From KernelObject[3, Local kernel]:"
"\"system cleared: DESolver`$InternalSystem\"\n"
"From KernelObject[3, Local kernel]:"
"\"AMFlow: finished in 2s.\"\n"
