"From KernelObject[4, Local kernel]:"
"DESolver`SetGlobalOptions -> {\"WorkingPre\" -> 100, \"ChopPre\" -> 20, \"SilentMode\" -> False, \"RationalizePre\" -> 20}\n"
"From KernelObject[3, Local kernel]:"
"DESolver`SetGlobalOptions -> {\"WorkingPre\" -> 100, \"ChopPre\" -> 20, \"SilentMode\" -> False, \"RationalizePre\" -> 20}\n"
"From KernelObject[2, Local kernel]:"
"DESolver`SetGlobalOptions -> {\"WorkingPre\" -> 100, \"ChopPre\" -> 20, \"SilentMode\" -> False, \"RationalizePre\" -> 20}\n"
"From KernelObject[1, Local kernel]:"
"DESolver`SetGlobalOptions -> {\"WorkingPre\" -> 100, \"ChopPre\" -> 20, \"SilentMode\" -> False, \"RationalizePre\" -> 20}\n"
"From KernelObject[4, Local kernel]:"
"DESolver`SetExpansionOptions -> {\"XOrder\" -> 100, \"ExtraXOrder\" -> 20, \"LearnXOrder\" -> -1, \"TestXOrder\" -> 5}\n"
"From KernelObject[3, Local kernel]:"
"DESolver`SetExpansionOptions -> {\"XOrder\" -> 100, \"ExtraXOrder\" -> 20, \"LearnXOrder\" -> -1, \"TestXOrder\" -> 5}\n"
"From KernelObject[2, Local kernel]:"
"DESolver`SetExpansionOptions -> {\"XOrder\" -> 100, \"ExtraXOrder\" -> 20, \"LearnXOrder\" -> -1, \"TestXOrder\" -> 5}\n"
"From KernelObject[1, Local kernel]:"
"DESolver`SetExpansionOptions -> {\"XOrder\" -> 100, \"ExtraXOrder\" -> 20, \"LearnXOrder\" -> -1, \"TestXOrder\" -> 5}\n"
"From KernelObject[4, Local kernel]:"
"DESolver`SetRunningOptions -> {\"RunRadius\" -> 2, \"RunLength\" -> 200, \"RunCandidate\" -> 10, \"RunDirection\" -> \"NegIm\"}\n"
"From KernelObject[3, Local kernel]:"
"DESolver`SetRunningOptions -> {\"RunRadius\" -> 2, \"RunLength\" -> 200, \"RunCandidate\" -> 10, \"RunDirection\" -> \"NegIm\"}\n"
"From KernelObject[2, Local kernel]:"
"DESolver`SetRunningOptions -> {\"RunRadius\" -> 2, \"RunLength\" -> 200, \"RunCandidate\" -> 10, \"RunDirection\" -> \"NegIm\"}\n"
"From KernelObject[1, Local kernel]:"
"DESolver`SetRunningOptions -> {\"RunRadius\" -> 2, \"RunLength\" -> 200, \"RunCandidate\" -> 10, \"RunDirection\" -> \"NegIm\"}\n"
"From KernelObject[4, Local kernel]:"
"DESolver`SetGlobalOptions -> {\"WorkingPre\" -> 192, \"ChopPre\" -> 20, \"SilentMode\" -> False, \"RationalizePre\" -> 20}\n"
"From KernelObject[3, Local kernel]:"
"DESolver`SetGlobalOptions -> {\"WorkingPre\" -> 192, \"ChopPre\" -> 20, \"SilentMode\" -> False, \"RationalizePre\" -> 20}\n"
"From KernelObject[2, Local kernel]:"
"DESolver`SetGlobalOptions -> {\"WorkingPre\" -> 192, \"ChopPre\" -> 20, \"SilentMode\" -> False, \"RationalizePre\" -> 20}\n"
"From KernelObject[1, Local kernel]:"
"DESolver`SetGlobalOptions -> {\"WorkingPre\" -> 192, \"ChopPre\" -> 20, \"SilentMode\" -> False, \"RationalizePre\" -> 20}\n"
"From KernelObject[4, Local kernel]:"
"DESolver`SetExpansionOptions -> {\"XOrder\" -> 384, \"ExtraXOrder\" -> 20, \"LearnXOrder\" -> -1, \"TestXOrder\" -> 5}\n"
"From KernelObject[3, Local kernel]:"
"DESolver`SetExpansionOptions -> {\"XOrder\" -> 384, \"ExtraXOrder\" -> 20, \"LearnXOrder\" -> -1, \"TestXOrder\" -> 5}\n"
"From KernelObject[2, Local kernel]:"
"DESolver`SetExpansionOptions -> {\"XOrder\" -> 384, \"ExtraXOrder\" -> 20, \"LearnXOrder\" -> -1, \"TestXOrder\" -> 5}\n"
"From KernelObject[1, Local kernel]:"
"DESolver`SetExpansionOptions -> {\"XOrder\" -> 384, \"ExtraXOrder\" -> 20, \"LearnXOrder\" -> -1, \"TestXOrder\" -> 5}\n"
"From KernelObject[4, Local kernel]:"
"DESolver`SetRunningOptions -> {\"RunRadius\" -> 2, \"RunLength\" -> 200, \"RunCandidate\" -> 10, \"RunDirection\" -> \"NegIm\"}\n"
"From KernelObject[3, Local kernel]:"
"DESolver`SetRunningOptions -> {\"RunRadius\" -> 2, \"RunLength\" -> 200, \"RunCandidate\" -> 10, \"RunDirection\" -> \"NegIm\"}\n"
"From KernelObject[2, Local kernel]:"
"DESolver`SetRunningOptions -> {\"RunRadius\" -> 2, \"RunLength\" -> 200, \"RunCandidate\" -> 10, \"RunDirection\" -> \"NegIm\"}\n"
"From KernelObject[1, Local kernel]:"
"DESolver`SetRunningOptions -> {\"RunRadius\" -> 2, \"RunLength\" -> 200, \"RunCandidate\" -> 10, \"RunDirection\" -> \"NegIm\"}\n"
"From KernelObject[4, Local kernel]:"
"\"AMFlow: start.\"\n"
"From KernelObject[3, Local kernel]:"
"\"AMFlow: start.\"\n"
"From KernelObject[2, Local kernel]:"
"\"AMFlow: start.\"\n"
"From KernelObject[1, Local kernel]:"
"\"AMFlow: start.\"\n"
"From KernelObject[3, Local kernel]:"
"\"system loaded: DESolver`$InternalSystem\\nDE[DESolver`$InternalSystem] -- differential equation in matrix form\\nBC[DESolver`$InternalSystem] -- boundary conditions either in singular form or in regular form\\nP[DESolver`$InternalSystem] -- boundary point\\nAsyExp[DESolver`$InternalSystem] -- asymptotic expansion near a singular point (currently it is Null)\\nintegrals: 5, blocks: 5, density: 0.4, degrees: {1, 4}\"\n"
"From KernelObject[2, Local kernel]:"
"\"system loaded: DESolver`$InternalSystem\\nDE[DESolver`$InternalSystem] -- differential equation in matrix form\\nBC[DESolver`$InternalSystem] -- boundary conditions either in singular form or in regular form\\nP[DESolver`$InternalSystem] -- boundary point\\nAsyExp[DESolver`$InternalSystem] -- asymptotic expansion near a singular point (currently it is Null)\\nintegrals: 5, blocks: 5, density: 0.4, degrees: {1, 4}\"\n"
"From KernelObject[4, Local kernel]:"
"\"system loaded: DESolver`$InternalSystem\\nDE[DESolver`$InternalSystem] -- differential equation in matrix form\\nBC[DESolver`$InternalSystem] -- boundary conditions either in singular form or in regular form\\nP[DESolver`$InternalSystem] -- boundary point\\nAsyExp[DESolver`$InternalSystem] -- asymptotic expansion near a singular point (currently it is Null)\\nintegrals: 5, blocks: 5, density: 0.4, degrees: {1, 4}\"\n"
"From KernelObject[1, Local kernel]:"
"\"system loaded: DESolver`$InternalSystem\\nDE[DESolver`$InternalSystem] -- differential equation in matrix form\\nBC[DESolver`$InternalSystem] -- boundary conditions either in singular form or in regular form\\nP[DESolver`$InternalSystem] -- boundary point\\nAsyExp[DESolver`$InternalSystem] -- asymptotic expansion near a singular point (currently it is Null)\\nintegrals: 5, blocks: 5, density: 0.4, degrees: {1, 4}\"\n"
"From KernelObject[3, Local kernel]:"
"\"AMFlow: integrals will be evaluated at 11 regular points\" -> {1671.341142756204 - 1857.0457141735599*I, 1192.5085923862384 - 1325.0095470958204*I, 926.3170547264831 - 1029.2411719183146*I, 746.4067273664868 - 829.3408081849852*I, 583.8705445831948 - 648.7450495368831*I, 396.90035062700423 - 441.00038958556024*I, 212.1179433542295 - 235.68660372692162*I, 109.36256003468878 - 121.51395559409865*I, 51.52600528690772 - 57.25111698545302*I, 22.190272935499518 - 24.655858817221684*I, 7.479253072288504 - 8.31028119143167*I}\n"
"From KernelObject[2, Local kernel]:"
"\"AMFlow: integrals will be evaluated at 11 regular points\" -> {1671.341142756204 - 1857.0457141735599*I, 1192.5085923862384 - 1325.0095470958204*I, 926.3170547264831 - 1029.2411719183146*I, 746.4067273664868 - 829.3408081849852*I, 583.8705445831948 - 648.7450495368831*I, 396.90035062700423 - 441.00038958556024*I, 212.1179433542295 - 235.68660372692162*I, 109.36256003468878 - 121.51395559409865*I, 51.52600528690772 - 57.25111698545302*I, 22.190272935499518 - 24.655858817221684*I, 7.479253072288504 - 8.31028119143167*I}\n"
"From KernelObject[3, Local kernel]:"
"\"AMFlow: integration contour generated in 0s.\"\n"
"From KernelObject[2, Local kernel]:"
"\"AMFlow: integration contour generated in 0s.\"\n"
"From KernelObject[3, Local kernel]:"
"\"AMFlow: solving near eta = Infinity...\"\n"
"From KernelObject[2, Local kernel]:"
"\"AMFlow: solving near eta = Infinity...\"\n"
"From KernelObject[3, Local kernel]:"
"\"CalcTaylor: current region\" -> 103/9999999900\n"
"From KernelObject[2, Local kernel]:"
"\"CalcTaylor: current region\" -> 7/666666660\n"
"From KernelObject[3, Local kernel]:"
"\"block\" -> {1}\n"
"From KernelObject[2, Local kernel]:"
"\"block\" -> {1}\n"
"From KernelObject[3, Local kernel]:"
"\"boundary condition inserted\" -> {1, 0, 9.708737809268726*^7}\n"
"From KernelObject[3, Local kernel]:"
"\"block\" -> {2}\n"
"From KernelObject[2, Local kernel]:"
"\"boundary condition inserted\" -> {1, 0, 9.523809470849864*^7}\n"
"From KernelObject[2, Local kernel]:"
"\"block\" -> {2}\n"
"From KernelObject[3, Local kernel]:"
"\"boundary condition test\" -> {2, 0, 9.708737809268726*^7}\n"
"From KernelObject[2, Local kernel]:"
"\"boundary condition test\" -> {2, 0, 9.523809470849864*^7}\n"
"From KernelObject[3, Local kernel]:"
"\"block\" -> {3}\n"
"From KernelObject[2, Local kernel]:"
"\"block\" -> {3}\n"
"From KernelObject[3, Local kernel]:"
"\"boundary condition test\" -> {3, 0, 0.}\n"
"From KernelObject[3, Local kernel]:"
"\"block\" -> {4}\n"
"From KernelObject[2, Local kernel]:"
"\"boundary condition test\" -> {3, 0, 0.}\n"
"From KernelObject[2, Local kernel]:"
"\"block\" -> {4}\n"
"From KernelObject[4, Local kernel]:"
"\"AMFlow: integrals will be evaluated at 11 regular points\" -> {1671.341142756204 - 1857.0457141735599*I, 1192.5085923862384 - 1325.0095470958204*I, 926.3170547264831 - 1029.2411719183146*I, 746.4067273664868 - 829.3408081849852*I, 583.8705445831948 - 648.7450495368831*I, 396.90035062700423 - 441.00038958556024*I, 212.1179433542295 - 235.68660372692162*I, 109.36256003468878 - 121.51395559409865*I, 51.52600528690772 - 57.25111698545302*I, 22.190272935499518 - 24.655858817221684*I, 7.479253072288504 - 8.31028119143167*I}\n"
"From KernelObject[4, Local kernel]:"
"\"AMFlow: integration contour generated in 0s.\"\n"
"From KernelObject[1, Local kernel]:"
"\"AMFlow: integrals will be evaluated at 11 regular points\" -> {1671.341142756204 - 1857.0457141735599*I, 1192.5085923862384 - 1325.0095470958204*I, 926.3170547264831 - 1029.2411719183146*I, 746.4067273664868 - 829.3408081849852*I, 583.8705445831948 - 648.7450495368831*I, 396.90035062700423 - 441.00038958556024*I, 212.1179433542295 - 235.68660372692162*I, 109.36256003468878 - 121.51395559409865*I, 51.52600528690772 - 57.25111698545302*I, 22.190272935499518 - 24.655858817221684*I, 7.479253072288504 - 8.31028119143167*I}\n"
"From KernelObject[4, Local kernel]:"
"\"AMFlow: solving near eta = Infinity...\"\n"
"From KernelObject[1, Local kernel]:"
"\"AMFlow: integration contour generated in 0s.\"\n"
"From KernelObject[4, Local kernel]:"
"\"CalcTaylor: current region\" -> 1/99009900\n"
"From KernelObject[1, Local kernel]:"
"\"AMFlow: solving near eta = Infinity...\"\n"
"From KernelObject[4, Local kernel]:"
"\"block\" -> {1}\n"
"From KernelObject[1, Local kernel]:"
"\"CalcTaylor: current region\" -> 53/4999999950\n"
"From KernelObject[1, Local kernel]:"
"\"block\" -> {1}\n"
"From KernelObject[3, Local kernel]:"
"\"boundary condition test\" -> {4, 0, 9.708737809268726*^7}\n"
"From KernelObject[2, Local kernel]:"
"\"boundary condition test\" -> {4, 0, 9.523809470849864*^7}\n"
"From KernelObject[2, Local kernel]:"
"\"block\" -> {5}\n"
"From KernelObject[3, Local kernel]:"
"\"block\" -> {5}\n"
"From KernelObject[4, Local kernel]:"
"\"boundary condition inserted\" -> {1, 0, 9.900990042278434*^7}\n"
"From KernelObject[1, Local kernel]:"
"\"boundary condition inserted\" -> {1, 0, 9.433962212089756*^7}\n"
"From KernelObject[4, Local kernel]:"
"\"block\" -> {2}\n"
"From KernelObject[1, Local kernel]:"
"\"block\" -> {2}\n"
"From KernelObject[3, Local kernel]:"
"\"boundary condition test\" -> {5, 0, 9.708737809268726*^7}\n"
"From KernelObject[2, Local kernel]:"
"\"boundary condition test\" -> {5, 0, 9.523809470849864*^7}\n"
"From KernelObject[2, Local kernel]:"
"\"CalcTaylor: current region\" -> 0\n"
"From KernelObject[3, Local kernel]:"
"\"CalcTaylor: current region\" -> 0\n"
"From KernelObject[2, Local kernel]:"
"\"block\" -> {1}\n"
"From KernelObject[3, Local kernel]:"
"\"block\" -> {1}\n"
"From KernelObject[4, Local kernel]:"
"\"boundary condition test\" -> {2, 0, 9.900990042278434*^7}\n"
"From KernelObject[3, Local kernel]:"
"\"boundary condition test\" -> {1, 0, 0.}\n"
"From KernelObject[2, Local kernel]:"
"\"boundary condition test\" -> {1, 0, 0.}\n"
"From KernelObject[3, Local kernel]:"
"\"block\" -> {2}\n"
"From KernelObject[2, Local kernel]:"
"\"block\" -> {2}\n"
"From KernelObject[1, Local kernel]:"
"\"boundary condition test\" -> {2, 0, 9.433962212089756*^7}\n"
"From KernelObject[4, Local kernel]:"
"\"block\" -> {3}\n"
"From KernelObject[3, Local kernel]:"
"\"boundary condition test\" -> {2, 0, 0.}\n"
"From KernelObject[2, Local kernel]:"
"\"boundary condition test\" -> {2, 0, 0.}\n"
"From KernelObject[1, Local kernel]:"
"\"block\" -> {3}\n"
"From KernelObject[4, Local kernel]:"
"\"boundary condition test\" -> {3, 0, 0.}\n"
"From KernelObject[3, Local kernel]:"
"\"block\" -> {3}\n"
"From KernelObject[2, Local kernel]:"
"\"block\" -> {3}\n"
"From KernelObject[1, Local kernel]:"
"\"boundary condition test\" -> {3, 0, 0.}\n"
"From KernelObject[4, Local kernel]:"
"\"block\" -> {4}\n"
"From KernelObject[3, Local kernel]:"
"\"boundary condition inserted\" -> {3, 0, 9.708737207336035*^7 + 1.1071486539731794*I}\n"
"From KernelObject[1, Local kernel]:"
"\"block\" -> {4}\n"
"From KernelObject[3, Local kernel]:"
"\"block\" -> {4}\n"
"From KernelObject[2, Local kernel]:"
"\"boundary condition inserted\" -> {3, 0, 9.523808868917173*^7 + 1.1071486527339385*I}\n"
"From KernelObject[4, Local kernel]:"
"\"boundary condition test\" -> {4, 0, 9.900990042278434*^7}\n"
"From KernelObject[3, Local kernel]:"
"\"boundary condition test\" -> {4, 0, -9.708737207336035*^7 - 1.1071486539731794*I}\n"
"From KernelObject[2, Local kernel]:"
"\"block\" -> {4}\n"
"From KernelObject[1, Local kernel]:"
"\"boundary condition test\" -> {4, 0, 9.433962212089756*^7}\n"
"From KernelObject[4, Local kernel]:"
"\"block\" -> {5}\n"
"From KernelObject[3, Local kernel]:"
"\"block\" -> {5}\n"
"From KernelObject[1, Local kernel]:"
"\"block\" -> {5}\n"
"From KernelObject[2, Local kernel]:"
"\"boundary condition test\" -> {4, 0, -9.523808868917173*^7 - 1.1071486527339385*I}\n"
"From KernelObject[2, Local kernel]:"
"\"block\" -> {5}\n"
"From KernelObject[3, Local kernel]:"
"\"boundary condition test\" -> {5, 0, 3.770383180123865*^12 + 7.540766575228046*^12*I}\n"
"From KernelObject[4, Local kernel]:"
"\"boundary condition test\" -> {5, 0, 9.900990042278434*^7}\n"
"From KernelObject[1, Local kernel]:"
"\"boundary condition test\" -> {5, 0, 9.433962212089756*^7}\n"
"From KernelObject[4, Local kernel]:"
"\"CalcTaylor: current region\" -> 0\n"
"From KernelObject[4, Local kernel]:"
"\"block\" -> {1}\n"
"From KernelObject[1, Local kernel]:"
"\"CalcTaylor: current region\" -> 0\n"
"From KernelObject[1, Local kernel]:"
"\"block\" -> {1}\n"
"From KernelObject[4, Local kernel]:"
"\"boundary condition test\" -> {1, 0, 0.}\n"
"From KernelObject[3, Local kernel]:"
"\"AMFlow: Infinity solved in 1s.\"\n"
"From KernelObject[2, Local kernel]:"
"\"boundary condition test\" -> {5, 0, 3.6281174675235713*^12 + 7.256235145932594*^12*I}\n"
"From KernelObject[4, Local kernel]:"
"\"block\" -> {2}\n"
"From KernelObject[3, Local kernel]:"
"\"AMFlow: running among regular points...\"\n"
"From KernelObject[1, Local kernel]:"
"\"boundary condition test\" -> {1, 0, 0.}\n"
"From KernelObject[3, Local kernel]:"
"\"current regular point\" -> 1671.341142756204 - 1857.0457141735599*I\n"
"From KernelObject[1, Local kernel]:"
"\"block\" -> {2}\n"
"From KernelObject[4, Local kernel]:"
"\"boundary condition test\" -> {2, 0, 0.}\n"
"From KernelObject[2, Local kernel]:"
"\"AMFlow: Infinity solved in 1s.\"\n"
"From KernelObject[4, Local kernel]:"
"\"block\" -> {3}\n"
"From KernelObject[2, Local kernel]:"
"\"AMFlow: running among regular points...\"\n"
"From KernelObject[2, Local kernel]:"
"\"current regular point\" -> 1671.341142756204 - 1857.0457141735599*I\n"
"From KernelObject[1, Local kernel]:"
"\"boundary condition test\" -> {2, 0, 0.}\n"
"From KernelObject[1, Local kernel]:"
"\"block\" -> {3}\n"
"From KernelObject[4, Local kernel]:"
"\"boundary condition inserted\" -> {3, 0, 9.900989440345745*^7 + 1.1071486552124203*I}\n"
"From KernelObject[4, Local kernel]:"
"\"block\" -> {4}\n"
"From KernelObject[3, Local kernel]:"
"\"current regular point\" -> 1192.5085923862382 - 1325.0095470958204*I\n"
"From KernelObject[1, Local kernel]:"
"\"boundary condition inserted\" -> {3, 0, 9.433961610157067*^7 + 1.107148652114318*I}\n"
"From KernelObject[1, Local kernel]:"
"\"block\" -> {4}\n"
"From KernelObject[4, Local kernel]:"
"\"boundary condition test\" -> {4, 0, -9.900989440345745*^7 - 1.1071486552124203*I}\n"
"From KernelObject[2, Local kernel]:"
"\"current regular point\" -> 1192.5085923862382 - 1325.0095470958204*I\n"
"From KernelObject[4, Local kernel]:"
"\"block\" -> {5}\n"
"From KernelObject[1, Local kernel]:"
"\"boundary condition test\" -> {4, 0, -9.433961610157067*^7 - 1.107148652114318*I}\n"
"From KernelObject[1, Local kernel]:"
"\"block\" -> {5}\n"
"From KernelObject[3, Local kernel]:"
"\"current regular point\" -> 926.317054726483 - 1029.2411719183144*I\n"
"From KernelObject[4, Local kernel]:"
"\"boundary condition test\" -> {5, 0, 3.9211837306558965*^12 + 7.842367680549145*^12*I}\n"
"From KernelObject[1, Local kernel]:"
"\"boundary condition test\" -> {5, 0, 3.5599853186368833*^12 + 7.119970846169731*^12*I}\n"
"From KernelObject[2, Local kernel]:"
"\"current regular point\" -> 926.317054726483 - 1029.2411719183144*I\n"
"From KernelObject[4, Local kernel]:"
"\"AMFlow: Infinity solved in 1s.\"\n"
"From KernelObject[1, Local kernel]:"
"\"AMFlow: Infinity solved in 1s.\"\n"
"From KernelObject[4, Local kernel]:"
"\"AMFlow: running among regular points...\"\n"
"From KernelObject[1, Local kernel]:"
"\"AMFlow: running among regular points...\"\n"
"From KernelObject[4, Local kernel]:"
"\"current regular point\" -> 1671.341142756204 - 1857.0457141735599*I\n"
"From KernelObject[1, Local kernel]:"
"\"current regular point\" -> 1671.341142756204 - 1857.0457141735599*I\n"
"From KernelObject[3, Local kernel]:"
"\"current regular point\" -> 746.4067273664867 - 829.3408081849853*I\n"
"From KernelObject[2, Local kernel]:"
"\"current regular point\" -> 746.4067273664867 - 829.3408081849853*I\n"
"From KernelObject[4, Local kernel]:"
"\"current regular point\" -> 1192.5085923862382 - 1325.0095470958204*I\n"
"From KernelObject[1, Local kernel]:"
"\"current regular point\" -> 1192.5085923862382 - 1325.0095470958204*I\n"
"From KernelObject[3, Local kernel]:"
"\"current regular point\" -> 583.8705445831948 - 648.7450495368831*I\n"
"From KernelObject[2, Local kernel]:"
"\"current regular point\" -> 583.8705445831948 - 648.7450495368831*I\n"
"From KernelObject[4, Local kernel]:"
"\"current regular point\" -> 926.317054726483 - 1029.2411719183144*I\n"
"From KernelObject[1, Local kernel]:"
"\"current regular point\" -> 926.317054726483 - 1029.2411719183144*I\n"
"From KernelObject[3, Local kernel]:"
"\"current regular point\" -> 396.9003506270042 - 441.0003895855602*I\n"
"From KernelObject[2, Local kernel]:"
"\"current regular point\" -> 396.9003506270042 - 441.0003895855602*I\n"
"From KernelObject[4, Local kernel]:"
"\"current regular point\" -> 746.4067273664867 - 829.3408081849853*I\n"
"From KernelObject[1, Local kernel]:"
"\"current regular point\" -> 746.4067273664867 - 829.3408081849853*I\n"
"From KernelObject[3, Local kernel]:"
"\"current regular point\" -> 212.11794335422948 - 235.68660372692165*I\n"
"From KernelObject[2, Local kernel]:"
"\"current regular point\" -> 212.11794335422948 - 235.68660372692165*I\n"
"From KernelObject[4, Local kernel]:"
"\"current regular point\" -> 583.8705445831948 - 648.7450495368831*I\n"
"From KernelObject[1, Local kernel]:"
"\"current regular point\" -> 583.8705445831948 - 648.7450495368831*I\n"
"From KernelObject[3, Local kernel]:"
"\"current regular point\" -> 109.36256003468878 - 121.51395559409865*I\n"
"From KernelObject[4, Local kernel]:"
"\"current regular point\" -> 396.9003506270042 - 441.0003895855602*I\n"
"From KernelObject[2, Local kernel]:"
"\"current regular point\" -> 109.36256003468878 - 121.51395559409865*I\n"
"From KernelObject[1, Local kernel]:"
"\"current regular point\" -> 396.9003506270042 - 441.0003895855602*I\n"
"From KernelObject[3, Local kernel]:"
"\"current regular point\" -> 51.52600528690771 - 57.25111698545301*I\n"
"From KernelObject[2, Local kernel]:"
"\"current regular point\" -> 51.52600528690771 - 57.25111698545301*I\n"
"From KernelObject[4, Local kernel]:"
"\"current regular point\" -> 212.11794335422948 - 235.68660372692165*I\n"
"From KernelObject[1, Local kernel]:"
"\"current regular point\" -> 212.11794335422948 - 235.68660372692165*I\n"
"From KernelObject[3, Local kernel]:"
"\"current regular point\" -> 22.190272935499515 - 24.655858817221684*I\n"
"From KernelObject[4, Local kernel]:"
"\"current regular point\" -> 109.36256003468878 - 121.51395559409865*I\n"
"From KernelObject[2, Local kernel]:"
"\"current regular point\" -> 22.190272935499515 - 24.655858817221684*I\n"
"From KernelObject[1, Local kernel]:"
"\"current regular point\" -> 109.36256003468878 - 121.51395559409865*I\n"
"From KernelObject[3, Local kernel]:"
"\"AMFlow: regular running finished in 1s.\"\n"
"From KernelObject[3, Local kernel]:"
"\"AMFlow: solving near the last point...\"\n"
"From KernelObject[3, Local kernel]:"
"\"NormalizeMat finished in 0s.\"\n"
"From KernelObject[3, Local kernel]:"
"\"LearnXOrder is negative. skip learning phase.\"\n"
"From KernelObject[3, Local kernel]:"
"\"block\" -> {1}\n"
"From KernelObject[3, Local kernel]:"
"\"behavior\" -> {{0, 0}}\n"
"From KernelObject[4, Local kernel]:"
"\"current regular point\" -> 51.52600528690771 - 57.25111698545301*I\n"
"From KernelObject[3, Local kernel]:"
"\"number of constraints and variables\" -> {1, 1}\n"
"From KernelObject[2, Local kernel]:"
"\"AMFlow: regular running finished in 1s.\"\n"
"From KernelObject[3, Local kernel]:"
"\"block\" -> {2}\n"
"From KernelObject[2, Local kernel]:"
"\"AMFlow: solving near the last point...\"\n"
"From KernelObject[3, Local kernel]:"
"\"behavior\" -> {{0, 1}}\n"
"From KernelObject[2, Local kernel]:"
"\"NormalizeMat finished in 0s.\"\n"
"From KernelObject[2, Local kernel]:"
"\"LearnXOrder is negative. skip learning phase.\"\n"
"From KernelObject[2, Local kernel]:"
"\"block\" -> {1}\n"
"From KernelObject[1, Local kernel]:"
"\"current regular point\" -> 51.52600528690771 - 57.25111698545301*I\n"
"From KernelObject[2, Local kernel]:"
"\"behavior\" -> {{0, 0}}\n"
"From KernelObject[2, Local kernel]:"
"\"number of constraints and variables\" -> {1, 1}\n"
"From KernelObject[2, Local kernel]:"
"\"block\" -> {2}\n"
"From KernelObject[2, Local kernel]:"
"\"behavior\" -> {{0, 1}}\n"
"From KernelObject[4, Local kernel]:"
"\"current regular point\" -> 22.190272935499515 - 24.655858817221684*I\n"
"From KernelObject[3, Local kernel]:"
"\"number of constraints and variables\" -> {1, 1}\n"
"From KernelObject[3, Local kernel]:"
"\"block\" -> {3}\n"
"From KernelObject[3, Local kernel]:"
"\"behavior\" -> {{0, 0}}\n"
"From KernelObject[1, Local kernel]:"
"\"current regular point\" -> 22.190272935499515 - 24.655858817221684*I\n"
"From KernelObject[3, Local kernel]:"
"\"number of constraints and variables\" -> {1, 1}\n"
"From KernelObject[2, Local kernel]:"
"\"number of constraints and variables\" -> {1, 1}\n"
"From KernelObject[3, Local kernel]:"
"\"block\" -> {4}\n"
"From KernelObject[2, Local kernel]:"
"\"block\" -> {3}\n"
"From KernelObject[3, Local kernel]:"
"\"behavior\" -> {{0, 1}}\n"
"From KernelObject[2, Local kernel]:"
"\"behavior\" -> {{0, 0}}\n"
"From KernelObject[2, Local kernel]:"
"\"number of constraints and variables\" -> {1, 1}\n"
"From KernelObject[2, Local kernel]:"
"\"block\" -> {4}\n"
"From KernelObject[2, Local kernel]:"
"\"behavior\" -> {{0, 1}}\n"
"From KernelObject[4, Local kernel]:"
"\"AMFlow: regular running finished in 1s.\"\n"
"From KernelObject[4, Local kernel]:"
"\"AMFlow: solving near the last point...\"\n"
"From KernelObject[4, Local kernel]:"
"\"NormalizeMat finished in 0s.\"\n"
"From KernelObject[4, Local kernel]:"
"\"LearnXOrder is negative. skip learning phase.\"\n"
"From KernelObject[1, Local kernel]:"
"\"AMFlow: regular running finished in 1s.\"\n"
"From KernelObject[4, Local kernel]:"
"\"block\" -> {1}\n"
"From KernelObject[1, Local kernel]:"
"\"AMFlow: solving near the last point...\"\n"
"From KernelObject[4, Local kernel]:"
"\"behavior\" -> {{0, 0}}\n"
"From KernelObject[1, Local kernel]:"
"\"NormalizeMat finished in 0s.\"\n"
"From KernelObject[3, Local kernel]:"
"\"number of constraints and variables\" -> {1, 1}\n"
"From KernelObject[1, Local kernel]:"
"\"LearnXOrder is negative. skip learning phase.\"\n"
"From KernelObject[4, Local kernel]:"
"\"number of constraints and variables\" -> {1, 1}\n"
"From KernelObject[3, Local kernel]:"
"\"block\" -> {5}\n"
"From KernelObject[1, Local kernel]:"
"\"block\" -> {1}\n"
"From KernelObject[4, Local kernel]:"
"\"block\" -> {2}\n"
"From KernelObject[3, Local kernel]:"
"\"behavior\" -> {{0, 2}}\n"
"From KernelObject[1, Local kernel]:"
"\"behavior\" -> {{0, 0}}\n"
"From KernelObject[4, Local kernel]:"
"\"behavior\" -> {{0, 1}}\n"
"From KernelObject[1, Local kernel]:"
"\"number of constraints and variables\" -> {1, 1}\n"
"From KernelObject[1, Local kernel]:"
"\"block\" -> {2}\n"
"From KernelObject[2, Local kernel]:"
"\"number of constraints and variables\" -> {1, 1}\n"
"From KernelObject[1, Local kernel]:"
"\"behavior\" -> {{0, 1}}\n"
"From KernelObject[2, Local kernel]:"
"\"block\" -> {5}\n"
"From KernelObject[2, Local kernel]:"
"\"behavior\" -> {{0, 2}}\n"
"From KernelObject[4, Local kernel]:"
"\"number of constraints and variables\" -> {1, 1}\n"
"From KernelObject[4, Local kernel]:"
"\"block\" -> {3}\n"
"From KernelObject[4, Local kernel]:"
"\"behavior\" -> {{0, 0}}\n"
"From KernelObject[1, Local kernel]:"
"\"number of constraints and variables\" -> {1, 1}\n"
"From KernelObject[4, Local kernel]:"
"\"number of constraints and variables\" -> {1, 1}\n"
"From KernelObject[1, Local kernel]:"
"\"block\" -> {3}\n"
"From KernelObject[4, Local kernel]:"
"\"block\" -> {4}\n"
"From KernelObject[1, Local kernel]:"
"\"behavior\" -> {{0, 0}}\n"
"From KernelObject[4, Local kernel]:"
"\"behavior\" -> {{0, 1}}\n"
"From KernelObject[1, Local kernel]:"
"\"number of constraints and variables\" -> {1, 1}\n"
"From KernelObject[3, Local kernel]:"
"\"number of constraints and variables\" -> {1, 1}\n"
"From KernelObject[1, Local kernel]:"
"\"block\" -> {4}\n"
"From KernelObject[1, Local kernel]:"
"\"behavior\" -> {{0, 1}}\n"
"From KernelObject[3, Local kernel]:"
"\"AMFlow: last point solved in 0s.\"\n"
"From KernelObject[3, Local kernel]:"
"\"system cleared: DESolver`$InternalSystem\"\n"
"From KernelObject[3, Local kernel]:"
"\"AMFlow: finished in 4s.\"\n"
"From KernelObject[3, Local kernel]:"
"DESolver`SetGlobalOptions -> {\"WorkingPre\" -> 100, \"ChopPre\" -> 20, \"SilentMode\" -> False, \"RationalizePre\" -> 20}\n"
"From KernelObject[3, Local kernel]:"
"DESolver`SetExpansionOptions -> {\"XOrder\" -> 100, \"ExtraXOrder\" -> 20, \"LearnXOrder\" -> -1, \"TestXOrder\" -> 5}\n"
"From KernelObject[3, Local kernel]:"
"DESolver`SetRunningOptions -> {\"RunRadius\" -> 2, \"RunLength\" -> 200, \"RunCandidate\" -> 10, \"RunDirection\" -> \"NegIm\"}\n"
"From KernelObject[2, Local kernel]:"
"\"number of constraints and variables\" -> {1, 1}\n"
"From KernelObject[3, Local kernel]:"
"DESolver`SetGlobalOptions -> {\"WorkingPre\" -> 192, \"ChopPre\" -> 20, \"SilentMode\" -> False, \"RationalizePre\" -> 20}\n"
"From KernelObject[2, Local kernel]:"
"\"AMFlow: last point solved in 0s.\"\n"
"From KernelObject[3, Local kernel]:"
"DESolver`SetExpansionOptions -> {\"XOrder\" -> 384, \"ExtraXOrder\" -> 20, \"LearnXOrder\" -> -1, \"TestXOrder\" -> 5}\n"
"From KernelObject[2, Local kernel]:"
"\"system cleared: DESolver`$InternalSystem\"\n"
"From KernelObject[3, Local kernel]:"
"DESolver`SetRunningOptions -> {\"RunRadius\" -> 2, \"RunLength\" -> 200, \"RunCandidate\" -> 10, \"RunDirection\" -> \"NegIm\"}\n"
"From KernelObject[2, Local kernel]:"
"\"AMFlow: finished in 4s.\"\n"
"From KernelObject[4, Local kernel]:"
"\"number of constraints and variables\" -> {1, 1}\n"
"From KernelObject[3, Local kernel]:"
"\"AMFlow: start.\"\n"
"From KernelObject[3, Local kernel]:"
"\"system loaded: DESolver`$InternalSystem\\nDE[DESolver`$InternalSystem] -- differential equation in matrix form\\nBC[DESolver`$InternalSystem] -- boundary conditions either in singular form or in regular form\\nP[DESolver`$InternalSystem] -- boundary point\\nAsyExp[DESolver`$InternalSystem] -- asymptotic expansion near a singular point (currently it is Null)\\nintegrals: 5, blocks: 5, density: 0.4, degrees: {1, 4}\"\n"
"From KernelObject[2, Local kernel]:"
"DESolver`SetGlobalOptions -> {\"WorkingPre\" -> 100, \"ChopPre\" -> 20, \"SilentMode\" -> False, \"RationalizePre\" -> 20}\n"
"From KernelObject[4, Local kernel]:"
"\"block\" -> {5}\n"
"From KernelObject[2, Local kernel]:"
"DESolver`SetExpansionOptions -> {\"XOrder\" -> 100, \"ExtraXOrder\" -> 20, \"LearnXOrder\" -> -1, \"TestXOrder\" -> 5}\n"
"From KernelObject[4, Local kernel]:"
"\"behavior\" -> {{0, 2}}\n"
"From KernelObject[2, Local kernel]:"
"DESolver`SetRunningOptions -> {\"RunRadius\" -> 2, \"RunLength\" -> 200, \"RunCandidate\" -> 10, \"RunDirection\" -> \"NegIm\"}\n"
"From KernelObject[2, Local kernel]:"
"DESolver`SetGlobalOptions -> {\"WorkingPre\" -> 192, \"ChopPre\" -> 20, \"SilentMode\" -> False, \"RationalizePre\" -> 20}\n"
"From KernelObject[1, Local kernel]:"
"\"number of constraints and variables\" -> {1, 1}\n"
"From KernelObject[2, Local kernel]:"
"DESolver`SetExpansionOptions -> {\"XOrder\" -> 384, \"ExtraXOrder\" -> 20, \"LearnXOrder\" -> -1, \"TestXOrder\" -> 5}\n"
"From KernelObject[1, Local kernel]:"
"\"block\" -> {5}\n"
"From KernelObject[2, Local kernel]:"
"DESolver`SetRunningOptions -> {\"RunRadius\" -> 2, \"RunLength\" -> 200, \"RunCandidate\" -> 10, \"RunDirection\" -> \"NegIm\"}\n"
"From KernelObject[1, Local kernel]:"
"\"behavior\" -> {{0, 2}}\n"
"From KernelObject[2, Local kernel]:"
"\"AMFlow: start.\"\n"
"From KernelObject[2, Local kernel]:"
"\"system loaded: DESolver`$InternalSystem\\nDE[DESolver`$InternalSystem] -- differential equation in matrix form\\nBC[DESolver`$InternalSystem] -- boundary conditions either in singular form or in regular form\\nP[DESolver`$InternalSystem] -- boundary point\\nAsyExp[DESolver`$InternalSystem] -- asymptotic expansion near a singular point (currently it is Null)\\nintegrals: 5, blocks: 5, density: 0.4, degrees: {1, 4}\"\n"
"From KernelObject[3, Local kernel]:"
"\"AMFlow: integrals will be evaluated at 11 regular points\" -> {1671.341142756204 - 1857.0457141735599*I, 1192.5085923862384 - 1325.0095470958204*I, 926.3170547264831 - 1029.2411719183146*I, 746.4067273664868 - 829.3408081849852*I, 583.8705445831948 - 648.7450495368831*I, 396.90035062700423 - 441.00038958556024*I, 212.1179433542295 - 235.68660372692162*I, 109.36256003468878 - 121.51395559409865*I, 51.52600528690772 - 57.25111698545302*I, 22.190272935499518 - 24.655858817221684*I, 7.479253072288504 - 8.31028119143167*I}\n"
"From KernelObject[3, Local kernel]:"
"\"AMFlow: integration contour generated in 0s.\"\n"
"From KernelObject[3, Local kernel]:"
"\"AMFlow: solving near eta = Infinity...\"\n"
"From KernelObject[3, Local kernel]:"
"\"CalcTaylor: current region\" -> 26/2499999975\n"
"From KernelObject[3, Local kernel]:"
"\"block\" -> {1}\n"
"From KernelObject[3, Local kernel]:"
"\"boundary condition inserted\" -> {1, 0, 9.615384561509204*^7}\n"
"From KernelObject[3, Local kernel]:"
"\"block\" -> {2}\n"
"From KernelObject[4, Local kernel]:"
"\"number of constraints and variables\" -> {1, 1}\n"
"From KernelObject[2, Local kernel]:"
"\"AMFlow: integrals will be evaluated at 11 regular points\" -> {1671.341142756204 - 1857.0457141735599*I, 1192.5085923862384 - 1325.0095470958204*I, 926.3170547264831 - 1029.2411719183146*I, 746.4067273664868 - 829.3408081849852*I, 583.8705445831948 - 648.7450495368831*I, 396.90035062700423 - 441.00038958556024*I, 212.1179433542295 - 235.68660372692162*I, 109.36256003468878 - 121.51395559409865*I, 51.52600528690772 - 57.25111698545302*I, 22.190272935499518 - 24.655858817221684*I, 7.479253072288504 - 8.31028119143167*I}\n"
"From KernelObject[2, Local kernel]:"
"\"AMFlow: integration contour generated in 0s.\"\n"
"From KernelObject[4, Local kernel]:"
"\"AMFlow: last point solved in 0s.\"\n"
"From KernelObject[2, Local kernel]:"
"\"AMFlow: solving near eta = Infinity...\"\n"
"From KernelObject[4, Local kernel]:"
"\"system cleared: DESolver`$InternalSystem\"\n"
"From KernelObject[2, Local kernel]:"
"\"CalcTaylor: current region\" -> 107/9999999900\n"
"From KernelObject[4, Local kernel]:"
"\"AMFlow: finished in 4s.\"\n"
"From KernelObject[2, Local kernel]:"
"\"block\" -> {1}\n"
"From KernelObject[1, Local kernel]:"
"\"number of constraints and variables\" -> {1, 1}\n"
"From KernelObject[4, Local kernel]:"
"DESolver`SetGlobalOptions -> {\"WorkingPre\" -> 100, \"ChopPre\" -> 20, \"SilentMode\" -> False, \"RationalizePre\" -> 20}\n"
"From KernelObject[4, Local kernel]:"
"DESolver`SetExpansionOptions -> {\"XOrder\" -> 100, \"ExtraXOrder\" -> 20, \"LearnXOrder\" -> -1, \"TestXOrder\" -> 5}\n"
"From KernelObject[3, Local kernel]:"
"\"boundary condition test\" -> {2, 0, 9.615384561509204*^7}\n"
"From KernelObject[2, Local kernel]:"
"\"boundary condition inserted\" -> {1, 0, 9.345794341343856*^7}\n"
"From KernelObject[1, Local kernel]:"
"\"AMFlow: last point solved in 0s.\"\n"
"From KernelObject[4, Local kernel]:"
"DESolver`SetRunningOptions -> {\"RunRadius\" -> 2, \"RunLength\" -> 200, \"RunCandidate\" -> 10, \"RunDirection\" -> \"NegIm\"}\n"
"From KernelObject[3, Local kernel]:"
"\"block\" -> {3}\n"
"From KernelObject[2, Local kernel]:"
"\"block\" -> {2}\n"
"From KernelObject[1, Local kernel]:"
"\"system cleared: DESolver`$InternalSystem\"\n"
"From KernelObject[4, Local kernel]:"
"DESolver`SetGlobalOptions -> {\"WorkingPre\" -> 192, \"ChopPre\" -> 20, \"SilentMode\" -> False, \"RationalizePre\" -> 20}\n"
"From KernelObject[1, Local kernel]:"
"\"AMFlow: finished in 4s.\"\n"
"From KernelObject[4, Local kernel]:"
"DESolver`SetExpansionOptions -> {\"XOrder\" -> 384, \"ExtraXOrder\" -> 20, \"LearnXOrder\" -> -1, \"TestXOrder\" -> 5}\n"
"From KernelObject[4, Local kernel]:"
"DESolver`SetRunningOptions -> {\"RunRadius\" -> 2, \"RunLength\" -> 200, \"RunCandidate\" -> 10, \"RunDirection\" -> \"NegIm\"}\n"
"From KernelObject[1, Local kernel]:"
"DESolver`SetGlobalOptions -> {\"WorkingPre\" -> 100, \"ChopPre\" -> 20, \"SilentMode\" -> False, \"RationalizePre\" -> 20}\n"
"From KernelObject[4, Local kernel]:"
"\"AMFlow: start.\"\n"
"From KernelObject[1, Local kernel]:"
"DESolver`SetExpansionOptions -> {\"XOrder\" -> 100, \"ExtraXOrder\" -> 20, \"LearnXOrder\" -> -1, \"TestXOrder\" -> 5}\n"
"From KernelObject[4, Local kernel]:"
"\"system loaded: DESolver`$InternalSystem\\nDE[DESolver`$InternalSystem] -- differential equation in matrix form\\nBC[DESolver`$InternalSystem] -- boundary conditions either in singular form or in regular form\\nP[DESolver`$InternalSystem] -- boundary point\\nAsyExp[DESolver`$InternalSystem] -- asymptotic expansion near a singular point (currently it is Null)\\nintegrals: 5, blocks: 5, density: 0.4, degrees: {1, 4}\"\n"
"From KernelObject[1, Local kernel]:"
"DESolver`SetRunningOptions -> {\"RunRadius\" -> 2, \"RunLength\" -> 200, \"RunCandidate\" -> 10, \"RunDirection\" -> \"NegIm\"}\n"
"From KernelObject[3, Local kernel]:"
"\"boundary condition test\" -> {3, 0, 0.}\n"
"From KernelObject[1, Local kernel]:"
"DESolver`SetGlobalOptions -> {\"WorkingPre\" -> 192, \"ChopPre\" -> 20, \"SilentMode\" -> False, \"RationalizePre\" -> 20}\n"
"From KernelObject[3, Local kernel]:"
"\"block\" -> {4}\n"
"From KernelObject[1, Local kernel]:"
"DESolver`SetExpansionOptions -> {\"XOrder\" -> 384, \"ExtraXOrder\" -> 20, \"LearnXOrder\" -> -1, \"TestXOrder\" -> 5}\n"
"From KernelObject[2, Local kernel]:"
"\"boundary condition test\" -> {2, 0, 9.345794341343856*^7}\n"
"From KernelObject[1, Local kernel]:"
"DESolver`SetRunningOptions -> {\"RunRadius\" -> 2, \"RunLength\" -> 200, \"RunCandidate\" -> 10, \"RunDirection\" -> \"NegIm\"}\n"
"From KernelObject[2, Local kernel]:"
"\"block\" -> {3}\n"
"From KernelObject[1, Local kernel]:"
"\"AMFlow: start.\"\n"
"From KernelObject[1, Local kernel]:"
"\"system loaded: DESolver`$InternalSystem\\nDE[DESolver`$InternalSystem] -- differential equation in matrix form\\nBC[DESolver`$InternalSystem] -- boundary conditions either in singular form or in regular form\\nP[DESolver`$InternalSystem] -- boundary point\\nAsyExp[DESolver`$InternalSystem] -- asymptotic expansion near a singular point (currently it is Null)\\nintegrals: 5, blocks: 5, density: 0.4, degrees: {1, 4}\"\n"
"From KernelObject[2, Local kernel]:"
"\"boundary condition test\" -> {3, 0, 0.}\n"
"From KernelObject[2, Local kernel]:"
"\"block\" -> {4}\n"
"From KernelObject[3, Local kernel]:"
"\"boundary condition test\" -> {4, 0, 9.615384561509204*^7}\n"
"From KernelObject[3, Local kernel]:"
"\"block\" -> {5}\n"
"From KernelObject[4, Local kernel]:"
"\"AMFlow: integrals will be evaluated at 11 regular points\" -> {1671.341142756204 - 1857.0457141735599*I, 1192.5085923862384 - 1325.0095470958204*I, 926.3170547264831 - 1029.2411719183146*I, 746.4067273664868 - 829.3408081849852*I, 583.8705445831948 - 648.7450495368831*I, 396.90035062700423 - 441.00038958556024*I, 212.1179433542295 - 235.68660372692162*I, 109.36256003468878 - 121.51395559409865*I, 51.52600528690772 - 57.25111698545302*I, 22.190272935499518 - 24.655858817221684*I, 7.479253072288504 - 8.31028119143167*I}\n"
"From KernelObject[4, Local kernel]:"
"\"AMFlow: integration contour generated in 0s.\"\n"
"From KernelObject[4, Local kernel]:"
"\"AMFlow: solving near eta = Infinity...\"\n"
"From KernelObject[4, Local kernel]:"
"\"CalcTaylor: current region\" -> 17/1666666650\n"
"From KernelObject[4, Local kernel]:"
"\"block\" -> {1}\n"
"From KernelObject[2, Local kernel]:"
"\"boundary condition test\" -> {4, 0, 9.345794341343856*^7}\n"
"From KernelObject[2, Local kernel]:"
"\"block\" -> {5}\n"
"From KernelObject[4, Local kernel]:"
"\"boundary condition inserted\" -> {1, 0, 9.80392151286667*^7}\n"
"From KernelObject[4, Local kernel]:"
"\"block\" -> {2}\n"
"From KernelObject[3, Local kernel]:"
"\"boundary condition test\" -> {5, 0, 9.615384561509204*^7}\n"
"From KernelObject[1, Local kernel]:"
"\"AMFlow: integrals will be evaluated at 11 regular points\" -> {1671.341142756204 - 1857.0457141735599*I, 1192.5085923862384 - 1325.0095470958204*I, 926.3170547264831 - 1029.2411719183146*I, 746.4067273664868 - 829.3408081849852*I, 583.8705445831948 - 648.7450495368831*I, 396.90035062700423 - 441.00038958556024*I, 212.1179433542295 - 235.68660372692162*I, 109.36256003468878 - 121.51395559409865*I, 51.52600528690772 - 57.25111698545302*I, 22.190272935499518 - 24.655858817221684*I, 7.479253072288504 - 8.31028119143167*I}\n"
"From KernelObject[3, Local kernel]:"
"\"CalcTaylor: current region\" -> 0\n"
"From KernelObject[1, Local kernel]:"
"\"AMFlow: integration contour generated in 0s.\"\n"
"From KernelObject[3, Local kernel]:"
"\"block\" -> {1}\n"
"From KernelObject[1, Local kernel]:"
"\"AMFlow: solving near eta = Infinity...\"\n"
"From KernelObject[1, Local kernel]:"
"\"CalcTaylor: current region\" -> 3/277777775\n"
"From KernelObject[1, Local kernel]:"
"\"block\" -> {1}\n"
"From KernelObject[4, Local kernel]:"
"\"boundary condition test\" -> {2, 0, 9.80392151286667*^7}\n"
"From KernelObject[1, Local kernel]:"
"\"boundary condition inserted\" -> {1, 0, 9.259259208945101*^7}\n"
"From KernelObject[4, Local kernel]:"
"\"block\" -> {3}\n"
"From KernelObject[3, Local kernel]:"
"\"boundary condition test\" -> {1, 0, 0.}\n"
"From KernelObject[2, Local kernel]:"
"\"boundary condition test\" -> {5, 0, 9.345794341343856*^7}\n"
"From KernelObject[1, Local kernel]:"
"\"block\" -> {2}\n"
"From KernelObject[3, Local kernel]:"
"\"block\" -> {2}\n"
"From KernelObject[2, Local kernel]:"
"\"CalcTaylor: current region\" -> 0\n"
"From KernelObject[2, Local kernel]:"
"\"block\" -> {1}\n"
"From KernelObject[4, Local kernel]:"
"\"boundary condition test\" -> {3, 0, 0.}\n"
"From KernelObject[4, Local kernel]:"
"\"block\" -> {4}\n"
"From KernelObject[3, Local kernel]:"
"\"boundary condition test\" -> {2, 0, 0.}\n"
"From KernelObject[3, Local kernel]:"
"\"block\" -> {3}\n"
"From KernelObject[1, Local kernel]:"
"\"boundary condition test\" -> {2, 0, 9.259259208945101*^7}\n"
"From KernelObject[2, Local kernel]:"
"\"boundary condition test\" -> {1, 0, 0.}\n"
"From KernelObject[2, Local kernel]:"
"\"block\" -> {2}\n"
"From KernelObject[1, Local kernel]:"
"\"block\" -> {3}\n"
"From KernelObject[3, Local kernel]:"
"\"boundary condition inserted\" -> {3, 0, 9.615383959576514*^7 + 1.1071486533535588*I}\n"
"From KernelObject[3, Local kernel]:"
"\"block\" -> {4}\n"
"From KernelObject[4, Local kernel]:"
"\"boundary condition test\" -> {4, 0, 9.80392151286667*^7}\n"
"From KernelObject[1, Local kernel]:"
"\"boundary condition test\" -> {3, 0, 0.}\n"
"From KernelObject[4, Local kernel]:"
"\"block\" -> {5}\n"
"From KernelObject[2, Local kernel]:"
"\"boundary condition test\" -> {2, 0, 0.}\n"
"From KernelObject[1, Local kernel]:"
"\"block\" -> {4}\n"
"From KernelObject[2, Local kernel]:"
"\"block\" -> {3}\n"
"From KernelObject[2, Local kernel]:"
"\"boundary condition inserted\" -> {3, 0, 9.345793739411166*^7 + 1.1071486514946973*I}\n"
"From KernelObject[3, Local kernel]:"
"\"boundary condition test\" -> {4, 0, -9.615383959576514*^7 - 1.1071486533535588*I}\n"
"From KernelObject[2, Local kernel]:"
"\"block\" -> {4}\n"
"From KernelObject[3, Local kernel]:"
"\"block\" -> {5}\n"
"From KernelObject[1, Local kernel]:"
"\"boundary condition test\" -> {4, 0, 9.259259208945101*^7}\n"
"From KernelObject[1, Local kernel]:"
"\"block\" -> {5}\n"
"From KernelObject[4, Local kernel]:"
"\"boundary condition test\" -> {5, 0, 9.80392151286667*^7}\n"
"From KernelObject[4, Local kernel]:"
"\"CalcTaylor: current region\" -> 0\n"
"From KernelObject[4, Local kernel]:"
"\"block\" -> {1}\n"
"From KernelObject[2, Local kernel]:"
"\"boundary condition test\" -> {4, 0, -9.345793739411166*^7 - 1.1071486514946973*I}\n"
"From KernelObject[2, Local kernel]:"
"\"block\" -> {5}\n"
"From KernelObject[3, Local kernel]:"
"\"boundary condition test\" -> {5, 0, 3.698224400766525*^12 + 7.396449014446245*^12*I}\n"
"From KernelObject[4, Local kernel]:"
"\"boundary condition test\" -> {1, 0, 0.}\n"
"From KernelObject[4, Local kernel]:"
"\"block\" -> {2}\n"
"From KernelObject[1, Local kernel]:"
"\"boundary condition test\" -> {5, 0, 9.259259208945101*^7}\n"
"From KernelObject[1, Local kernel]:"
"\"CalcTaylor: current region\" -> 0\n"
"From KernelObject[1, Local kernel]:"
"\"block\" -> {1}\n"
"From KernelObject[3, Local kernel]:"
"\"AMFlow: Infinity solved in 1s.\"\n"
"From KernelObject[2, Local kernel]:"
"\"boundary condition test\" -> {5, 0, 3.49375447645739*^12 + 6.987509159858447*^12*I}\n"
"From KernelObject[4, Local kernel]:"
"\"boundary condition test\" -> {2, 0, 0.}\n"
"From KernelObject[3, Local kernel]:"
"\"AMFlow: running among regular points...\"\n"
"From KernelObject[4, Local kernel]:"
"\"block\" -> {3}\n"
"From KernelObject[3, Local kernel]:"
"\"current regular point\" -> 1671.341142756204 - 1857.0457141735599*I\n"
"From KernelObject[1, Local kernel]:"
"\"boundary condition test\" -> {1, 0, 0.}\n"
"From KernelObject[1, Local kernel]:"
"\"block\" -> {2}\n"
"From KernelObject[4, Local kernel]:"
"\"boundary condition inserted\" -> {3, 0, 9.80392091093398*^7 + 1.1071486545927998*I}\n"
"From KernelObject[2, Local kernel]:"
"\"AMFlow: Infinity solved in 0s.\"\n"
"From KernelObject[4, Local kernel]:"
"\"block\" -> {4}\n"
"From KernelObject[2, Local kernel]:"
"\"AMFlow: running among regular points...\"\n"
"From KernelObject[2, Local kernel]:"
"\"current regular point\" -> 1671.341142756204 - 1857.0457141735599*I\n"
"From KernelObject[1, Local kernel]:"
"\"boundary condition test\" -> {2, 0, 0.}\n"
"From KernelObject[1, Local kernel]:"
"\"block\" -> {3}\n"
"From KernelObject[4, Local kernel]:"
"\"boundary condition test\" -> {4, 0, -9.80392091093398*^7 - 1.1071486545927998*I}\n"
"From KernelObject[3, Local kernel]:"
"\"current regular point\" -> 1192.5085923862382 - 1325.0095470958204*I\n"
"From KernelObject[4, Local kernel]:"
"\"block\" -> {5}\n"
"From KernelObject[1, Local kernel]:"
"\"boundary condition inserted\" -> {3, 0, 9.259258607012412*^7 + 1.107148650875077*I}\n"
"From KernelObject[1, Local kernel]:"
"\"block\" -> {4}\n"
"From KernelObject[2, Local kernel]:"
"\"current regular point\" -> 1192.5085923862382 - 1325.0095470958204*I\n"
"From KernelObject[1, Local kernel]:"
"\"boundary condition test\" -> {4, 0, -9.259258607012412*^7 - 1.107148650875077*I}\n"
"From KernelObject[4, Local kernel]:"
"\"boundary condition test\" -> {5, 0, 3.8446746633196313*^12 + 7.689349543727228*^12*I}\n"
"From KernelObject[1, Local kernel]:"
"\"block\" -> {5}\n"
"From KernelObject[3, Local kernel]:"
"\"current regular point\" -> 926.317054726483 - 1029.2411719183144*I\n"
"From KernelObject[4, Local kernel]:"
"\"AMFlow: Infinity solved in 0s.\"\n"
"From KernelObject[4, Local kernel]:"
"\"AMFlow: running among regular points...\"\n"
"From KernelObject[4, Local kernel]:"
"\"current regular point\" -> 1671.341142756204 - 1857.0457141735599*I\n"
"From KernelObject[2, Local kernel]:"
"\"current regular point\" -> 926.317054726483 - 1029.2411719183144*I\n"
"From KernelObject[1, Local kernel]:"
"\"boundary condition test\" -> {5, 0, 3.429354849255599*^12 + 6.85870990353872*^12*I}\n"
"From KernelObject[1, Local kernel]:"
"\"AMFlow: Infinity solved in 0s.\"\n"
"From KernelObject[3, Local kernel]:"
"\"current regular point\" -> 746.4067273664867 - 829.3408081849853*I\n"
"From KernelObject[1, Local kernel]:"
"\"AMFlow: running among regular points...\"\n"
"From KernelObject[1, Local kernel]:"
"\"current regular point\" -> 1671.341142756204 - 1857.0457141735599*I\n"
"From KernelObject[4, Local kernel]:"
"\"current regular point\" -> 1192.5085923862382 - 1325.0095470958204*I\n"
"From KernelObject[2, Local kernel]:"
"\"current regular point\" -> 746.4067273664867 - 829.3408081849853*I\n"
"From KernelObject[1, Local kernel]:"
"\"current regular point\" -> 1192.5085923862382 - 1325.0095470958204*I\n"
"From KernelObject[3, Local kernel]:"
"\"current regular point\" -> 583.8705445831948 - 648.7450495368831*I\n"
"From KernelObject[4, Local kernel]:"
"\"current regular point\" -> 926.317054726483 - 1029.2411719183144*I\n"
"From KernelObject[2, Local kernel]:"
"\"current regular point\" -> 583.8705445831948 - 648.7450495368831*I\n"
"From KernelObject[1, Local kernel]:"
"\"current regular point\" -> 926.317054726483 - 1029.2411719183144*I\n"
"From KernelObject[3, Local kernel]:"
"\"current regular point\" -> 396.9003506270042 - 441.0003895855602*I\n"
"From KernelObject[4, Local kernel]:"
"\"current regular point\" -> 746.4067273664867 - 829.3408081849853*I\n"
"From KernelObject[2, Local kernel]:"
"\"current regular point\" -> 396.9003506270042 - 441.0003895855602*I\n"
"From KernelObject[1, Local kernel]:"
"\"current regular point\" -> 746.4067273664867 - 829.3408081849853*I\n"
"From KernelObject[3, Local kernel]:"
"\"current regular point\" -> 212.11794335422948 - 235.68660372692165*I\n"
"From KernelObject[4, Local kernel]:"
"\"current regular point\" -> 583.8705445831948 - 648.7450495368831*I\n"
"From KernelObject[2, Local kernel]:"
"\"current regular point\" -> 212.11794335422948 - 235.68660372692165*I\n"
"From KernelObject[1, Local kernel]:"
"\"current regular point\" -> 583.8705445831948 - 648.7450495368831*I\n"
"From KernelObject[3, Local kernel]:"
"\"current regular point\" -> 109.36256003468878 - 121.51395559409865*I\n"
"From KernelObject[4, Local kernel]:"
"\"current regular point\" -> 396.9003506270042 - 441.0003895855602*I\n"
"From KernelObject[2, Local kernel]:"
"\"current regular point\" -> 109.36256003468878 - 121.51395559409865*I\n"
"From KernelObject[1, Local kernel]:"
"\"current regular point\" -> 396.9003506270042 - 441.0003895855602*I\n"
"From KernelObject[3, Local kernel]:"
"\"current regular point\" -> 51.52600528690771 - 57.25111698545301*I\n"
"From KernelObject[4, Local kernel]:"
"\"current regular point\" -> 212.11794335422948 - 235.68660372692165*I\n"
"From KernelObject[2, Local kernel]:"
"\"current regular point\" -> 51.52600528690771 - 57.25111698545301*I\n"
"From KernelObject[1, Local kernel]:"
"\"current regular point\" -> 212.11794335422948 - 235.68660372692165*I\n"
"From KernelObject[3, Local kernel]:"
"\"current regular point\" -> 22.190272935499515 - 24.655858817221684*I\n"
"From KernelObject[4, Local kernel]:"
"\"current regular point\" -> 109.36256003468878 - 121.51395559409865*I\n"
"From KernelObject[2, Local kernel]:"
"\"current regular point\" -> 22.190272935499515 - 24.655858817221684*I\n"
"From KernelObject[1, Local kernel]:"
"\"current regular point\" -> 109.36256003468878 - 121.51395559409865*I\n"
"From KernelObject[3, Local kernel]:"
"\"AMFlow: regular running finished in 1s.\"\n"
"From KernelObject[4, Local kernel]:"
"\"current regular point\" -> 51.52600528690771 - 57.25111698545301*I\n"
"From KernelObject[3, Local kernel]:"
"\"AMFlow: solving near the last point...\"\n"
"From KernelObject[3, Local kernel]:"
"\"NormalizeMat finished in 0s.\"\n"
"From KernelObject[3, Local kernel]:"
"\"LearnXOrder is negative. skip learning phase.\"\n"
"From KernelObject[3, Local kernel]:"
"\"block\" -> {1}\n"
"From KernelObject[2, Local kernel]:"
"\"AMFlow: regular running finished in 1s.\"\n"
"From KernelObject[3, Local kernel]:"
"\"behavior\" -> {{0, 0}}\n"
"From KernelObject[2, Local kernel]:"
"\"AMFlow: solving near the last point...\"\n"
"From KernelObject[2, Local kernel]:"
"\"NormalizeMat finished in 0s.\"\n"
"From KernelObject[3, Local kernel]:"
"\"number of constraints and variables\" -> {1, 1}\n"
"From KernelObject[2, Local kernel]:"
"\"LearnXOrder is negative. skip learning phase.\"\n"
"From KernelObject[3, Local kernel]:"
"\"block\" -> {2}\n"
"From KernelObject[2, Local kernel]:"
"\"block\" -> {1}\n"
"From KernelObject[3, Local kernel]:"
"\"behavior\" -> {{0, 1}}\n"
"From KernelObject[2, Local kernel]:"
"\"behavior\" -> {{0, 0}}\n"
"From KernelObject[2, Local kernel]:"
"\"number of constraints and variables\" -> {1, 1}\n"
"From KernelObject[2, Local kernel]:"
"\"block\" -> {2}\n"
"From KernelObject[1, Local kernel]:"
"\"current regular point\" -> 51.52600528690771 - 57.25111698545301*I\n"
"From KernelObject[2, Local kernel]:"
"\"behavior\" -> {{0, 1}}\n"
"From KernelObject[4, Local kernel]:"
"\"current regular point\" -> 22.190272935499515 - 24.655858817221684*I\n"
"From KernelObject[3, Local kernel]:"
"\"number of constraints and variables\" -> {1, 1}\n"
"From KernelObject[3, Local kernel]:"
"\"block\" -> {3}\n"
"From KernelObject[3, Local kernel]:"
"\"behavior\" -> {{0, 0}}\n"
"From KernelObject[2, Local kernel]:"
"\"number of constraints and variables\" -> {1, 1}\n"
"From KernelObject[2, Local kernel]:"
"\"block\" -> {3}\n"
"From KernelObject[3, Local kernel]:"
"\"number of constraints and variables\" -> {1, 1}\n"
"From KernelObject[2, Local kernel]:"
"\"behavior\" -> {{0, 0}}\n"
"From KernelObject[3, Local kernel]:"
"\"block\" -> {4}\n"
"From KernelObject[1, Local kernel]:"
"\"current regular point\" -> 22.190272935499515 - 24.655858817221684*I\n"
"From KernelObject[3, Local kernel]:"
"\"behavior\" -> {{0, 1}}\n"
"From KernelObject[4, Local kernel]:"
"\"AMFlow: regular running finished in 1s.\"\n"
"From KernelObject[2, Local kernel]:"
"\"number of constraints and variables\" -> {1, 1}\n"
"From KernelObject[4, Local kernel]:"
"\"AMFlow: solving near the last point...\"\n"
"From KernelObject[2, Local kernel]:"
"\"block\" -> {4}\n"
"From KernelObject[4, Local kernel]:"
"\"NormalizeMat finished in 0s.\"\n"
"From KernelObject[2, Local kernel]:"
"\"behavior\" -> {{0, 1}}\n"
"From KernelObject[4, Local kernel]:"
"\"LearnXOrder is negative. skip learning phase.\"\n"
"From KernelObject[4, Local kernel]:"
"\"block\" -> {1}\n"
"From KernelObject[4, Local kernel]:"
"\"behavior\" -> {{0, 0}}\n"
"From KernelObject[4, Local kernel]:"
"\"number of constraints and variables\" -> {1, 1}\n"
"From KernelObject[4, Local kernel]:"
"\"block\" -> {2}\n"
"From KernelObject[4, Local kernel]:"
"\"behavior\" -> {{0, 1}}\n"
"From KernelObject[1, Local kernel]:"
"\"AMFlow: regular running finished in 1s.\"\n"
"From KernelObject[3, Local kernel]:"
"\"number of constraints and variables\" -> {1, 1}\n"
"From KernelObject[1, Local kernel]:"
"\"AMFlow: solving near the last point...\"\n"
"From KernelObject[3, Local kernel]:"
"\"block\" -> {5}\n"
"From KernelObject[1, Local kernel]:"
"\"NormalizeMat finished in 0s.\"\n"
"From KernelObject[3, Local kernel]:"
"\"behavior\" -> {{0, 2}}\n"
"From KernelObject[1, Local kernel]:"
"\"LearnXOrder is negative. skip learning phase.\"\n"
"From KernelObject[2, Local kernel]:"
"\"number of constraints and variables\" -> {1, 1}\n"
"From KernelObject[1, Local kernel]:"
"\"block\" -> {1}\n"
"From KernelObject[2, Local kernel]:"
"\"block\" -> {5}\n"
"From KernelObject[1, Local kernel]:"
"\"behavior\" -> {{0, 0}}\n"
"From KernelObject[2, Local kernel]:"
"\"behavior\" -> {{0, 2}}\n"
"From KernelObject[4, Local kernel]:"
"\"number of constraints and variables\" -> {1, 1}\n"
"From KernelObject[1, Local kernel]:"
"\"number of constraints and variables\" -> {1, 1}\n"
"From KernelObject[4, Local kernel]:"
"\"block\" -> {3}\n"
"From KernelObject[1, Local kernel]:"
"\"block\" -> {2}\n"
"From KernelObject[4, Local kernel]:"
"\"behavior\" -> {{0, 0}}\n"
"From KernelObject[1, Local kernel]:"
"\"behavior\" -> {{0, 1}}\n"
"From KernelObject[4, Local kernel]:"
"\"number of constraints and variables\" -> {1, 1}\n"
"From KernelObject[4, Local kernel]:"
"\"block\" -> {4}\n"
"From KernelObject[4, Local kernel]:"
"\"behavior\" -> {{0, 1}}\n"
"From KernelObject[1, Local kernel]:"
"\"number of constraints and variables\" -> {1, 1}\n"
"From KernelObject[1, Local kernel]:"
"\"block\" -> {3}\n"
"From KernelObject[1, Local kernel]:"
"\"behavior\" -> {{0, 0}}\n"
"From KernelObject[3, Local kernel]:"
"\"number of constraints and variables\" -> {1, 1}\n"
"From KernelObject[3, Local kernel]:"
"\"AMFlow: last point solved in 0s.\"\n"
"From KernelObject[1, Local kernel]:"
"\"number of constraints and variables\" -> {1, 1}\n"
"From KernelObject[3, Local kernel]:"
"\"system cleared: DESolver`$InternalSystem\"\n"
"From KernelObject[1, Local kernel]:"
"\"block\" -> {4}\n"
"From KernelObject[3, Local kernel]:"
"\"AMFlow: finished in 3s.\"\n"
"From KernelObject[2, Local kernel]:"
"\"number of constraints and variables\" -> {1, 1}\n"
"From KernelObject[1, Local kernel]:"
"\"behavior\" -> {{0, 1}}\n"
"From KernelObject[4, Local kernel]:"
"\"number of constraints and variables\" -> {1, 1}\n"
"From KernelObject[3, Local kernel]:"
"DESolver`SetGlobalOptions -> {\"WorkingPre\" -> 100, \"ChopPre\" -> 20, \"SilentMode\" -> False, \"RationalizePre\" -> 20}\n"
"From KernelObject[2, Local kernel]:"
"\"AMFlow: last point solved in 0s.\"\n"
"From KernelObject[4, Local kernel]:"
"\"block\" -> {5}\n"
"From KernelObject[3, Local kernel]:"
"DESolver`SetExpansionOptions -> {\"XOrder\" -> 100, \"ExtraXOrder\" -> 20, \"LearnXOrder\" -> -1, \"TestXOrder\" -> 5}\n"
"From KernelObject[2, Local kernel]:"
"\"system cleared: DESolver`$InternalSystem\"\n"
"From KernelObject[4, Local kernel]:"
"\"behavior\" -> {{0, 2}}\n"
"From KernelObject[3, Local kernel]:"
"DESolver`SetRunningOptions -> {\"RunRadius\" -> 2, \"RunLength\" -> 200, \"RunCandidate\" -> 10, \"RunDirection\" -> \"NegIm\"}\n"
"From KernelObject[2, Local kernel]:"
"\"AMFlow: finished in 3s.\"\n"
"From KernelObject[3, Local kernel]:"
"DESolver`SetGlobalOptions -> {\"WorkingPre\" -> 192, \"ChopPre\" -> 20, \"SilentMode\" -> False, \"RationalizePre\" -> 20}\n"
"From KernelObject[3, Local kernel]:"
"DESolver`SetExpansionOptions -> {\"XOrder\" -> 384, \"ExtraXOrder\" -> 20, \"LearnXOrder\" -> -1, \"TestXOrder\" -> 5}\n"
"From KernelObject[2, Local kernel]:"
"DESolver`SetGlobalOptions -> {\"WorkingPre\" -> 100, \"ChopPre\" -> 20, \"SilentMode\" -> False, \"RationalizePre\" -> 20}\n"
"From KernelObject[3, Local kernel]:"
"DESolver`SetRunningOptions -> {\"RunRadius\" -> 2, \"RunLength\" -> 200, \"RunCandidate\" -> 10, \"RunDirection\" -> \"NegIm\"}\n"
"From KernelObject[2, Local kernel]:"
"DESolver`SetExpansionOptions -> {\"XOrder\" -> 100, \"ExtraXOrder\" -> 20, \"LearnXOrder\" -> -1, \"TestXOrder\" -> 5}\n"
"From KernelObject[3, Local kernel]:"
"\"AMFlow: start.\"\n"
"From KernelObject[2, Local kernel]:"
"DESolver`SetRunningOptions -> {\"RunRadius\" -> 2, \"RunLength\" -> 200, \"RunCandidate\" -> 10, \"RunDirection\" -> \"NegIm\"}\n"
"From KernelObject[3, Local kernel]:"
"\"system loaded: DESolver`$InternalSystem\\nDE[DESolver`$InternalSystem] -- differential equation in matrix form\\nBC[DESolver`$InternalSystem] -- boundary conditions either in singular form or in regular form\\nP[DESolver`$InternalSystem] -- boundary point\\nAsyExp[DESolver`$InternalSystem] -- asymptotic expansion near a singular point (currently it is Null)\\nintegrals: 5, blocks: 5, density: 0.4, degrees: {1, 4}\"\n"
"From KernelObject[2, Local kernel]:"
"DESolver`SetGlobalOptions -> {\"WorkingPre\" -> 192, \"ChopPre\" -> 20, \"SilentMode\" -> False, \"RationalizePre\" -> 20}\n"
"From KernelObject[2, Local kernel]:"
"DESolver`SetExpansionOptions -> {\"XOrder\" -> 384, \"ExtraXOrder\" -> 20, \"LearnXOrder\" -> -1, \"TestXOrder\" -> 5}\n"
"From KernelObject[2, Local kernel]:"
"DESolver`SetRunningOptions -> {\"RunRadius\" -> 2, \"RunLength\" -> 200, \"RunCandidate\" -> 10, \"RunDirection\" -> \"NegIm\"}\n"
"From KernelObject[2, Local kernel]:"
"\"AMFlow: start.\"\n"
"From KernelObject[2, Local kernel]:"
"\"system loaded: DESolver`$InternalSystem\\nDE[DESolver`$InternalSystem] -- differential equation in matrix form\\nBC[DESolver`$InternalSystem] -- boundary conditions either in singular form or in regular form\\nP[DESolver`$InternalSystem] -- boundary point\\nAsyExp[DESolver`$InternalSystem] -- asymptotic expansion near a singular point (currently it is Null)\\nintegrals: 5, blocks: 5, density: 0.4, degrees: {1, 4}\"\n"
"From KernelObject[1, Local kernel]:"
"\"number of constraints and variables\" -> {1, 1}\n"
"From KernelObject[1, Local kernel]:"
"\"block\" -> {5}\n"
"From KernelObject[1, Local kernel]:"
"\"behavior\" -> {{0, 2}}\n"
"From KernelObject[4, Local kernel]:"
"\"number of constraints and variables\" -> {1, 1}\n"
"From KernelObject[3, Local kernel]:"
"\"AMFlow: integrals will be evaluated at 11 regular points\" -> {1671.341142756204 - 1857.0457141735599*I, 1192.5085923862384 - 1325.0095470958204*I, 926.3170547264831 - 1029.2411719183146*I, 746.4067273664868 - 829.3408081849852*I, 583.8705445831948 - 648.7450495368831*I, 396.90035062700423 - 441.00038958556024*I, 212.1179433542295 - 235.68660372692162*I, 109.36256003468878 - 121.51395559409865*I, 51.52600528690772 - 57.25111698545302*I, 22.190272935499518 - 24.655858817221684*I, 7.479253072288504 - 8.31028119143167*I}\n"
"From KernelObject[3, Local kernel]:"
"\"AMFlow: integration contour generated in 0s.\"\n"
"From KernelObject[4, Local kernel]:"
"\"AMFlow: last point solved in 0s.\"\n"
"From KernelObject[3, Local kernel]:"
"\"AMFlow: solving near eta = Infinity...\"\n"
"From KernelObject[4, Local kernel]:"
"\"system cleared: DESolver`$InternalSystem\"\n"
"From KernelObject[3, Local kernel]:"
"\"CalcTaylor: current region\" -> 109/9999999900\n"
"From KernelObject[2, Local kernel]:"
"\"AMFlow: integrals will be evaluated at 11 regular points\" -> {1671.341142756204 - 1857.0457141735599*I, 1192.5085923862384 - 1325.0095470958204*I, 926.3170547264831 - 1029.2411719183146*I, 746.4067273664868 - 829.3408081849852*I, 583.8705445831948 - 648.7450495368831*I, 396.90035062700423 - 441.00038958556024*I, 212.1179433542295 - 235.68660372692162*I, 109.36256003468878 - 121.51395559409865*I, 51.52600528690772 - 57.25111698545302*I, 22.190272935499518 - 24.655858817221684*I, 7.479253072288504 - 8.31028119143167*I}\n"
"From KernelObject[4, Local kernel]:"
"\"AMFlow: finished in 3s.\"\n"
"From KernelObject[3, Local kernel]:"
"\"block\" -> {1}\n"
"From KernelObject[2, Local kernel]:"
"\"AMFlow: integration contour generated in 0s.\"\n"
"From KernelObject[3, Local kernel]:"
"\"boundary condition inserted\" -> {1, 0, 9.17431187714082*^7}\n"
"From KernelObject[2, Local kernel]:"
"\"AMFlow: solving near eta = Infinity...\"\n"
"From KernelObject[2, Local kernel]:"
"\"CalcTaylor: current region\" -> 1/90909090\n"
"From KernelObject[3, Local kernel]:"
"\"block\" -> {2}\n"
"From KernelObject[2, Local kernel]:"
"\"block\" -> {1}\n"
"From KernelObject[2, Local kernel]:"
"\"boundary condition inserted\" -> {1, 0, 9.090909042278434*^7}\n"
"From KernelObject[2, Local kernel]:"
"\"block\" -> {2}\n"
"From KernelObject[3, Local kernel]:"
"\"boundary condition test\" -> {2, 0, 9.17431187714082*^7}\n"
"From KernelObject[1, Local kernel]:"
"\"number of constraints and variables\" -> {1, 1}\n"
"From KernelObject[1, Local kernel]:"
"\"AMFlow: last point solved in 0s.\"\n"
"From KernelObject[3, Local kernel]:"
"\"block\" -> {3}\n"
"From KernelObject[1, Local kernel]:"
"\"system cleared: DESolver`$InternalSystem\"\n"
"From KernelObject[1, Local kernel]:"
"\"AMFlow: finished in 3s.\"\n"
"From KernelObject[2, Local kernel]:"
"\"boundary condition test\" -> {2, 0, 9.090909042278434*^7}\n"
"From KernelObject[3, Local kernel]:"
"\"boundary condition test\" -> {3, 0, 0.}\n"
"From KernelObject[2, Local kernel]:"
"\"block\" -> {3}\n"
"From KernelObject[3, Local kernel]:"
"\"block\" -> {4}\n"
"From KernelObject[2, Local kernel]:"
"\"boundary condition test\" -> {3, 0, 0.}\n"
"From KernelObject[2, Local kernel]:"
"\"block\" -> {4}\n"
"From KernelObject[3, Local kernel]:"
"\"boundary condition test\" -> {4, 0, 9.17431187714082*^7}\n"
"From KernelObject[3, Local kernel]:"
"\"block\" -> {5}\n"
"From KernelObject[2, Local kernel]:"
"\"boundary condition test\" -> {4, 0, 9.090909042278434*^7}\n"
"From KernelObject[2, Local kernel]:"
"\"block\" -> {5}\n"
"From KernelObject[3, Local kernel]:"
"\"boundary condition test\" -> {5, 0, 9.17431187714082*^7}\n"
"From KernelObject[3, Local kernel]:"
"\"CalcTaylor: current region\" -> 0\n"
"From KernelObject[3, Local kernel]:"
"\"block\" -> {1}\n"
"From KernelObject[2, Local kernel]:"
"\"boundary condition test\" -> {5, 0, 9.090909042278434*^7}\n"
"From KernelObject[2, Local kernel]:"
"\"CalcTaylor: current region\" -> 0\n"
"From KernelObject[3, Local kernel]:"
"\"boundary condition test\" -> {1, 0, 0.}\n"
"From KernelObject[2, Local kernel]:"
"\"block\" -> {1}\n"
"From KernelObject[3, Local kernel]:"
"\"block\" -> {2}\n"
"From KernelObject[2, Local kernel]:"
"\"boundary condition test\" -> {1, 0, 0.}\n"
"From KernelObject[3, Local kernel]:"
"\"boundary condition test\" -> {2, 0, 0.}\n"
"From KernelObject[2, Local kernel]:"
"\"block\" -> {2}\n"
"From KernelObject[3, Local kernel]:"
"\"block\" -> {3}\n"
"From KernelObject[3, Local kernel]:"
"\"boundary condition inserted\" -> {3, 0, 9.17431127520813*^7 + 1.1071486502554564*I}\n"
"From KernelObject[2, Local kernel]:"
"\"boundary condition test\" -> {2, 0, 0.}\n"
"From KernelObject[3, Local kernel]:"
"\"block\" -> {4}\n"
"From KernelObject[2, Local kernel]:"
"\"block\" -> {3}\n"
"From KernelObject[2, Local kernel]:"
"\"boundary condition inserted\" -> {3, 0, 9.090908440345746*^7 + 1.107148649635836*I}\n"
"From KernelObject[2, Local kernel]:"
"\"block\" -> {4}\n"
"From KernelObject[3, Local kernel]:"
"\"boundary condition test\" -> {4, 0, -9.17431127520813*^7 - 1.1071486502554564*I}\n"
"From KernelObject[3, Local kernel]:"
"\"block\" -> {5}\n"
"From KernelObject[2, Local kernel]:"
"\"boundary condition test\" -> {4, 0, -9.090908440345746*^7 - 1.107148649635836*I}\n"
"From KernelObject[2, Local kernel]:"
"\"block\" -> {5}\n"
"From KernelObject[3, Local kernel]:"
"\"boundary condition test\" -> {5, 0, 3.3667195457010312*^12 + 6.733439294548597*^12*I}\n"
"From KernelObject[2, Local kernel]:"
"\"boundary condition test\" -> {5, 0, 3.3057847010934375*^12 + 6.611569603486623*^12*I}\n"
"From KernelObject[3, Local kernel]:"
"\"AMFlow: Infinity solved in 0s.\"\n"
"From KernelObject[3, Local kernel]:"
"\"AMFlow: running among regular points...\"\n"
"From KernelObject[3, Local kernel]:"
"\"current regular point\" -> 1671.341142756204 - 1857.0457141735599*I\n"
"From KernelObject[2, Local kernel]:"
"\"AMFlow: Infinity solved in 0s.\"\n"
"From KernelObject[2, Local kernel]:"
"\"AMFlow: running among regular points...\"\n"
"From KernelObject[2, Local kernel]:"
"\"current regular point\" -> 1671.341142756204 - 1857.0457141735599*I\n"
"From KernelObject[3, Local kernel]:"
"\"current regular point\" -> 1192.5085923862382 - 1325.0095470958204*I\n"
"From KernelObject[2, Local kernel]:"
"\"current regular point\" -> 1192.5085923862382 - 1325.0095470958204*I\n"
"From KernelObject[3, Local kernel]:"
"\"current regular point\" -> 926.317054726483 - 1029.2411719183144*I\n"
"From KernelObject[2, Local kernel]:"
"\"current regular point\" -> 926.317054726483 - 1029.2411719183144*I\n"
"From KernelObject[3, Local kernel]:"
"\"current regular point\" -> 746.4067273664867 - 829.3408081849853*I\n"
"From KernelObject[2, Local kernel]:"
"\"current regular point\" -> 746.4067273664867 - 829.3408081849853*I\n"
"From KernelObject[3, Local kernel]:"
"\"current regular point\" -> 583.8705445831948 - 648.7450495368831*I\n"
"From KernelObject[2, Local kernel]:"
"\"current regular point\" -> 583.8705445831948 - 648.7450495368831*I\n"
"From KernelObject[3, Local kernel]:"
"\"current regular point\" -> 396.9003506270042 - 441.0003895855602*I\n"
"From KernelObject[2, Local kernel]:"
"\"current regular point\" -> 396.9003506270042 - 441.0003895855602*I\n"
"From KernelObject[3, Local kernel]:"
"\"current regular point\" -> 212.11794335422948 - 235.68660372692165*I\n"
"From KernelObject[2, Local kernel]:"
"\"current regular point\" -> 212.11794335422948 - 235.68660372692165*I\n"
"From KernelObject[3, Local kernel]:"
"\"current regular point\" -> 109.36256003468878 - 121.51395559409865*I\n"
"From KernelObject[2, Local kernel]:"
"\"current regular point\" -> 109.36256003468878 - 121.51395559409865*I\n"
"From KernelObject[3, Local kernel]:"
"\"current regular point\" -> 51.52600528690771 - 57.25111698545301*I\n"
"From KernelObject[2, Local kernel]:"
"\"current regular point\" -> 51.52600528690771 - 57.25111698545301*I\n"
"From KernelObject[3, Local kernel]:"
"\"current regular point\" -> 22.190272935499515 - 24.655858817221684*I\n"
"From KernelObject[2, Local kernel]:"
"\"current regular point\" -> 22.190272935499515 - 24.655858817221684*I\n"
"From KernelObject[3, Local kernel]:"
"\"AMFlow: regular running finished in 1s.\"\n"
"From KernelObject[3, Local kernel]:"
"\"AMFlow: solving near the last point...\"\n"
"From KernelObject[3, Local kernel]:"
"\"NormalizeMat finished in 0s.\"\n"
"From KernelObject[3, Local kernel]:"
"\"LearnXOrder is negative. skip learning phase.\"\n"
"From KernelObject[3, Local kernel]:"
"\"block\" -> {1}\n"
"From KernelObject[3, Local kernel]:"
"\"behavior\" -> {{0, 0}}\n"
"From KernelObject[2, Local kernel]:"
"\"AMFlow: regular running finished in 1s.\"\n"
"From KernelObject[3, Local kernel]:"
"\"number of constraints and variables\" -> {1, 1}\n"
"From KernelObject[2, Local kernel]:"
"\"AMFlow: solving near the last point...\"\n"
"From KernelObject[3, Local kernel]:"
"\"block\" -> {2}\n"
"From KernelObject[2, Local kernel]:"
"\"NormalizeMat finished in 0s.\"\n"
"From KernelObject[3, Local kernel]:"
"\"behavior\" -> {{0, 1}}\n"
"From KernelObject[2, Local kernel]:"
"\"LearnXOrder is negative. skip learning phase.\"\n"
"From KernelObject[2, Local kernel]:"
"\"block\" -> {1}\n"
"From KernelObject[2, Local kernel]:"
"\"behavior\" -> {{0, 0}}\n"
"From KernelObject[2, Local kernel]:"
"\"number of constraints and variables\" -> {1, 1}\n"
"From KernelObject[2, Local kernel]:"
"\"block\" -> {2}\n"
"From KernelObject[2, Local kernel]:"
"\"behavior\" -> {{0, 1}}\n"
"From KernelObject[3, Local kernel]:"
"\"number of constraints and variables\" -> {1, 1}\n"
"From KernelObject[3, Local kernel]:"
"\"block\" -> {3}\n"
"From KernelObject[3, Local kernel]:"
"\"behavior\" -> {{0, 0}}\n"
"From KernelObject[3, Local kernel]:"
"\"number of constraints and variables\" -> {1, 1}\n"
"From KernelObject[2, Local kernel]:"
"\"number of constraints and variables\" -> {1, 1}\n"
"From KernelObject[3, Local kernel]:"
"\"block\" -> {4}\n"
"From KernelObject[2, Local kernel]:"
"\"block\" -> {3}\n"
"From KernelObject[3, Local kernel]:"
"\"behavior\" -> {{0, 1}}\n"
"From KernelObject[2, Local kernel]:"
"\"behavior\" -> {{0, 0}}\n"
"From KernelObject[2, Local kernel]:"
"\"number of constraints and variables\" -> {1, 1}\n"
"From KernelObject[2, Local kernel]:"
"\"block\" -> {4}\n"
"From KernelObject[2, Local kernel]:"
"\"behavior\" -> {{0, 1}}\n"
"From KernelObject[3, Local kernel]:"
"\"number of constraints and variables\" -> {1, 1}\n"
"From KernelObject[3, Local kernel]:"
"\"block\" -> {5}\n"
"From KernelObject[3, Local kernel]:"
"\"behavior\" -> {{0, 2}}\n"
"From KernelObject[2, Local kernel]:"
"\"number of constraints and variables\" -> {1, 1}\n"
"From KernelObject[2, Local kernel]:"
"\"block\" -> {5}\n"
"From KernelObject[2, Local kernel]:"
"\"behavior\" -> {{0, 2}}\n"
"From KernelObject[3, Local kernel]:"
"\"number of constraints and variables\" -> {1, 1}\n"
"From KernelObject[3, Local kernel]:"
"\"AMFlow: last point solved in 0s.\"\n"
"From KernelObject[3, Local kernel]:"
"\"system cleared: DESolver`$InternalSystem\"\n"
"From KernelObject[3, Local kernel]:"
"\"AMFlow: finished in 3s.\"\n"
"From KernelObject[2, Local kernel]:"
"\"number of constraints and variables\" -> {1, 1}\n"
"From KernelObject[2, Local kernel]:"
"\"AMFlow: last point solved in 0s.\"\n"
"From KernelObject[2, Local kernel]:"
"\"system cleared: DESolver`$InternalSystem\"\n"
"From KernelObject[2, Local kernel]:"
"\"AMFlow: finished in 3s.\"\n"
