"From KernelObject[3, Local kernel]:"
"DESolver`SetGlobalOptions -> {\"WorkingPre\" -> 100, \"ChopPre\" -> 20, \"SilentMode\" -> False, \"RationalizePre\" -> 20}\n"
"From KernelObject[2, Local kernel]:"
"DESolver`SetGlobalOptions -> {\"WorkingPre\" -> 100, \"ChopPre\" -> 20, \"SilentMode\" -> False, \"RationalizePre\" -> 20}\n"
"From KernelObject[3, Local kernel]:"
"DESolver`SetExpansionOptions -> {\"XOrder\" -> 100, \"ExtraXOrder\" -> 20, \"LearnXOrder\" -> -1, \"TestXOrder\" -> 5}\n"
"From KernelObject[2, Local kernel]:"
"DESolver`SetExpansionOptions -> {\"XOrder\" -> 100, \"ExtraXOrder\" -> 20, \"LearnXOrder\" -> -1, \"TestXOrder\" -> 5}\n"
"From KernelObject[4, Local kernel]:"
"DESolver`SetGlobalOptions -> {\"WorkingPre\" -> 100, \"ChopPre\" -> 20, \"SilentMode\" -> False, \"RationalizePre\" -> 20}\n"
"From KernelObject[3, Local kernel]:"
"DESolver`SetRunningOptions -> {\"RunRadius\" -> 2, \"RunLength\" -> 200, \"RunCandidate\" -> 10, \"RunDirection\" -> \"NegIm\"}\n"
"From KernelObject[2, Local kernel]:"
"DESolver`SetRunningOptions -> {\"RunRadius\" -> 2, \"RunLength\" -> 200, \"RunCandidate\" -> 10, \"RunDirection\" -> \"NegIm\"}\n"
"From KernelObject[1, Local kernel]:"
"DESolver`SetGlobalOptions -> {\"WorkingPre\" -> 100, \"ChopPre\" -> 20, \"SilentMode\" -> False, \"RationalizePre\" -> 20}\n"
"From KernelObject[4, Local kernel]:"
"DESolver`SetExpansionOptions -> {\"XOrder\" -> 100, \"ExtraXOrder\" -> 20, \"LearnXOrder\" -> -1, \"TestXOrder\" -> 5}\n"
"From KernelObject[3, Local kernel]:"
"DESolver`SetGlobalOptions -> {\"WorkingPre\" -> 312, \"ChopPre\" -> 20, \"SilentMode\" -> False, \"RationalizePre\" -> 20}\n"
"From KernelObject[2, Local kernel]:"
"DESolver`SetGlobalOptions -> {\"WorkingPre\" -> 312, \"ChopPre\" -> 20, \"SilentMode\" -> False, \"RationalizePre\" -> 20}\n"
"From KernelObject[1, Local kernel]:"
"DESolver`SetExpansionOptions -> {\"XOrder\" -> 100, \"ExtraXOrder\" -> 20, \"LearnXOrder\" -> -1, \"TestXOrder\" -> 5}\n"
"From KernelObject[4, Local kernel]:"
"DESolver`SetRunningOptions -> {\"RunRadius\" -> 2, \"RunLength\" -> 200, \"RunCandidate\" -> 10, \"RunDirection\" -> \"NegIm\"}\n"
"From KernelObject[3, Local kernel]:"
"DESolver`SetExpansionOptions -> {\"XOrder\" -> 624, \"ExtraXOrder\" -> 20, \"LearnXOrder\" -> -1, \"TestXOrder\" -> 5}\n"
"From KernelObject[2, Local kernel]:"
"DESolver`SetExpansionOptions -> {\"XOrder\" -> 624, \"ExtraXOrder\" -> 20, \"LearnXOrder\" -> -1, \"TestXOrder\" -> 5}\n"
"From KernelObject[1, Local kernel]:"
"DESolver`SetRunningOptions -> {\"RunRadius\" -> 2, \"RunLength\" -> 200, \"RunCandidate\" -> 10, \"RunDirection\" -> \"NegIm\"}\n"
"From KernelObject[4, Local kernel]:"
"DESolver`SetGlobalOptions -> {\"WorkingPre\" -> 312, \"ChopPre\" -> 20, \"SilentMode\" -> False, \"RationalizePre\" -> 20}\n"
"From KernelObject[3, Local kernel]:"
"DESolver`SetRunningOptions -> {\"RunRadius\" -> 2, \"RunLength\" -> 200, \"RunCandidate\" -> 10, \"RunDirection\" -> \"NegIm\"}\n"
"From KernelObject[2, Local kernel]:"
"DESolver`SetRunningOptions -> {\"RunRadius\" -> 2, \"RunLength\" -> 200, \"RunCandidate\" -> 10, \"RunDirection\" -> \"NegIm\"}\n"
"From KernelObject[1, Local kernel]:"
"DESolver`SetGlobalOptions -> {\"WorkingPre\" -> 312, \"ChopPre\" -> 20, \"SilentMode\" -> False, \"RationalizePre\" -> 20}\n"
"From KernelObject[4, Local kernel]:"
"DESolver`SetExpansionOptions -> {\"XOrder\" -> 624, \"ExtraXOrder\" -> 20, \"LearnXOrder\" -> -1, \"TestXOrder\" -> 5}\n"
"From KernelObject[3, Local kernel]:"
"\"AMFlow: start.\"\n"
"From KernelObject[2, Local kernel]:"
"\"AMFlow: start.\"\n"
"From KernelObject[1, Local kernel]:"
"DESolver`SetExpansionOptions -> {\"XOrder\" -> 624, \"ExtraXOrder\" -> 20, \"LearnXOrder\" -> -1, \"TestXOrder\" -> 5}\n"
"From KernelObject[4, Local kernel]:"
"DESolver`SetRunningOptions -> {\"RunRadius\" -> 2, \"RunLength\" -> 200, \"RunCandidate\" -> 10, \"RunDirection\" -> \"NegIm\"}\n"
"From KernelObject[1, Local kernel]:"
"DESolver`SetRunningOptions -> {\"RunRadius\" -> 2, \"RunLength\" -> 200, \"RunCandidate\" -> 10, \"RunDirection\" -> \"NegIm\"}\n"
"From KernelObject[4, Local kernel]:"
"\"AMFlow: start.\"\n"
"From KernelObject[1, Local kernel]:"
"\"AMFlow: start.\"\n"
"From KernelObject[3, Local kernel]:"
"\"system loaded: DESolver`$InternalSystem\\nDE[DESolver`$InternalSystem] -- differential equation in matrix form\\nBC[DESolver`$InternalSystem] -- boundary conditions either in singular form or in regular form\\nP[DESolver`$InternalSystem] -- boundary point\\nAsyExp[DESolver`$InternalSystem] -- asymptotic expansion near a singular point (currently it is Null)\\nintegrals: 5, blocks: 5, density: 0.4, degrees: {1, 4}\"\n"
"From KernelObject[2, Local kernel]:"
"\"system loaded: DESolver`$InternalSystem\\nDE[DESolver`$InternalSystem] -- differential equation in matrix form\\nBC[DESolver`$InternalSystem] -- boundary conditions either in singular form or in regular form\\nP[DESolver`$InternalSystem] -- boundary point\\nAsyExp[DESolver`$InternalSystem] -- asymptotic expansion near a singular point (currently it is Null)\\nintegrals: 5, blocks: 5, density: 0.4, degrees: {1, 4}\"\n"
"From KernelObject[3, Local kernel]:"
"\"AMFlow: integrals will be evaluated at 10 regular points\" -> {0. - 3180.*I, 0. - 1589.9921383842154*I, 0. - 794.980345999409*I, 0. - 397.4587269252573*I, 0. - 198.6664738008924*I, 0. - 99.20747746008787*I, 0. - 49.352378463110036*I, 0. - 24.174723389781388*I, 0. - 11.09403866981696*I, 0. - 5.*I}\n"
"From KernelObject[2, Local kernel]:"
"\"AMFlow: integrals will be evaluated at 10 regular points\" -> {0. - 3180.*I, 0. - 1589.9921383842154*I, 0. - 794.980345999409*I, 0. - 397.4587269252573*I, 0. - 198.6664738008924*I, 0. - 99.20747746008787*I, 0. - 49.352378463110036*I, 0. - 24.174723389781388*I, 0. - 11.09403866981696*I, 0. - 5.*I}\n"
"From KernelObject[3, Local kernel]:"
"\"AMFlow: integration contour generated in 0s.\"\n"
"From KernelObject[2, Local kernel]:"
"\"AMFlow: integration contour generated in 0s.\"\n"
"From KernelObject[3, Local kernel]:"
"\"AMFlow: solving near eta = Infinity...\"\n"
"From KernelObject[2, Local kernel]:"
"\"AMFlow: solving near eta = Infinity...\"\n"
"From KernelObject[4, Local kernel]:"
"\"system loaded: DESolver`$InternalSystem\\nDE[DESolver`$InternalSystem] -- differential equation in matrix form\\nBC[DESolver`$InternalSystem] -- boundary conditions either in singular form or in regular form\\nP[DESolver`$InternalSystem] -- boundary point\\nAsyExp[DESolver`$InternalSystem] -- asymptotic expansion near a singular point (currently it is Null)\\nintegrals: 5, blocks: 5, density: 0.4, degrees: {1, 4}\"\n"
"From KernelObject[3, Local kernel]:"
"\"CalcTaylor: current region\" -> 103/999999999999900\n"
"From KernelObject[2, Local kernel]:"
"\"CalcTaylor: current region\" -> 7/66666666666660\n"
"From KernelObject[1, Local kernel]:"
"\"system loaded: DESolver`$InternalSystem\\nDE[DESolver`$InternalSystem] -- differential equation in matrix form\\nBC[DESolver`$InternalSystem] -- boundary conditions either in singular form or in regular form\\nP[DESolver`$InternalSystem] -- boundary point\\nAsyExp[DESolver`$InternalSystem] -- asymptotic expansion near a singular point (currently it is Null)\\nintegrals: 5, blocks: 5, density: 0.4, degrees: {1, 4}\"\n"
"From KernelObject[3, Local kernel]:"
"\"block\" -> {1}\n"
"From KernelObject[2, Local kernel]:"
"\"block\" -> {1}\n"
"From KernelObject[3, Local kernel]:"
"\"boundary condition inserted\" -> {1, 0, 9.708737864077121*^12}\n"
"From KernelObject[2, Local kernel]:"
"\"boundary condition inserted\" -> {1, 0, 9.523809523808994*^12}\n"
"From KernelObject[3, Local kernel]:"
"\"block\" -> {2}\n"
"From KernelObject[2, Local kernel]:"
"\"block\" -> {2}\n"
"From KernelObject[2, Local kernel]:"
"\"boundary condition test\" -> {2, 0, 9.523809523808994*^12}\n"
"From KernelObject[3, Local kernel]:"
"\"boundary condition test\" -> {2, 0, 9.708737864077121*^12}\n"
"From KernelObject[3, Local kernel]:"
"\"block\" -> {3}\n"
"From KernelObject[2, Local kernel]:"
"\"block\" -> {3}\n"
"From KernelObject[4, Local kernel]:"
"\"AMFlow: integrals will be evaluated at 10 regular points\" -> {0. - 3180.*I, 0. - 1589.9921383842154*I, 0. - 794.980345999409*I, 0. - 397.4587269252573*I, 0. - 198.6664738008924*I, 0. - 99.20747746008787*I, 0. - 49.352378463110036*I, 0. - 24.174723389781388*I, 0. - 11.09403866981696*I, 0. - 5.*I}\n"
"From KernelObject[1, Local kernel]:"
"\"AMFlow: integrals will be evaluated at 10 regular points\" -> {0. - 3180.*I, 0. - 1589.9921383842154*I, 0. - 794.980345999409*I, 0. - 397.4587269252573*I, 0. - 198.6664738008924*I, 0. - 99.20747746008787*I, 0. - 49.352378463110036*I, 0. - 24.174723389781388*I, 0. - 11.09403866981696*I, 0. - 5.*I}\n"
"From KernelObject[4, Local kernel]:"
"\"AMFlow: integration contour generated in 0s.\"\n"
"From KernelObject[1, Local kernel]:"
"\"AMFlow: integration contour generated in 0s.\"\n"
"From KernelObject[4, Local kernel]:"
"\"AMFlow: solving near eta = Infinity...\"\n"
"From KernelObject[1, Local kernel]:"
"\"AMFlow: solving near eta = Infinity...\"\n"
"From KernelObject[4, Local kernel]:"
"\"CalcTaylor: current region\" -> 101/999999999999900\n"
"From KernelObject[1, Local kernel]:"
"\"CalcTaylor: current region\" -> 1/9433962264150\n"
"From KernelObject[4, Local kernel]:"
"\"block\" -> {1}\n"
"From KernelObject[1, Local kernel]:"
"\"block\" -> {1}\n"
"From KernelObject[2, Local kernel]:"
"\"boundary condition test\" -> {3, 0, 0.}\n"
"From KernelObject[3, Local kernel]:"
"\"boundary condition test\" -> {3, 0, 0.}\n"
"From KernelObject[2, Local kernel]:"
"\"block\" -> {4}\n"
"From KernelObject[3, Local kernel]:"
"\"block\" -> {4}\n"
"From KernelObject[4, Local kernel]:"
"\"boundary condition inserted\" -> {1, 0, 9.900990099009334*^12}\n"
"From KernelObject[1, Local kernel]:"
"\"boundary condition inserted\" -> {1, 0, 9.433962264150422*^12}\n"
"From KernelObject[4, Local kernel]:"
"\"block\" -> {2}\n"
"From KernelObject[1, Local kernel]:"
"\"block\" -> {2}\n"
"From KernelObject[2, Local kernel]:"
"\"boundary condition test\" -> {4, 0, 9.523809523808994*^12}\n"
"From KernelObject[3, Local kernel]:"
"\"boundary condition test\" -> {4, 0, 9.708737864077121*^12}\n"
"From KernelObject[2, Local kernel]:"
"\"block\" -> {5}\n"
"From KernelObject[3, Local kernel]:"
"\"block\" -> {5}\n"
"From KernelObject[4, Local kernel]:"
"\"boundary condition test\" -> {2, 0, 9.900990099009334*^12}\n"
"From KernelObject[3, Local kernel]:"
"\"boundary condition test\" -> {5, 0, 9.708737864077121*^12}\n"
"From KernelObject[2, Local kernel]:"
"\"boundary condition test\" -> {5, 0, 9.523809523808994*^12}\n"
"From KernelObject[1, Local kernel]:"
"\"boundary condition test\" -> {2, 0, 9.433962264150422*^12}\n"
"From KernelObject[4, Local kernel]:"
"\"block\" -> {3}\n"
"From KernelObject[3, Local kernel]:"
"\"CalcTaylor: current region\" -> 0\n"
"From KernelObject[2, Local kernel]:"
"\"CalcTaylor: current region\" -> 0\n"
"From KernelObject[1, Local kernel]:"
"\"block\" -> {3}\n"
"From KernelObject[3, Local kernel]:"
"\"block\" -> {1}\n"
"From KernelObject[2, Local kernel]:"
"\"block\" -> {1}\n"
"From KernelObject[1, Local kernel]:"
"\"boundary condition test\" -> {3, 0, 0.}\n"
"From KernelObject[4, Local kernel]:"
"\"boundary condition test\" -> {3, 0, 0.}\n"
"From KernelObject[2, Local kernel]:"
"\"boundary condition test\" -> {1, 0, 0.}\n"
"From KernelObject[1, Local kernel]:"
"\"block\" -> {4}\n"
"From KernelObject[4, Local kernel]:"
"\"block\" -> {4}\n"
"From KernelObject[2, Local kernel]:"
"\"block\" -> {2}\n"
"From KernelObject[3, Local kernel]:"
"\"boundary condition test\" -> {1, 0, 0.}\n"
"From KernelObject[3, Local kernel]:"
"\"block\" -> {2}\n"
"From KernelObject[2, Local kernel]:"
"\"boundary condition test\" -> {2, 0, 0.}\n"
"From KernelObject[2, Local kernel]:"
"\"block\" -> {3}\n"
"From KernelObject[4, Local kernel]:"
"\"boundary condition test\" -> {4, 0, 9.900990099009334*^12}\n"
"From KernelObject[1, Local kernel]:"
"\"boundary condition test\" -> {4, 0, 9.433962264150422*^12}\n"
"From KernelObject[4, Local kernel]:"
"\"block\" -> {5}\n"
"From KernelObject[3, Local kernel]:"
"\"boundary condition test\" -> {2, 0, 0.}\n"
"From KernelObject[1, Local kernel]:"
"\"block\" -> {5}\n"
"From KernelObject[3, Local kernel]:"
"\"block\" -> {3}\n"
"From KernelObject[2, Local kernel]:"
"\"boundary condition inserted\" -> {3, 0, 9.523809523802682*^12}\n"
"From KernelObject[2, Local kernel]:"
"\"block\" -> {4}\n"
"From KernelObject[3, Local kernel]:"
"\"boundary condition inserted\" -> {3, 0, 9.708737864070809*^12}\n"
"From KernelObject[3, Local kernel]:"
"\"block\" -> {4}\n"
"From KernelObject[2, Local kernel]:"
"\"boundary condition test\" -> {4, 0, -9.523809523802682*^12}\n"
"From KernelObject[1, Local kernel]:"
"\"boundary condition test\" -> {5, 0, 9.433962264150422*^12}\n"
"From KernelObject[4, Local kernel]:"
"\"boundary condition test\" -> {5, 0, 9.900990099009334*^12}\n"
"From KernelObject[2, Local kernel]:"
"\"block\" -> {5}\n"
"From KernelObject[1, Local kernel]:"
"\"CalcTaylor: current region\" -> 0\n"
"From KernelObject[4, Local kernel]:"
"\"CalcTaylor: current region\" -> 0\n"
"From KernelObject[1, Local kernel]:"
"\"block\" -> {1}\n"
"From KernelObject[4, Local kernel]:"
"\"block\" -> {1}\n"
"From KernelObject[3, Local kernel]:"
"\"boundary condition test\" -> {4, 0, -9.708737864070809*^12}\n"
"From KernelObject[3, Local kernel]:"
"\"block\" -> {5}\n"
"From KernelObject[4, Local kernel]:"
"\"boundary condition test\" -> {1, 0, 0.}\n"
"From KernelObject[1, Local kernel]:"
"\"boundary condition test\" -> {1, 0, 0.}\n"
"From KernelObject[4, Local kernel]:"
"\"block\" -> {2}\n"
"From KernelObject[1, Local kernel]:"
"\"block\" -> {2}\n"
"From KernelObject[2, Local kernel]:"
"\"boundary condition test\" -> {5, 0, 6.046863189714113*^22}\n"
"From KernelObject[1, Local kernel]:"
"\"boundary condition test\" -> {2, 0, 0.}\n"
"From KernelObject[4, Local kernel]:"
"\"boundary condition test\" -> {2, 0, 0.}\n"
"From KernelObject[3, Local kernel]:"
"\"boundary condition test\" -> {5, 0, 6.2839727275519985*^22}\n"
"From KernelObject[2, Local kernel]:"
"\"AMFlow: Infinity solved in 1s.\"\n"
"From KernelObject[1, Local kernel]:"
"\"block\" -> {3}\n"
"From KernelObject[4, Local kernel]:"
"\"block\" -> {3}\n"
"From KernelObject[2, Local kernel]:"
"\"AMFlow: running among regular points...\"\n"
"From KernelObject[2, Local kernel]:"
"\"current regular point\" -> 0. - 3180.*I\n"
"From KernelObject[3, Local kernel]:"
"\"AMFlow: Infinity solved in 1s.\"\n"
"From KernelObject[3, Local kernel]:"
"\"AMFlow: running among regular points...\"\n"
"From KernelObject[4, Local kernel]:"
"\"boundary condition inserted\" -> {3, 0, 9.90099009900302*^12}\n"
"From KernelObject[3, Local kernel]:"
"\"current regular point\" -> 0. - 3180.*I\n"
"From KernelObject[1, Local kernel]:"
"\"boundary condition inserted\" -> {3, 0, 9.43396226414411*^12}\n"
"From KernelObject[4, Local kernel]:"
"\"block\" -> {4}\n"
"From KernelObject[1, Local kernel]:"
"\"block\" -> {4}\n"
"From KernelObject[4, Local kernel]:"
"\"boundary condition test\" -> {4, 0, -9.90099009900302*^12}\n"
"From KernelObject[1, Local kernel]:"
"\"boundary condition test\" -> {4, 0, -9.43396226414411*^12}\n"
"From KernelObject[2, Local kernel]:"
"\"current regular point\" -> 0. - 1589.9921383842154*I\n"
"From KernelObject[1, Local kernel]:"
"\"block\" -> {5}\n"
"From KernelObject[4, Local kernel]:"
"\"block\" -> {5}\n"
"From KernelObject[3, Local kernel]:"
"\"current regular point\" -> 0. - 1589.9921383842154*I\n"
"From KernelObject[4, Local kernel]:"
"\"boundary condition test\" -> {5, 0, 6.535306996039624*^22}\n"
"From KernelObject[1, Local kernel]:"
"\"boundary condition test\" -> {5, 0, 5.9333096000887835*^22}\n"
"From KernelObject[2, Local kernel]:"
"\"current regular point\" -> 0. - 794.980345999409*I\n"
"From KernelObject[1, Local kernel]:"
"\"AMFlow: Infinity solved in 1s.\"\n"
"From KernelObject[4, Local kernel]:"
"\"AMFlow: Infinity solved in 1s.\"\n"
"From KernelObject[1, Local kernel]:"
"\"AMFlow: running among regular points...\"\n"
"From KernelObject[4, Local kernel]:"
"\"AMFlow: running among regular points...\"\n"
"From KernelObject[1, Local kernel]:"
"\"current regular point\" -> 0. - 3180.*I\n"
"From KernelObject[4, Local kernel]:"
"\"current regular point\" -> 0. - 3180.*I\n"
"From KernelObject[3, Local kernel]:"
"\"current regular point\" -> 0. - 794.980345999409*I\n"
"From KernelObject[4, Local kernel]:"
"\"current regular point\" -> 0. - 1589.9921383842154*I\n"
"From KernelObject[2, Local kernel]:"
"\"current regular point\" -> 0. - 397.4587269252573*I\n"
"From KernelObject[1, Local kernel]:"
"\"current regular point\" -> 0. - 1589.9921383842154*I\n"
"From KernelObject[3, Local kernel]:"
"\"current regular point\" -> 0. - 397.4587269252573*I\n"
"From KernelObject[4, Local kernel]:"
"\"current regular point\" -> 0. - 794.980345999409*I\n"
"From KernelObject[2, Local kernel]:"
"\"current regular point\" -> 0. - 198.6664738008924*I\n"
"From KernelObject[1, Local kernel]:"
"\"current regular point\" -> 0. - 794.980345999409*I\n"
"From KernelObject[3, Local kernel]:"
"\"current regular point\" -> 0. - 198.6664738008924*I\n"
"From KernelObject[4, Local kernel]:"
"\"current regular point\" -> 0. - 397.4587269252573*I\n"
"From KernelObject[2, Local kernel]:"
"\"current regular point\" -> 0. - 99.20747746008787*I\n"
"From KernelObject[1, Local kernel]:"
"\"current regular point\" -> 0. - 397.4587269252573*I\n"
"From KernelObject[3, Local kernel]:"
"\"current regular point\" -> 0. - 99.20747746008787*I\n"
"From KernelObject[2, Local kernel]:"
"\"current regular point\" -> 0. - 49.352378463110036*I\n"
"From KernelObject[4, Local kernel]:"
"\"current regular point\" -> 0. - 198.6664738008924*I\n"
"From KernelObject[1, Local kernel]:"
"\"current regular point\" -> 0. - 198.6664738008924*I\n"
"From KernelObject[3, Local kernel]:"
"\"current regular point\" -> 0. - 49.352378463110036*I\n"
"From KernelObject[2, Local kernel]:"
"\"current regular point\" -> 0. - 24.174723389781388*I\n"
"From KernelObject[4, Local kernel]:"
"\"current regular point\" -> 0. - 99.20747746008787*I\n"
"From KernelObject[1, Local kernel]:"
"\"current regular point\" -> 0. - 99.20747746008787*I\n"
"From KernelObject[3, Local kernel]:"
"\"current regular point\" -> 0. - 24.174723389781388*I\n"
"From KernelObject[2, Local kernel]:"
"\"current regular point\" -> 0. - 11.09403866981696*I\n"
"From KernelObject[4, Local kernel]:"
"\"current regular point\" -> 0. - 49.352378463110036*I\n"
"From KernelObject[1, Local kernel]:"
"\"current regular point\" -> 0. - 49.352378463110036*I\n"
"From KernelObject[3, Local kernel]:"
"\"current regular point\" -> 0. - 11.09403866981696*I\n"
"From KernelObject[2, Local kernel]:"
"\"AMFlow: regular running finished in 2s.\"\n"
"From KernelObject[2, Local kernel]:"
"\"AMFlow: solving near the last point...\"\n"
"From KernelObject[2, Local kernel]:"
"\"NormalizeMat finished in 0s.\"\n"
"From KernelObject[1, Local kernel]:"
"\"current regular point\" -> 0. - 24.174723389781388*I\n"
"From KernelObject[4, Local kernel]:"
"\"current regular point\" -> 0. - 24.174723389781388*I\n"
"From KernelObject[2, Local kernel]:"
"\"LearnXOrder is negative. skip learning phase.\"\n"
"From KernelObject[2, Local kernel]:"
"\"block\" -> {1}\n"
"From KernelObject[2, Local kernel]:"
"\"behavior\" -> {{0, 0}}\n"
"From KernelObject[2, Local kernel]:"
"\"number of constraints and variables\" -> {1, 1}\n"
"From KernelObject[3, Local kernel]:"
"\"AMFlow: regular running finished in 2s.\"\n"
"From KernelObject[2, Local kernel]:"
"\"block\" -> {2}\n"
"From KernelObject[3, Local kernel]:"
"\"AMFlow: solving near the last point...\"\n"
"From KernelObject[2, Local kernel]:"
"\"behavior\" -> {{0, 1}}\n"
"From KernelObject[3, Local kernel]:"
"\"NormalizeMat finished in 0s.\"\n"
"From KernelObject[3, Local kernel]:"
"\"LearnXOrder is negative. skip learning phase.\"\n"
"From KernelObject[3, Local kernel]:"
"\"block\" -> {1}\n"
"From KernelObject[3, Local kernel]:"
"\"behavior\" -> {{0, 0}}\n"
"From KernelObject[3, Local kernel]:"
"\"number of constraints and variables\" -> {1, 1}\n"
"From KernelObject[3, Local kernel]:"
"\"block\" -> {2}\n"
"From KernelObject[3, Local kernel]:"
"\"behavior\" -> {{0, 1}}\n"
"From KernelObject[1, Local kernel]:"
"\"current regular point\" -> 0. - 11.09403866981696*I\n"
"From KernelObject[4, Local kernel]:"
"\"current regular point\" -> 0. - 11.09403866981696*I\n"
"From KernelObject[2, Local kernel]:"
"\"number of constraints and variables\" -> {1, 1}\n"
"From KernelObject[2, Local kernel]:"
"\"block\" -> {3}\n"
"From KernelObject[2, Local kernel]:"
"\"behavior\" -> {{0, 0}}\n"
"From KernelObject[2, Local kernel]:"
"\"number of constraints and variables\" -> {1, 1}\n"
"From KernelObject[2, Local kernel]:"
"\"block\" -> {4}\n"
"From KernelObject[3, Local kernel]:"
"\"number of constraints and variables\" -> {1, 1}\n"
"From KernelObject[2, Local kernel]:"
"\"behavior\" -> {{0, 1}}\n"
"From KernelObject[3, Local kernel]:"
"\"block\" -> {3}\n"
"From KernelObject[3, Local kernel]:"
"\"behavior\" -> {{0, 0}}\n"
"From KernelObject[3, Local kernel]:"
"\"number of constraints and variables\" -> {1, 1}\n"
"From KernelObject[3, Local kernel]:"
"\"block\" -> {4}\n"
"From KernelObject[3, Local kernel]:"
"\"behavior\" -> {{0, 1}}\n"
"From KernelObject[1, Local kernel]:"
"\"AMFlow: regular running finished in 2s.\"\n"
"From KernelObject[4, Local kernel]:"
"\"AMFlow: regular running finished in 2s.\"\n"
"From KernelObject[1, Local kernel]:"
"\"AMFlow: solving near the last point...\"\n"
"From KernelObject[4, Local kernel]:"
"\"AMFlow: solving near the last point...\"\n"
"From KernelObject[1, Local kernel]:"
"\"NormalizeMat finished in 0s.\"\n"
"From KernelObject[4, Local kernel]:"
"\"NormalizeMat finished in 0s.\"\n"
"From KernelObject[1, Local kernel]:"
"\"LearnXOrder is negative. skip learning phase.\"\n"
"From KernelObject[4, Local kernel]:"
"\"LearnXOrder is negative. skip learning phase.\"\n"
"From KernelObject[1, Local kernel]:"
"\"block\" -> {1}\n"
"From KernelObject[4, Local kernel]:"
"\"block\" -> {1}\n"
"From KernelObject[1, Local kernel]:"
"\"behavior\" -> {{0, 0}}\n"
"From KernelObject[4, Local kernel]:"
"\"behavior\" -> {{0, 0}}\n"
"From KernelObject[1, Local kernel]:"
"\"number of constraints and variables\" -> {1, 1}\n"
"From KernelObject[1, Local kernel]:"
"\"block\" -> {2}\n"
"From KernelObject[4, Local kernel]:"
"\"number of constraints and variables\" -> {1, 1}\n"
"From KernelObject[2, Local kernel]:"
"\"number of constraints and variables\" -> {1, 1}\n"
"From KernelObject[1, Local kernel]:"
"\"behavior\" -> {{0, 1}}\n"
"From KernelObject[4, Local kernel]:"
"\"block\" -> {2}\n"
"From KernelObject[2, Local kernel]:"
"\"block\" -> {5}\n"
"From KernelObject[4, Local kernel]:"
"\"behavior\" -> {{0, 1}}\n"
"From KernelObject[2, Local kernel]:"
"\"behavior\" -> {{0, 2}}\n"
"From KernelObject[3, Local kernel]:"
"\"number of constraints and variables\" -> {1, 1}\n"
"From KernelObject[3, Local kernel]:"
"\"block\" -> {5}\n"
"From KernelObject[3, Local kernel]:"
"\"behavior\" -> {{0, 2}}\n"
"From KernelObject[1, Local kernel]:"
"\"number of constraints and variables\" -> {1, 1}\n"
"From KernelObject[1, Local kernel]:"
"\"block\" -> {3}\n"
"From KernelObject[4, Local kernel]:"
"\"number of constraints and variables\" -> {1, 1}\n"
"From KernelObject[1, Local kernel]:"
"\"behavior\" -> {{0, 0}}\n"
"From KernelObject[4, Local kernel]:"
"\"block\" -> {3}\n"
"From KernelObject[4, Local kernel]:"
"\"behavior\" -> {{0, 0}}\n"
"From KernelObject[1, Local kernel]:"
"\"number of constraints and variables\" -> {1, 1}\n"
"From KernelObject[1, Local kernel]:"
"\"block\" -> {4}\n"
"From KernelObject[4, Local kernel]:"
"\"number of constraints and variables\" -> {1, 1}\n"
"From KernelObject[1, Local kernel]:"
"\"behavior\" -> {{0, 1}}\n"
"From KernelObject[4, Local kernel]:"
"\"block\" -> {4}\n"
"From KernelObject[4, Local kernel]:"
"\"behavior\" -> {{0, 1}}\n"
"From KernelObject[2, Local kernel]:"
"\"number of constraints and variables\" -> {1, 1}\n"
"From KernelObject[2, Local kernel]:"
"\"AMFlow: last point solved in 1s.\"\n"
"From KernelObject[2, Local kernel]:"
"\"system cleared: DESolver`$InternalSystem\"\n"
"From KernelObject[2, Local kernel]:"
"\"AMFlow: finished in 5s.\"\n"
"From KernelObject[2, Local kernel]:"
"DESolver`SetGlobalOptions -> {\"WorkingPre\" -> 100, \"ChopPre\" -> 20, \"SilentMode\" -> False, \"RationalizePre\" -> 20}\n"
"From KernelObject[2, Local kernel]:"
"DESolver`SetExpansionOptions -> {\"XOrder\" -> 100, \"ExtraXOrder\" -> 20, \"LearnXOrder\" -> -1, \"TestXOrder\" -> 5}\n"
"From KernelObject[2, Local kernel]:"
"DESolver`SetRunningOptions -> {\"RunRadius\" -> 2, \"RunLength\" -> 200, \"RunCandidate\" -> 10, \"RunDirection\" -> \"NegIm\"}\n"
"From KernelObject[2, Local kernel]:"
"DESolver`SetGlobalOptions -> {\"WorkingPre\" -> 312, \"ChopPre\" -> 20, \"SilentMode\" -> False, \"RationalizePre\" -> 20}\n"
"From KernelObject[3, Local kernel]:"
"\"number of constraints and variables\" -> {1, 1}\n"
"From KernelObject[2, Local kernel]:"
"DESolver`SetExpansionOptions -> {\"XOrder\" -> 624, \"ExtraXOrder\" -> 20, \"LearnXOrder\" -> -1, \"TestXOrder\" -> 5}\n"
"From KernelObject[2, Local kernel]:"
"DESolver`SetRunningOptions -> {\"RunRadius\" -> 2, \"RunLength\" -> 200, \"RunCandidate\" -> 10, \"RunDirection\" -> \"NegIm\"}\n"
"From KernelObject[3, Local kernel]:"
"\"AMFlow: last point solved in 1s.\"\n"
"From KernelObject[2, Local kernel]:"
"\"AMFlow: start.\"\n"
"From KernelObject[1, Local kernel]:"
"\"number of constraints and variables\" -> {1, 1}\n"
"From KernelObject[3, Local kernel]:"
"\"system cleared: DESolver`$InternalSystem\"\n"
"From KernelObject[2, Local kernel]:"
"\"system loaded: DESolver`$InternalSystem\\nDE[DESolver`$InternalSystem] -- differential equation in matrix form\\nBC[DESolver`$InternalSystem] -- boundary conditions either in singular form or in regular form\\nP[DESolver`$InternalSystem] -- boundary point\\nAsyExp[DESolver`$InternalSystem] -- asymptotic expansion near a singular point (currently it is Null)\\nintegrals: 5, blocks: 5, density: 0.4, degrees: {1, 4}\"\n"
"From KernelObject[1, Local kernel]:"
"\"block\" -> {5}\n"
"From KernelObject[4, Local kernel]:"
"\"number of constraints and variables\" -> {1, 1}\n"
"From KernelObject[3, Local kernel]:"
"\"AMFlow: finished in 5s.\"\n"
"From KernelObject[1, Local kernel]:"
"\"behavior\" -> {{0, 2}}\n"
"From KernelObject[4, Local kernel]:"
"\"block\" -> {5}\n"
"From KernelObject[3, Local kernel]:"
"DESolver`SetGlobalOptions -> {\"WorkingPre\" -> 100, \"ChopPre\" -> 20, \"SilentMode\" -> False, \"RationalizePre\" -> 20}\n"
"From KernelObject[4, Local kernel]:"
"\"behavior\" -> {{0, 2}}\n"
"From KernelObject[3, Local kernel]:"
"DESolver`SetExpansionOptions -> {\"XOrder\" -> 100, \"ExtraXOrder\" -> 20, \"LearnXOrder\" -> -1, \"TestXOrder\" -> 5}\n"
"From KernelObject[2, Local kernel]:"
"\"AMFlow: integrals will be evaluated at 10 regular points\" -> {0. - 3180.*I, 0. - 1589.9921383842154*I, 0. - 794.980345999409*I, 0. - 397.4587269252573*I, 0. - 198.6664738008924*I, 0. - 99.20747746008787*I, 0. - 49.352378463110036*I, 0. - 24.174723389781388*I, 0. - 11.09403866981696*I, 0. - 5.*I}\n"
"From KernelObject[3, Local kernel]:"
"DESolver`SetRunningOptions -> {\"RunRadius\" -> 2, \"RunLength\" -> 200, \"RunCandidate\" -> 10, \"RunDirection\" -> \"NegIm\"}\n"
"From KernelObject[2, Local kernel]:"
"\"AMFlow: integration contour generated in 0s.\"\n"
"From KernelObject[3, Local kernel]:"
"DESolver`SetGlobalOptions -> {\"WorkingPre\" -> 312, \"ChopPre\" -> 20, \"SilentMode\" -> False, \"RationalizePre\" -> 20}\n"
"From KernelObject[2, Local kernel]:"
"\"AMFlow: solving near eta = Infinity...\"\n"
"From KernelObject[3, Local kernel]:"
"DESolver`SetExpansionOptions -> {\"XOrder\" -> 624, \"ExtraXOrder\" -> 20, \"LearnXOrder\" -> -1, \"TestXOrder\" -> 5}\n"
"From KernelObject[2, Local kernel]:"
"\"CalcTaylor: current region\" -> 107/999999999999900\n"
"From KernelObject[3, Local kernel]:"
"DESolver`SetRunningOptions -> {\"RunRadius\" -> 2, \"RunLength\" -> 200, \"RunCandidate\" -> 10, \"RunDirection\" -> \"NegIm\"}\n"
"From KernelObject[2, Local kernel]:"
"\"block\" -> {1}\n"
"From KernelObject[3, Local kernel]:"
"\"AMFlow: start.\"\n"
"From KernelObject[3, Local kernel]:"
"\"system loaded: DESolver`$InternalSystem\\nDE[DESolver`$InternalSystem] -- differential equation in matrix form\\nBC[DESolver`$InternalSystem] -- boundary conditions either in singular form or in regular form\\nP[DESolver`$InternalSystem] -- boundary point\\nAsyExp[DESolver`$InternalSystem] -- asymptotic expansion near a singular point (currently it is Null)\\nintegrals: 5, blocks: 5, density: 0.4, degrees: {1, 4}\"\n"
"From KernelObject[3, Local kernel]:"
"\"AMFlow: integrals will be evaluated at 10 regular points\" -> {0. - 3180.*I, 0. - 1589.9921383842154*I, 0. - 794.980345999409*I, 0. - 397.4587269252573*I, 0. - 198.6664738008924*I, 0. - 99.20747746008787*I, 0. - 49.352378463110036*I, 0. - 24.174723389781388*I, 0. - 11.09403866981696*I, 0. - 5.*I}\n"
"From KernelObject[3, Local kernel]:"
"\"AMFlow: integration contour generated in 0s.\"\n"
"From KernelObject[3, Local kernel]:"
"\"AMFlow: solving near eta = Infinity...\"\n"
"From KernelObject[2, Local kernel]:"
"\"boundary condition inserted\" -> {1, 0, 9.345794392522854*^12}\n"
"From KernelObject[3, Local kernel]:"
"\"CalcTaylor: current region\" -> 26/249999999999975\n"
"From KernelObject[2, Local kernel]:"
"\"block\" -> {2}\n"
"From KernelObject[3, Local kernel]:"
"\"block\" -> {1}\n"
"From KernelObject[3, Local kernel]:"
"\"boundary condition inserted\" -> {1, 0, 9.615384615384076*^12}\n"
"From KernelObject[3, Local kernel]:"
"\"block\" -> {2}\n"
"From KernelObject[2, Local kernel]:"
"\"boundary condition test\" -> {2, 0, 9.345794392522854*^12}\n"
"From KernelObject[2, Local kernel]:"
"\"block\" -> {3}\n"
"From KernelObject[3, Local kernel]:"
"\"boundary condition test\" -> {2, 0, 9.615384615384076*^12}\n"
"From KernelObject[1, Local kernel]:"
"\"number of constraints and variables\" -> {1, 1}\n"
"From KernelObject[3, Local kernel]:"
"\"block\" -> {3}\n"
"From KernelObject[4, Local kernel]:"
"\"number of constraints and variables\" -> {1, 1}\n"
"From KernelObject[1, Local kernel]:"
"\"AMFlow: last point solved in 1s.\"\n"
"From KernelObject[2, Local kernel]:"
"\"boundary condition test\" -> {3, 0, 0.}\n"
"From KernelObject[1, Local kernel]:"
"\"system cleared: DESolver`$InternalSystem\"\n"
"From KernelObject[2, Local kernel]:"
"\"block\" -> {4}\n"
"From KernelObject[1, Local kernel]:"
"\"AMFlow: finished in 5s.\"\n"
"From KernelObject[4, Local kernel]:"
"\"AMFlow: last point solved in 1s.\"\n"
"From KernelObject[4, Local kernel]:"
"\"system cleared: DESolver`$InternalSystem\"\n"
"From KernelObject[1, Local kernel]:"
"DESolver`SetGlobalOptions -> {\"WorkingPre\" -> 100, \"ChopPre\" -> 20, \"SilentMode\" -> False, \"RationalizePre\" -> 20}\n"
"From KernelObject[4, Local kernel]:"
"\"AMFlow: finished in 5s.\"\n"
"From KernelObject[1, Local kernel]:"
"DESolver`SetExpansionOptions -> {\"XOrder\" -> 100, \"ExtraXOrder\" -> 20, \"LearnXOrder\" -> -1, \"TestXOrder\" -> 5}\n"
"From KernelObject[4, Local kernel]:"
"DESolver`SetGlobalOptions -> {\"WorkingPre\" -> 100, \"ChopPre\" -> 20, \"SilentMode\" -> False, \"RationalizePre\" -> 20}\n"
"From KernelObject[1, Local kernel]:"
"DESolver`SetRunningOptions -> {\"RunRadius\" -> 2, \"RunLength\" -> 200, \"RunCandidate\" -> 10, \"RunDirection\" -> \"NegIm\"}\n"
"From KernelObject[4, Local kernel]:"
"DESolver`SetExpansionOptions -> {\"XOrder\" -> 100, \"ExtraXOrder\" -> 20, \"LearnXOrder\" -> -1, \"TestXOrder\" -> 5}\n"
"From KernelObject[1, Local kernel]:"
"DESolver`SetGlobalOptions -> {\"WorkingPre\" -> 312, \"ChopPre\" -> 20, \"SilentMode\" -> False, \"RationalizePre\" -> 20}\n"
"From KernelObject[4, Local kernel]:"
"DESolver`SetRunningOptions -> {\"RunRadius\" -> 2, \"RunLength\" -> 200, \"RunCandidate\" -> 10, \"RunDirection\" -> \"NegIm\"}\n"
"From KernelObject[3, Local kernel]:"
"\"boundary condition test\" -> {3, 0, 0.}\n"
"From KernelObject[1, Local kernel]:"
"DESolver`SetExpansionOptions -> {\"XOrder\" -> 624, \"ExtraXOrder\" -> 20, \"LearnXOrder\" -> -1, \"TestXOrder\" -> 5}\n"
"From KernelObject[4, Local kernel]:"
"DESolver`SetGlobalOptions -> {\"WorkingPre\" -> 312, \"ChopPre\" -> 20, \"SilentMode\" -> False, \"RationalizePre\" -> 20}\n"
"From KernelObject[3, Local kernel]:"
"\"block\" -> {4}\n"
"From KernelObject[1, Local kernel]:"
"DESolver`SetRunningOptions -> {\"RunRadius\" -> 2, \"RunLength\" -> 200, \"RunCandidate\" -> 10, \"RunDirection\" -> \"NegIm\"}\n"
"From KernelObject[4, Local kernel]:"
"DESolver`SetExpansionOptions -> {\"XOrder\" -> 624, \"ExtraXOrder\" -> 20, \"LearnXOrder\" -> -1, \"TestXOrder\" -> 5}\n"
"From KernelObject[1, Local kernel]:"
"\"AMFlow: start.\"\n"
"From KernelObject[4, Local kernel]:"
"DESolver`SetRunningOptions -> {\"RunRadius\" -> 2, \"RunLength\" -> 200, \"RunCandidate\" -> 10, \"RunDirection\" -> \"NegIm\"}\n"
"From KernelObject[1, Local kernel]:"
"\"system loaded: DESolver`$InternalSystem\\nDE[DESolver`$InternalSystem] -- differential equation in matrix form\\nBC[DESolver`$InternalSystem] -- boundary conditions either in singular form or in regular form\\nP[DESolver`$InternalSystem] -- boundary point\\nAsyExp[DESolver`$InternalSystem] -- asymptotic expansion near a singular point (currently it is Null)\\nintegrals: 5, blocks: 5, density: 0.4, degrees: {1, 4}\"\n"
"From KernelObject[4, Local kernel]:"
"\"AMFlow: start.\"\n"
"From KernelObject[4, Local kernel]:"
"\"system loaded: DESolver`$InternalSystem\\nDE[DESolver`$InternalSystem] -- differential equation in matrix form\\nBC[DESolver`$InternalSystem] -- boundary conditions either in singular form or in regular form\\nP[DESolver`$InternalSystem] -- boundary point\\nAsyExp[DESolver`$InternalSystem] -- asymptotic expansion near a singular point (currently it is Null)\\nintegrals: 5, blocks: 5, density: 0.4, degrees: {1, 4}\"\n"
"From KernelObject[4, Local kernel]:"
"\"AMFlow: integrals will be evaluated at 10 regular points\" -> {0. - 3180.*I, 0. - 1589.9921383842154*I, 0. - 794.980345999409*I, 0. - 397.4587269252573*I, 0. - 198.6664738008924*I, 0. - 99.20747746008787*I, 0. - 49.352378463110036*I, 0. - 24.174723389781388*I, 0. - 11.09403866981696*I, 0. - 5.*I}\n"
"From KernelObject[4, Local kernel]:"
"\"AMFlow: integration contour generated in 0s.\"\n"
"From KernelObject[1, Local kernel]:"
"\"AMFlow: integrals will be evaluated at 10 regular points\" -> {0. - 3180.*I, 0. - 1589.9921383842154*I, 0. - 794.980345999409*I, 0. - 397.4587269252573*I, 0. - 198.6664738008924*I, 0. - 99.20747746008787*I, 0. - 49.352378463110036*I, 0. - 24.174723389781388*I, 0. - 11.09403866981696*I, 0. - 5.*I}\n"
"From KernelObject[4, Local kernel]:"
"\"AMFlow: solving near eta = Infinity...\"\n"
"From KernelObject[2, Local kernel]:"
"\"boundary condition test\" -> {4, 0, 9.345794392522854*^12}\n"
"From KernelObject[1, Local kernel]:"
"\"AMFlow: integration contour generated in 0s.\"\n"
"From KernelObject[4, Local kernel]:"
"\"CalcTaylor: current region\" -> 17/166666666666650\n"
"From KernelObject[1, Local kernel]:"
"\"AMFlow: solving near eta = Infinity...\"\n"
"From KernelObject[4, Local kernel]:"
"\"block\" -> {1}\n"
"From KernelObject[2, Local kernel]:"
"\"block\" -> {5}\n"
"From KernelObject[1, Local kernel]:"
"\"CalcTaylor: current region\" -> 3/27777777777775\n"
"From KernelObject[1, Local kernel]:"
"\"block\" -> {1}\n"
"From KernelObject[4, Local kernel]:"
"\"boundary condition inserted\" -> {1, 0, 9.803921568626893*^12}\n"
"From KernelObject[3, Local kernel]:"
"\"boundary condition test\" -> {4, 0, 9.615384615384076*^12}\n"
"From KernelObject[4, Local kernel]:"
"\"block\" -> {2}\n"
"From KernelObject[1, Local kernel]:"
"\"boundary condition inserted\" -> {1, 0, 9.259259259258756*^12}\n"
"From KernelObject[3, Local kernel]:"
"\"block\" -> {5}\n"
"From KernelObject[1, Local kernel]:"
"\"block\" -> {2}\n"
"From KernelObject[2, Local kernel]:"
"\"boundary condition test\" -> {5, 0, 9.345794392522854*^12}\n"
"From KernelObject[2, Local kernel]:"
"\"CalcTaylor: current region\" -> 0\n"
"From KernelObject[2, Local kernel]:"
"\"block\" -> {1}\n"
"From KernelObject[4, Local kernel]:"
"\"boundary condition test\" -> {2, 0, 9.803921568626893*^12}\n"
"From KernelObject[1, Local kernel]:"
"\"boundary condition test\" -> {2, 0, 9.259259259258756*^12}\n"
"From KernelObject[4, Local kernel]:"
"\"block\" -> {3}\n"
"From KernelObject[1, Local kernel]:"
"\"block\" -> {3}\n"
"From KernelObject[3, Local kernel]:"
"\"boundary condition test\" -> {5, 0, 9.615384615384076*^12}\n"
"From KernelObject[3, Local kernel]:"
"\"CalcTaylor: current region\" -> 0\n"
"From KernelObject[3, Local kernel]:"
"\"block\" -> {1}\n"
"From KernelObject[2, Local kernel]:"
"\"boundary condition test\" -> {1, 0, 0.}\n"
"From KernelObject[2, Local kernel]:"
"\"block\" -> {2}\n"
"From KernelObject[4, Local kernel]:"
"\"boundary condition test\" -> {3, 0, 0.}\n"
"From KernelObject[1, Local kernel]:"
"\"boundary condition test\" -> {3, 0, 0.}\n"
"From KernelObject[4, Local kernel]:"
"\"block\" -> {4}\n"
"From KernelObject[1, Local kernel]:"
"\"block\" -> {4}\n"
"From KernelObject[3, Local kernel]:"
"\"boundary condition test\" -> {1, 0, 0.}\n"
"From KernelObject[3, Local kernel]:"
"\"block\" -> {2}\n"
"From KernelObject[2, Local kernel]:"
"\"boundary condition test\" -> {2, 0, 0.}\n"
"From KernelObject[2, Local kernel]:"
"\"block\" -> {3}\n"
"From KernelObject[4, Local kernel]:"
"\"boundary condition test\" -> {4, 0, 9.803921568626893*^12}\n"
"From KernelObject[3, Local kernel]:"
"\"boundary condition test\" -> {2, 0, 0.}\n"
"From KernelObject[3, Local kernel]:"
"\"block\" -> {3}\n"
"From KernelObject[2, Local kernel]:"
"\"boundary condition inserted\" -> {3, 0, 9.34579439251654*^12}\n"
"From KernelObject[1, Local kernel]:"
"\"boundary condition test\" -> {4, 0, 9.259259259258756*^12}\n"
"From KernelObject[4, Local kernel]:"
"\"block\" -> {5}\n"
"From KernelObject[2, Local kernel]:"
"\"block\" -> {4}\n"
"From KernelObject[1, Local kernel]:"
"\"block\" -> {5}\n"
"From KernelObject[3, Local kernel]:"
"\"boundary condition inserted\" -> {3, 0, 9.615384615377764*^12}\n"
"From KernelObject[3, Local kernel]:"
"\"block\" -> {4}\n"
"From KernelObject[2, Local kernel]:"
"\"boundary condition test\" -> {4, 0, -9.34579439251654*^12}\n"
"From KernelObject[2, Local kernel]:"
"\"block\" -> {5}\n"
"From KernelObject[4, Local kernel]:"
"\"boundary condition test\" -> {5, 0, 9.803921568626893*^12}\n"
"From KernelObject[1, Local kernel]:"
"\"boundary condition test\" -> {5, 0, 9.259259259258756*^12}\n"
"From KernelObject[4, Local kernel]:"
"\"CalcTaylor: current region\" -> 0\n"
"From KernelObject[1, Local kernel]:"
"\"CalcTaylor: current region\" -> 0\n"
"From KernelObject[4, Local kernel]:"
"\"block\" -> {1}\n"
"From KernelObject[3, Local kernel]:"
"\"boundary condition test\" -> {4, 0, -9.615384615377764*^12}\n"
"From KernelObject[1, Local kernel]:"
"\"block\" -> {1}\n"
"From KernelObject[3, Local kernel]:"
"\"block\" -> {5}\n"
"From KernelObject[4, Local kernel]:"
"\"boundary condition test\" -> {1, 0, 0.}\n"
"From KernelObject[1, Local kernel]:"
"\"boundary condition test\" -> {1, 0, 0.}\n"
"From KernelObject[4, Local kernel]:"
"\"block\" -> {2}\n"
"From KernelObject[1, Local kernel]:"
"\"block\" -> {2}\n"
"From KernelObject[2, Local kernel]:"
"\"boundary condition test\" -> {5, 0, 5.8229248551486635*^22}\n"
"From KernelObject[2, Local kernel]:"
"\"AMFlow: Infinity solved in 1s.\"\n"
"From KernelObject[2, Local kernel]:"
"\"AMFlow: running among regular points...\"\n"
"From KernelObject[4, Local kernel]:"
"\"boundary condition test\" -> {2, 0, 0.}\n"
"From KernelObject[3, Local kernel]:"
"\"boundary condition test\" -> {5, 0, 6.1637080867787195*^22}\n"
"From KernelObject[2, Local kernel]:"
"\"current regular point\" -> 0. - 3180.*I\n"
"From KernelObject[4, Local kernel]:"
"\"block\" -> {3}\n"
"From KernelObject[1, Local kernel]:"
"\"boundary condition test\" -> {2, 0, 0.}\n"
"From KernelObject[1, Local kernel]:"
"\"block\" -> {3}\n"
"From KernelObject[3, Local kernel]:"
"\"AMFlow: Infinity solved in 1s.\"\n"
"From KernelObject[3, Local kernel]:"
"\"AMFlow: running among regular points...\"\n"
"From KernelObject[3, Local kernel]:"
"\"current regular point\" -> 0. - 3180.*I\n"
"From KernelObject[4, Local kernel]:"
"\"boundary condition inserted\" -> {3, 0, 9.80392156862058*^12}\n"
"From KernelObject[1, Local kernel]:"
"\"boundary condition inserted\" -> {3, 0, 9.259259259252443*^12}\n"
"From KernelObject[4, Local kernel]:"
"\"block\" -> {4}\n"
"From KernelObject[1, Local kernel]:"
"\"block\" -> {4}\n"
"From KernelObject[2, Local kernel]:"
"\"current regular point\" -> 0. - 1589.9921383842154*I\n"
"From KernelObject[4, Local kernel]:"
"\"boundary condition test\" -> {4, 0, -9.80392156862058*^12}\n"
"From KernelObject[1, Local kernel]:"
"\"boundary condition test\" -> {4, 0, -9.259259259252443*^12}\n"
"From KernelObject[4, Local kernel]:"
"\"block\" -> {5}\n"
"From KernelObject[1, Local kernel]:"
"\"block\" -> {5}\n"
"From KernelObject[3, Local kernel]:"
"\"current regular point\" -> 0. - 1589.9921383842154*I\n"
"From KernelObject[1, Local kernel]:"
"\"boundary condition test\" -> {5, 0, 5.715592135339208*^22}\n"
"From KernelObject[4, Local kernel]:"
"\"boundary condition test\" -> {5, 0, 6.407791874913464*^22}\n"
"From KernelObject[2, Local kernel]:"
"\"current regular point\" -> 0. - 794.980345999409*I\n"
"From KernelObject[1, Local kernel]:"
"\"AMFlow: Infinity solved in 1s.\"\n"
"From KernelObject[4, Local kernel]:"
"\"AMFlow: Infinity solved in 1s.\"\n"
"From KernelObject[1, Local kernel]:"
"\"AMFlow: running among regular points...\"\n"
"From KernelObject[4, Local kernel]:"
"\"AMFlow: running among regular points...\"\n"
"From KernelObject[1, Local kernel]:"
"\"current regular point\" -> 0. - 3180.*I\n"
"From KernelObject[4, Local kernel]:"
"\"current regular point\" -> 0. - 3180.*I\n"
"From KernelObject[3, Local kernel]:"
"\"current regular point\" -> 0. - 794.980345999409*I\n"
"From KernelObject[2, Local kernel]:"
"\"current regular point\" -> 0. - 397.4587269252573*I\n"
"From KernelObject[1, Local kernel]:"
"\"current regular point\" -> 0. - 1589.9921383842154*I\n"
"From KernelObject[4, Local kernel]:"
"\"current regular point\" -> 0. - 1589.9921383842154*I\n"
"From KernelObject[3, Local kernel]:"
"\"current regular point\" -> 0. - 397.4587269252573*I\n"
"From KernelObject[2, Local kernel]:"
"\"current regular point\" -> 0. - 198.6664738008924*I\n"
"From KernelObject[1, Local kernel]:"
"\"current regular point\" -> 0. - 794.980345999409*I\n"
"From KernelObject[4, Local kernel]:"
"\"current regular point\" -> 0. - 794.980345999409*I\n"
"From KernelObject[3, Local kernel]:"
"\"current regular point\" -> 0. - 198.6664738008924*I\n"
"From KernelObject[2, Local kernel]:"
"\"current regular point\" -> 0. - 99.20747746008787*I\n"
"From KernelObject[1, Local kernel]:"
"\"current regular point\" -> 0. - 397.4587269252573*I\n"
"From KernelObject[4, Local kernel]:"
"\"current regular point\" -> 0. - 397.4587269252573*I\n"
"From KernelObject[3, Local kernel]:"
"\"current regular point\" -> 0. - 99.20747746008787*I\n"
"From KernelObject[2, Local kernel]:"
"\"current regular point\" -> 0. - 49.352378463110036*I\n"
"From KernelObject[1, Local kernel]:"
"\"current regular point\" -> 0. - 198.6664738008924*I\n"
"From KernelObject[4, Local kernel]:"
"\"current regular point\" -> 0. - 198.6664738008924*I\n"
"From KernelObject[3, Local kernel]:"
"\"current regular point\" -> 0. - 49.352378463110036*I\n"
"From KernelObject[2, Local kernel]:"
"\"current regular point\" -> 0. - 24.174723389781388*I\n"
"From KernelObject[1, Local kernel]:"
"\"current regular point\" -> 0. - 99.20747746008787*I\n"
"From KernelObject[4, Local kernel]:"
"\"current regular point\" -> 0. - 99.20747746008787*I\n"
"From KernelObject[3, Local kernel]:"
"\"current regular point\" -> 0. - 24.174723389781388*I\n"
"From KernelObject[2, Local kernel]:"
"\"current regular point\" -> 0. - 11.09403866981696*I\n"
"From KernelObject[1, Local kernel]:"
"\"current regular point\" -> 0. - 49.352378463110036*I\n"
"From KernelObject[4, Local kernel]:"
"\"current regular point\" -> 0. - 49.352378463110036*I\n"
"From KernelObject[3, Local kernel]:"
"\"current regular point\" -> 0. - 11.09403866981696*I\n"
"From KernelObject[2, Local kernel]:"
"\"AMFlow: regular running finished in 2s.\"\n"
"From KernelObject[2, Local kernel]:"
"\"AMFlow: solving near the last point...\"\n"
"From KernelObject[2, Local kernel]:"
"\"NormalizeMat finished in 0s.\"\n"
"From KernelObject[2, Local kernel]:"
"\"LearnXOrder is negative. skip learning phase.\"\n"
"From KernelObject[4, Local kernel]:"
"\"current regular point\" -> 0. - 24.174723389781388*I\n"
"From KernelObject[2, Local kernel]:"
"\"block\" -> {1}\n"
"From KernelObject[2, Local kernel]:"
"\"behavior\" -> {{0, 0}}\n"
"From KernelObject[1, Local kernel]:"
"\"current regular point\" -> 0. - 24.174723389781388*I\n"
"From KernelObject[2, Local kernel]:"
"\"number of constraints and variables\" -> {1, 1}\n"
"From KernelObject[2, Local kernel]:"
"\"block\" -> {2}\n"
"From KernelObject[2, Local kernel]:"
"\"behavior\" -> {{0, 1}}\n"
"From KernelObject[3, Local kernel]:"
"\"AMFlow: regular running finished in 2s.\"\n"
"From KernelObject[3, Local kernel]:"
"\"AMFlow: solving near the last point...\"\n"
"From KernelObject[3, Local kernel]:"
"\"NormalizeMat finished in 0s.\"\n"
"From KernelObject[3, Local kernel]:"
"\"LearnXOrder is negative. skip learning phase.\"\n"
"From KernelObject[3, Local kernel]:"
"\"block\" -> {1}\n"
"From KernelObject[3, Local kernel]:"
"\"behavior\" -> {{0, 0}}\n"
"From KernelObject[4, Local kernel]:"
"\"current regular point\" -> 0. - 11.09403866981696*I\n"
"From KernelObject[3, Local kernel]:"
"\"number of constraints and variables\" -> {1, 1}\n"
"From KernelObject[2, Local kernel]:"
"\"number of constraints and variables\" -> {1, 1}\n"
"From KernelObject[3, Local kernel]:"
"\"block\" -> {2}\n"
"From KernelObject[3, Local kernel]:"
"\"behavior\" -> {{0, 1}}\n"
"From KernelObject[2, Local kernel]:"
"\"block\" -> {3}\n"
"From KernelObject[2, Local kernel]:"
"\"behavior\" -> {{0, 0}}\n"
"From KernelObject[1, Local kernel]:"
"\"current regular point\" -> 0. - 11.09403866981696*I\n"
"From KernelObject[2, Local kernel]:"
"\"number of constraints and variables\" -> {1, 1}\n"
"From KernelObject[2, Local kernel]:"
"\"block\" -> {4}\n"
"From KernelObject[2, Local kernel]:"
"\"behavior\" -> {{0, 1}}\n"
"From KernelObject[3, Local kernel]:"
"\"number of constraints and variables\" -> {1, 1}\n"
"From KernelObject[3, Local kernel]:"
"\"block\" -> {3}\n"
"From KernelObject[3, Local kernel]:"
"\"behavior\" -> {{0, 0}}\n"
"From KernelObject[4, Local kernel]:"
"\"AMFlow: regular running finished in 2s.\"\n"
"From KernelObject[4, Local kernel]:"
"\"AMFlow: solving near the last point...\"\n"
"From KernelObject[4, Local kernel]:"
"\"NormalizeMat finished in 0s.\"\n"
"From KernelObject[4, Local kernel]:"
"\"LearnXOrder is negative. skip learning phase.\"\n"
"From KernelObject[3, Local kernel]:"
"\"number of constraints and variables\" -> {1, 1}\n"
"From KernelObject[4, Local kernel]:"
"\"block\" -> {1}\n"
"From KernelObject[3, Local kernel]:"
"\"block\" -> {4}\n"
"From KernelObject[4, Local kernel]:"
"\"behavior\" -> {{0, 0}}\n"
"From KernelObject[3, Local kernel]:"
"\"behavior\" -> {{0, 1}}\n"
"From KernelObject[1, Local kernel]:"
"\"AMFlow: regular running finished in 2s.\"\n"
"From KernelObject[1, Local kernel]:"
"\"AMFlow: solving near the last point...\"\n"
"From KernelObject[1, Local kernel]:"
"\"NormalizeMat finished in 0s.\"\n"
"From KernelObject[4, Local kernel]:"
"\"number of constraints and variables\" -> {1, 1}\n"
"From KernelObject[2, Local kernel]:"
"\"number of constraints and variables\" -> {1, 1}\n"
"From KernelObject[1, Local kernel]:"
"\"LearnXOrder is negative. skip learning phase.\"\n"
"From KernelObject[4, Local kernel]:"
"\"block\" -> {2}\n"
"From KernelObject[2, Local kernel]:"
"\"block\" -> {5}\n"
"From KernelObject[1, Local kernel]:"
"\"block\" -> {1}\n"
"From KernelObject[4, Local kernel]:"
"\"behavior\" -> {{0, 1}}\n"
"From KernelObject[2, Local kernel]:"
"\"behavior\" -> {{0, 2}}\n"
"From KernelObject[1, Local kernel]:"
"\"behavior\" -> {{0, 0}}\n"
"From KernelObject[1, Local kernel]:"
"\"number of constraints and variables\" -> {1, 1}\n"
"From KernelObject[1, Local kernel]:"
"\"block\" -> {2}\n"
"From KernelObject[1, Local kernel]:"
"\"behavior\" -> {{0, 1}}\n"
"From KernelObject[3, Local kernel]:"
"\"number of constraints and variables\" -> {1, 1}\n"
"From KernelObject[4, Local kernel]:"
"\"number of constraints and variables\" -> {1, 1}\n"
"From KernelObject[3, Local kernel]:"
"\"block\" -> {5}\n"
"From KernelObject[4, Local kernel]:"
"\"block\" -> {3}\n"
"From KernelObject[3, Local kernel]:"
"\"behavior\" -> {{0, 2}}\n"
"From KernelObject[4, Local kernel]:"
"\"behavior\" -> {{0, 0}}\n"
"From KernelObject[1, Local kernel]:"
"\"number of constraints and variables\" -> {1, 1}\n"
"From KernelObject[4, Local kernel]:"
"\"number of constraints and variables\" -> {1, 1}\n"
"From KernelObject[1, Local kernel]:"
"\"block\" -> {3}\n"
"From KernelObject[4, Local kernel]:"
"\"block\" -> {4}\n"
"From KernelObject[1, Local kernel]:"
"\"behavior\" -> {{0, 0}}\n"
"From KernelObject[4, Local kernel]:"
"\"behavior\" -> {{0, 1}}\n"
"From KernelObject[1, Local kernel]:"
"\"number of constraints and variables\" -> {1, 1}\n"
"From KernelObject[1, Local kernel]:"
"\"block\" -> {4}\n"
"From KernelObject[1, Local kernel]:"
"\"behavior\" -> {{0, 1}}\n"
"From KernelObject[2, Local kernel]:"
"\"number of constraints and variables\" -> {1, 1}\n"
"From KernelObject[2, Local kernel]:"
"\"AMFlow: last point solved in 1s.\"\n"
"From KernelObject[2, Local kernel]:"
"\"system cleared: DESolver`$InternalSystem\"\n"
"From KernelObject[2, Local kernel]:"
"\"AMFlow: finished in 5s.\"\n"
"From KernelObject[2, Local kernel]:"
"DESolver`SetGlobalOptions -> {\"WorkingPre\" -> 100, \"ChopPre\" -> 20, \"SilentMode\" -> False, \"RationalizePre\" -> 20}\n"
"From KernelObject[2, Local kernel]:"
"DESolver`SetExpansionOptions -> {\"XOrder\" -> 100, \"ExtraXOrder\" -> 20, \"LearnXOrder\" -> -1, \"TestXOrder\" -> 5}\n"
"From KernelObject[2, Local kernel]:"
"DESolver`SetRunningOptions -> {\"RunRadius\" -> 2, \"RunLength\" -> 200, \"RunCandidate\" -> 10, \"RunDirection\" -> \"NegIm\"}\n"
"From KernelObject[2, Local kernel]:"
"DESolver`SetGlobalOptions -> {\"WorkingPre\" -> 312, \"ChopPre\" -> 20, \"SilentMode\" -> False, \"RationalizePre\" -> 20}\n"
"From KernelObject[2, Local kernel]:"
"DESolver`SetExpansionOptions -> {\"XOrder\" -> 624, \"ExtraXOrder\" -> 20, \"LearnXOrder\" -> -1, \"TestXOrder\" -> 5}\n"
"From KernelObject[2, Local kernel]:"
"DESolver`SetRunningOptions -> {\"RunRadius\" -> 2, \"RunLength\" -> 200, \"RunCandidate\" -> 10, \"RunDirection\" -> \"NegIm\"}\n"
"From KernelObject[2, Local kernel]:"
"\"AMFlow: start.\"\n"
"From KernelObject[4, Local kernel]:"
"\"number of constraints and variables\" -> {1, 1}\n"
"From KernelObject[2, Local kernel]:"
"\"system loaded: DESolver`$InternalSystem\\nDE[DESolver`$InternalSystem] -- differential equation in matrix form\\nBC[DESolver`$InternalSystem] -- boundary conditions either in singular form or in regular form\\nP[DESolver`$InternalSystem] -- boundary point\\nAsyExp[DESolver`$InternalSystem] -- asymptotic expansion near a singular point (currently it is Null)\\nintegrals: 5, blocks: 5, density: 0.4, degrees: {1, 4}\"\n"
"From KernelObject[4, Local kernel]:"
"\"block\" -> {5}\n"
"From KernelObject[4, Local kernel]:"
"\"behavior\" -> {{0, 2}}\n"
"From KernelObject[3, Local kernel]:"
"\"number of constraints and variables\" -> {1, 1}\n"
"From KernelObject[2, Local kernel]:"
"\"AMFlow: integrals will be evaluated at 10 regular points\" -> {0. - 3180.*I, 0. - 1589.9921383842154*I, 0. - 794.980345999409*I, 0. - 397.4587269252573*I, 0. - 198.6664738008924*I, 0. - 99.20747746008787*I, 0. - 49.352378463110036*I, 0. - 24.174723389781388*I, 0. - 11.09403866981696*I, 0. - 5.*I}\n"
"From KernelObject[2, Local kernel]:"
"\"AMFlow: integration contour generated in 0s.\"\n"
"From KernelObject[1, Local kernel]:"
"\"number of constraints and variables\" -> {1, 1}\n"
"From KernelObject[3, Local kernel]:"
"\"AMFlow: last point solved in 1s.\"\n"
"From KernelObject[2, Local kernel]:"
"\"AMFlow: solving near eta = Infinity...\"\n"
"From KernelObject[3, Local kernel]:"
"\"system cleared: DESolver`$InternalSystem\"\n"
"From KernelObject[2, Local kernel]:"
"\"CalcTaylor: current region\" -> 109/999999999999900\n"
"From KernelObject[1, Local kernel]:"
"\"block\" -> {5}\n"
"From KernelObject[3, Local kernel]:"
"\"AMFlow: finished in 5s.\"\n"
"From KernelObject[2, Local kernel]:"
"\"block\" -> {1}\n"
"From KernelObject[1, Local kernel]:"
"\"behavior\" -> {{0, 2}}\n"
"From KernelObject[3, Local kernel]:"
"DESolver`SetGlobalOptions -> {\"WorkingPre\" -> 100, \"ChopPre\" -> 20, \"SilentMode\" -> False, \"RationalizePre\" -> 20}\n"
"From KernelObject[3, Local kernel]:"
"DESolver`SetExpansionOptions -> {\"XOrder\" -> 100, \"ExtraXOrder\" -> 20, \"LearnXOrder\" -> -1, \"TestXOrder\" -> 5}\n"
"From KernelObject[3, Local kernel]:"
"DESolver`SetRunningOptions -> {\"RunRadius\" -> 2, \"RunLength\" -> 200, \"RunCandidate\" -> 10, \"RunDirection\" -> \"NegIm\"}\n"
"From KernelObject[3, Local kernel]:"
"DESolver`SetGlobalOptions -> {\"WorkingPre\" -> 312, \"ChopPre\" -> 20, \"SilentMode\" -> False, \"RationalizePre\" -> 20}\n"
"From KernelObject[3, Local kernel]:"
"DESolver`SetExpansionOptions -> {\"XOrder\" -> 624, \"ExtraXOrder\" -> 20, \"LearnXOrder\" -> -1, \"TestXOrder\" -> 5}\n"
"From KernelObject[2, Local kernel]:"
"\"boundary condition inserted\" -> {1, 0, 9.17431192660501*^12}\n"
"From KernelObject[3, Local kernel]:"
"DESolver`SetRunningOptions -> {\"RunRadius\" -> 2, \"RunLength\" -> 200, \"RunCandidate\" -> 10, \"RunDirection\" -> \"NegIm\"}\n"
"From KernelObject[2, Local kernel]:"
"\"block\" -> {2}\n"
"From KernelObject[3, Local kernel]:"
"\"AMFlow: start.\"\n"
"From KernelObject[3, Local kernel]:"
"\"system loaded: DESolver`$InternalSystem\\nDE[DESolver`$InternalSystem] -- differential equation in matrix form\\nBC[DESolver`$InternalSystem] -- boundary conditions either in singular form or in regular form\\nP[DESolver`$InternalSystem] -- boundary point\\nAsyExp[DESolver`$InternalSystem] -- asymptotic expansion near a singular point (currently it is Null)\\nintegrals: 5, blocks: 5, density: 0.4, degrees: {1, 4}\"\n"
"From KernelObject[3, Local kernel]:"
"\"AMFlow: integrals will be evaluated at 10 regular points\" -> {0. - 3180.*I, 0. - 1589.9921383842154*I, 0. - 794.980345999409*I, 0. - 397.4587269252573*I, 0. - 198.6664738008924*I, 0. - 99.20747746008787*I, 0. - 49.352378463110036*I, 0. - 24.174723389781388*I, 0. - 11.09403866981696*I, 0. - 5.*I}\n"
"From KernelObject[3, Local kernel]:"
"\"AMFlow: integration contour generated in 0s.\"\n"
"From KernelObject[3, Local kernel]:"
"\"AMFlow: solving near eta = Infinity...\"\n"
"From KernelObject[3, Local kernel]:"
"\"CalcTaylor: current region\" -> 11/99999999999990\n"
"From KernelObject[3, Local kernel]:"
"\"block\" -> {1}\n"
"From KernelObject[2, Local kernel]:"
"\"boundary condition test\" -> {2, 0, 9.17431192660501*^12}\n"
"From KernelObject[3, Local kernel]:"
"\"boundary condition inserted\" -> {1, 0, 9.090909090908605*^12}\n"
"From KernelObject[2, Local kernel]:"
"\"block\" -> {3}\n"
"From KernelObject[3, Local kernel]:"
"\"block\" -> {2}\n"
"From KernelObject[4, Local kernel]:"
"\"number of constraints and variables\" -> {1, 1}\n"
"From KernelObject[4, Local kernel]:"
"\"AMFlow: last point solved in 1s.\"\n"
"From KernelObject[2, Local kernel]:"
"\"boundary condition test\" -> {3, 0, 0.}\n"
"From KernelObject[4, Local kernel]:"
"\"system cleared: DESolver`$InternalSystem\"\n"
"From KernelObject[2, Local kernel]:"
"\"block\" -> {4}\n"
"From KernelObject[1, Local kernel]:"
"\"number of constraints and variables\" -> {1, 1}\n"
"From KernelObject[4, Local kernel]:"
"\"AMFlow: finished in 5s.\"\n"
"From KernelObject[1, Local kernel]:"
"\"AMFlow: last point solved in 1s.\"\n"
"From KernelObject[1, Local kernel]:"
"\"system cleared: DESolver`$InternalSystem\"\n"
"From KernelObject[3, Local kernel]:"
"\"boundary condition test\" -> {2, 0, 9.090909090908605*^12}\n"
"From KernelObject[1, Local kernel]:"
"\"AMFlow: finished in 5s.\"\n"
"From KernelObject[3, Local kernel]:"
"\"block\" -> {3}\n"
"From KernelObject[3, Local kernel]:"
"\"boundary condition test\" -> {3, 0, 0.}\n"
"From KernelObject[2, Local kernel]:"
"\"boundary condition test\" -> {4, 0, 9.17431192660501*^12}\n"
"From KernelObject[3, Local kernel]:"
"\"block\" -> {4}\n"
"From KernelObject[2, Local kernel]:"
"\"block\" -> {5}\n"
"From KernelObject[3, Local kernel]:"
"\"boundary condition test\" -> {4, 0, 9.090909090908605*^12}\n"
"From KernelObject[3, Local kernel]:"
"\"block\" -> {5}\n"
"From KernelObject[2, Local kernel]:"
"\"boundary condition test\" -> {5, 0, 9.17431192660501*^12}\n"
"From KernelObject[2, Local kernel]:"
"\"CalcTaylor: current region\" -> 0\n"
"From KernelObject[2, Local kernel]:"
"\"block\" -> {1}\n"
"From KernelObject[2, Local kernel]:"
"\"boundary condition test\" -> {1, 0, 0.}\n"
"From KernelObject[2, Local kernel]:"
"\"block\" -> {2}\n"
"From KernelObject[3, Local kernel]:"
"\"boundary condition test\" -> {5, 0, 9.090909090908605*^12}\n"
"From KernelObject[3, Local kernel]:"
"\"CalcTaylor: current region\" -> 0\n"
"From KernelObject[3, Local kernel]:"
"\"block\" -> {1}\n"
"From KernelObject[2, Local kernel]:"
"\"boundary condition test\" -> {2, 0, 0.}\n"
"From KernelObject[2, Local kernel]:"
"\"block\" -> {3}\n"
"From KernelObject[3, Local kernel]:"
"\"boundary condition test\" -> {1, 0, 0.}\n"
"From KernelObject[3, Local kernel]:"
"\"block\" -> {2}\n"
"From KernelObject[2, Local kernel]:"
"\"boundary condition inserted\" -> {3, 0, 9.174311926598697*^12}\n"
"From KernelObject[2, Local kernel]:"
"\"block\" -> {4}\n"
"From KernelObject[3, Local kernel]:"
"\"boundary condition test\" -> {2, 0, 0.}\n"
"From KernelObject[3, Local kernel]:"
"\"block\" -> {3}\n"
"From KernelObject[2, Local kernel]:"
"\"boundary condition test\" -> {4, 0, -9.174311926598697*^12}\n"
"From KernelObject[3, Local kernel]:"
"\"boundary condition inserted\" -> {3, 0, 9.090909090902291*^12}\n"
"From KernelObject[3, Local kernel]:"
"\"block\" -> {4}\n"
"From KernelObject[2, Local kernel]:"
"\"block\" -> {5}\n"
"From KernelObject[3, Local kernel]:"
"\"boundary condition test\" -> {4, 0, -9.090909090902291*^12}\n"
"From KernelObject[3, Local kernel]:"
"\"block\" -> {5}\n"
"From KernelObject[2, Local kernel]:"
"\"boundary condition test\" -> {5, 0, 5.611199955104452*^22}\n"
"From KernelObject[2, Local kernel]:"
"\"AMFlow: Infinity solved in 1s.\"\n"
"From KernelObject[2, Local kernel]:"
"\"AMFlow: running among regular points...\"\n"
"From KernelObject[2, Local kernel]:"
"\"current regular point\" -> 0. - 3180.*I\n"
"From KernelObject[3, Local kernel]:"
"\"boundary condition test\" -> {5, 0, 5.509641873272353*^22}\n"
"From KernelObject[3, Local kernel]:"
"\"AMFlow: Infinity solved in 1s.\"\n"
"From KernelObject[3, Local kernel]:"
"\"AMFlow: running among regular points...\"\n"
"From KernelObject[3, Local kernel]:"
"\"current regular point\" -> 0. - 3180.*I\n"
"From KernelObject[2, Local kernel]:"
"\"current regular point\" -> 0. - 1589.9921383842154*I\n"
"From KernelObject[3, Local kernel]:"
"\"current regular point\" -> 0. - 1589.9921383842154*I\n"
"From KernelObject[2, Local kernel]:"
"\"current regular point\" -> 0. - 794.980345999409*I\n"
"From KernelObject[3, Local kernel]:"
"\"current regular point\" -> 0. - 794.980345999409*I\n"
"From KernelObject[2, Local kernel]:"
"\"current regular point\" -> 0. - 397.4587269252573*I\n"
"From KernelObject[3, Local kernel]:"
"\"current regular point\" -> 0. - 397.4587269252573*I\n"
"From KernelObject[2, Local kernel]:"
"\"current regular point\" -> 0. - 198.6664738008924*I\n"
"From KernelObject[3, Local kernel]:"
"\"current regular point\" -> 0. - 198.6664738008924*I\n"
"From KernelObject[2, Local kernel]:"
"\"current regular point\" -> 0. - 99.20747746008787*I\n"
"From KernelObject[3, Local kernel]:"
"\"current regular point\" -> 0. - 99.20747746008787*I\n"
"From KernelObject[2, Local kernel]:"
"\"current regular point\" -> 0. - 49.352378463110036*I\n"
"From KernelObject[3, Local kernel]:"
"\"current regular point\" -> 0. - 49.352378463110036*I\n"
"From KernelObject[2, Local kernel]:"
"\"current regular point\" -> 0. - 24.174723389781388*I\n"
"From KernelObject[3, Local kernel]:"
"\"current regular point\" -> 0. - 24.174723389781388*I\n"
"From KernelObject[2, Local kernel]:"
"\"current regular point\" -> 0. - 11.09403866981696*I\n"
"From KernelObject[3, Local kernel]:"
"\"current regular point\" -> 0. - 11.09403866981696*I\n"
"From KernelObject[2, Local kernel]:"
"\"AMFlow: regular running finished in 2s.\"\n"
"From KernelObject[2, Local kernel]:"
"\"AMFlow: solving near the last point...\"\n"
"From KernelObject[2, Local kernel]:"
"\"NormalizeMat finished in 0s.\"\n"
"From KernelObject[2, Local kernel]:"
"\"LearnXOrder is negative. skip learning phase.\"\n"
"From KernelObject[2, Local kernel]:"
"\"block\" -> {1}\n"
"From KernelObject[2, Local kernel]:"
"\"behavior\" -> {{0, 0}}\n"
"From KernelObject[2, Local kernel]:"
"\"number of constraints and variables\" -> {1, 1}\n"
"From KernelObject[2, Local kernel]:"
"\"block\" -> {2}\n"
"From KernelObject[2, Local kernel]:"
"\"behavior\" -> {{0, 1}}\n"
"From KernelObject[3, Local kernel]:"
"\"AMFlow: regular running finished in 2s.\"\n"
"From KernelObject[3, Local kernel]:"
"\"AMFlow: solving near the last point...\"\n"
"From KernelObject[3, Local kernel]:"
"\"NormalizeMat finished in 0s.\"\n"
"From KernelObject[3, Local kernel]:"
"\"LearnXOrder is negative. skip learning phase.\"\n"
"From KernelObject[3, Local kernel]:"
"\"block\" -> {1}\n"
"From KernelObject[3, Local kernel]:"
"\"behavior\" -> {{0, 0}}\n"
"From KernelObject[3, Local kernel]:"
"\"number of constraints and variables\" -> {1, 1}\n"
"From KernelObject[3, Local kernel]:"
"\"block\" -> {2}\n"
"From KernelObject[3, Local kernel]:"
"\"behavior\" -> {{0, 1}}\n"
"From KernelObject[2, Local kernel]:"
"\"number of constraints and variables\" -> {1, 1}\n"
"From KernelObject[2, Local kernel]:"
"\"block\" -> {3}\n"
"From KernelObject[2, Local kernel]:"
"\"behavior\" -> {{0, 0}}\n"
"From KernelObject[2, Local kernel]:"
"\"number of constraints and variables\" -> {1, 1}\n"
"From KernelObject[2, Local kernel]:"
"\"block\" -> {4}\n"
"From KernelObject[2, Local kernel]:"
"\"behavior\" -> {{0, 1}}\n"
"From KernelObject[3, Local kernel]:"
"\"number of constraints and variables\" -> {1, 1}\n"
"From KernelObject[3, Local kernel]:"
"\"block\" -> {3}\n"
"From KernelObject[3, Local kernel]:"
"\"behavior\" -> {{0, 0}}\n"
"From KernelObject[3, Local kernel]:"
"\"number of constraints and variables\" -> {1, 1}\n"
"From KernelObject[3, Local kernel]:"
"\"block\" -> {4}\n"
"From KernelObject[3, Local kernel]:"
"\"behavior\" -> {{0, 1}}\n"
"From KernelObject[2, Local kernel]:"
"\"number of constraints and variables\" -> {1, 1}\n"
"From KernelObject[2, Local kernel]:"
"\"block\" -> {5}\n"
"From KernelObject[2, Local kernel]:"
"\"behavior\" -> {{0, 2}}\n"
"From KernelObject[3, Local kernel]:"
"\"number of constraints and variables\" -> {1, 1}\n"
"From KernelObject[3, Local kernel]:"
"\"block\" -> {5}\n"
"From KernelObject[3, Local kernel]:"
"\"behavior\" -> {{0, 2}}\n"
"From KernelObject[2, Local kernel]:"
"\"number of constraints and variables\" -> {1, 1}\n"
"From KernelObject[2, Local kernel]:"
"\"AMFlow: last point solved in 0s.\"\n"
"From KernelObject[2, Local kernel]:"
"\"system cleared: DESolver`$InternalSystem\"\n"
"From KernelObject[2, Local kernel]:"
"\"AMFlow: finished in 4s.\"\n"
"From KernelObject[3, Local kernel]:"
"\"number of constraints and variables\" -> {1, 1}\n"
"From KernelObject[3, Local kernel]:"
"\"AMFlow: last point solved in 0s.\"\n"
"From KernelObject[3, Local kernel]:"
"\"system cleared: DESolver`$InternalSystem\"\n"
"From KernelObject[3, Local kernel]:"
"\"AMFlow: finished in 4s.\"\n"
