4 Fermat/Blackbox instances will be run in parallel.
The user defined environment variable FERMATPATH for Fermat is set:
/home/yqx/Program/fermat6/ferl6/fer64
One variable is set to 1: {}
The directories for the temporary files, result files and the sector mapping files are: 
./tmp
./results
./sectormappings
Kira prepares topology: loooopppp and top level sector: 
6 

*****Integral ordering*************************************
Kira will use the integral ordering: 5.
Following reductions will be performed for the topology: loooopppp
Sector: 6 rmax: 3 smax: 3 

***********************************************************
Find IBP LI and symmetry relations for the topology: loooopppp
***********************************************************

*****Search trivial sectors********************************
read from: ./sectormappings/loooopppp/nonTrivialSector

Non trivial sectors in total: 8
Trivial sectors in total: 8
( 0.002368 s )

Search symmetry relations: 
read from: ./sectormappings/loooopppp/canonica
Number of symmetries read out: 4

( 0.000221 s )
***********************************************************
Prepare Symmetries for the topology: loooopppp
***********************************************************
read from: ./sectormappings/loooopppp/sectorRelations
Number of symmetries read out: 0
read from: ./sectormappings/loooopppp/sectorSymmetries
Number of symmetries read out: 0
skip this line: 

***********************************************************
Kira starts the reduction of the topology: loooopppp
***********************************************************

***** Select equations recursively ************************
length of mandatory list: 2
Algebraic reconstruction is switched off.
92 independent coefficients
directory to the masters: loooopppp
Number of master integrals: 2
loooopppp[0,1,1,0] # 6
loooopppp[0,1,0,0] # 2
Regenerate:

Number of selected equations to reduce: 8 equations
( 0.013346 s )
Algebraic reconstruction is switched off.

***** Select equations recursively ************************
length of mandatory list: 2

***** Bring system in triangular form *********************

Iterate the system until it is in triangular form: 
iteration: 0; items left: 4; time: ( 0.000353 s )
iteration: 1; items left: 2; time: ( 0.000505 s )
iteration: 2; items left: 1; time: ( 0.000695 s )
iteration: 3; items left: 1; time: ( 0.000838 s )
redundant: 0; insertions 8
All coefficients will be normalized

Equations out of bounds rmax and smax: 6
Equations in the bounds rmax and smax: 2
( 0.000886 s )

Write the triangular system to ./tmp/ on hard disk
(--> ./tmp/loooopppp/VERconfig, ./tmp/loooopppp/VER###) 

Triangular form completed after ( 0.001514 s )
FIREFLY table created successfully
Algebraic reconstruction is switched off.
Equation table created successfully

***** Run the back substitution ***********************

Load all files from ./tmp/
Take 2 equations to reduce 2 missing equations

Back substitution: 


Equations reduced: 0 / 2
Kira committed results ( 0.0 s )


Equations reduced: 2 / 2
Kira committed results ( 0.0 s )

2 equations were reduced

*****Master integrals***********************************
loooopppp[0,1,1,0] # 6
loooopppp[0,1,0,0] # 2

Total number of master integrals: 2
( 0.0 s )
The input directory is set to:
./results
symbol_to_replace_by_one: x in kinematics.yaml is not set. 
Mass reconstruction is disabled.
################################################
kira2math: Reconstruct results for loooopppp
################################################

Algebraic reconstruction is switched off.
unreduced integrals: 0.

Total time:
( 6.4 s )
