4 Fermat/Blackbox instances will be run in parallel.
The user defined environment variable FERMATPATH for Fermat is set:
/home/yqx/Program/fermat6/ferl6/fer64
One variable is set to 1: {}
The directories for the temporary files, result files and the sector mapping files are: 
./tmp
./results
./sectormappings
Kira prepares topology: loooopppp and top level sector: 
15 

*****Integral ordering*************************************
Kira will use the integral ordering: 5.
Following reductions will be performed for the topology: loooopppp
Sector: 15 rmax: 5 smax: 3 

***********************************************************
Find IBP LI and symmetry relations for the topology: loooopppp
***********************************************************

*****Search trivial sectors********************************
read from: ./sectormappings/loooopppp/nonTrivialSector

Non trivial sectors in total: 10
Trivial sectors in total: 6
( 0.000774 s )

Search symmetry relations: 
read from: ./sectormappings/loooopppp/canonica
Number of symmetries read out: 10

( 4.8e-05 s )
***********************************************************
Prepare Symmetries for the topology: loooopppp
***********************************************************
read from: ./sectormappings/loooopppp/sectorRelations
Number of symmetries read out: 2
read from: ./sectormappings/loooopppp/sectorSymmetries
Number of symmetries read out: 4
skip this line: 
skip this line: 
skip this line: 
skip this line: 
skip this line: 

***********************************************************
Kira starts the reduction of the topology: loooopppp
***********************************************************

***** Select equations recursively ************************
length of mandatory list: 15
Algebraic reconstruction is switched off.
224 independent coefficients
directory to the masters: loooopppp
Number of master integrals: 5
loooopppp[0,0,1,0] #  4
loooopppp[1,0,1,0] #  5
loooopppp[0,1,0,1] # 10
loooopppp[0,1,1,1] # 14
loooopppp[1,1,1,1] # 15
Regenerate:

Number of selected equations to reduce: 59 equations
( 0.020354 s )
Algebraic reconstruction is switched off.

***** Select equations recursively ************************
length of mandatory list: 15

***** Bring system in triangular form *********************

Iterate the system until it is in triangular form: 
iteration: 0; items left: 17; time: ( 0.000813 s )
iteration: 1; items left: 14; time: ( 0.001138 s )
iteration: 2; items left: 9; time: ( 0.001446 s )
iteration: 3; items left: 6; time: ( 0.001673 s )
iteration: 4; items left: 4; time: ( 0.009134 s )
iteration: 5; items left: 3; time: ( 0.009461 s )
iteration: 6; items left: 2; time: ( 0.009747 s )
redundant: 0; insertions 72
All coefficients will be normalized

Equations out of bounds rmax and smax: 28
Equations in the bounds rmax and smax: 31
( 0.01053 s )

Write the triangular system to ./tmp/ on hard disk
(--> ./tmp/loooopppp/VERconfig, ./tmp/loooopppp/VER###) 

Triangular form completed after ( 0.011565 s )
FIREFLY table created successfully
Algebraic reconstruction is switched off.
Equation table created successfully

***** Run the back substitution ***********************

Load all files from ./tmp/
Take 31 equations to reduce 31 missing equations

Back substitution: 


Equations reduced: 0 / 31
Kira committed results ( 0.0 s )


Equations reduced: 3 / 31
Kira committed results ( 0.0 s )


Equations reduced: 5 / 31
Kira committed results ( 0.0 s )


Equations reduced: 16 / 31
Kira committed results ( 0.0 s )


Equations reduced: 31 / 31
Kira committed results ( 0.0 s )

31 equations were reduced

*****Master integrals***********************************
loooopppp[0,0,1,0] #  4
loooopppp[0,1,0,1] # 10
loooopppp[0,1,1,1] # 14
loooopppp[1,0,1,0] #  5
loooopppp[1,1,1,1] # 15

*****Master integrals which do not appear on the right**
*****hand side of the selected integrals****************
loooopppp[1,0,1,0] #  5
loooopppp[1,1,1,1] # 15

Total number of master integrals: 5
( 0.0 s )
The input directory is set to:
./results
symbol_to_replace_by_one: x in kinematics.yaml is not set. 
Mass reconstruction is disabled.
################################################
kira2math: Reconstruct results for loooopppp
################################################

Algebraic reconstruction is switched off.
This requested integral is a master integral: loooopppp[0,0,1,0] # 4
This requested integral is a master integral: loooopppp[1,0,1,0] # 5
This requested integral is a master integral: loooopppp[0,1,0,1] # 10
This requested integral is a master integral: loooopppp[0,1,1,1] # 14
This requested integral is a master integral: loooopppp[1,1,1,1] # 15
unreduced integrals: 0.

Total time:
( 5.7 s )
