"From KernelObject[4, Local kernel]:"
"DESolver`SetGlobalOptions -> {\"WorkingPre\" -> 100, \"ChopPre\" -> 20, \"SilentMode\" -> False, \"RationalizePre\" -> 20}\n"
"From KernelObject[4, Local kernel]:"
"DESolver`SetExpansionOptions -> {\"XOrder\" -> 100, \"ExtraXOrder\" -> 20, \"LearnXOrder\" -> -1, \"TestXOrder\" -> 5}\n"
"From KernelObject[2, Local kernel]:"
"DESolver`SetGlobalOptions -> {\"WorkingPre\" -> 100, \"ChopPre\" -> 20, \"SilentMode\" -> False, \"RationalizePre\" -> 20}\n"
"From KernelObject[4, Local kernel]:"
"DESolver`SetRunningOptions -> {\"RunRadius\" -> 2, \"RunLength\" -> 200, \"RunCandidate\" -> 10, \"RunDirection\" -> \"NegIm\"}\n"
"From KernelObject[3, Local kernel]:"
"DESolver`SetGlobalOptions -> {\"WorkingPre\" -> 100, \"ChopPre\" -> 20, \"SilentMode\" -> False, \"RationalizePre\" -> 20}\n"
"From KernelObject[2, Local kernel]:"
"DESolver`SetExpansionOptions -> {\"XOrder\" -> 100, \"ExtraXOrder\" -> 20, \"LearnXOrder\" -> -1, \"TestXOrder\" -> 5}\n"
"From KernelObject[1, Local kernel]:"
"DESolver`SetGlobalOptions -> {\"WorkingPre\" -> 100, \"ChopPre\" -> 20, \"SilentMode\" -> False, \"RationalizePre\" -> 20}\n"
"From KernelObject[4, Local kernel]:"
"DESolver`SetGlobalOptions -> {\"WorkingPre\" -> 312, \"ChopPre\" -> 20, \"SilentMode\" -> False, \"RationalizePre\" -> 20}\n"
"From KernelObject[3, Local kernel]:"
"DESolver`SetExpansionOptions -> {\"XOrder\" -> 100, \"ExtraXOrder\" -> 20, \"LearnXOrder\" -> -1, \"TestXOrder\" -> 5}\n"
"From KernelObject[2, Local kernel]:"
"DESolver`SetRunningOptions -> {\"RunRadius\" -> 2, \"RunLength\" -> 200, \"RunCandidate\" -> 10, \"RunDirection\" -> \"NegIm\"}\n"
"From KernelObject[1, Local kernel]:"
"DESolver`SetExpansionOptions -> {\"XOrder\" -> 100, \"ExtraXOrder\" -> 20, \"LearnXOrder\" -> -1, \"TestXOrder\" -> 5}\n"
"From KernelObject[4, Local kernel]:"
"DESolver`SetExpansionOptions -> {\"XOrder\" -> 624, \"ExtraXOrder\" -> 20, \"LearnXOrder\" -> -1, \"TestXOrder\" -> 5}\n"
"From KernelObject[3, Local kernel]:"
"DESolver`SetRunningOptions -> {\"RunRadius\" -> 2, \"RunLength\" -> 200, \"RunCandidate\" -> 10, \"RunDirection\" -> \"NegIm\"}\n"
"From KernelObject[2, Local kernel]:"
"DESolver`SetGlobalOptions -> {\"WorkingPre\" -> 312, \"ChopPre\" -> 20, \"SilentMode\" -> False, \"RationalizePre\" -> 20}\n"
"From KernelObject[1, Local kernel]:"
"DESolver`SetRunningOptions -> {\"RunRadius\" -> 2, \"RunLength\" -> 200, \"RunCandidate\" -> 10, \"RunDirection\" -> \"NegIm\"}\n"
"From KernelObject[4, Local kernel]:"
"DESolver`SetRunningOptions -> {\"RunRadius\" -> 2, \"RunLength\" -> 200, \"RunCandidate\" -> 10, \"RunDirection\" -> \"NegIm\"}\n"
"From KernelObject[3, Local kernel]:"
"DESolver`SetGlobalOptions -> {\"WorkingPre\" -> 312, \"ChopPre\" -> 20, \"SilentMode\" -> False, \"RationalizePre\" -> 20}\n"
"From KernelObject[2, Local kernel]:"
"DESolver`SetExpansionOptions -> {\"XOrder\" -> 624, \"ExtraXOrder\" -> 20, \"LearnXOrder\" -> -1, \"TestXOrder\" -> 5}\n"
"From KernelObject[1, Local kernel]:"
"DESolver`SetGlobalOptions -> {\"WorkingPre\" -> 312, \"ChopPre\" -> 20, \"SilentMode\" -> False, \"RationalizePre\" -> 20}\n"
"From KernelObject[4, Local kernel]:"
"\"AMFlow: start.\"\n"
"From KernelObject[3, Local kernel]:"
"DESolver`SetExpansionOptions -> {\"XOrder\" -> 624, \"ExtraXOrder\" -> 20, \"LearnXOrder\" -> -1, \"TestXOrder\" -> 5}\n"
"From KernelObject[2, Local kernel]:"
"DESolver`SetRunningOptions -> {\"RunRadius\" -> 2, \"RunLength\" -> 200, \"RunCandidate\" -> 10, \"RunDirection\" -> \"NegIm\"}\n"
"From KernelObject[1, Local kernel]:"
"DESolver`SetExpansionOptions -> {\"XOrder\" -> 624, \"ExtraXOrder\" -> 20, \"LearnXOrder\" -> -1, \"TestXOrder\" -> 5}\n"
"From KernelObject[3, Local kernel]:"
"DESolver`SetRunningOptions -> {\"RunRadius\" -> 2, \"RunLength\" -> 200, \"RunCandidate\" -> 10, \"RunDirection\" -> \"NegIm\"}\n"
"From KernelObject[2, Local kernel]:"
"\"AMFlow: start.\"\n"
"From KernelObject[1, Local kernel]:"
"DESolver`SetRunningOptions -> {\"RunRadius\" -> 2, \"RunLength\" -> 200, \"RunCandidate\" -> 10, \"RunDirection\" -> \"NegIm\"}\n"
"From KernelObject[3, Local kernel]:"
"\"AMFlow: start.\"\n"
"From KernelObject[1, Local kernel]:"
"\"AMFlow: start.\"\n"
"From KernelObject[4, Local kernel]:"
"\"system loaded: DESolver`$InternalSystem\\nDE[DESolver`$InternalSystem] -- differential equation in matrix form\\nBC[DESolver`$InternalSystem] -- boundary conditions either in singular form or in regular form\\nP[DESolver`$InternalSystem] -- boundary point\\nAsyExp[DESolver`$InternalSystem] -- asymptotic expansion near a singular point (currently it is Null)\\nintegrals: 5, blocks: 5, density: 0.4, degrees: {1, 4}\"\n"
"From KernelObject[2, Local kernel]:"
"\"system loaded: DESolver`$InternalSystem\\nDE[DESolver`$InternalSystem] -- differential equation in matrix form\\nBC[DESolver`$InternalSystem] -- boundary conditions either in singular form or in regular form\\nP[DESolver`$InternalSystem] -- boundary point\\nAsyExp[DESolver`$InternalSystem] -- asymptotic expansion near a singular point (currently it is Null)\\nintegrals: 5, blocks: 5, density: 0.4, degrees: {1, 4}\"\n"
"From KernelObject[3, Local kernel]:"
"\"system loaded: DESolver`$InternalSystem\\nDE[DESolver`$InternalSystem] -- differential equation in matrix form\\nBC[DESolver`$InternalSystem] -- boundary conditions either in singular form or in regular form\\nP[DESolver`$InternalSystem] -- boundary point\\nAsyExp[DESolver`$InternalSystem] -- asymptotic expansion near a singular point (currently it is Null)\\nintegrals: 5, blocks: 5, density: 0.4, degrees: {1, 4}\"\n"
"From KernelObject[1, Local kernel]:"
"\"system loaded: DESolver`$InternalSystem\\nDE[DESolver`$InternalSystem] -- differential equation in matrix form\\nBC[DESolver`$InternalSystem] -- boundary conditions either in singular form or in regular form\\nP[DESolver`$InternalSystem] -- boundary point\\nAsyExp[DESolver`$InternalSystem] -- asymptotic expansion near a singular point (currently it is Null)\\nintegrals: 5, blocks: 5, density: 0.4, degrees: {1, 4}\"\n"
"From KernelObject[4, Local kernel]:"
"\"AMFlow: integrals will be evaluated at 9 regular points\" -> {0. - 1180.*I, 0. - 589.9788139397027*I, 0. - 294.947035609936*I, 0. - 147.38878116860624*I, 0. - 73.52496591653694*I, 0. - 36.424020466899414*I, 0. - 17.53811787413788*I, 0. - 7.443743468470699*I, 0. - 5.*I}\n"
"From KernelObject[4, Local kernel]:"
"\"AMFlow: integration contour generated in 0s.\"\n"
"From KernelObject[4, Local kernel]:"
"\"AMFlow: solving near eta = Infinity...\"\n"
"From KernelObject[4, Local kernel]:"
"\"CalcTaylor: current region\" -> 101/999999999999900\n"
"From KernelObject[4, Local kernel]:"
"\"block\" -> {1}\n"
"From KernelObject[2, Local kernel]:"
"\"AMFlow: integrals will be evaluated at 9 regular points\" -> {0. - 1180.*I, 0. - 589.9788139397027*I, 0. - 294.947035609936*I, 0. - 147.38878116860624*I, 0. - 73.52496591653694*I, 0. - 36.424020466899414*I, 0. - 17.53811787413788*I, 0. - 7.443743468470699*I, 0. - 5.*I}\n"
"From KernelObject[2, Local kernel]:"
"\"AMFlow: integration contour generated in 0s.\"\n"
"From KernelObject[2, Local kernel]:"
"\"AMFlow: solving near eta = Infinity...\"\n"
"From KernelObject[2, Local kernel]:"
"\"CalcTaylor: current region\" -> 7/66666666666660\n"
"From KernelObject[2, Local kernel]:"
"\"block\" -> {1}\n"
"From KernelObject[4, Local kernel]:"
"\"boundary condition inserted\" -> {1, 0, 9.900990099009334*^12}\n"
"From KernelObject[4, Local kernel]:"
"\"block\" -> {2}\n"
"From KernelObject[3, Local kernel]:"
"\"AMFlow: integrals will be evaluated at 9 regular points\" -> {0. - 1180.*I, 0. - 589.9788139397027*I, 0. - 294.947035609936*I, 0. - 147.38878116860624*I, 0. - 73.52496591653694*I, 0. - 36.424020466899414*I, 0. - 17.53811787413788*I, 0. - 7.443743468470699*I, 0. - 5.*I}\n"
"From KernelObject[1, Local kernel]:"
"\"AMFlow: integrals will be evaluated at 9 regular points\" -> {0. - 1180.*I, 0. - 589.9788139397027*I, 0. - 294.947035609936*I, 0. - 147.38878116860624*I, 0. - 73.52496591653694*I, 0. - 36.424020466899414*I, 0. - 17.53811787413788*I, 0. - 7.443743468470699*I, 0. - 5.*I}\n"
"From KernelObject[3, Local kernel]:"
"\"AMFlow: integration contour generated in 0s.\"\n"
"From KernelObject[1, Local kernel]:"
"\"AMFlow: integration contour generated in 0s.\"\n"
"From KernelObject[3, Local kernel]:"
"\"AMFlow: solving near eta = Infinity...\"\n"
"From KernelObject[1, Local kernel]:"
"\"AMFlow: solving near eta = Infinity...\"\n"
"From KernelObject[3, Local kernel]:"
"\"CalcTaylor: current region\" -> 103/999999999999900\n"
"From KernelObject[2, Local kernel]:"
"\"boundary condition inserted\" -> {1, 0, 9.523809523808994*^12}\n"
"From KernelObject[1, Local kernel]:"
"\"CalcTaylor: current region\" -> 1/9433962264150\n"
"From KernelObject[3, Local kernel]:"
"\"block\" -> {1}\n"
"From KernelObject[1, Local kernel]:"
"\"block\" -> {1}\n"
"From KernelObject[2, Local kernel]:"
"\"block\" -> {2}\n"
"From KernelObject[4, Local kernel]:"
"\"boundary condition test\" -> {2, 0, 9.900990099009334*^12}\n"
"From KernelObject[4, Local kernel]:"
"\"block\" -> {3}\n"
"From KernelObject[4, Local kernel]:"
"\"boundary condition test\" -> {3, 0, 0.}\n"
"From KernelObject[3, Local kernel]:"
"\"boundary condition inserted\" -> {1, 0, 9.708737864077121*^12}\n"
"From KernelObject[1, Local kernel]:"
"\"boundary condition inserted\" -> {1, 0, 9.433962264150422*^12}\n"
"From KernelObject[4, Local kernel]:"
"\"block\" -> {4}\n"
"From KernelObject[3, Local kernel]:"
"\"block\" -> {2}\n"
"From KernelObject[1, Local kernel]:"
"\"block\" -> {2}\n"
"From KernelObject[2, Local kernel]:"
"\"boundary condition test\" -> {2, 0, 9.523809523808994*^12}\n"
"From KernelObject[2, Local kernel]:"
"\"block\" -> {3}\n"
"From KernelObject[4, Local kernel]:"
"\"boundary condition test\" -> {4, 0, 9.900990099009334*^12}\n"
"From KernelObject[4, Local kernel]:"
"\"block\" -> {5}\n"
"From KernelObject[3, Local kernel]:"
"\"boundary condition test\" -> {2, 0, 9.708737864077121*^12}\n"
"From KernelObject[1, Local kernel]:"
"\"boundary condition test\" -> {2, 0, 9.433962264150422*^12}\n"
"From KernelObject[2, Local kernel]:"
"\"boundary condition test\" -> {3, 0, 0.}\n"
"From KernelObject[3, Local kernel]:"
"\"block\" -> {3}\n"
"From KernelObject[2, Local kernel]:"
"\"block\" -> {4}\n"
"From KernelObject[1, Local kernel]:"
"\"block\" -> {3}\n"
"From KernelObject[4, Local kernel]:"
"\"boundary condition test\" -> {5, 0, 9.900990099009334*^12}\n"
"From KernelObject[4, Local kernel]:"
"\"CalcTaylor: current region\" -> 0\n"
"From KernelObject[4, Local kernel]:"
"\"block\" -> {1}\n"
"From KernelObject[1, Local kernel]:"
"\"boundary condition test\" -> {3, 0, 0.}\n"
"From KernelObject[3, Local kernel]:"
"\"boundary condition test\" -> {3, 0, 0.}\n"
"From KernelObject[3, Local kernel]:"
"\"block\" -> {4}\n"
"From KernelObject[1, Local kernel]:"
"\"block\" -> {4}\n"
"From KernelObject[4, Local kernel]:"
"\"boundary condition test\" -> {1, 0, 0.}\n"
"From KernelObject[2, Local kernel]:"
"\"boundary condition test\" -> {4, 0, 9.523809523808994*^12}\n"
"From KernelObject[4, Local kernel]:"
"\"block\" -> {2}\n"
"From KernelObject[2, Local kernel]:"
"\"block\" -> {5}\n"
"From KernelObject[1, Local kernel]:"
"\"boundary condition test\" -> {4, 0, 9.433962264150422*^12}\n"
"From KernelObject[3, Local kernel]:"
"\"boundary condition test\" -> {4, 0, 9.708737864077121*^12}\n"
"From KernelObject[4, Local kernel]:"
"\"boundary condition test\" -> {2, 0, 0.}\n"
"From KernelObject[1, Local kernel]:"
"\"block\" -> {5}\n"
"From KernelObject[3, Local kernel]:"
"\"block\" -> {5}\n"
"From KernelObject[4, Local kernel]:"
"\"block\" -> {3}\n"
"From KernelObject[2, Local kernel]:"
"\"boundary condition test\" -> {5, 0, 9.523809523808994*^12}\n"
"From KernelObject[2, Local kernel]:"
"\"CalcTaylor: current region\" -> 0\n"
"From KernelObject[4, Local kernel]:"
"\"boundary condition inserted\" -> {3, 0, 9.90099009900412*^12 + 3.141592653588273*I}\n"
"From KernelObject[2, Local kernel]:"
"\"block\" -> {1}\n"
"From KernelObject[4, Local kernel]:"
"\"block\" -> {4}\n"
"From KernelObject[3, Local kernel]:"
"\"boundary condition test\" -> {5, 0, 9.708737864077121*^12}\n"
"From KernelObject[1, Local kernel]:"
"\"boundary condition test\" -> {5, 0, 9.433962264150422*^12}\n"
"From KernelObject[3, Local kernel]:"
"\"CalcTaylor: current region\" -> 0\n"
"From KernelObject[3, Local kernel]:"
"\"block\" -> {1}\n"
"From KernelObject[2, Local kernel]:"
"\"boundary condition test\" -> {1, 0, 0.}\n"
"From KernelObject[1, Local kernel]:"
"\"CalcTaylor: current region\" -> 0\n"
"From KernelObject[1, Local kernel]:"
"\"block\" -> {1}\n"
"From KernelObject[2, Local kernel]:"
"\"block\" -> {2}\n"
"From KernelObject[4, Local kernel]:"
"\"boundary condition test\" -> {4, 0, -9.90099009900412*^12 - 3.141592653588273*I}\n"
"From KernelObject[4, Local kernel]:"
"\"block\" -> {5}\n"
"From KernelObject[3, Local kernel]:"
"\"boundary condition test\" -> {1, 0, 0.}\n"
"From KernelObject[3, Local kernel]:"
"\"block\" -> {2}\n"
"From KernelObject[1, Local kernel]:"
"\"boundary condition test\" -> {1, 0, 0.}\n"
"From KernelObject[2, Local kernel]:"
"\"boundary condition test\" -> {2, 0, 0.}\n"
"From KernelObject[1, Local kernel]:"
"\"block\" -> {2}\n"
"From KernelObject[2, Local kernel]:"
"\"block\" -> {3}\n"
"From KernelObject[2, Local kernel]:"
"\"boundary condition inserted\" -> {3, 0, 9.52380952380378*^12 + 3.1415926535882126*I}\n"
"From KernelObject[2, Local kernel]:"
"\"block\" -> {4}\n"
"From KernelObject[3, Local kernel]:"
"\"boundary condition test\" -> {2, 0, 0.}\n"
"From KernelObject[3, Local kernel]:"
"\"block\" -> {3}\n"
"From KernelObject[4, Local kernel]:"
"\"boundary condition test\" -> {5, 0, -1.9605920988121048*^23 - 6.220975551658067*^10*I}\n"
"From KernelObject[1, Local kernel]:"
"\"boundary condition test\" -> {2, 0, 0.}\n"
"From KernelObject[1, Local kernel]:"
"\"block\" -> {3}\n"
"From KernelObject[4, Local kernel]:"
"\"AMFlow: Infinity solved in 2s.\"\n"
"From KernelObject[4, Local kernel]:"
"\"AMFlow: running among regular points...\"\n"
"From KernelObject[3, Local kernel]:"
"\"boundary condition inserted\" -> {3, 0, 9.708737864071906*^12 + 3.141592653588243*I}\n"
"From KernelObject[4, Local kernel]:"
"\"current regular point\" -> 0. - 1180.*I\n"
"From KernelObject[3, Local kernel]:"
"\"block\" -> {4}\n"
"From KernelObject[1, Local kernel]:"
"\"boundary condition inserted\" -> {3, 0, 9.433962264145209*^12 + 3.1415926535881975*I}\n"
"From KernelObject[2, Local kernel]:"
"\"boundary condition test\" -> {4, 0, -9.52380952380378*^12 - 3.1415926535882126*I}\n"
"From KernelObject[1, Local kernel]:"
"\"block\" -> {4}\n"
"From KernelObject[2, Local kernel]:"
"\"block\" -> {5}\n"
"From KernelObject[3, Local kernel]:"
"\"boundary condition test\" -> {4, 0, -9.708737864071906*^12 - 3.141592653588243*I}\n"
"From KernelObject[3, Local kernel]:"
"\"block\" -> {5}\n"
"From KernelObject[1, Local kernel]:"
"\"boundary condition test\" -> {4, 0, -9.433962264145209*^12 - 3.1415926535881975*I}\n"
"From KernelObject[4, Local kernel]:"
"\"current regular point\" -> 0. - 589.9788139397027*I\n"
"From KernelObject[1, Local kernel]:"
"\"block\" -> {5}\n"
"From KernelObject[2, Local kernel]:"
"\"boundary condition test\" -> {5, 0, -1.8140589569144433*^23 - 5.9839860068328354*^10*I}\n"
"From KernelObject[2, Local kernel]:"
"\"AMFlow: Infinity solved in 2s.\"\n"
"From KernelObject[2, Local kernel]:"
"\"AMFlow: running among regular points...\"\n"
"From KernelObject[2, Local kernel]:"
"\"current regular point\" -> 0. - 1180.*I\n"
"From KernelObject[3, Local kernel]:"
"\"boundary condition test\" -> {5, 0, -1.885191818265813*^23 - 6.1001799098782166*^10*I}\n"
"From KernelObject[1, Local kernel]:"
"\"boundary condition test\" -> {5, 0, -1.7799928800268423*^23 - 5.927533308655127*^10*I}\n"
"From KernelObject[4, Local kernel]:"
"\"current regular point\" -> 0. - 294.947035609936*I\n"
"From KernelObject[3, Local kernel]:"
"\"AMFlow: Infinity solved in 3s.\"\n"
"From KernelObject[3, Local kernel]:"
"\"AMFlow: running among regular points...\"\n"
"From KernelObject[3, Local kernel]:"
"\"current regular point\" -> 0. - 1180.*I\n"
"From KernelObject[1, Local kernel]:"
"\"AMFlow: Infinity solved in 3s.\"\n"
"From KernelObject[1, Local kernel]:"
"\"AMFlow: running among regular points...\"\n"
"From KernelObject[1, Local kernel]:"
"\"current regular point\" -> 0. - 1180.*I\n"
"From KernelObject[2, Local kernel]:"
"\"current regular point\" -> 0. - 589.9788139397027*I\n"
"From KernelObject[4, Local kernel]:"
"\"current regular point\" -> 0. - 147.38878116860624*I\n"
"From KernelObject[3, Local kernel]:"
"\"current regular point\" -> 0. - 589.9788139397027*I\n"
"From KernelObject[1, Local kernel]:"
"\"current regular point\" -> 0. - 589.9788139397027*I\n"
"From KernelObject[2, Local kernel]:"
"\"current regular point\" -> 0. - 294.947035609936*I\n"
"From KernelObject[4, Local kernel]:"
"\"current regular point\" -> 0. - 73.52496591653694*I\n"
"From KernelObject[3, Local kernel]:"
"\"current regular point\" -> 0. - 294.947035609936*I\n"
"From KernelObject[1, Local kernel]:"
"\"current regular point\" -> 0. - 294.947035609936*I\n"
"From KernelObject[2, Local kernel]:"
"\"current regular point\" -> 0. - 147.38878116860624*I\n"
"From KernelObject[4, Local kernel]:"
"\"current regular point\" -> 0. - 36.424020466899414*I\n"
"From KernelObject[3, Local kernel]:"
"\"current regular point\" -> 0. - 147.38878116860624*I\n"
"From KernelObject[2, Local kernel]:"
"\"current regular point\" -> 0. - 73.52496591653694*I\n"
"From KernelObject[1, Local kernel]:"
"\"current regular point\" -> 0. - 147.38878116860624*I\n"
"From KernelObject[4, Local kernel]:"
"\"current regular point\" -> 0. - 17.53811787413788*I\n"
"From KernelObject[4, Local kernel]:"
"\"current regular point\" -> 0. - 7.443743468470699*I\n"
"From KernelObject[3, Local kernel]:"
"\"current regular point\" -> 0. - 73.52496591653694*I\n"
"From KernelObject[2, Local kernel]:"
"\"current regular point\" -> 0. - 36.424020466899414*I\n"
"From KernelObject[1, Local kernel]:"
"\"current regular point\" -> 0. - 73.52496591653694*I\n"
"From KernelObject[3, Local kernel]:"
"\"current regular point\" -> 0. - 36.424020466899414*I\n"
"From KernelObject[4, Local kernel]:"
"\"AMFlow: regular running finished in 3s.\"\n"
"From KernelObject[2, Local kernel]:"
"\"current regular point\" -> 0. - 17.53811787413788*I\n"
"From KernelObject[4, Local kernel]:"
"\"AMFlow: solving near the last point...\"\n"
"From KernelObject[4, Local kernel]:"
"\"NormalizeMat finished in 0s.\"\n"
"From KernelObject[4, Local kernel]:"
"\"LearnXOrder is negative. skip learning phase.\"\n"
"From KernelObject[4, Local kernel]:"
"\"block\" -> {1}\n"
"From KernelObject[4, Local kernel]:"
"\"behavior\" -> {{0, 0}}\n"
"From KernelObject[1, Local kernel]:"
"\"current regular point\" -> 0. - 36.424020466899414*I\n"
"From KernelObject[3, Local kernel]:"
"\"current regular point\" -> 0. - 17.53811787413788*I\n"
"From KernelObject[4, Local kernel]:"
"\"number of constraints and variables\" -> {1, 1}\n"
"From KernelObject[4, Local kernel]:"
"\"block\" -> {2}\n"
"From KernelObject[4, Local kernel]:"
"\"behavior\" -> {{0, 1}}\n"
"From KernelObject[2, Local kernel]:"
"\"current regular point\" -> 0. - 7.443743468470699*I\n"
"From KernelObject[3, Local kernel]:"
"\"current regular point\" -> 0. - 7.443743468470699*I\n"
"From KernelObject[4, Local kernel]:"
"\"number of constraints and variables\" -> {1, 1}\n"
"From KernelObject[1, Local kernel]:"
"\"current regular point\" -> 0. - 17.53811787413788*I\n"
"From KernelObject[4, Local kernel]:"
"\"block\" -> {3}\n"
"From KernelObject[4, Local kernel]:"
"\"behavior\" -> {{0, 0}}\n"
"From KernelObject[2, Local kernel]:"
"\"AMFlow: regular running finished in 3s.\"\n"
"From KernelObject[4, Local kernel]:"
"\"number of constraints and variables\" -> {1, 1}\n"
"From KernelObject[2, Local kernel]:"
"\"AMFlow: solving near the last point...\"\n"
"From KernelObject[4, Local kernel]:"
"\"block\" -> {4}\n"
"From KernelObject[3, Local kernel]:"
"\"AMFlow: regular running finished in 3s.\"\n"
"From KernelObject[2, Local kernel]:"
"\"NormalizeMat finished in 0s.\"\n"
"From KernelObject[4, Local kernel]:"
"\"behavior\" -> {{0, 1}}\n"
"From KernelObject[3, Local kernel]:"
"\"AMFlow: solving near the last point...\"\n"
"From KernelObject[2, Local kernel]:"
"\"LearnXOrder is negative. skip learning phase.\"\n"
"From KernelObject[3, Local kernel]:"
"\"NormalizeMat finished in 0s.\"\n"
"From KernelObject[2, Local kernel]:"
"\"block\" -> {1}\n"
"From KernelObject[3, Local kernel]:"
"\"LearnXOrder is negative. skip learning phase.\"\n"
"From KernelObject[2, Local kernel]:"
"\"behavior\" -> {{0, 0}}\n"
"From KernelObject[3, Local kernel]:"
"\"block\" -> {1}\n"
"From KernelObject[3, Local kernel]:"
"\"behavior\" -> {{0, 0}}\n"
"From KernelObject[2, Local kernel]:"
"\"number of constraints and variables\" -> {1, 1}\n"
"From KernelObject[2, Local kernel]:"
"\"block\" -> {2}\n"
"From KernelObject[3, Local kernel]:"
"\"number of constraints and variables\" -> {1, 1}\n"
"From KernelObject[2, Local kernel]:"
"\"behavior\" -> {{0, 1}}\n"
"From KernelObject[3, Local kernel]:"
"\"block\" -> {2}\n"
"From KernelObject[3, Local kernel]:"
"\"behavior\" -> {{0, 1}}\n"
"From KernelObject[2, Local kernel]:"
"\"number of constraints and variables\" -> {1, 1}\n"
"From KernelObject[2, Local kernel]:"
"\"block\" -> {3}\n"
"From KernelObject[3, Local kernel]:"
"\"number of constraints and variables\" -> {1, 1}\n"
"From KernelObject[2, Local kernel]:"
"\"behavior\" -> {{0, 0}}\n"
"From KernelObject[1, Local kernel]:"
"\"current regular point\" -> 0. - 7.443743468470699*I\n"
"From KernelObject[3, Local kernel]:"
"\"block\" -> {3}\n"
"From KernelObject[3, Local kernel]:"
"\"behavior\" -> {{0, 0}}\n"
"From KernelObject[2, Local kernel]:"
"\"number of constraints and variables\" -> {1, 1}\n"
"From KernelObject[2, Local kernel]:"
"\"block\" -> {4}\n"
"From KernelObject[2, Local kernel]:"
"\"behavior\" -> {{0, 1}}\n"
"From KernelObject[3, Local kernel]:"
"\"number of constraints and variables\" -> {1, 1}\n"
"From KernelObject[3, Local kernel]:"
"\"block\" -> {4}\n"
"From KernelObject[3, Local kernel]:"
"\"behavior\" -> {{0, 1}}\n"
"From KernelObject[4, Local kernel]:"
"\"number of constraints and variables\" -> {1, 1}\n"
"From KernelObject[4, Local kernel]:"
"\"block\" -> {5}\n"
"From KernelObject[4, Local kernel]:"
"\"behavior\" -> {{0, 2}}\n"
"From KernelObject[2, Local kernel]:"
"\"number of constraints and variables\" -> {1, 1}\n"
"From KernelObject[2, Local kernel]:"
"\"block\" -> {5}\n"
"From KernelObject[2, Local kernel]:"
"\"behavior\" -> {{0, 2}}\n"
"From KernelObject[3, Local kernel]:"
"\"number of constraints and variables\" -> {1, 1}\n"
"From KernelObject[3, Local kernel]:"
"\"block\" -> {5}\n"
"From KernelObject[3, Local kernel]:"
"\"behavior\" -> {{0, 2}}\n"
"From KernelObject[1, Local kernel]:"
"\"AMFlow: regular running finished in 3s.\"\n"
"From KernelObject[1, Local kernel]:"
"\"AMFlow: solving near the last point...\"\n"
"From KernelObject[1, Local kernel]:"
"\"NormalizeMat finished in 0s.\"\n"
"From KernelObject[1, Local kernel]:"
"\"LearnXOrder is negative. skip learning phase.\"\n"
"From KernelObject[1, Local kernel]:"
"\"block\" -> {1}\n"
"From KernelObject[1, Local kernel]:"
"\"behavior\" -> {{0, 0}}\n"
"From KernelObject[1, Local kernel]:"
"\"number of constraints and variables\" -> {1, 1}\n"
"From KernelObject[1, Local kernel]:"
"\"block\" -> {2}\n"
"From KernelObject[1, Local kernel]:"
"\"behavior\" -> {{0, 1}}\n"
"From KernelObject[2, Local kernel]:"
"\"number of constraints and variables\" -> {1, 1}\n"
"From KernelObject[3, Local kernel]:"
"\"number of constraints and variables\" -> {1, 1}\n"
"From KernelObject[2, Local kernel]:"
"\"AMFlow: last point solved in 1s.\"\n"
"From KernelObject[2, Local kernel]:"
"\"system cleared: DESolver`$InternalSystem\"\n"
"From KernelObject[3, Local kernel]:"
"\"AMFlow: last point solved in 1s.\"\n"
"From KernelObject[2, Local kernel]:"
"\"AMFlow: finished in 7s.\"\n"
"From KernelObject[3, Local kernel]:"
"\"system cleared: DESolver`$InternalSystem\"\n"
"From KernelObject[3, Local kernel]:"
"\"AMFlow: finished in 7s.\"\n"
"From KernelObject[3, Local kernel]:"
"DESolver`SetGlobalOptions -> {\"WorkingPre\" -> 100, \"ChopPre\" -> 20, \"SilentMode\" -> False, \"RationalizePre\" -> 20}\n"
"From KernelObject[2, Local kernel]:"
"DESolver`SetGlobalOptions -> {\"WorkingPre\" -> 100, \"ChopPre\" -> 20, \"SilentMode\" -> False, \"RationalizePre\" -> 20}\n"
"From KernelObject[3, Local kernel]:"
"DESolver`SetExpansionOptions -> {\"XOrder\" -> 100, \"ExtraXOrder\" -> 20, \"LearnXOrder\" -> -1, \"TestXOrder\" -> 5}\n"
"From KernelObject[2, Local kernel]:"
"DESolver`SetExpansionOptions -> {\"XOrder\" -> 100, \"ExtraXOrder\" -> 20, \"LearnXOrder\" -> -1, \"TestXOrder\" -> 5}\n"
"From KernelObject[3, Local kernel]:"
"DESolver`SetRunningOptions -> {\"RunRadius\" -> 2, \"RunLength\" -> 200, \"RunCandidate\" -> 10, \"RunDirection\" -> \"NegIm\"}\n"
"From KernelObject[2, Local kernel]:"
"DESolver`SetRunningOptions -> {\"RunRadius\" -> 2, \"RunLength\" -> 200, \"RunCandidate\" -> 10, \"RunDirection\" -> \"NegIm\"}\n"
"From KernelObject[3, Local kernel]:"
"DESolver`SetGlobalOptions -> {\"WorkingPre\" -> 312, \"ChopPre\" -> 20, \"SilentMode\" -> False, \"RationalizePre\" -> 20}\n"
"From KernelObject[2, Local kernel]:"
"DESolver`SetGlobalOptions -> {\"WorkingPre\" -> 312, \"ChopPre\" -> 20, \"SilentMode\" -> False, \"RationalizePre\" -> 20}\n"
"From KernelObject[4, Local kernel]:"
"\"number of constraints and variables\" -> {1, 1}\n"
"From KernelObject[3, Local kernel]:"
"DESolver`SetExpansionOptions -> {\"XOrder\" -> 624, \"ExtraXOrder\" -> 20, \"LearnXOrder\" -> -1, \"TestXOrder\" -> 5}\n"
"From KernelObject[2, Local kernel]:"
"DESolver`SetExpansionOptions -> {\"XOrder\" -> 624, \"ExtraXOrder\" -> 20, \"LearnXOrder\" -> -1, \"TestXOrder\" -> 5}\n"
"From KernelObject[3, Local kernel]:"
"DESolver`SetRunningOptions -> {\"RunRadius\" -> 2, \"RunLength\" -> 200, \"RunCandidate\" -> 10, \"RunDirection\" -> \"NegIm\"}\n"
"From KernelObject[2, Local kernel]:"
"DESolver`SetRunningOptions -> {\"RunRadius\" -> 2, \"RunLength\" -> 200, \"RunCandidate\" -> 10, \"RunDirection\" -> \"NegIm\"}\n"
"From KernelObject[3, Local kernel]:"
"\"AMFlow: start.\"\n"
"From KernelObject[2, Local kernel]:"
"\"AMFlow: start.\"\n"
"From KernelObject[3, Local kernel]:"
"\"system loaded: DESolver`$InternalSystem\\nDE[DESolver`$InternalSystem] -- differential equation in matrix form\\nBC[DESolver`$InternalSystem] -- boundary conditions either in singular form or in regular form\\nP[DESolver`$InternalSystem] -- boundary point\\nAsyExp[DESolver`$InternalSystem] -- asymptotic expansion near a singular point (currently it is Null)\\nintegrals: 5, blocks: 5, density: 0.4, degrees: {1, 4}\"\n"
"From KernelObject[2, Local kernel]:"
"\"system loaded: DESolver`$InternalSystem\\nDE[DESolver`$InternalSystem] -- differential equation in matrix form\\nBC[DESolver`$InternalSystem] -- boundary conditions either in singular form or in regular form\\nP[DESolver`$InternalSystem] -- boundary point\\nAsyExp[DESolver`$InternalSystem] -- asymptotic expansion near a singular point (currently it is Null)\\nintegrals: 5, blocks: 5, density: 0.4, degrees: {1, 4}\"\n"
"From KernelObject[3, Local kernel]:"
"\"AMFlow: integrals will be evaluated at 9 regular points\" -> {0. - 1180.*I, 0. - 589.9788139397027*I, 0. - 294.947035609936*I, 0. - 147.38878116860624*I, 0. - 73.52496591653694*I, 0. - 36.424020466899414*I, 0. - 17.53811787413788*I, 0. - 7.443743468470699*I, 0. - 5.*I}\n"
"From KernelObject[4, Local kernel]:"
"\"AMFlow: last point solved in 1s.\"\n"
"From KernelObject[3, Local kernel]:"
"\"AMFlow: integration contour generated in 0s.\"\n"
"From KernelObject[4, Local kernel]:"
"\"system cleared: DESolver`$InternalSystem\"\n"
"From KernelObject[3, Local kernel]:"
"\"AMFlow: solving near eta = Infinity...\"\n"
"From KernelObject[4, Local kernel]:"
"\"AMFlow: finished in 8s.\"\n"
"From KernelObject[3, Local kernel]:"
"\"CalcTaylor: current region\" -> 26/249999999999975\n"
"From KernelObject[4, Local kernel]:"
"DESolver`SetGlobalOptions -> {\"WorkingPre\" -> 100, \"ChopPre\" -> 20, \"SilentMode\" -> False, \"RationalizePre\" -> 20}\n"
"From KernelObject[3, Local kernel]:"
"\"block\" -> {1}\n"
"From KernelObject[4, Local kernel]:"
"DESolver`SetExpansionOptions -> {\"XOrder\" -> 100, \"ExtraXOrder\" -> 20, \"LearnXOrder\" -> -1, \"TestXOrder\" -> 5}\n"
"From KernelObject[4, Local kernel]:"
"DESolver`SetRunningOptions -> {\"RunRadius\" -> 2, \"RunLength\" -> 200, \"RunCandidate\" -> 10, \"RunDirection\" -> \"NegIm\"}\n"
"From KernelObject[4, Local kernel]:"
"DESolver`SetGlobalOptions -> {\"WorkingPre\" -> 312, \"ChopPre\" -> 20, \"SilentMode\" -> False, \"RationalizePre\" -> 20}\n"
"From KernelObject[4, Local kernel]:"
"DESolver`SetExpansionOptions -> {\"XOrder\" -> 624, \"ExtraXOrder\" -> 20, \"LearnXOrder\" -> -1, \"TestXOrder\" -> 5}\n"
"From KernelObject[2, Local kernel]:"
"\"AMFlow: integrals will be evaluated at 9 regular points\" -> {0. - 1180.*I, 0. - 589.9788139397027*I, 0. - 294.947035609936*I, 0. - 147.38878116860624*I, 0. - 73.52496591653694*I, 0. - 36.424020466899414*I, 0. - 17.53811787413788*I, 0. - 7.443743468470699*I, 0. - 5.*I}\n"
"From KernelObject[4, Local kernel]:"
"DESolver`SetRunningOptions -> {\"RunRadius\" -> 2, \"RunLength\" -> 200, \"RunCandidate\" -> 10, \"RunDirection\" -> \"NegIm\"}\n"
"From KernelObject[2, Local kernel]:"
"\"AMFlow: integration contour generated in 0s.\"\n"
"From KernelObject[4, Local kernel]:"
"\"AMFlow: start.\"\n"
"From KernelObject[3, Local kernel]:"
"\"boundary condition inserted\" -> {1, 0, 9.615384615384076*^12}\n"
"From KernelObject[2, Local kernel]:"
"\"AMFlow: solving near eta = Infinity...\"\n"
"From KernelObject[4, Local kernel]:"
"\"system loaded: DESolver`$InternalSystem\\nDE[DESolver`$InternalSystem] -- differential equation in matrix form\\nBC[DESolver`$InternalSystem] -- boundary conditions either in singular form or in regular form\\nP[DESolver`$InternalSystem] -- boundary point\\nAsyExp[DESolver`$InternalSystem] -- asymptotic expansion near a singular point (currently it is Null)\\nintegrals: 5, blocks: 5, density: 0.4, degrees: {1, 4}\"\n"
"From KernelObject[2, Local kernel]:"
"\"CalcTaylor: current region\" -> 107/999999999999900\n"
"From KernelObject[1, Local kernel]:"
"\"number of constraints and variables\" -> {1, 1}\n"
"From KernelObject[3, Local kernel]:"
"\"block\" -> {2}\n"
"From KernelObject[2, Local kernel]:"
"\"block\" -> {1}\n"
"From KernelObject[1, Local kernel]:"
"\"block\" -> {3}\n"
"From KernelObject[1, Local kernel]:"
"\"behavior\" -> {{0, 0}}\n"
"From KernelObject[4, Local kernel]:"
"\"AMFlow: integrals will be evaluated at 9 regular points\" -> {0. - 1180.*I, 0. - 589.9788139397027*I, 0. - 294.947035609936*I, 0. - 147.38878116860624*I, 0. - 73.52496591653694*I, 0. - 36.424020466899414*I, 0. - 17.53811787413788*I, 0. - 7.443743468470699*I, 0. - 5.*I}\n"
"From KernelObject[4, Local kernel]:"
"\"AMFlow: integration contour generated in 0s.\"\n"
"From KernelObject[4, Local kernel]:"
"\"AMFlow: solving near eta = Infinity...\"\n"
"From KernelObject[2, Local kernel]:"
"\"boundary condition inserted\" -> {1, 0, 9.345794392522854*^12}\n"
"From KernelObject[4, Local kernel]:"
"\"CalcTaylor: current region\" -> 17/166666666666650\n"
"From KernelObject[2, Local kernel]:"
"\"block\" -> {2}\n"
"From KernelObject[4, Local kernel]:"
"\"block\" -> {1}\n"
"From KernelObject[1, Local kernel]:"
"\"number of constraints and variables\" -> {1, 1}\n"
"From KernelObject[3, Local kernel]:"
"\"boundary condition test\" -> {2, 0, 9.615384615384076*^12}\n"
"From KernelObject[1, Local kernel]:"
"\"block\" -> {4}\n"
"From KernelObject[3, Local kernel]:"
"\"block\" -> {3}\n"
"From KernelObject[1, Local kernel]:"
"\"behavior\" -> {{0, 1}}\n"
"From KernelObject[4, Local kernel]:"
"\"boundary condition inserted\" -> {1, 0, 9.803921568626893*^12}\n"
"From KernelObject[3, Local kernel]:"
"\"boundary condition test\" -> {3, 0, 0.}\n"
"From KernelObject[2, Local kernel]:"
"\"boundary condition test\" -> {2, 0, 9.345794392522854*^12}\n"
"From KernelObject[3, Local kernel]:"
"\"block\" -> {4}\n"
"From KernelObject[2, Local kernel]:"
"\"block\" -> {3}\n"
"From KernelObject[4, Local kernel]:"
"\"block\" -> {2}\n"
"From KernelObject[2, Local kernel]:"
"\"boundary condition test\" -> {3, 0, 0.}\n"
"From KernelObject[2, Local kernel]:"
"\"block\" -> {4}\n"
"From KernelObject[3, Local kernel]:"
"\"boundary condition test\" -> {4, 0, 9.615384615384076*^12}\n"
"From KernelObject[3, Local kernel]:"
"\"block\" -> {5}\n"
"From KernelObject[2, Local kernel]:"
"\"boundary condition test\" -> {4, 0, 9.345794392522854*^12}\n"
"From KernelObject[4, Local kernel]:"
"\"boundary condition test\" -> {2, 0, 9.803921568626893*^12}\n"
"From KernelObject[2, Local kernel]:"
"\"block\" -> {5}\n"
"From KernelObject[4, Local kernel]:"
"\"block\" -> {3}\n"
"From KernelObject[1, Local kernel]:"
"\"number of constraints and variables\" -> {1, 1}\n"
"From KernelObject[1, Local kernel]:"
"\"block\" -> {5}\n"
"From KernelObject[1, Local kernel]:"
"\"behavior\" -> {{0, 2}}\n"
"From KernelObject[3, Local kernel]:"
"\"boundary condition test\" -> {5, 0, 9.615384615384076*^12}\n"
"From KernelObject[3, Local kernel]:"
"\"CalcTaylor: current region\" -> 0\n"
"From KernelObject[3, Local kernel]:"
"\"block\" -> {1}\n"
"From KernelObject[2, Local kernel]:"
"\"boundary condition test\" -> {5, 0, 9.345794392522854*^12}\n"
"From KernelObject[4, Local kernel]:"
"\"boundary condition test\" -> {3, 0, 0.}\n"
"From KernelObject[4, Local kernel]:"
"\"block\" -> {4}\n"
"From KernelObject[3, Local kernel]:"
"\"boundary condition test\" -> {1, 0, 0.}\n"
"From KernelObject[3, Local kernel]:"
"\"block\" -> {2}\n"
"From KernelObject[2, Local kernel]:"
"\"CalcTaylor: current region\" -> 0\n"
"From KernelObject[2, Local kernel]:"
"\"block\" -> {1}\n"
"From KernelObject[2, Local kernel]:"
"\"boundary condition test\" -> {1, 0, 0.}\n"
"From KernelObject[3, Local kernel]:"
"\"boundary condition test\" -> {2, 0, 0.}\n"
"From KernelObject[2, Local kernel]:"
"\"block\" -> {2}\n"
"From KernelObject[3, Local kernel]:"
"\"block\" -> {3}\n"
"From KernelObject[3, Local kernel]:"
"\"boundary condition inserted\" -> {3, 0, 9.615384615378861*^12 + 3.1415926535882277*I}\n"
"From KernelObject[3, Local kernel]:"
"\"block\" -> {4}\n"
"From KernelObject[2, Local kernel]:"
"\"boundary condition test\" -> {2, 0, 0.}\n"
"From KernelObject[2, Local kernel]:"
"\"block\" -> {3}\n"
"From KernelObject[4, Local kernel]:"
"\"boundary condition test\" -> {4, 0, 9.803921568626893*^12}\n"
"From KernelObject[2, Local kernel]:"
"\"boundary condition inserted\" -> {3, 0, 9.345794392517639*^12 + 3.1415926535881824*I}\n"
"From KernelObject[2, Local kernel]:"
"\"block\" -> {4}\n"
"From KernelObject[4, Local kernel]:"
"\"block\" -> {5}\n"
"From KernelObject[3, Local kernel]:"
"\"boundary condition test\" -> {4, 0, -9.615384615378861*^12 - 3.1415926535882277*I}\n"
"From KernelObject[3, Local kernel]:"
"\"block\" -> {5}\n"
"From KernelObject[2, Local kernel]:"
"\"boundary condition test\" -> {4, 0, -9.345794392517639*^12 - 3.1415926535881824*I}\n"
"From KernelObject[1, Local kernel]:"
"\"number of constraints and variables\" -> {1, 1}\n"
"From KernelObject[2, Local kernel]:"
"\"block\" -> {5}\n"
"From KernelObject[1, Local kernel]:"
"\"AMFlow: last point solved in 1s.\"\n"
"From KernelObject[1, Local kernel]:"
"\"system cleared: DESolver`$InternalSystem\"\n"
"From KernelObject[3, Local kernel]:"
"\"boundary condition test\" -> {5, 0, -1.849112426033827*^23 - 6.041524333821654*^10*I}\n"
"From KernelObject[1, Local kernel]:"
"\"AMFlow: finished in 9s.\"\n"
"From KernelObject[1, Local kernel]:"
"DESolver`SetGlobalOptions -> {\"WorkingPre\" -> 100, \"ChopPre\" -> 20, \"SilentMode\" -> False, \"RationalizePre\" -> 20}\n"
"From KernelObject[1, Local kernel]:"
"DESolver`SetExpansionOptions -> {\"XOrder\" -> 100, \"ExtraXOrder\" -> 20, \"LearnXOrder\" -> -1, \"TestXOrder\" -> 5}\n"
"From KernelObject[1, Local kernel]:"
"DESolver`SetRunningOptions -> {\"RunRadius\" -> 2, \"RunLength\" -> 200, \"RunCandidate\" -> 10, \"RunDirection\" -> \"NegIm\"}\n"
"From KernelObject[1, Local kernel]:"
"DESolver`SetGlobalOptions -> {\"WorkingPre\" -> 312, \"ChopPre\" -> 20, \"SilentMode\" -> False, \"RationalizePre\" -> 20}\n"
"From KernelObject[1, Local kernel]:"
"DESolver`SetExpansionOptions -> {\"XOrder\" -> 624, \"ExtraXOrder\" -> 20, \"LearnXOrder\" -> -1, \"TestXOrder\" -> 5}\n"
"From KernelObject[3, Local kernel]:"
"\"AMFlow: Infinity solved in 1s.\"\n"
"From KernelObject[1, Local kernel]:"
"DESolver`SetRunningOptions -> {\"RunRadius\" -> 2, \"RunLength\" -> 200, \"RunCandidate\" -> 10, \"RunDirection\" -> \"NegIm\"}\n"
"From KernelObject[3, Local kernel]:"
"\"AMFlow: running among regular points...\"\n"
"From KernelObject[1, Local kernel]:"
"\"AMFlow: start.\"\n"
"From KernelObject[4, Local kernel]:"
"\"boundary condition test\" -> {5, 0, 9.803921568626893*^12}\n"
"From KernelObject[3, Local kernel]:"
"\"current regular point\" -> 0. - 1180.*I\n"
"From KernelObject[1, Local kernel]:"
"\"system loaded: DESolver`$InternalSystem\\nDE[DESolver`$InternalSystem] -- differential equation in matrix form\\nBC[DESolver`$InternalSystem] -- boundary conditions either in singular form or in regular form\\nP[DESolver`$InternalSystem] -- boundary point\\nAsyExp[DESolver`$InternalSystem] -- asymptotic expansion near a singular point (currently it is Null)\\nintegrals: 5, blocks: 5, density: 0.4, degrees: {1, 4}\"\n"
"From KernelObject[2, Local kernel]:"
"\"boundary condition test\" -> {5, 0, -1.7468774565448044*^23 - 5.8721358010975624*^10*I}\n"
"From KernelObject[4, Local kernel]:"
"\"CalcTaylor: current region\" -> 0\n"
"From KernelObject[4, Local kernel]:"
"\"block\" -> {1}\n"
"From KernelObject[2, Local kernel]:"
"\"AMFlow: Infinity solved in 1s.\"\n"
"From KernelObject[1, Local kernel]:"
"\"AMFlow: integrals will be evaluated at 9 regular points\" -> {0. - 1180.*I, 0. - 589.9788139397027*I, 0. - 294.947035609936*I, 0. - 147.38878116860624*I, 0. - 73.52496591653694*I, 0. - 36.424020466899414*I, 0. - 17.53811787413788*I, 0. - 7.443743468470699*I, 0. - 5.*I}\n"
"From KernelObject[2, Local kernel]:"
"\"AMFlow: running among regular points...\"\n"
"From KernelObject[1, Local kernel]:"
"\"AMFlow: integration contour generated in 0s.\"\n"
"From KernelObject[2, Local kernel]:"
"\"current regular point\" -> 0. - 1180.*I\n"
"From KernelObject[1, Local kernel]:"
"\"AMFlow: solving near eta = Infinity...\"\n"
"From KernelObject[1, Local kernel]:"
"\"CalcTaylor: current region\" -> 3/27777777777775\n"
"From KernelObject[1, Local kernel]:"
"\"block\" -> {1}\n"
"From KernelObject[4, Local kernel]:"
"\"boundary condition test\" -> {1, 0, 0.}\n"
"From KernelObject[3, Local kernel]:"
"\"current regular point\" -> 0. - 589.9788139397027*I\n"
"From KernelObject[4, Local kernel]:"
"\"block\" -> {2}\n"
"From KernelObject[1, Local kernel]:"
"\"boundary condition inserted\" -> {1, 0, 9.259259259258756*^12}\n"
"From KernelObject[1, Local kernel]:"
"\"block\" -> {2}\n"
"From KernelObject[2, Local kernel]:"
"\"current regular point\" -> 0. - 589.9788139397027*I\n"
"From KernelObject[4, Local kernel]:"
"\"boundary condition test\" -> {2, 0, 0.}\n"
"From KernelObject[4, Local kernel]:"
"\"block\" -> {3}\n"
"From KernelObject[3, Local kernel]:"
"\"current regular point\" -> 0. - 294.947035609936*I\n"
"From KernelObject[1, Local kernel]:"
"\"boundary condition test\" -> {2, 0, 9.259259259258756*^12}\n"
"From KernelObject[2, Local kernel]:"
"\"current regular point\" -> 0. - 294.947035609936*I\n"
"From KernelObject[1, Local kernel]:"
"\"block\" -> {3}\n"
"From KernelObject[4, Local kernel]:"
"\"boundary condition inserted\" -> {3, 0, 9.80392156862168*^12 + 3.141592653588258*I}\n"
"From KernelObject[4, Local kernel]:"
"\"block\" -> {4}\n"
"From KernelObject[3, Local kernel]:"
"\"current regular point\" -> 0. - 147.38878116860624*I\n"
"From KernelObject[1, Local kernel]:"
"\"boundary condition test\" -> {3, 0, 0.}\n"
"From KernelObject[1, Local kernel]:"
"\"block\" -> {4}\n"
"From KernelObject[2, Local kernel]:"
"\"current regular point\" -> 0. - 147.38878116860624*I\n"
"From KernelObject[4, Local kernel]:"
"\"boundary condition test\" -> {4, 0, -9.80392156862168*^12 - 3.141592653588258*I}\n"
"From KernelObject[4, Local kernel]:"
"\"block\" -> {5}\n"
"From KernelObject[3, Local kernel]:"
"\"current regular point\" -> 0. - 73.52496591653694*I\n"
"From KernelObject[1, Local kernel]:"
"\"boundary condition test\" -> {4, 0, 9.259259259258756*^12}\n"
"From KernelObject[2, Local kernel]:"
"\"current regular point\" -> 0. - 73.52496591653694*I\n"
"From KernelObject[1, Local kernel]:"
"\"block\" -> {5}\n"
"From KernelObject[4, Local kernel]:"
"\"boundary condition test\" -> {5, 0, -1.9223375624742545*^23 - 6.159985595269221*^10*I}\n"
"From KernelObject[3, Local kernel]:"
"\"current regular point\" -> 0. - 36.424020466899414*I\n"
"From KernelObject[4, Local kernel]:"
"\"AMFlow: Infinity solved in 2s.\"\n"
"From KernelObject[4, Local kernel]:"
"\"AMFlow: running among regular points...\"\n"
"From KernelObject[2, Local kernel]:"
"\"current regular point\" -> 0. - 36.424020466899414*I\n"
"From KernelObject[4, Local kernel]:"
"\"current regular point\" -> 0. - 1180.*I\n"
"From KernelObject[1, Local kernel]:"
"\"boundary condition test\" -> {5, 0, 9.259259259258756*^12}\n"
"From KernelObject[3, Local kernel]:"
"\"current regular point\" -> 0. - 17.53811787413788*I\n"
"From KernelObject[1, Local kernel]:"
"\"CalcTaylor: current region\" -> 0\n"
"From KernelObject[1, Local kernel]:"
"\"block\" -> {1}\n"
"From KernelObject[2, Local kernel]:"
"\"current regular point\" -> 0. - 17.53811787413788*I\n"
"From KernelObject[1, Local kernel]:"
"\"boundary condition test\" -> {1, 0, 0.}\n"
"From KernelObject[1, Local kernel]:"
"\"block\" -> {2}\n"
"From KernelObject[3, Local kernel]:"
"\"current regular point\" -> 0. - 7.443743468470699*I\n"
"From KernelObject[4, Local kernel]:"
"\"current regular point\" -> 0. - 589.9788139397027*I\n"
"From KernelObject[2, Local kernel]:"
"\"current regular point\" -> 0. - 7.443743468470699*I\n"
"From KernelObject[1, Local kernel]:"
"\"boundary condition test\" -> {2, 0, 0.}\n"
"From KernelObject[1, Local kernel]:"
"\"block\" -> {3}\n"
"From KernelObject[3, Local kernel]:"
"\"AMFlow: regular running finished in 2s.\"\n"
"From KernelObject[3, Local kernel]:"
"\"AMFlow: solving near the last point...\"\n"
"From KernelObject[3, Local kernel]:"
"\"NormalizeMat finished in 0s.\"\n"
"From KernelObject[3, Local kernel]:"
"\"LearnXOrder is negative. skip learning phase.\"\n"
"From KernelObject[3, Local kernel]:"
"\"block\" -> {1}\n"
"From KernelObject[3, Local kernel]:"
"\"behavior\" -> {{0, 0}}\n"
"From KernelObject[1, Local kernel]:"
"\"boundary condition inserted\" -> {3, 0, 9.259259259253541*^12 + 3.1415926535881673*I}\n"
"From KernelObject[1, Local kernel]:"
"\"block\" -> {4}\n"
"From KernelObject[2, Local kernel]:"
"\"AMFlow: regular running finished in 2s.\"\n"
"From KernelObject[3, Local kernel]:"
"\"number of constraints and variables\" -> {1, 1}\n"
"From KernelObject[2, Local kernel]:"
"\"AMFlow: solving near the last point...\"\n"
"From KernelObject[3, Local kernel]:"
"\"block\" -> {2}\n"
"From KernelObject[2, Local kernel]:"
"\"NormalizeMat finished in 0s.\"\n"
"From KernelObject[3, Local kernel]:"
"\"behavior\" -> {{0, 1}}\n"
"From KernelObject[2, Local kernel]:"
"\"LearnXOrder is negative. skip learning phase.\"\n"
"From KernelObject[2, Local kernel]:"
"\"block\" -> {1}\n"
"From KernelObject[2, Local kernel]:"
"\"behavior\" -> {{0, 0}}\n"
"From KernelObject[2, Local kernel]:"
"\"number of constraints and variables\" -> {1, 1}\n"
"From KernelObject[2, Local kernel]:"
"\"block\" -> {2}\n"
"From KernelObject[4, Local kernel]:"
"\"current regular point\" -> 0. - 294.947035609936*I\n"
"From KernelObject[2, Local kernel]:"
"\"behavior\" -> {{0, 1}}\n"
"From KernelObject[3, Local kernel]:"
"\"number of constraints and variables\" -> {1, 1}\n"
"From KernelObject[3, Local kernel]:"
"\"block\" -> {3}\n"
"From KernelObject[3, Local kernel]:"
"\"behavior\" -> {{0, 0}}\n"
"From KernelObject[1, Local kernel]:"
"\"boundary condition test\" -> {4, 0, -9.259259259253541*^12 - 3.1415926535881673*I}\n"
"From KernelObject[1, Local kernel]:"
"\"block\" -> {5}\n"
"From KernelObject[3, Local kernel]:"
"\"number of constraints and variables\" -> {1, 1}\n"
"From KernelObject[3, Local kernel]:"
"\"block\" -> {4}\n"
"From KernelObject[3, Local kernel]:"
"\"behavior\" -> {{0, 1}}\n"
"From KernelObject[2, Local kernel]:"
"\"number of constraints and variables\" -> {1, 1}\n"
"From KernelObject[2, Local kernel]:"
"\"block\" -> {3}\n"
"From KernelObject[2, Local kernel]:"
"\"behavior\" -> {{0, 0}}\n"
"From KernelObject[2, Local kernel]:"
"\"number of constraints and variables\" -> {1, 1}\n"
"From KernelObject[2, Local kernel]:"
"\"block\" -> {4}\n"
"From KernelObject[2, Local kernel]:"
"\"behavior\" -> {{0, 1}}\n"
"From KernelObject[3, Local kernel]:"
"\"number of constraints and variables\" -> {1, 1}\n"
"From KernelObject[3, Local kernel]:"
"\"block\" -> {5}\n"
"From KernelObject[3, Local kernel]:"
"\"behavior\" -> {{0, 2}}\n"
"From KernelObject[4, Local kernel]:"
"\"current regular point\" -> 0. - 147.38878116860624*I\n"
"From KernelObject[1, Local kernel]:"
"\"boundary condition test\" -> {5, 0, -1.7146776406019657*^23 - 5.8177641733095825*^10*I}\n"
"From KernelObject[2, Local kernel]:"
"\"number of constraints and variables\" -> {1, 1}\n"
"From KernelObject[2, Local kernel]:"
"\"block\" -> {5}\n"
"From KernelObject[2, Local kernel]:"
"\"behavior\" -> {{0, 2}}\n"
"From KernelObject[1, Local kernel]:"
"\"AMFlow: Infinity solved in 2s.\"\n"
"From KernelObject[1, Local kernel]:"
"\"AMFlow: running among regular points...\"\n"
"From KernelObject[1, Local kernel]:"
"\"current regular point\" -> 0. - 1180.*I\n"
"From KernelObject[3, Local kernel]:"
"\"number of constraints and variables\" -> {1, 1}\n"
"From KernelObject[3, Local kernel]:"
"\"AMFlow: last point solved in 1s.\"\n"
"From KernelObject[3, Local kernel]:"
"\"system cleared: DESolver`$InternalSystem\"\n"
"From KernelObject[3, Local kernel]:"
"\"AMFlow: finished in 4s.\"\n"
"From KernelObject[3, Local kernel]:"
"DESolver`SetGlobalOptions -> {\"WorkingPre\" -> 100, \"ChopPre\" -> 20, \"SilentMode\" -> False, \"RationalizePre\" -> 20}\n"
"From KernelObject[3, Local kernel]:"
"DESolver`SetExpansionOptions -> {\"XOrder\" -> 100, \"ExtraXOrder\" -> 20, \"LearnXOrder\" -> -1, \"TestXOrder\" -> 5}\n"
"From KernelObject[3, Local kernel]:"
"DESolver`SetRunningOptions -> {\"RunRadius\" -> 2, \"RunLength\" -> 200, \"RunCandidate\" -> 10, \"RunDirection\" -> \"NegIm\"}\n"
"From KernelObject[3, Local kernel]:"
"DESolver`SetGlobalOptions -> {\"WorkingPre\" -> 312, \"ChopPre\" -> 20, \"SilentMode\" -> False, \"RationalizePre\" -> 20}\n"
"From KernelObject[2, Local kernel]:"
"\"number of constraints and variables\" -> {1, 1}\n"
"From KernelObject[3, Local kernel]:"
"DESolver`SetExpansionOptions -> {\"XOrder\" -> 624, \"ExtraXOrder\" -> 20, \"LearnXOrder\" -> -1, \"TestXOrder\" -> 5}\n"
"From KernelObject[4, Local kernel]:"
"\"current regular point\" -> 0. - 73.52496591653694*I\n"
"From KernelObject[3, Local kernel]:"
"DESolver`SetRunningOptions -> {\"RunRadius\" -> 2, \"RunLength\" -> 200, \"RunCandidate\" -> 10, \"RunDirection\" -> \"NegIm\"}\n"
"From KernelObject[2, Local kernel]:"
"\"AMFlow: last point solved in 1s.\"\n"
"From KernelObject[3, Local kernel]:"
"\"AMFlow: start.\"\n"
"From KernelObject[2, Local kernel]:"
"\"system cleared: DESolver`$InternalSystem\"\n"
"From KernelObject[3, Local kernel]:"
"\"system loaded: DESolver`$InternalSystem\\nDE[DESolver`$InternalSystem] -- differential equation in matrix form\\nBC[DESolver`$InternalSystem] -- boundary conditions either in singular form or in regular form\\nP[DESolver`$InternalSystem] -- boundary point\\nAsyExp[DESolver`$InternalSystem] -- asymptotic expansion near a singular point (currently it is Null)\\nintegrals: 5, blocks: 5, density: 0.4, degrees: {1, 4}\"\n"
"From KernelObject[2, Local kernel]:"
"\"AMFlow: finished in 5s.\"\n"
"From KernelObject[2, Local kernel]:"
"DESolver`SetGlobalOptions -> {\"WorkingPre\" -> 100, \"ChopPre\" -> 20, \"SilentMode\" -> False, \"RationalizePre\" -> 20}\n"
"From KernelObject[2, Local kernel]:"
"DESolver`SetExpansionOptions -> {\"XOrder\" -> 100, \"ExtraXOrder\" -> 20, \"LearnXOrder\" -> -1, \"TestXOrder\" -> 5}\n"
"From KernelObject[3, Local kernel]:"
"\"AMFlow: integrals will be evaluated at 9 regular points\" -> {0. - 1180.*I, 0. - 589.9788139397027*I, 0. - 294.947035609936*I, 0. - 147.38878116860624*I, 0. - 73.52496591653694*I, 0. - 36.424020466899414*I, 0. - 17.53811787413788*I, 0. - 7.443743468470699*I, 0. - 5.*I}\n"
"From KernelObject[2, Local kernel]:"
"DESolver`SetRunningOptions -> {\"RunRadius\" -> 2, \"RunLength\" -> 200, \"RunCandidate\" -> 10, \"RunDirection\" -> \"NegIm\"}\n"
"From KernelObject[3, Local kernel]:"
"\"AMFlow: integration contour generated in 0s.\"\n"
"From KernelObject[2, Local kernel]:"
"DESolver`SetGlobalOptions -> {\"WorkingPre\" -> 312, \"ChopPre\" -> 20, \"SilentMode\" -> False, \"RationalizePre\" -> 20}\n"
"From KernelObject[3, Local kernel]:"
"\"AMFlow: solving near eta = Infinity...\"\n"
"From KernelObject[2, Local kernel]:"
"DESolver`SetExpansionOptions -> {\"XOrder\" -> 624, \"ExtraXOrder\" -> 20, \"LearnXOrder\" -> -1, \"TestXOrder\" -> 5}\n"
"From KernelObject[1, Local kernel]:"
"\"current regular point\" -> 0. - 589.9788139397027*I\n"
"From KernelObject[3, Local kernel]:"
"\"CalcTaylor: current region\" -> 109/999999999999900\n"
"From KernelObject[2, Local kernel]:"
"DESolver`SetRunningOptions -> {\"RunRadius\" -> 2, \"RunLength\" -> 200, \"RunCandidate\" -> 10, \"RunDirection\" -> \"NegIm\"}\n"
"From KernelObject[3, Local kernel]:"
"\"block\" -> {1}\n"
"From KernelObject[2, Local kernel]:"
"\"AMFlow: start.\"\n"
"From KernelObject[2, Local kernel]:"
"\"system loaded: DESolver`$InternalSystem\\nDE[DESolver`$InternalSystem] -- differential equation in matrix form\\nBC[DESolver`$InternalSystem] -- boundary conditions either in singular form or in regular form\\nP[DESolver`$InternalSystem] -- boundary point\\nAsyExp[DESolver`$InternalSystem] -- asymptotic expansion near a singular point (currently it is Null)\\nintegrals: 5, blocks: 5, density: 0.4, degrees: {1, 4}\"\n"
"From KernelObject[2, Local kernel]:"
"\"AMFlow: integrals will be evaluated at 9 regular points\" -> {0. - 1180.*I, 0. - 589.9788139397027*I, 0. - 294.947035609936*I, 0. - 147.38878116860624*I, 0. - 73.52496591653694*I, 0. - 36.424020466899414*I, 0. - 17.53811787413788*I, 0. - 7.443743468470699*I, 0. - 5.*I}\n"
"From KernelObject[2, Local kernel]:"
"\"AMFlow: integration contour generated in 0s.\"\n"
"From KernelObject[2, Local kernel]:"
"\"AMFlow: solving near eta = Infinity...\"\n"
"From KernelObject[2, Local kernel]:"
"\"CalcTaylor: current region\" -> 11/99999999999990\n"
"From KernelObject[4, Local kernel]:"
"\"current regular point\" -> 0. - 36.424020466899414*I\n"
"From KernelObject[3, Local kernel]:"
"\"boundary condition inserted\" -> {1, 0, 9.17431192660501*^12}\n"
"From KernelObject[2, Local kernel]:"
"\"block\" -> {1}\n"
"From KernelObject[3, Local kernel]:"
"\"block\" -> {2}\n"
"From KernelObject[1, Local kernel]:"
"\"current regular point\" -> 0. - 294.947035609936*I\n"
"From KernelObject[2, Local kernel]:"
"\"boundary condition inserted\" -> {1, 0, 9.090909090908605*^12}\n"
"From KernelObject[2, Local kernel]:"
"\"block\" -> {2}\n"
"From KernelObject[3, Local kernel]:"
"\"boundary condition test\" -> {2, 0, 9.17431192660501*^12}\n"
"From KernelObject[4, Local kernel]:"
"\"current regular point\" -> 0. - 17.53811787413788*I\n"
"From KernelObject[3, Local kernel]:"
"\"block\" -> {3}\n"
"From KernelObject[1, Local kernel]:"
"\"current regular point\" -> 0. - 147.38878116860624*I\n"
"From KernelObject[2, Local kernel]:"
"\"boundary condition test\" -> {2, 0, 9.090909090908605*^12}\n"
"From KernelObject[2, Local kernel]:"
"\"block\" -> {3}\n"
"From KernelObject[3, Local kernel]:"
"\"boundary condition test\" -> {3, 0, 0.}\n"
"From KernelObject[3, Local kernel]:"
"\"block\" -> {4}\n"
"From KernelObject[4, Local kernel]:"
"\"current regular point\" -> 0. - 7.443743468470699*I\n"
"From KernelObject[1, Local kernel]:"
"\"current regular point\" -> 0. - 73.52496591653694*I\n"
"From KernelObject[2, Local kernel]:"
"\"boundary condition test\" -> {3, 0, 0.}\n"
"From KernelObject[2, Local kernel]:"
"\"block\" -> {4}\n"
"From KernelObject[4, Local kernel]:"
"\"AMFlow: regular running finished in 2s.\"\n"
"From KernelObject[3, Local kernel]:"
"\"boundary condition test\" -> {4, 0, 9.17431192660501*^12}\n"
"From KernelObject[4, Local kernel]:"
"\"AMFlow: solving near the last point...\"\n"
"From KernelObject[4, Local kernel]:"
"\"NormalizeMat finished in 0s.\"\n"
"From KernelObject[4, Local kernel]:"
"\"LearnXOrder is negative. skip learning phase.\"\n"
"From KernelObject[3, Local kernel]:"
"\"block\" -> {5}\n"
"From KernelObject[1, Local kernel]:"
"\"current regular point\" -> 0. - 36.424020466899414*I\n"
"From KernelObject[4, Local kernel]:"
"\"block\" -> {1}\n"
"From KernelObject[4, Local kernel]:"
"\"behavior\" -> {{0, 0}}\n"
"From KernelObject[4, Local kernel]:"
"\"number of constraints and variables\" -> {1, 1}\n"
"From KernelObject[4, Local kernel]:"
"\"block\" -> {2}\n"
"From KernelObject[4, Local kernel]:"
"\"behavior\" -> {{0, 1}}\n"
"From KernelObject[2, Local kernel]:"
"\"boundary condition test\" -> {4, 0, 9.090909090908605*^12}\n"
"From KernelObject[2, Local kernel]:"
"\"block\" -> {5}\n"
"From KernelObject[3, Local kernel]:"
"\"boundary condition test\" -> {5, 0, 9.17431192660501*^12}\n"
"From KernelObject[1, Local kernel]:"
"\"current regular point\" -> 0. - 17.53811787413788*I\n"
"From KernelObject[3, Local kernel]:"
"\"CalcTaylor: current region\" -> 0\n"
"From KernelObject[4, Local kernel]:"
"\"number of constraints and variables\" -> {1, 1}\n"
"From KernelObject[3, Local kernel]:"
"\"block\" -> {1}\n"
"From KernelObject[4, Local kernel]:"
"\"block\" -> {3}\n"
"From KernelObject[4, Local kernel]:"
"\"behavior\" -> {{0, 0}}\n"
"From KernelObject[4, Local kernel]:"
"\"number of constraints and variables\" -> {1, 1}\n"
"From KernelObject[2, Local kernel]:"
"\"boundary condition test\" -> {5, 0, 9.090909090908605*^12}\n"
"From KernelObject[4, Local kernel]:"
"\"block\" -> {4}\n"
"From KernelObject[4, Local kernel]:"
"\"behavior\" -> {{0, 1}}\n"
"From KernelObject[2, Local kernel]:"
"\"CalcTaylor: current region\" -> 0\n"
"From KernelObject[2, Local kernel]:"
"\"block\" -> {1}\n"
"From KernelObject[3, Local kernel]:"
"\"boundary condition test\" -> {1, 0, 0.}\n"
"From KernelObject[3, Local kernel]:"
"\"block\" -> {2}\n"
"From KernelObject[2, Local kernel]:"
"\"boundary condition test\" -> {1, 0, 0.}\n"
"From KernelObject[2, Local kernel]:"
"\"block\" -> {2}\n"
"From KernelObject[1, Local kernel]:"
"\"current regular point\" -> 0. - 7.443743468470699*I\n"
"From KernelObject[3, Local kernel]:"
"\"boundary condition test\" -> {2, 0, 0.}\n"
"From KernelObject[2, Local kernel]:"
"\"boundary condition test\" -> {2, 0, 0.}\n"
"From KernelObject[2, Local kernel]:"
"\"block\" -> {3}\n"
"From KernelObject[4, Local kernel]:"
"\"number of constraints and variables\" -> {1, 1}\n"
"From KernelObject[3, Local kernel]:"
"\"block\" -> {3}\n"
"From KernelObject[4, Local kernel]:"
"\"block\" -> {5}\n"
"From KernelObject[4, Local kernel]:"
"\"behavior\" -> {{0, 2}}\n"
"From KernelObject[2, Local kernel]:"
"\"boundary condition inserted\" -> {3, 0, 9.09090909090339*^12 + 3.141592653588137*I}\n"
"From KernelObject[2, Local kernel]:"
"\"block\" -> {4}\n"
"From KernelObject[3, Local kernel]:"
"\"boundary condition inserted\" -> {3, 0, 9.174311926599795*^12 + 3.141592653588152*I}\n"
"From KernelObject[3, Local kernel]:"
"\"block\" -> {4}\n"
"From KernelObject[1, Local kernel]:"
"\"AMFlow: regular running finished in 2s.\"\n"
"From KernelObject[1, Local kernel]:"
"\"AMFlow: solving near the last point...\"\n"
"From KernelObject[1, Local kernel]:"
"\"NormalizeMat finished in 0s.\"\n"
"From KernelObject[1, Local kernel]:"
"\"LearnXOrder is negative. skip learning phase.\"\n"
"From KernelObject[1, Local kernel]:"
"\"block\" -> {1}\n"
"From KernelObject[1, Local kernel]:"
"\"behavior\" -> {{0, 0}}\n"
"From KernelObject[2, Local kernel]:"
"\"boundary condition test\" -> {4, 0, -9.09090909090339*^12 - 3.141592653588137*I}\n"
"From KernelObject[1, Local kernel]:"
"\"number of constraints and variables\" -> {1, 1}\n"
"From KernelObject[2, Local kernel]:"
"\"block\" -> {5}\n"
"From KernelObject[1, Local kernel]:"
"\"block\" -> {2}\n"
"From KernelObject[1, Local kernel]:"
"\"behavior\" -> {{0, 1}}\n"
"From KernelObject[4, Local kernel]:"
"\"number of constraints and variables\" -> {1, 1}\n"
"From KernelObject[3, Local kernel]:"
"\"boundary condition test\" -> {4, 0, -9.174311926599795*^12 - 3.141592653588152*I}\n"
"From KernelObject[4, Local kernel]:"
"\"AMFlow: last point solved in 1s.\"\n"
"From KernelObject[3, Local kernel]:"
"\"block\" -> {5}\n"
"From KernelObject[4, Local kernel]:"
"\"system cleared: DESolver`$InternalSystem\"\n"
"From KernelObject[4, Local kernel]:"
"\"AMFlow: finished in 7s.\"\n"
"From KernelObject[1, Local kernel]:"
"\"number of constraints and variables\" -> {1, 1}\n"
"From KernelObject[2, Local kernel]:"
"\"boundary condition test\" -> {5, 0, -1.6528925619819057*^23 - 5.711986642885695*^10*I}\n"
"From KernelObject[1, Local kernel]:"
"\"block\" -> {3}\n"
"From KernelObject[1, Local kernel]:"
"\"behavior\" -> {{0, 0}}\n"
"From KernelObject[2, Local kernel]:"
"\"AMFlow: Infinity solved in 2s.\"\n"
"From KernelObject[1, Local kernel]:"
"\"number of constraints and variables\" -> {1, 1}\n"
"From KernelObject[2, Local kernel]:"
"\"AMFlow: running among regular points...\"\n"
"From KernelObject[1, Local kernel]:"
"\"block\" -> {4}\n"
"From KernelObject[2, Local kernel]:"
"\"current regular point\" -> 0. - 1180.*I\n"
"From KernelObject[1, Local kernel]:"
"\"behavior\" -> {{0, 1}}\n"
"From KernelObject[3, Local kernel]:"
"\"boundary condition test\" -> {5, 0, -1.6833599865315372*^23 - 5.764390190068171*^10*I}\n"
"From KernelObject[3, Local kernel]:"
"\"AMFlow: Infinity solved in 2s.\"\n"
"From KernelObject[3, Local kernel]:"
"\"AMFlow: running among regular points...\"\n"
"From KernelObject[3, Local kernel]:"
"\"current regular point\" -> 0. - 1180.*I\n"
"From KernelObject[1, Local kernel]:"
"\"number of constraints and variables\" -> {1, 1}\n"
"From KernelObject[1, Local kernel]:"
"\"block\" -> {5}\n"
"From KernelObject[1, Local kernel]:"
"\"behavior\" -> {{0, 2}}\n"
"From KernelObject[2, Local kernel]:"
"\"current regular point\" -> 0. - 589.9788139397027*I\n"
"From KernelObject[3, Local kernel]:"
"\"current regular point\" -> 0. - 589.9788139397027*I\n"
"From KernelObject[2, Local kernel]:"
"\"current regular point\" -> 0. - 294.947035609936*I\n"
"From KernelObject[1, Local kernel]:"
"\"number of constraints and variables\" -> {1, 1}\n"
"From KernelObject[3, Local kernel]:"
"\"current regular point\" -> 0. - 294.947035609936*I\n"
"From KernelObject[1, Local kernel]:"
"\"AMFlow: last point solved in 1s.\"\n"
"From KernelObject[1, Local kernel]:"
"\"system cleared: DESolver`$InternalSystem\"\n"
"From KernelObject[1, Local kernel]:"
"\"AMFlow: finished in 6s.\"\n"
"From KernelObject[2, Local kernel]:"
"\"current regular point\" -> 0. - 147.38878116860624*I\n"
"From KernelObject[3, Local kernel]:"
"\"current regular point\" -> 0. - 147.38878116860624*I\n"
"From KernelObject[3, Local kernel]:"
"\"current regular point\" -> 0. - 73.52496591653694*I\n"
"From KernelObject[2, Local kernel]:"
"\"current regular point\" -> 0. - 73.52496591653694*I\n"
"From KernelObject[3, Local kernel]:"
"\"current regular point\" -> 0. - 36.424020466899414*I\n"
"From KernelObject[2, Local kernel]:"
"\"current regular point\" -> 0. - 36.424020466899414*I\n"
"From KernelObject[3, Local kernel]:"
"\"current regular point\" -> 0. - 17.53811787413788*I\n"
"From KernelObject[2, Local kernel]:"
"\"current regular point\" -> 0. - 17.53811787413788*I\n"
"From KernelObject[3, Local kernel]:"
"\"current regular point\" -> 0. - 7.443743468470699*I\n"
"From KernelObject[2, Local kernel]:"
"\"current regular point\" -> 0. - 7.443743468470699*I\n"
"From KernelObject[3, Local kernel]:"
"\"AMFlow: regular running finished in 2s.\"\n"
"From KernelObject[2, Local kernel]:"
"\"AMFlow: regular running finished in 2s.\"\n"
"From KernelObject[3, Local kernel]:"
"\"AMFlow: solving near the last point...\"\n"
"From KernelObject[2, Local kernel]:"
"\"AMFlow: solving near the last point...\"\n"
"From KernelObject[3, Local kernel]:"
"\"NormalizeMat finished in 0s.\"\n"
"From KernelObject[2, Local kernel]:"
"\"NormalizeMat finished in 0s.\"\n"
"From KernelObject[3, Local kernel]:"
"\"LearnXOrder is negative. skip learning phase.\"\n"
"From KernelObject[2, Local kernel]:"
"\"LearnXOrder is negative. skip learning phase.\"\n"
"From KernelObject[3, Local kernel]:"
"\"block\" -> {1}\n"
"From KernelObject[2, Local kernel]:"
"\"block\" -> {1}\n"
"From KernelObject[3, Local kernel]:"
"\"behavior\" -> {{0, 0}}\n"
"From KernelObject[2, Local kernel]:"
"\"behavior\" -> {{0, 0}}\n"
"From KernelObject[3, Local kernel]:"
"\"number of constraints and variables\" -> {1, 1}\n"
"From KernelObject[2, Local kernel]:"
"\"number of constraints and variables\" -> {1, 1}\n"
"From KernelObject[3, Local kernel]:"
"\"block\" -> {2}\n"
"From KernelObject[2, Local kernel]:"
"\"block\" -> {2}\n"
"From KernelObject[3, Local kernel]:"
"\"behavior\" -> {{0, 1}}\n"
"From KernelObject[2, Local kernel]:"
"\"behavior\" -> {{0, 1}}\n"
"From KernelObject[2, Local kernel]:"
"\"number of constraints and variables\" -> {1, 1}\n"
"From KernelObject[3, Local kernel]:"
"\"number of constraints and variables\" -> {1, 1}\n"
"From KernelObject[2, Local kernel]:"
"\"block\" -> {3}\n"
"From KernelObject[3, Local kernel]:"
"\"block\" -> {3}\n"
"From KernelObject[2, Local kernel]:"
"\"behavior\" -> {{0, 0}}\n"
"From KernelObject[3, Local kernel]:"
"\"behavior\" -> {{0, 0}}\n"
"From KernelObject[2, Local kernel]:"
"\"number of constraints and variables\" -> {1, 1}\n"
"From KernelObject[3, Local kernel]:"
"\"number of constraints and variables\" -> {1, 1}\n"
"From KernelObject[2, Local kernel]:"
"\"block\" -> {4}\n"
"From KernelObject[3, Local kernel]:"
"\"block\" -> {4}\n"
"From KernelObject[2, Local kernel]:"
"\"behavior\" -> {{0, 1}}\n"
"From KernelObject[3, Local kernel]:"
"\"behavior\" -> {{0, 1}}\n"
"From KernelObject[2, Local kernel]:"
"\"number of constraints and variables\" -> {1, 1}\n"
"From KernelObject[3, Local kernel]:"
"\"number of constraints and variables\" -> {1, 1}\n"
"From KernelObject[2, Local kernel]:"
"\"block\" -> {5}\n"
"From KernelObject[2, Local kernel]:"
"\"behavior\" -> {{0, 2}}\n"
"From KernelObject[3, Local kernel]:"
"\"block\" -> {5}\n"
"From KernelObject[3, Local kernel]:"
"\"behavior\" -> {{0, 2}}\n"
"From KernelObject[2, Local kernel]:"
"\"number of constraints and variables\" -> {1, 1}\n"
"From KernelObject[3, Local kernel]:"
"\"number of constraints and variables\" -> {1, 1}\n"
"From KernelObject[2, Local kernel]:"
"\"AMFlow: last point solved in 0s.\"\n"
"From KernelObject[3, Local kernel]:"
"\"AMFlow: last point solved in 0s.\"\n"
"From KernelObject[2, Local kernel]:"
"\"system cleared: DESolver`$InternalSystem\"\n"
"From KernelObject[3, Local kernel]:"
"\"system cleared: DESolver`$InternalSystem\"\n"
"From KernelObject[2, Local kernel]:"
"\"AMFlow: finished in 5s.\"\n"
"From KernelObject[3, Local kernel]:"
"\"AMFlow: finished in 5s.\"\n"
