"From KernelObject[4, Local kernel]:"
"DESolver`SetGlobalOptions -> {\"WorkingPre\" -> 100, \"ChopPre\" -> 20, \"SilentMode\" -> False, \"RationalizePre\" -> 20}\n"
"From KernelObject[2, Local kernel]:"
"DESolver`SetGlobalOptions -> {\"WorkingPre\" -> 100, \"ChopPre\" -> 20, \"SilentMode\" -> False, \"RationalizePre\" -> 20}\n"
"From KernelObject[4, Local kernel]:"
"DESolver`SetExpansionOptions -> {\"XOrder\" -> 100, \"ExtraXOrder\" -> 20, \"LearnXOrder\" -> -1, \"TestXOrder\" -> 5}\n"
"From KernelObject[3, Local kernel]:"
"DESolver`SetGlobalOptions -> {\"WorkingPre\" -> 100, \"ChopPre\" -> 20, \"SilentMode\" -> False, \"RationalizePre\" -> 20}\n"
"From KernelObject[2, Local kernel]:"
"DESolver`SetExpansionOptions -> {\"XOrder\" -> 100, \"ExtraXOrder\" -> 20, \"LearnXOrder\" -> -1, \"TestXOrder\" -> 5}\n"
"From KernelObject[4, Local kernel]:"
"DESolver`SetRunningOptions -> {\"RunRadius\" -> 2, \"RunLength\" -> 200, \"RunCandidate\" -> 10, \"RunDirection\" -> \"NegIm\"}\n"
"From KernelObject[3, Local kernel]:"
"DESolver`SetExpansionOptions -> {\"XOrder\" -> 100, \"ExtraXOrder\" -> 20, \"LearnXOrder\" -> -1, \"TestXOrder\" -> 5}\n"
"From KernelObject[2, Local kernel]:"
"DESolver`SetRunningOptions -> {\"RunRadius\" -> 2, \"RunLength\" -> 200, \"RunCandidate\" -> 10, \"RunDirection\" -> \"NegIm\"}\n"
"From KernelObject[1, Local kernel]:"
"DESolver`SetGlobalOptions -> {\"WorkingPre\" -> 100, \"ChopPre\" -> 20, \"SilentMode\" -> False, \"RationalizePre\" -> 20}\n"
"From KernelObject[4, Local kernel]:"
"DESolver`SetGlobalOptions -> {\"WorkingPre\" -> 192, \"ChopPre\" -> 20, \"SilentMode\" -> False, \"RationalizePre\" -> 20}\n"
"From KernelObject[3, Local kernel]:"
"DESolver`SetRunningOptions -> {\"RunRadius\" -> 2, \"RunLength\" -> 200, \"RunCandidate\" -> 10, \"RunDirection\" -> \"NegIm\"}\n"
"From KernelObject[2, Local kernel]:"
"DESolver`SetGlobalOptions -> {\"WorkingPre\" -> 192, \"ChopPre\" -> 20, \"SilentMode\" -> False, \"RationalizePre\" -> 20}\n"
"From KernelObject[1, Local kernel]:"
"DESolver`SetExpansionOptions -> {\"XOrder\" -> 100, \"ExtraXOrder\" -> 20, \"LearnXOrder\" -> -1, \"TestXOrder\" -> 5}\n"
"From KernelObject[4, Local kernel]:"
"DESolver`SetExpansionOptions -> {\"XOrder\" -> 384, \"ExtraXOrder\" -> 20, \"LearnXOrder\" -> -1, \"TestXOrder\" -> 5}\n"
"From KernelObject[3, Local kernel]:"
"DESolver`SetGlobalOptions -> {\"WorkingPre\" -> 192, \"ChopPre\" -> 20, \"SilentMode\" -> False, \"RationalizePre\" -> 20}\n"
"From KernelObject[2, Local kernel]:"
"DESolver`SetExpansionOptions -> {\"XOrder\" -> 384, \"ExtraXOrder\" -> 20, \"LearnXOrder\" -> -1, \"TestXOrder\" -> 5}\n"
"From KernelObject[1, Local kernel]:"
"DESolver`SetRunningOptions -> {\"RunRadius\" -> 2, \"RunLength\" -> 200, \"RunCandidate\" -> 10, \"RunDirection\" -> \"NegIm\"}\n"
"From KernelObject[4, Local kernel]:"
"DESolver`SetRunningOptions -> {\"RunRadius\" -> 2, \"RunLength\" -> 200, \"RunCandidate\" -> 10, \"RunDirection\" -> \"NegIm\"}\n"
"From KernelObject[3, Local kernel]:"
"DESolver`SetExpansionOptions -> {\"XOrder\" -> 384, \"ExtraXOrder\" -> 20, \"LearnXOrder\" -> -1, \"TestXOrder\" -> 5}\n"
"From KernelObject[2, Local kernel]:"
"DESolver`SetRunningOptions -> {\"RunRadius\" -> 2, \"RunLength\" -> 200, \"RunCandidate\" -> 10, \"RunDirection\" -> \"NegIm\"}\n"
"From KernelObject[1, Local kernel]:"
"DESolver`SetGlobalOptions -> {\"WorkingPre\" -> 192, \"ChopPre\" -> 20, \"SilentMode\" -> False, \"RationalizePre\" -> 20}\n"
"From KernelObject[4, Local kernel]:"
"\"AMFlow: start.\"\n"
"From KernelObject[3, Local kernel]:"
"DESolver`SetRunningOptions -> {\"RunRadius\" -> 2, \"RunLength\" -> 200, \"RunCandidate\" -> 10, \"RunDirection\" -> \"NegIm\"}\n"
"From KernelObject[2, Local kernel]:"
"\"AMFlow: start.\"\n"
"From KernelObject[1, Local kernel]:"
"DESolver`SetExpansionOptions -> {\"XOrder\" -> 384, \"ExtraXOrder\" -> 20, \"LearnXOrder\" -> -1, \"TestXOrder\" -> 5}\n"
"From KernelObject[3, Local kernel]:"
"\"AMFlow: start.\"\n"
"From KernelObject[1, Local kernel]:"
"DESolver`SetRunningOptions -> {\"RunRadius\" -> 2, \"RunLength\" -> 200, \"RunCandidate\" -> 10, \"RunDirection\" -> \"NegIm\"}\n"
"From KernelObject[1, Local kernel]:"
"\"AMFlow: start.\"\n"
"From KernelObject[4, Local kernel]:"
"\"system loaded: DESolver`$InternalSystem\\nDE[DESolver`$InternalSystem] -- differential equation in matrix form\\nBC[DESolver`$InternalSystem] -- boundary conditions either in singular form or in regular form\\nP[DESolver`$InternalSystem] -- boundary point\\nAsyExp[DESolver`$InternalSystem] -- asymptotic expansion near a singular point (currently it is Null)\\nintegrals: 2, blocks: 2, density: 0.75, degrees: {0, 2}\"\n"
"From KernelObject[3, Local kernel]:"
"\"system loaded: DESolver`$InternalSystem\\nDE[DESolver`$InternalSystem] -- differential equation in matrix form\\nBC[DESolver`$InternalSystem] -- boundary conditions either in singular form or in regular form\\nP[DESolver`$InternalSystem] -- boundary point\\nAsyExp[DESolver`$InternalSystem] -- asymptotic expansion near a singular point (currently it is Null)\\nintegrals: 2, blocks: 2, density: 0.75, degrees: {0, 2}\"\n"
"From KernelObject[2, Local kernel]:"
"\"system loaded: DESolver`$InternalSystem\\nDE[DESolver`$InternalSystem] -- differential equation in matrix form\\nBC[DESolver`$InternalSystem] -- boundary conditions either in singular form or in regular form\\nP[DESolver`$InternalSystem] -- boundary point\\nAsyExp[DESolver`$InternalSystem] -- asymptotic expansion near a singular point (currently it is Null)\\nintegrals: 2, blocks: 2, density: 0.75, degrees: {0, 2}\"\n"
"From KernelObject[2, Local kernel]:"
"\"AMFlow: integrals will be evaluated at 3 regular points\" -> {0. - 600.*I, 0. - 300.*I, 0. - 150.*I}\n"
"From KernelObject[4, Local kernel]:"
"\"AMFlow: integrals will be evaluated at 3 regular points\" -> {0. - 600.*I, 0. - 300.*I, 0. - 150.*I}\n"
"From KernelObject[3, Local kernel]:"
"\"AMFlow: integrals will be evaluated at 3 regular points\" -> {0. - 600.*I, 0. - 300.*I, 0. - 150.*I}\n"
"From KernelObject[2, Local kernel]:"
"\"AMFlow: integration contour generated in 0s.\"\n"
"From KernelObject[4, Local kernel]:"
"\"AMFlow: integration contour generated in 0s.\"\n"
"From KernelObject[3, Local kernel]:"
"\"AMFlow: integration contour generated in 0s.\"\n"
"From KernelObject[2, Local kernel]:"
"\"AMFlow: solving near eta = Infinity...\"\n"
"From KernelObject[4, Local kernel]:"
"\"AMFlow: solving near eta = Infinity...\"\n"
"From KernelObject[3, Local kernel]:"
"\"AMFlow: solving near eta = Infinity...\"\n"
"From KernelObject[2, Local kernel]:"
"\"CalcTaylor: current region\" -> 7/666666660\n"
"From KernelObject[4, Local kernel]:"
"\"CalcTaylor: current region\" -> 1/99009900\n"
"From KernelObject[3, Local kernel]:"
"\"CalcTaylor: current region\" -> 103/9999999900\n"
"From KernelObject[2, Local kernel]:"
"\"block\" -> {1}\n"
"From KernelObject[4, Local kernel]:"
"\"block\" -> {1}\n"
"From KernelObject[3, Local kernel]:"
"\"block\" -> {1}\n"
"From KernelObject[2, Local kernel]:"
"\"boundary condition inserted\" -> {1, 0, 9.523809470849864*^7}\n"
"From KernelObject[4, Local kernel]:"
"\"boundary condition inserted\" -> {1, 0, 9.900990042278434*^7}\n"
"From KernelObject[3, Local kernel]:"
"\"boundary condition inserted\" -> {1, 0, 9.708737809268726*^7}\n"
"From KernelObject[2, Local kernel]:"
"\"block\" -> {2}\n"
"From KernelObject[4, Local kernel]:"
"\"block\" -> {2}\n"
"From KernelObject[3, Local kernel]:"
"\"block\" -> {2}\n"
"From KernelObject[4, Local kernel]:"
"\"boundary condition test\" -> {2, 0, 9.900990042278434*^7}\n"
"From KernelObject[2, Local kernel]:"
"\"boundary condition test\" -> {2, 0, 9.523809470849864*^7}\n"
"From KernelObject[4, Local kernel]:"
"\"AMFlow: Infinity solved in 0s.\"\n"
"From KernelObject[3, Local kernel]:"
"\"boundary condition test\" -> {2, 0, 9.708737809268726*^7}\n"
"From KernelObject[2, Local kernel]:"
"\"AMFlow: Infinity solved in 0s.\"\n"
"From KernelObject[4, Local kernel]:"
"\"AMFlow: running among regular points...\"\n"
"From KernelObject[3, Local kernel]:"
"\"AMFlow: Infinity solved in 0s.\"\n"
"From KernelObject[2, Local kernel]:"
"\"AMFlow: running among regular points...\"\n"
"From KernelObject[4, Local kernel]:"
"\"current regular point\" -> 0. - 600.*I\n"
"From KernelObject[3, Local kernel]:"
"\"AMFlow: running among regular points...\"\n"
"From KernelObject[2, Local kernel]:"
"\"current regular point\" -> 0. - 600.*I\n"
"From KernelObject[1, Local kernel]:"
"\"system loaded: DESolver`$InternalSystem\\nDE[DESolver`$InternalSystem] -- differential equation in matrix form\\nBC[DESolver`$InternalSystem] -- boundary conditions either in singular form or in regular form\\nP[DESolver`$InternalSystem] -- boundary point\\nAsyExp[DESolver`$InternalSystem] -- asymptotic expansion near a singular point (currently it is Null)\\nintegrals: 2, blocks: 2, density: 0.75, degrees: {0, 2}\"\n"
"From KernelObject[3, Local kernel]:"
"\"current regular point\" -> 0. - 600.*I\n"
"From KernelObject[2, Local kernel]:"
"\"current regular point\" -> 0. - 300.*I\n"
"From KernelObject[4, Local kernel]:"
"\"current regular point\" -> 0. - 300.*I\n"
"From KernelObject[3, Local kernel]:"
"\"current regular point\" -> 0. - 300.*I\n"
"From KernelObject[1, Local kernel]:"
"\"AMFlow: integrals will be evaluated at 3 regular points\" -> {0. - 600.*I, 0. - 300.*I, 0. - 150.*I}\n"
"From KernelObject[4, Local kernel]:"
"\"AMFlow: regular running finished in 0s.\"\n"
"From KernelObject[2, Local kernel]:"
"\"AMFlow: regular running finished in 0s.\"\n"
"From KernelObject[1, Local kernel]:"
"\"AMFlow: integration contour generated in 0s.\"\n"
"From KernelObject[4, Local kernel]:"
"\"AMFlow: solving near the last point...\"\n"
"From KernelObject[3, Local kernel]:"
"\"AMFlow: regular running finished in 0s.\"\n"
"From KernelObject[2, Local kernel]:"
"\"AMFlow: solving near the last point...\"\n"
"From KernelObject[1, Local kernel]:"
"\"AMFlow: solving near eta = Infinity...\"\n"
"From KernelObject[4, Local kernel]:"
"\"NormalizeMat finished in 0s.\"\n"
"From KernelObject[3, Local kernel]:"
"\"AMFlow: solving near the last point...\"\n"
"From KernelObject[2, Local kernel]:"
"\"NormalizeMat finished in 0s.\"\n"
"From KernelObject[1, Local kernel]:"
"\"CalcTaylor: current region\" -> 53/4999999950\n"
"From KernelObject[4, Local kernel]:"
"\"LearnXOrder is negative. skip learning phase.\"\n"
"From KernelObject[3, Local kernel]:"
"\"NormalizeMat finished in 0s.\"\n"
"From KernelObject[2, Local kernel]:"
"\"LearnXOrder is negative. skip learning phase.\"\n"
"From KernelObject[1, Local kernel]:"
"\"block\" -> {1}\n"
"From KernelObject[4, Local kernel]:"
"\"block\" -> {1}\n"
"From KernelObject[3, Local kernel]:"
"\"LearnXOrder is negative. skip learning phase.\"\n"
"From KernelObject[2, Local kernel]:"
"\"block\" -> {1}\n"
"From KernelObject[4, Local kernel]:"
"\"behavior\" -> {{99009899/99009900, 0}}\n"
"From KernelObject[3, Local kernel]:"
"\"block\" -> {1}\n"
"From KernelObject[2, Local kernel]:"
"\"behavior\" -> {{666666653/666666660, 0}}\n"
"From KernelObject[4, Local kernel]:"
"\"number of constraints and variables\" -> {1, 1}\n"
"From KernelObject[3, Local kernel]:"
"\"behavior\" -> {{9999999797/9999999900, 0}}\n"
"From KernelObject[2, Local kernel]:"
"\"number of constraints and variables\" -> {1, 1}\n"
"From KernelObject[1, Local kernel]:"
"\"boundary condition inserted\" -> {1, 0, 9.433962212089756*^7}\n"
"From KernelObject[4, Local kernel]:"
"\"block\" -> {2}\n"
"From KernelObject[3, Local kernel]:"
"\"number of constraints and variables\" -> {1, 1}\n"
"From KernelObject[2, Local kernel]:"
"\"block\" -> {2}\n"
"From KernelObject[1, Local kernel]:"
"\"block\" -> {2}\n"
"From KernelObject[4, Local kernel]:"
"\"behavior\" -> {{0, 0}, {99009899/99009900, 0}}\n"
"From KernelObject[3, Local kernel]:"
"\"block\" -> {2}\n"
"From KernelObject[2, Local kernel]:"
"\"behavior\" -> {{0, 0}, {666666653/666666660, 0}}\n"
"From KernelObject[3, Local kernel]:"
"\"behavior\" -> {{0, 0}, {9999999797/9999999900, 0}}\n"
"From KernelObject[1, Local kernel]:"
"\"boundary condition test\" -> {2, 0, 9.433962212089756*^7}\n"
"From KernelObject[1, Local kernel]:"
"\"AMFlow: Infinity solved in 0s.\"\n"
"From KernelObject[3, Local kernel]:"
"\"number of constraints and variables\" -> {1, 1}\n"
"From KernelObject[2, Local kernel]:"
"\"number of constraints and variables\" -> {1, 1}\n"
"From KernelObject[1, Local kernel]:"
"\"AMFlow: running among regular points...\"\n"
"From KernelObject[4, Local kernel]:"
"\"number of constraints and variables\" -> {1, 1}\n"
"From KernelObject[3, Local kernel]:"
"\"AMFlow: last point solved in 0s.\"\n"
"From KernelObject[2, Local kernel]:"
"\"AMFlow: last point solved in 0s.\"\n"
"From KernelObject[1, Local kernel]:"
"\"current regular point\" -> 0. - 600.*I\n"
"From KernelObject[4, Local kernel]:"
"\"AMFlow: last point solved in 0s.\"\n"
"From KernelObject[3, Local kernel]:"
"\"system cleared: DESolver`$InternalSystem\"\n"
"From KernelObject[2, Local kernel]:"
"\"system cleared: DESolver`$InternalSystem\"\n"
"From KernelObject[4, Local kernel]:"
"\"system cleared: DESolver`$InternalSystem\"\n"
"From KernelObject[3, Local kernel]:"
"\"AMFlow: finished in 0s.\"\n"
"From KernelObject[2, Local kernel]:"
"\"AMFlow: finished in 0s.\"\n"
"From KernelObject[1, Local kernel]:"
"\"current regular point\" -> 0. - 300.*I\n"
"From KernelObject[4, Local kernel]:"
"\"AMFlow: finished in 0s.\"\n"
"From KernelObject[3, Local kernel]:"
"DESolver`SetGlobalOptions -> {\"WorkingPre\" -> 100, \"ChopPre\" -> 20, \"SilentMode\" -> False, \"RationalizePre\" -> 20}\n"
"From KernelObject[4, Local kernel]:"
"DESolver`SetGlobalOptions -> {\"WorkingPre\" -> 100, \"ChopPre\" -> 20, \"SilentMode\" -> False, \"RationalizePre\" -> 20}\n"
"From KernelObject[3, Local kernel]:"
"DESolver`SetExpansionOptions -> {\"XOrder\" -> 100, \"ExtraXOrder\" -> 20, \"LearnXOrder\" -> -1, \"TestXOrder\" -> 5}\n"
"From KernelObject[2, Local kernel]:"
"DESolver`SetGlobalOptions -> {\"WorkingPre\" -> 100, \"ChopPre\" -> 20, \"SilentMode\" -> False, \"RationalizePre\" -> 20}\n"
"From KernelObject[4, Local kernel]:"
"DESolver`SetExpansionOptions -> {\"XOrder\" -> 100, \"ExtraXOrder\" -> 20, \"LearnXOrder\" -> -1, \"TestXOrder\" -> 5}\n"
"From KernelObject[3, Local kernel]:"
"DESolver`SetRunningOptions -> {\"RunRadius\" -> 2, \"RunLength\" -> 200, \"RunCandidate\" -> 10, \"RunDirection\" -> \"NegIm\"}\n"
"From KernelObject[2, Local kernel]:"
"DESolver`SetExpansionOptions -> {\"XOrder\" -> 100, \"ExtraXOrder\" -> 20, \"LearnXOrder\" -> -1, \"TestXOrder\" -> 5}\n"
"From KernelObject[4, Local kernel]:"
"DESolver`SetRunningOptions -> {\"RunRadius\" -> 2, \"RunLength\" -> 200, \"RunCandidate\" -> 10, \"RunDirection\" -> \"NegIm\"}\n"
"From KernelObject[3, Local kernel]:"
"DESolver`SetGlobalOptions -> {\"WorkingPre\" -> 192, \"ChopPre\" -> 20, \"SilentMode\" -> False, \"RationalizePre\" -> 20}\n"
"From KernelObject[2, Local kernel]:"
"DESolver`SetRunningOptions -> {\"RunRadius\" -> 2, \"RunLength\" -> 200, \"RunCandidate\" -> 10, \"RunDirection\" -> \"NegIm\"}\n"
"From KernelObject[4, Local kernel]:"
"DESolver`SetGlobalOptions -> {\"WorkingPre\" -> 192, \"ChopPre\" -> 20, \"SilentMode\" -> False, \"RationalizePre\" -> 20}\n"
"From KernelObject[3, Local kernel]:"
"DESolver`SetExpansionOptions -> {\"XOrder\" -> 384, \"ExtraXOrder\" -> 20, \"LearnXOrder\" -> -1, \"TestXOrder\" -> 5}\n"
"From KernelObject[2, Local kernel]:"
"DESolver`SetGlobalOptions -> {\"WorkingPre\" -> 192, \"ChopPre\" -> 20, \"SilentMode\" -> False, \"RationalizePre\" -> 20}\n"
"From KernelObject[1, Local kernel]:"
"\"AMFlow: regular running finished in 0s.\"\n"
"From KernelObject[4, Local kernel]:"
"DESolver`SetExpansionOptions -> {\"XOrder\" -> 384, \"ExtraXOrder\" -> 20, \"LearnXOrder\" -> -1, \"TestXOrder\" -> 5}\n"
"From KernelObject[3, Local kernel]:"
"DESolver`SetRunningOptions -> {\"RunRadius\" -> 2, \"RunLength\" -> 200, \"RunCandidate\" -> 10, \"RunDirection\" -> \"NegIm\"}\n"
"From KernelObject[2, Local kernel]:"
"DESolver`SetExpansionOptions -> {\"XOrder\" -> 384, \"ExtraXOrder\" -> 20, \"LearnXOrder\" -> -1, \"TestXOrder\" -> 5}\n"
"From KernelObject[1, Local kernel]:"
"\"AMFlow: solving near the last point...\"\n"
"From KernelObject[4, Local kernel]:"
"DESolver`SetRunningOptions -> {\"RunRadius\" -> 2, \"RunLength\" -> 200, \"RunCandidate\" -> 10, \"RunDirection\" -> \"NegIm\"}\n"
"From KernelObject[3, Local kernel]:"
"\"AMFlow: start.\"\n"
"From KernelObject[2, Local kernel]:"
"DESolver`SetRunningOptions -> {\"RunRadius\" -> 2, \"RunLength\" -> 200, \"RunCandidate\" -> 10, \"RunDirection\" -> \"NegIm\"}\n"
"From KernelObject[1, Local kernel]:"
"\"NormalizeMat finished in 0s.\"\n"
"From KernelObject[4, Local kernel]:"
"\"AMFlow: start.\"\n"
"From KernelObject[3, Local kernel]:"
"\"system loaded: DESolver`$InternalSystem\\nDE[DESolver`$InternalSystem] -- differential equation in matrix form\\nBC[DESolver`$InternalSystem] -- boundary conditions either in singular form or in regular form\\nP[DESolver`$InternalSystem] -- boundary point\\nAsyExp[DESolver`$InternalSystem] -- asymptotic expansion near a singular point (currently it is Null)\\nintegrals: 2, blocks: 2, density: 0.75, degrees: {0, 2}\"\n"
"From KernelObject[2, Local kernel]:"
"\"AMFlow: start.\"\n"
"From KernelObject[1, Local kernel]:"
"\"LearnXOrder is negative. skip learning phase.\"\n"
"From KernelObject[4, Local kernel]:"
"\"system loaded: DESolver`$InternalSystem\\nDE[DESolver`$InternalSystem] -- differential equation in matrix form\\nBC[DESolver`$InternalSystem] -- boundary conditions either in singular form or in regular form\\nP[DESolver`$InternalSystem] -- boundary point\\nAsyExp[DESolver`$InternalSystem] -- asymptotic expansion near a singular point (currently it is Null)\\nintegrals: 2, blocks: 2, density: 0.75, degrees: {0, 2}\"\n"
"From KernelObject[3, Local kernel]:"
"\"AMFlow: integrals will be evaluated at 3 regular points\" -> {0. - 600.*I, 0. - 300.*I, 0. - 150.*I}\n"
"From KernelObject[2, Local kernel]:"
"\"system loaded: DESolver`$InternalSystem\\nDE[DESolver`$InternalSystem] -- differential equation in matrix form\\nBC[DESolver`$InternalSystem] -- boundary conditions either in singular form or in regular form\\nP[DESolver`$InternalSystem] -- boundary point\\nAsyExp[DESolver`$InternalSystem] -- asymptotic expansion near a singular point (currently it is Null)\\nintegrals: 2, blocks: 2, density: 0.75, degrees: {0, 2}\"\n"
"From KernelObject[1, Local kernel]:"
"\"block\" -> {1}\n"
"From KernelObject[4, Local kernel]:"
"\"AMFlow: integrals will be evaluated at 3 regular points\" -> {0. - 600.*I, 0. - 300.*I, 0. - 150.*I}\n"
"From KernelObject[3, Local kernel]:"
"\"AMFlow: integration contour generated in 0s.\"\n"
"From KernelObject[2, Local kernel]:"
"\"AMFlow: integrals will be evaluated at 3 regular points\" -> {0. - 600.*I, 0. - 300.*I, 0. - 150.*I}\n"
"From KernelObject[1, Local kernel]:"
"\"behavior\" -> {{4999999897/4999999950, 0}}\n"
"From KernelObject[4, Local kernel]:"
"\"AMFlow: integration contour generated in 0s.\"\n"
"From KernelObject[3, Local kernel]:"
"\"AMFlow: solving near eta = Infinity...\"\n"
"From KernelObject[2, Local kernel]:"
"\"AMFlow: integration contour generated in 0s.\"\n"
"From KernelObject[1, Local kernel]:"
"\"number of constraints and variables\" -> {1, 1}\n"
"From KernelObject[4, Local kernel]:"
"\"AMFlow: solving near eta = Infinity...\"\n"
"From KernelObject[3, Local kernel]:"
"\"CalcTaylor: current region\" -> 26/2499999975\n"
"From KernelObject[2, Local kernel]:"
"\"AMFlow: solving near eta = Infinity...\"\n"
"From KernelObject[1, Local kernel]:"
"\"block\" -> {2}\n"
"From KernelObject[4, Local kernel]:"
"\"CalcTaylor: current region\" -> 17/1666666650\n"
"From KernelObject[3, Local kernel]:"
"\"block\" -> {1}\n"
"From KernelObject[2, Local kernel]:"
"\"CalcTaylor: current region\" -> 107/9999999900\n"
"From KernelObject[1, Local kernel]:"
"\"behavior\" -> {{0, 0}, {4999999897/4999999950, 0}}\n"
"From KernelObject[4, Local kernel]:"
"\"block\" -> {1}\n"
"From KernelObject[3, Local kernel]:"
"\"boundary condition inserted\" -> {1, 0, 9.615384561509204*^7}\n"
"From KernelObject[2, Local kernel]:"
"\"block\" -> {1}\n"
"From KernelObject[4, Local kernel]:"
"\"boundary condition inserted\" -> {1, 0, 9.80392151286667*^7}\n"
"From KernelObject[3, Local kernel]:"
"\"block\" -> {2}\n"
"From KernelObject[2, Local kernel]:"
"\"boundary condition inserted\" -> {1, 0, 9.345794341343856*^7}\n"
"From KernelObject[4, Local kernel]:"
"\"block\" -> {2}\n"
"From KernelObject[3, Local kernel]:"
"\"boundary condition test\" -> {2, 0, 9.615384561509204*^7}\n"
"From KernelObject[2, Local kernel]:"
"\"block\" -> {2}\n"
"From KernelObject[4, Local kernel]:"
"\"boundary condition test\" -> {2, 0, 9.80392151286667*^7}\n"
"From KernelObject[3, Local kernel]:"
"\"AMFlow: Infinity solved in 0s.\"\n"
"From KernelObject[4, Local kernel]:"
"\"AMFlow: Infinity solved in 0s.\"\n"
"From KernelObject[3, Local kernel]:"
"\"AMFlow: running among regular points...\"\n"
"From KernelObject[2, Local kernel]:"
"\"boundary condition test\" -> {2, 0, 9.345794341343856*^7}\n"
"From KernelObject[4, Local kernel]:"
"\"AMFlow: running among regular points...\"\n"
"From KernelObject[3, Local kernel]:"
"\"current regular point\" -> 0. - 600.*I\n"
"From KernelObject[4, Local kernel]:"
"\"current regular point\" -> 0. - 600.*I\n"
"From KernelObject[3, Local kernel]:"
"\"current regular point\" -> 0. - 300.*I\n"
"From KernelObject[2, Local kernel]:"
"\"AMFlow: Infinity solved in 0s.\"\n"
"From KernelObject[4, Local kernel]:"
"\"current regular point\" -> 0. - 300.*I\n"
"From KernelObject[3, Local kernel]:"
"\"AMFlow: regular running finished in 0s.\"\n"
"From KernelObject[2, Local kernel]:"
"\"AMFlow: running among regular points...\"\n"
"From KernelObject[1, Local kernel]:"
"\"number of constraints and variables\" -> {1, 1}\n"
"From KernelObject[4, Local kernel]:"
"\"AMFlow: regular running finished in 0s.\"\n"
"From KernelObject[3, Local kernel]:"
"\"AMFlow: solving near the last point...\"\n"
"From KernelObject[2, Local kernel]:"
"\"current regular point\" -> 0. - 600.*I\n"
"From KernelObject[1, Local kernel]:"
"\"AMFlow: last point solved in 0s.\"\n"
"From KernelObject[4, Local kernel]:"
"\"AMFlow: solving near the last point...\"\n"
"From KernelObject[3, Local kernel]:"
"\"NormalizeMat finished in 0s.\"\n"
"From KernelObject[1, Local kernel]:"
"\"system cleared: DESolver`$InternalSystem\"\n"
"From KernelObject[4, Local kernel]:"
"\"NormalizeMat finished in 0s.\"\n"
"From KernelObject[3, Local kernel]:"
"\"LearnXOrder is negative. skip learning phase.\"\n"
"From KernelObject[2, Local kernel]:"
"\"current regular point\" -> 0. - 300.*I\n"
"From KernelObject[1, Local kernel]:"
"\"AMFlow: finished in 0s.\"\n"
"From KernelObject[4, Local kernel]:"
"\"LearnXOrder is negative. skip learning phase.\"\n"
"From KernelObject[3, Local kernel]:"
"\"block\" -> {1}\n"
"From KernelObject[4, Local kernel]:"
"\"block\" -> {1}\n"
"From KernelObject[3, Local kernel]:"
"\"behavior\" -> {{2499999949/2499999975, 0}}\n"
"From KernelObject[1, Local kernel]:"
"DESolver`SetGlobalOptions -> {\"WorkingPre\" -> 100, \"ChopPre\" -> 20, \"SilentMode\" -> False, \"RationalizePre\" -> 20}\n"
"From KernelObject[4, Local kernel]:"
"\"behavior\" -> {{1666666633/1666666650, 0}}\n"
"From KernelObject[3, Local kernel]:"
"\"number of constraints and variables\" -> {1, 1}\n"
"From KernelObject[1, Local kernel]:"
"DESolver`SetExpansionOptions -> {\"XOrder\" -> 100, \"ExtraXOrder\" -> 20, \"LearnXOrder\" -> -1, \"TestXOrder\" -> 5}\n"
"From KernelObject[4, Local kernel]:"
"\"number of constraints and variables\" -> {1, 1}\n"
"From KernelObject[3, Local kernel]:"
"\"block\" -> {2}\n"
"From KernelObject[1, Local kernel]:"
"DESolver`SetRunningOptions -> {\"RunRadius\" -> 2, \"RunLength\" -> 200, \"RunCandidate\" -> 10, \"RunDirection\" -> \"NegIm\"}\n"
"From KernelObject[4, Local kernel]:"
"\"block\" -> {2}\n"
"From KernelObject[3, Local kernel]:"
"\"behavior\" -> {{0, 0}, {2499999949/2499999975, 0}}\n"
"From KernelObject[2, Local kernel]:"
"\"AMFlow: regular running finished in 0s.\"\n"
"From KernelObject[1, Local kernel]:"
"DESolver`SetGlobalOptions -> {\"WorkingPre\" -> 192, \"ChopPre\" -> 20, \"SilentMode\" -> False, \"RationalizePre\" -> 20}\n"
"From KernelObject[4, Local kernel]:"
"\"behavior\" -> {{0, 0}, {1666666633/1666666650, 0}}\n"
"From KernelObject[2, Local kernel]:"
"\"AMFlow: solving near the last point...\"\n"
"From KernelObject[1, Local kernel]:"
"DESolver`SetExpansionOptions -> {\"XOrder\" -> 384, \"ExtraXOrder\" -> 20, \"LearnXOrder\" -> -1, \"TestXOrder\" -> 5}\n"
"From KernelObject[2, Local kernel]:"
"\"NormalizeMat finished in 0s.\"\n"
"From KernelObject[1, Local kernel]:"
"DESolver`SetRunningOptions -> {\"RunRadius\" -> 2, \"RunLength\" -> 200, \"RunCandidate\" -> 10, \"RunDirection\" -> \"NegIm\"}\n"
"From KernelObject[2, Local kernel]:"
"\"LearnXOrder is negative. skip learning phase.\"\n"
"From KernelObject[1, Local kernel]:"
"\"AMFlow: start.\"\n"
"From KernelObject[2, Local kernel]:"
"\"block\" -> {1}\n"
"From KernelObject[1, Local kernel]:"
"\"system loaded: DESolver`$InternalSystem\\nDE[DESolver`$InternalSystem] -- differential equation in matrix form\\nBC[DESolver`$InternalSystem] -- boundary conditions either in singular form or in regular form\\nP[DESolver`$InternalSystem] -- boundary point\\nAsyExp[DESolver`$InternalSystem] -- asymptotic expansion near a singular point (currently it is Null)\\nintegrals: 2, blocks: 2, density: 0.75, degrees: {0, 2}\"\n"
"From KernelObject[2, Local kernel]:"
"\"behavior\" -> {{9999999793/9999999900, 0}}\n"
"From KernelObject[1, Local kernel]:"
"\"AMFlow: integrals will be evaluated at 3 regular points\" -> {0. - 600.*I, 0. - 300.*I, 0. - 150.*I}\n"
"From KernelObject[4, Local kernel]:"
"\"number of constraints and variables\" -> {1, 1}\n"
"From KernelObject[2, Local kernel]:"
"\"number of constraints and variables\" -> {1, 1}\n"
"From KernelObject[1, Local kernel]:"
"\"AMFlow: integration contour generated in 0s.\"\n"
"From KernelObject[4, Local kernel]:"
"\"AMFlow: last point solved in 0s.\"\n"
"From KernelObject[3, Local kernel]:"
"\"number of constraints and variables\" -> {1, 1}\n"
"From KernelObject[2, Local kernel]:"
"\"block\" -> {2}\n"
"From KernelObject[1, Local kernel]:"
"\"AMFlow: solving near eta = Infinity...\"\n"
"From KernelObject[4, Local kernel]:"
"\"system cleared: DESolver`$InternalSystem\"\n"
"From KernelObject[3, Local kernel]:"
"\"AMFlow: last point solved in 0s.\"\n"
"From KernelObject[2, Local kernel]:"
"\"behavior\" -> {{0, 0}, {9999999793/9999999900, 0}}\n"
"From KernelObject[1, Local kernel]:"
"\"CalcTaylor: current region\" -> 3/277777775\n"
"From KernelObject[4, Local kernel]:"
"\"AMFlow: finished in 0s.\"\n"
"From KernelObject[3, Local kernel]:"
"\"system cleared: DESolver`$InternalSystem\"\n"
"From KernelObject[2, Local kernel]:"
"\"number of constraints and variables\" -> {1, 1}\n"
"From KernelObject[1, Local kernel]:"
"\"block\" -> {1}\n"
"From KernelObject[3, Local kernel]:"
"\"AMFlow: finished in 0s.\"\n"
"From KernelObject[2, Local kernel]:"
"\"AMFlow: last point solved in 0s.\"\n"
"From KernelObject[1, Local kernel]:"
"\"boundary condition inserted\" -> {1, 0, 9.259259208945101*^7}\n"
"From KernelObject[4, Local kernel]:"
"DESolver`SetGlobalOptions -> {\"WorkingPre\" -> 100, \"ChopPre\" -> 20, \"SilentMode\" -> False, \"RationalizePre\" -> 20}\n"
"From KernelObject[2, Local kernel]:"
"\"system cleared: DESolver`$InternalSystem\"\n"
"From KernelObject[1, Local kernel]:"
"\"block\" -> {2}\n"
"From KernelObject[4, Local kernel]:"
"DESolver`SetExpansionOptions -> {\"XOrder\" -> 100, \"ExtraXOrder\" -> 20, \"LearnXOrder\" -> -1, \"TestXOrder\" -> 5}\n"
"From KernelObject[3, Local kernel]:"
"DESolver`SetGlobalOptions -> {\"WorkingPre\" -> 100, \"ChopPre\" -> 20, \"SilentMode\" -> False, \"RationalizePre\" -> 20}\n"
"From KernelObject[2, Local kernel]:"
"\"AMFlow: finished in 0s.\"\n"
"From KernelObject[1, Local kernel]:"
"\"boundary condition test\" -> {2, 0, 9.259259208945101*^7}\n"
"From KernelObject[4, Local kernel]:"
"DESolver`SetRunningOptions -> {\"RunRadius\" -> 2, \"RunLength\" -> 200, \"RunCandidate\" -> 10, \"RunDirection\" -> \"NegIm\"}\n"
"From KernelObject[3, Local kernel]:"
"DESolver`SetExpansionOptions -> {\"XOrder\" -> 100, \"ExtraXOrder\" -> 20, \"LearnXOrder\" -> -1, \"TestXOrder\" -> 5}\n"
"From KernelObject[1, Local kernel]:"
"\"AMFlow: Infinity solved in 0s.\"\n"
"From KernelObject[4, Local kernel]:"
"DESolver`SetGlobalOptions -> {\"WorkingPre\" -> 192, \"ChopPre\" -> 20, \"SilentMode\" -> False, \"RationalizePre\" -> 20}\n"
"From KernelObject[3, Local kernel]:"
"DESolver`SetRunningOptions -> {\"RunRadius\" -> 2, \"RunLength\" -> 200, \"RunCandidate\" -> 10, \"RunDirection\" -> \"NegIm\"}\n"
"From KernelObject[1, Local kernel]:"
"\"AMFlow: running among regular points...\"\n"
"From KernelObject[4, Local kernel]:"
"DESolver`SetExpansionOptions -> {\"XOrder\" -> 384, \"ExtraXOrder\" -> 20, \"LearnXOrder\" -> -1, \"TestXOrder\" -> 5}\n"
"From KernelObject[3, Local kernel]:"
"DESolver`SetGlobalOptions -> {\"WorkingPre\" -> 192, \"ChopPre\" -> 20, \"SilentMode\" -> False, \"RationalizePre\" -> 20}\n"
"From KernelObject[1, Local kernel]:"
"\"current regular point\" -> 0. - 600.*I\n"
"From KernelObject[4, Local kernel]:"
"DESolver`SetRunningOptions -> {\"RunRadius\" -> 2, \"RunLength\" -> 200, \"RunCandidate\" -> 10, \"RunDirection\" -> \"NegIm\"}\n"
"From KernelObject[3, Local kernel]:"
"DESolver`SetExpansionOptions -> {\"XOrder\" -> 384, \"ExtraXOrder\" -> 20, \"LearnXOrder\" -> -1, \"TestXOrder\" -> 5}\n"
"From KernelObject[1, Local kernel]:"
"\"current regular point\" -> 0. - 300.*I\n"
"From KernelObject[4, Local kernel]:"
"\"AMFlow: start.\"\n"
"From KernelObject[3, Local kernel]:"
"DESolver`SetRunningOptions -> {\"RunRadius\" -> 2, \"RunLength\" -> 200, \"RunCandidate\" -> 10, \"RunDirection\" -> \"NegIm\"}\n"
"From KernelObject[4, Local kernel]:"
"\"system loaded: DESolver`$InternalSystem\\nDE[DESolver`$InternalSystem] -- differential equation in matrix form\\nBC[DESolver`$InternalSystem] -- boundary conditions either in singular form or in regular form\\nP[DESolver`$InternalSystem] -- boundary point\\nAsyExp[DESolver`$InternalSystem] -- asymptotic expansion near a singular point (currently it is Null)\\nintegrals: 2, blocks: 2, density: 0.75, degrees: {0, 2}\"\n"
"From KernelObject[3, Local kernel]:"
"\"AMFlow: start.\"\n"
"From KernelObject[4, Local kernel]:"
"\"AMFlow: integrals will be evaluated at 3 regular points\" -> {0. - 600.*I, 0. - 300.*I, 0. - 150.*I}\n"
"From KernelObject[3, Local kernel]:"
"\"system loaded: DESolver`$InternalSystem\\nDE[DESolver`$InternalSystem] -- differential equation in matrix form\\nBC[DESolver`$InternalSystem] -- boundary conditions either in singular form or in regular form\\nP[DESolver`$InternalSystem] -- boundary point\\nAsyExp[DESolver`$InternalSystem] -- asymptotic expansion near a singular point (currently it is Null)\\nintegrals: 2, blocks: 2, density: 0.75, degrees: {0, 2}\"\n"
"From KernelObject[4, Local kernel]:"
"\"AMFlow: integration contour generated in 0s.\"\n"
"From KernelObject[3, Local kernel]:"
"\"AMFlow: integrals will be evaluated at 3 regular points\" -> {0. - 600.*I, 0. - 300.*I, 0. - 150.*I}\n"
"From KernelObject[4, Local kernel]:"
"\"AMFlow: solving near eta = Infinity...\"\n"
"From KernelObject[3, Local kernel]:"
"\"AMFlow: integration contour generated in 0s.\"\n"
"From KernelObject[4, Local kernel]:"
"\"CalcTaylor: current region\" -> 109/9999999900\n"
"From KernelObject[3, Local kernel]:"
"\"AMFlow: solving near eta = Infinity...\"\n"
"From KernelObject[1, Local kernel]:"
"\"AMFlow: regular running finished in 0s.\"\n"
"From KernelObject[4, Local kernel]:"
"\"block\" -> {1}\n"
"From KernelObject[3, Local kernel]:"
"\"CalcTaylor: current region\" -> 1/90909090\n"
"From KernelObject[1, Local kernel]:"
"\"AMFlow: solving near the last point...\"\n"
"From KernelObject[4, Local kernel]:"
"\"boundary condition inserted\" -> {1, 0, 9.17431187714082*^7}\n"
"From KernelObject[3, Local kernel]:"
"\"block\" -> {1}\n"
"From KernelObject[1, Local kernel]:"
"\"NormalizeMat finished in 0s.\"\n"
"From KernelObject[4, Local kernel]:"
"\"block\" -> {2}\n"
"From KernelObject[3, Local kernel]:"
"\"boundary condition inserted\" -> {1, 0, 9.090909042278434*^7}\n"
"From KernelObject[1, Local kernel]:"
"\"LearnXOrder is negative. skip learning phase.\"\n"
"From KernelObject[4, Local kernel]:"
"\"boundary condition test\" -> {2, 0, 9.17431187714082*^7}\n"
"From KernelObject[3, Local kernel]:"
"\"block\" -> {2}\n"
"From KernelObject[1, Local kernel]:"
"\"block\" -> {1}\n"
"From KernelObject[4, Local kernel]:"
"\"AMFlow: Infinity solved in 0s.\"\n"
"From KernelObject[1, Local kernel]:"
"\"behavior\" -> {{277777772/277777775, 0}}\n"
"From KernelObject[4, Local kernel]:"
"\"AMFlow: running among regular points...\"\n"
"From KernelObject[1, Local kernel]:"
"\"number of constraints and variables\" -> {1, 1}\n"
"From KernelObject[4, Local kernel]:"
"\"current regular point\" -> 0. - 600.*I\n"
"From KernelObject[1, Local kernel]:"
"\"block\" -> {2}\n"
"From KernelObject[4, Local kernel]:"
"\"current regular point\" -> 0. - 300.*I\n"
"From KernelObject[1, Local kernel]:"
"\"behavior\" -> {{0, 0}, {277777772/277777775, 0}}\n"
"From KernelObject[4, Local kernel]:"
"\"AMFlow: regular running finished in 0s.\"\n"
"From KernelObject[4, Local kernel]:"
"\"AMFlow: solving near the last point...\"\n"
"From KernelObject[3, Local kernel]:"
"\"boundary condition test\" -> {2, 0, 9.090909042278434*^7}\n"
"From KernelObject[4, Local kernel]:"
"\"NormalizeMat finished in 0s.\"\n"
"From KernelObject[4, Local kernel]:"
"\"LearnXOrder is negative. skip learning phase.\"\n"
"From KernelObject[3, Local kernel]:"
"\"AMFlow: Infinity solved in 0s.\"\n"
"From KernelObject[4, Local kernel]:"
"\"block\" -> {1}\n"
"From KernelObject[3, Local kernel]:"
"\"AMFlow: running among regular points...\"\n"
"From KernelObject[4, Local kernel]:"
"\"behavior\" -> {{9999999791/9999999900, 0}}\n"
"From KernelObject[3, Local kernel]:"
"\"current regular point\" -> 0. - 600.*I\n"
"From KernelObject[4, Local kernel]:"
"\"number of constraints and variables\" -> {1, 1}\n"
"From KernelObject[3, Local kernel]:"
"\"current regular point\" -> 0. - 300.*I\n"
"From KernelObject[4, Local kernel]:"
"\"block\" -> {2}\n"
"From KernelObject[4, Local kernel]:"
"\"behavior\" -> {{0, 0}, {9999999791/9999999900, 0}}\n"
"From KernelObject[3, Local kernel]:"
"\"AMFlow: regular running finished in 0s.\"\n"
"From KernelObject[3, Local kernel]:"
"\"AMFlow: solving near the last point...\"\n"
"From KernelObject[1, Local kernel]:"
"\"number of constraints and variables\" -> {1, 1}\n"
"From KernelObject[3, Local kernel]:"
"\"NormalizeMat finished in 0s.\"\n"
"From KernelObject[1, Local kernel]:"
"\"AMFlow: last point solved in 0s.\"\n"
"From KernelObject[3, Local kernel]:"
"\"LearnXOrder is negative. skip learning phase.\"\n"
"From KernelObject[1, Local kernel]:"
"\"system cleared: DESolver`$InternalSystem\"\n"
"From KernelObject[3, Local kernel]:"
"\"block\" -> {1}\n"
"From KernelObject[1, Local kernel]:"
"\"AMFlow: finished in 0s.\"\n"
"From KernelObject[4, Local kernel]:"
"\"number of constraints and variables\" -> {1, 1}\n"
"From KernelObject[3, Local kernel]:"
"\"behavior\" -> {{90909089/90909090, 0}}\n"
"From KernelObject[3, Local kernel]:"
"\"number of constraints and variables\" -> {1, 1}\n"
"From KernelObject[4, Local kernel]:"
"\"AMFlow: last point solved in 0s.\"\n"
"From KernelObject[3, Local kernel]:"
"\"block\" -> {2}\n"
"From KernelObject[4, Local kernel]:"
"\"system cleared: DESolver`$InternalSystem\"\n"
"From KernelObject[3, Local kernel]:"
"\"behavior\" -> {{0, 0}, {90909089/90909090, 0}}\n"
"From KernelObject[4, Local kernel]:"
"\"AMFlow: finished in 0s.\"\n"
"From KernelObject[3, Local kernel]:"
"\"number of constraints and variables\" -> {1, 1}\n"
"From KernelObject[3, Local kernel]:"
"\"AMFlow: last point solved in 0s.\"\n"
"From KernelObject[3, Local kernel]:"
"\"system cleared: DESolver`$InternalSystem\"\n"
"From KernelObject[3, Local kernel]:"
"\"AMFlow: finished in 0s.\"\n"
