4 Fermat/Blackbox instances will be run in parallel.
The user defined environment variable FERMATPATH for Fermat is set:
/home/yqx/Program/fermat6/ferl6/fer64
One variable is set to 1: {}
The directories for the temporary files, result files and the sector mapping files are: 
./tmp
./results
./sectormappings
Kira prepares topology: box and top level sector: 
15 

*****Integral ordering*************************************
Kira will use the integral ordering: 5.
Following reductions will be performed for the topology: box
Sector: 15 rmax: 4 smax: 3 

***********************************************************
Find IBP LI and symmetry relations for the topology: box
***********************************************************

*****Search trivial sectors********************************
read from: ./sectormappings/box/nonTrivialSector

Non trivial sectors in total: 10
Trivial sectors in total: 6
( 0.00067 s )

Search symmetry relations: 
read from: ./sectormappings/box/canonica
Number of symmetries read out: 10

( 4.4e-05 s )
***********************************************************
Prepare Symmetries for the topology: box
***********************************************************
read from: ./sectormappings/box/sectorRelations
Number of symmetries read out: 2
read from: ./sectormappings/box/sectorSymmetries
Number of symmetries read out: 4

***********************************************************
Kira starts the reduction of the topology: box
***********************************************************

***** Select equations recursively ************************
length of mandatory list: 2
Algebraic reconstruction is switched off.
70 independent coefficients
directory to the masters: box
Number of master integrals: 2
box[1,0,1,0] #  5
box[1,1,1,1] # 15
No integrals to reduce, skipping this family.
The input directory is set to:
./results
symbol_to_replace_by_one: x in kinematics.yaml is not set. 
Mass reconstruction is disabled.
################################################
kira2math: Reconstruct results for box
################################################

Algebraic reconstruction is switched off.

No reductions found in ./results/kira.db.

Unable to export results to Mathematica
Total time:
( 2.9061 s )
